{"/data/js-variants/multee/Playground/levelup/lib/batch.js": {"path":"/data/js-variants/multee/Playground/levelup/lib/batch.js","statementMap":{"0":{"start":{"line":3,"column":19},"end":{"line":3,"column":53}},"1":{"start":{"line":4,"column":17},"end":{"line":4,"column":36}},"2":{"start":{"line":5,"column":20},"end":{"line":5,"column":51}},"3":{"start":{"line":6,"column":19},"end":{"line":6,"column":49}},"4":{"start":{"line":9,"column":2},"end":{"line":9,"column":19}},"5":{"start":{"line":10,"column":2},"end":{"line":10,"column":33}},"6":{"start":{"line":11,"column":2},"end":{"line":11,"column":15}},"7":{"start":{"line":12,"column":2},"end":{"line":12,"column":17}},"8":{"start":{"line":15,"column":0},"end":{"line":26,"column":1}},"9":{"start":{"line":16,"column":2},"end":{"line":20,"column":3}},"10":{"start":{"line":17,"column":4},"end":{"line":17,"column":39}},"11":{"start":{"line":19,"column":4},"end":{"line":19,"column":27}},"12":{"start":{"line":22,"column":2},"end":{"line":22,"column":56}},"13":{"start":{"line":23,"column":2},"end":{"line":23,"column":15}},"14":{"start":{"line":25,"column":2},"end":{"line":25,"column":13}},"15":{"start":{"line":28,"column":0},"end":{"line":39,"column":1}},"16":{"start":{"line":29,"column":2},"end":{"line":33,"column":3}},"17":{"start":{"line":30,"column":4},"end":{"line":30,"column":32}},"18":{"start":{"line":32,"column":4},"end":{"line":32,"column":29}},"19":{"start":{"line":35,"column":2},"end":{"line":35,"column":49}},"20":{"start":{"line":36,"column":2},"end":{"line":36,"column":15}},"21":{"start":{"line":38,"column":2},"end":{"line":38,"column":13}},"22":{"start":{"line":41,"column":0},"end":{"line":52,"column":1}},"23":{"start":{"line":42,"column":2},"end":{"line":46,"column":3}},"24":{"start":{"line":43,"column":4},"end":{"line":43,"column":22}},"25":{"start":{"line":45,"column":4},"end":{"line":45,"column":29}},"26":{"start":{"line":48,"column":2},"end":{"line":48,"column":15}},"27":{"start":{"line":49,"column":2},"end":{"line":49,"column":17}},"28":{"start":{"line":51,"column":2},"end":{"line":51,"column":13}},"29":{"start":{"line":54,"column":0},"end":{"line":73,"column":1}},"30":{"start":{"line":55,"column":18},"end":{"line":55,"column":25}},"31":{"start":{"line":56,"column":14},"end":{"line":56,"column":22}},"32":{"start":{"line":58,"column":2},"end":{"line":58,"column":43}},"33":{"start":{"line":59,"column":2},"end":{"line":59,"column":44}},"34":{"start":{"line":60,"column":2},"end":{"line":60,"column":31}},"35":{"start":{"line":62,"column":2},"end":{"line":70,"column":3}},"36":{"start":{"line":63,"column":4},"end":{"line":67,"column":6}},"37":{"start":{"line":64,"column":6},"end":{"line":64,"column":55}},"38":{"start":{"line":64,"column":17},"end":{"line":64,"column":53}},"39":{"start":{"line":65,"column":6},"end":{"line":65,"column":32}},"40":{"start":{"line":66,"column":6},"end":{"line":66,"column":16}},"41":{"start":{"line":69,"column":4},"end":{"line":69,"column":29}},"42":{"start":{"line":72,"column":2},"end":{"line":72,"column":25}},"43":{"start":{"line":75,"column":0},"end":{"line":75,"column":22}}},"fnMap":{"0":{"name":"Batch","decl":{"start":{"line":8,"column":9},"end":{"line":8,"column":14}},"loc":{"start":{"line":8,"column":25},"end":{"line":13,"column":1}},"line":8},"1":{"name":"(anonymous_1)","decl":{"start":{"line":15,"column":22},"end":{"line":15,"column":23}},"loc":{"start":{"line":15,"column":53},"end":{"line":26,"column":1}},"line":15},"2":{"name":"(anonymous_2)","decl":{"start":{"line":28,"column":22},"end":{"line":28,"column":23}},"loc":{"start":{"line":28,"column":46},"end":{"line":39,"column":1}},"line":28},"3":{"name":"(anonymous_3)","decl":{"start":{"line":41,"column":24},"end":{"line":41,"column":25}},"loc":{"start":{"line":41,"column":36},"end":{"line":52,"column":1}},"line":41},"4":{"name":"(anonymous_4)","decl":{"start":{"line":54,"column":24},"end":{"line":54,"column":25}},"loc":{"start":{"line":54,"column":53},"end":{"line":73,"column":1}},"line":54},"5":{"name":"(anonymous_5)","decl":{"start":{"line":63,"column":30},"end":{"line":63,"column":31}},"loc":{"start":{"line":63,"column":45},"end":{"line":67,"column":5}},"line":63}},"branchMap":{"0":{"loc":{"start":{"line":64,"column":6},"end":{"line":64,"column":55}},"type":"if","locations":[{"start":{"line":64,"column":6},"end":{"line":64,"column":55}},{"start":{"line":64,"column":6},"end":{"line":64,"column":55}}],"line":64}},"s":{"0":2,"1":2,"2":2,"3":2,"4":34,"5":34,"6":34,"7":34,"8":2,"9":110,"10":110,"11":28,"12":82,"13":82,"14":82,"15":2,"16":54,"17":54,"18":12,"19":42,"20":42,"21":42,"22":2,"23":16,"24":16,"25":4,"26":12,"27":12,"28":12,"29":2,"30":26,"31":26,"32":26,"33":26,"34":26,"35":26,"36":26,"37":26,"38":0,"39":26,"40":26,"41":0,"42":26,"43":2},"f":{"0":34,"1":110,"2":54,"3":16,"4":26,"5":26},"b":{"0":[0,26]},"_coverageSchema":"1a1c01bbd47fc00a2c39e90264f33305004495a9","hash":"f2499fa82bdfc79f2eac1d0520516a2a0cbf1495","contentHash":"d694881f5b6c20d8c44c0ebbf27b5e49b4c188535fb207b64f5ac25b023e22ac"}
,"/data/js-variants/multee/Playground/levelup/lib/common.js": {"path":"/data/js-variants/multee/Playground/levelup/lib/common.js","statementMap":{"0":{"start":{"line":3,"column":0},"end":{"line":5,"column":1}},"1":{"start":{"line":4,"column":2},"end":{"line":4,"column":59}},"2":{"start":{"line":7,"column":0},"end":{"line":9,"column":1}},"3":{"start":{"line":8,"column":2},"end":{"line":8,"column":71}}},"fnMap":{"0":{"name":"(anonymous_0)","decl":{"start":{"line":3,"column":22},"end":{"line":3,"column":23}},"loc":{"start":{"line":3,"column":51},"end":{"line":5,"column":1}},"line":3},"1":{"name":"(anonymous_1)","decl":{"start":{"line":7,"column":21},"end":{"line":7,"column":22}},"loc":{"start":{"line":7,"column":40},"end":{"line":9,"column":1}},"line":7}},"branchMap":{"0":{"loc":{"start":{"line":4,"column":9},"end":{"line":4,"column":59}},"type":"cond-expr","locations":[{"start":{"line":4,"column":41},"end":{"line":4,"column":48}},{"start":{"line":4,"column":51},"end":{"line":4,"column":59}}],"line":4},"1":{"loc":{"start":{"line":8,"column":9},"end":{"line":8,"column":71}},"type":"cond-expr","locations":[{"start":{"line":8,"column":59},"end":{"line":8,"column":66}},{"start":{"line":8,"column":69},"end":{"line":8,"column":71}}],"line":8},"2":{"loc":{"start":{"line":8,"column":9},"end":{"line":8,"column":56}},"type":"binary-expr","locations":[{"start":{"line":8,"column":9},"end":{"line":8,"column":36}},{"start":{"line":8,"column":40},"end":{"line":8,"column":56}}],"line":8}},"s":{"0":2,"1":1074,"2":2,"3":1490},"f":{"0":1074,"1":1490},"b":{"0":[758,316],"1":[704,786],"2":[1490,704]},"_coverageSchema":"1a1c01bbd47fc00a2c39e90264f33305004495a9","hash":"36b8f484cc7e8b9463bb74be4e074ed7b0229922","contentHash":"face217ea51246d7a893765b132008bb966298083db550fde8fe0df6a65bc49c"}
,"/data/js-variants/multee/Playground/levelup/lib/levelup.js": {"path":"/data/js-variants/multee/Playground/levelup/lib/levelup.js","statementMap":{"0":{"start":{"line":3,"column":21},"end":{"line":3,"column":51}},"1":{"start":{"line":4,"column":17},"end":{"line":4,"column":41}},"2":{"start":{"line":5,"column":26},"end":{"line":5,"column":55}},"3":{"start":{"line":6,"column":23},"end":{"line":6,"column":55}},"4":{"start":{"line":7,"column":14},"end":{"line":7,"column":32}},"5":{"start":{"line":8,"column":15},"end":{"line":8,"column":38}},"6":{"start":{"line":9,"column":17},"end":{"line":9,"column":42}},"7":{"start":{"line":10,"column":17},"end":{"line":10,"column":36}},"8":{"start":{"line":11,"column":20},"end":{"line":11,"column":51}},"9":{"start":{"line":12,"column":19},"end":{"line":12,"column":49}},"10":{"start":{"line":15,"column":17},"end":{"line":15,"column":39}},"11":{"start":{"line":17,"column":19},"end":{"line":17,"column":36}},"12":{"start":{"line":18,"column":18},"end":{"line":18,"column":34}},"13":{"start":{"line":19,"column":22},"end":{"line":19,"column":42}},"14":{"start":{"line":20,"column":18},"end":{"line":20,"column":34}},"15":{"start":{"line":21,"column":28},"end":{"line":21,"column":54}},"16":{"start":{"line":24,"column":2},"end":{"line":26,"column":3}},"17":{"start":{"line":25,"column":4},"end":{"line":25,"column":45}},"18":{"start":{"line":30,"column":2},"end":{"line":30,"column":25}},"19":{"start":{"line":31,"column":2},"end":{"line":31,"column":32}},"20":{"start":{"line":33,"column":2},"end":{"line":36,"column":3}},"21":{"start":{"line":34,"column":4},"end":{"line":34,"column":22}},"22":{"start":{"line":35,"column":4},"end":{"line":35,"column":16}},"23":{"start":{"line":38,"column":2},"end":{"line":38,"column":25}},"24":{"start":{"line":40,"column":2},"end":{"line":46,"column":3}},"25":{"start":{"line":41,"column":4},"end":{"line":41,"column":99}},"26":{"start":{"line":42,"column":4},"end":{"line":44,"column":5}},"27":{"start":{"line":43,"column":6},"end":{"line":43,"column":38}},"28":{"start":{"line":45,"column":4},"end":{"line":45,"column":15}},"29":{"start":{"line":48,"column":2},"end":{"line":50,"column":3}},"30":{"start":{"line":49,"column":4},"end":{"line":49,"column":63}},"31":{"start":{"line":52,"column":2},"end":{"line":52,"column":36}},"32":{"start":{"line":53,"column":2},"end":{"line":53,"column":15}},"33":{"start":{"line":54,"column":2},"end":{"line":54,"column":16}},"34":{"start":{"line":55,"column":2},"end":{"line":57,"column":5}},"35":{"start":{"line":56,"column":4},"end":{"line":56,"column":36}},"36":{"start":{"line":56,"column":13},"end":{"line":56,"column":36}},"37":{"start":{"line":60,"column":2},"end":{"line":66,"column":4}},"38":{"start":{"line":69,"column":2},"end":{"line":76,"column":3}},"39":{"start":{"line":70,"column":4},"end":{"line":70,"column":38}},"40":{"start":{"line":70,"column":30},"end":{"line":70,"column":38}},"41":{"start":{"line":73,"column":4},"end":{"line":75,"column":5}},"42":{"start":{"line":74,"column":6},"end":{"line":74,"column":37}},"43":{"start":{"line":79,"column":0},"end":{"line":79,"column":52}},"44":{"start":{"line":80,"column":0},"end":{"line":80,"column":52}},"45":{"start":{"line":81,"column":0},"end":{"line":81,"column":31}},"46":{"start":{"line":84,"column":0},"end":{"line":89,"column":2}},"47":{"start":{"line":87,"column":4},"end":{"line":87,"column":25}},"48":{"start":{"line":92,"column":0},"end":{"line":94,"column":1}},"49":{"start":{"line":93,"column":2},"end":{"line":93,"column":66}},"50":{"start":{"line":96,"column":0},"end":{"line":136,"column":1}},"51":{"start":{"line":97,"column":2},"end":{"line":100,"column":3}},"52":{"start":{"line":98,"column":4},"end":{"line":98,"column":19}},"53":{"start":{"line":99,"column":4},"end":{"line":99,"column":15}},"54":{"start":{"line":102,"column":2},"end":{"line":102,"column":44}},"55":{"start":{"line":104,"column":2},"end":{"line":106,"column":3}},"56":{"start":{"line":105,"column":4},"end":{"line":105,"column":23}},"57":{"start":{"line":110,"column":2},"end":{"line":113,"column":3}},"58":{"start":{"line":111,"column":4},"end":{"line":111,"column":34}},"59":{"start":{"line":112,"column":4},"end":{"line":112,"column":27}},"60":{"start":{"line":115,"column":2},"end":{"line":118,"column":3}},"61":{"start":{"line":116,"column":4},"end":{"line":116,"column":53}},"62":{"start":{"line":116,"column":30},"end":{"line":116,"column":50}},"63":{"start":{"line":117,"column":4},"end":{"line":117,"column":27}},"64":{"start":{"line":122,"column":2},"end":{"line":122,"column":43}},"65":{"start":{"line":123,"column":2},"end":{"line":123,"column":22}},"66":{"start":{"line":125,"column":2},"end":{"line":133,"column":4}},"67":{"start":{"line":126,"column":4},"end":{"line":128,"column":5}},"68":{"start":{"line":127,"column":6},"end":{"line":127,"column":41}},"69":{"start":{"line":129,"column":4},"end":{"line":129,"column":22}},"70":{"start":{"line":130,"column":4},"end":{"line":130,"column":24}},"71":{"start":{"line":131,"column":4},"end":{"line":131,"column":21}},"72":{"start":{"line":132,"column":4},"end":{"line":132,"column":22}},"73":{"start":{"line":135,"column":2},"end":{"line":135,"column":25}},"74":{"start":{"line":138,"column":0},"end":{"line":158,"column":1}},"75":{"start":{"line":139,"column":2},"end":{"line":139,"column":44}},"76":{"start":{"line":141,"column":2},"end":{"line":155,"column":3}},"77":{"start":{"line":142,"column":4},"end":{"line":145,"column":6}},"78":{"start":{"line":143,"column":6},"end":{"line":143,"column":25}},"79":{"start":{"line":144,"column":6},"end":{"line":144,"column":28}},"80":{"start":{"line":146,"column":4},"end":{"line":146,"column":24}},"81":{"start":{"line":147,"column":9},"end":{"line":155,"column":3}},"82":{"start":{"line":148,"column":4},"end":{"line":148,"column":22}},"83":{"start":{"line":149,"column":9},"end":{"line":155,"column":3}},"84":{"start":{"line":150,"column":4},"end":{"line":150,"column":33}},"85":{"start":{"line":151,"column":9},"end":{"line":155,"column":3}},"86":{"start":{"line":152,"column":4},"end":{"line":154,"column":6}},"87":{"start":{"line":153,"column":6},"end":{"line":153,"column":26}},"88":{"start":{"line":157,"column":2},"end":{"line":157,"column":25}},"89":{"start":{"line":161,"column":0},"end":{"line":163,"column":1}},"90":{"start":{"line":162,"column":2},"end":{"line":162,"column":34}},"91":{"start":{"line":166,"column":0},"end":{"line":168,"column":1}},"92":{"start":{"line":167,"column":2},"end":{"line":167,"column":37}},"93":{"start":{"line":171,"column":0},"end":{"line":173,"column":1}},"94":{"start":{"line":172,"column":2},"end":{"line":172,"column":43}},"95":{"start":{"line":175,"column":0},"end":{"line":198,"column":1}},"96":{"start":{"line":176,"column":2},"end":{"line":176,"column":43}},"97":{"start":{"line":177,"column":2},"end":{"line":177,"column":44}},"98":{"start":{"line":179,"column":2},"end":{"line":181,"column":3}},"99":{"start":{"line":180,"column":4},"end":{"line":180,"column":27}},"100":{"start":{"line":183,"column":2},"end":{"line":183,"column":31}},"101":{"start":{"line":185,"column":2},"end":{"line":195,"column":4}},"102":{"start":{"line":186,"column":4},"end":{"line":193,"column":5}},"103":{"start":{"line":187,"column":6},"end":{"line":191,"column":7}},"104":{"start":{"line":188,"column":8},"end":{"line":188,"column":79}},"105":{"start":{"line":190,"column":8},"end":{"line":190,"column":32}},"106":{"start":{"line":192,"column":6},"end":{"line":192,"column":26}},"107":{"start":{"line":194,"column":4},"end":{"line":194,"column":25}},"108":{"start":{"line":197,"column":2},"end":{"line":197,"column":25}},"109":{"start":{"line":200,"column":0},"end":{"line":202,"column":1}},"110":{"start":{"line":201,"column":2},"end":{"line":201,"column":49}},"111":{"start":{"line":204,"column":0},"end":{"line":223,"column":1}},"112":{"start":{"line":205,"column":2},"end":{"line":205,"column":43}},"113":{"start":{"line":206,"column":2},"end":{"line":206,"column":44}},"114":{"start":{"line":208,"column":2},"end":{"line":210,"column":3}},"115":{"start":{"line":209,"column":4},"end":{"line":209,"column":27}},"116":{"start":{"line":212,"column":2},"end":{"line":212,"column":31}},"117":{"start":{"line":214,"column":2},"end":{"line":220,"column":4}},"118":{"start":{"line":215,"column":4},"end":{"line":217,"column":5}},"119":{"start":{"line":216,"column":6},"end":{"line":216,"column":42}},"120":{"start":{"line":218,"column":4},"end":{"line":218,"column":32}},"121":{"start":{"line":219,"column":4},"end":{"line":219,"column":14}},"122":{"start":{"line":222,"column":2},"end":{"line":222,"column":25}},"123":{"start":{"line":225,"column":0},"end":{"line":244,"column":1}},"124":{"start":{"line":226,"column":2},"end":{"line":226,"column":43}},"125":{"start":{"line":227,"column":2},"end":{"line":227,"column":44}},"126":{"start":{"line":229,"column":2},"end":{"line":231,"column":3}},"127":{"start":{"line":230,"column":4},"end":{"line":230,"column":27}},"128":{"start":{"line":233,"column":2},"end":{"line":233,"column":31}},"129":{"start":{"line":235,"column":2},"end":{"line":241,"column":4}},"130":{"start":{"line":236,"column":4},"end":{"line":238,"column":5}},"131":{"start":{"line":237,"column":6},"end":{"line":237,"column":42}},"132":{"start":{"line":239,"column":4},"end":{"line":239,"column":25}},"133":{"start":{"line":240,"column":4},"end":{"line":240,"column":14}},"134":{"start":{"line":243,"column":2},"end":{"line":243,"column":25}},"135":{"start":{"line":246,"column":0},"end":{"line":271,"column":1}},"136":{"start":{"line":247,"column":2},"end":{"line":249,"column":3}},"137":{"start":{"line":248,"column":4},"end":{"line":248,"column":26}},"138":{"start":{"line":251,"column":2},"end":{"line":252,"column":48}},"139":{"start":{"line":251,"column":33},"end":{"line":251,"column":47}},"140":{"start":{"line":252,"column":7},"end":{"line":252,"column":48}},"141":{"start":{"line":254,"column":2},"end":{"line":254,"column":44}},"142":{"start":{"line":256,"column":2},"end":{"line":258,"column":3}},"143":{"start":{"line":257,"column":4},"end":{"line":257,"column":27}},"144":{"start":{"line":260,"column":2},"end":{"line":260,"column":31}},"145":{"start":{"line":262,"column":2},"end":{"line":268,"column":4}},"146":{"start":{"line":263,"column":4},"end":{"line":265,"column":5}},"147":{"start":{"line":264,"column":6},"end":{"line":264,"column":42}},"148":{"start":{"line":266,"column":4},"end":{"line":266,"column":27}},"149":{"start":{"line":267,"column":4},"end":{"line":267,"column":14}},"150":{"start":{"line":270,"column":2},"end":{"line":270,"column":25}},"151":{"start":{"line":273,"column":0},"end":{"line":275,"column":1}},"152":{"start":{"line":274,"column":2},"end":{"line":274,"column":34}},"153":{"start":{"line":277,"column":0},"end":{"line":295,"column":1}},"154":{"start":{"line":278,"column":2},"end":{"line":278,"column":43}},"155":{"start":{"line":279,"column":2},"end":{"line":279,"column":31}},"156":{"start":{"line":280,"column":2},"end":{"line":280,"column":44}},"157":{"start":{"line":282,"column":2},"end":{"line":284,"column":3}},"158":{"start":{"line":283,"column":4},"end":{"line":283,"column":27}},"159":{"start":{"line":286,"column":2},"end":{"line":292,"column":4}},"160":{"start":{"line":287,"column":4},"end":{"line":289,"column":5}},"161":{"start":{"line":288,"column":6},"end":{"line":288,"column":42}},"162":{"start":{"line":290,"column":4},"end":{"line":290,"column":31}},"163":{"start":{"line":291,"column":4},"end":{"line":291,"column":14}},"164":{"start":{"line":294,"column":2},"end":{"line":294,"column":25}},"165":{"start":{"line":297,"column":0},"end":{"line":302,"column":1}},"166":{"start":{"line":299,"column":2},"end":{"line":299,"column":64}},"167":{"start":{"line":300,"column":2},"end":{"line":300,"column":63}},"168":{"start":{"line":300,"column":43},"end":{"line":300,"column":61}},"169":{"start":{"line":301,"column":2},"end":{"line":301,"column":63}},"170":{"start":{"line":304,"column":0},"end":{"line":307,"column":1}},"171":{"start":{"line":306,"column":2},"end":{"line":306,"column":89}},"172":{"start":{"line":309,"column":0},"end":{"line":312,"column":1}},"173":{"start":{"line":311,"column":2},"end":{"line":311,"column":89}},"174":{"start":{"line":314,"column":0},"end":{"line":316,"column":1}},"175":{"start":{"line":315,"column":2},"end":{"line":315,"column":18}},"176":{"start":{"line":318,"column":0},"end":{"line":318,"column":34}},"177":{"start":{"line":321,"column":0},"end":{"line":321,"column":38}},"178":{"start":{"line":324,"column":2},"end":{"line":327,"column":3}},"179":{"start":{"line":325,"column":4},"end":{"line":325,"column":61}},"180":{"start":{"line":326,"column":4},"end":{"line":326,"column":15}},"181":{"start":{"line":329,"column":2},"end":{"line":329,"column":14}},"182":{"start":{"line":332,"column":0},"end":{"line":332,"column":23}},"183":{"start":{"line":333,"column":0},"end":{"line":333,"column":24}}},"fnMap":{"0":{"name":"LevelUP","decl":{"start":{"line":23,"column":9},"end":{"line":23,"column":16}},"loc":{"start":{"line":23,"column":41},"end":{"line":77,"column":1}},"line":23},"1":{"name":"(anonymous_1)","decl":{"start":{"line":55,"column":25},"end":{"line":55,"column":26}},"loc":{"start":{"line":55,"column":34},"end":{"line":57,"column":3}},"line":55},"2":{"name":"(anonymous_2)","decl":{"start":{"line":73,"column":19},"end":{"line":73,"column":20}},"loc":{"start":{"line":73,"column":38},"end":{"line":75,"column":5}},"line":73},"3":{"name":"(anonymous_3)","decl":{"start":{"line":86,"column":2},"end":{"line":86,"column":3}},"loc":{"start":{"line":86,"column":9},"end":{"line":88,"column":3}},"line":86},"4":{"name":"(anonymous_4)","decl":{"start":{"line":92,"column":34},"end":{"line":92,"column":35}},"loc":{"start":{"line":92,"column":46},"end":{"line":94,"column":1}},"line":92},"5":{"name":"(anonymous_5)","decl":{"start":{"line":96,"column":25},"end":{"line":96,"column":26}},"loc":{"start":{"line":96,"column":51},"end":{"line":136,"column":1}},"line":96},"6":{"name":"(anonymous_6)","decl":{"start":{"line":116,"column":22},"end":{"line":116,"column":23}},"loc":{"start":{"line":116,"column":28},"end":{"line":116,"column":52}},"line":116},"7":{"name":"(anonymous_7)","decl":{"start":{"line":125,"column":21},"end":{"line":125,"column":22}},"loc":{"start":{"line":125,"column":30},"end":{"line":133,"column":3}},"line":125},"8":{"name":"(anonymous_8)","decl":{"start":{"line":138,"column":26},"end":{"line":138,"column":27}},"loc":{"start":{"line":138,"column":46},"end":{"line":158,"column":1}},"line":138},"9":{"name":"(anonymous_9)","decl":{"start":{"line":142,"column":18},"end":{"line":142,"column":19}},"loc":{"start":{"line":142,"column":36},"end":{"line":145,"column":5}},"line":142},"10":{"name":"(anonymous_10)","decl":{"start":{"line":152,"column":22},"end":{"line":152,"column":23}},"loc":{"start":{"line":152,"column":28},"end":{"line":154,"column":5}},"line":152},"11":{"name":"(anonymous_11)","decl":{"start":{"line":161,"column":27},"end":{"line":161,"column":28}},"loc":{"start":{"line":161,"column":39},"end":{"line":163,"column":1}},"line":161},"12":{"name":"(anonymous_12)","decl":{"start":{"line":166,"column":31},"end":{"line":166,"column":32}},"loc":{"start":{"line":166,"column":43},"end":{"line":168,"column":1}},"line":166},"13":{"name":"(anonymous_13)","decl":{"start":{"line":171,"column":29},"end":{"line":171,"column":30}},"loc":{"start":{"line":171,"column":41},"end":{"line":173,"column":1}},"line":171},"14":{"name":"(anonymous_14)","decl":{"start":{"line":175,"column":24},"end":{"line":175,"column":25}},"loc":{"start":{"line":175,"column":58},"end":{"line":198,"column":1}},"line":175},"15":{"name":"(anonymous_15)","decl":{"start":{"line":185,"column":28},"end":{"line":185,"column":29}},"loc":{"start":{"line":185,"column":50},"end":{"line":195,"column":3}},"line":185},"16":{"name":"(anonymous_16)","decl":{"start":{"line":200,"column":28},"end":{"line":200,"column":29}},"loc":{"start":{"line":200,"column":63},"end":{"line":202,"column":1}},"line":200},"17":{"name":"(anonymous_17)","decl":{"start":{"line":204,"column":24},"end":{"line":204,"column":25}},"loc":{"start":{"line":204,"column":65},"end":{"line":223,"column":1}},"line":204},"18":{"name":"(anonymous_18)","decl":{"start":{"line":214,"column":35},"end":{"line":214,"column":36}},"loc":{"start":{"line":214,"column":44},"end":{"line":220,"column":3}},"line":214},"19":{"name":"(anonymous_19)","decl":{"start":{"line":225,"column":24},"end":{"line":225,"column":25}},"loc":{"start":{"line":225,"column":58},"end":{"line":244,"column":1}},"line":225},"20":{"name":"(anonymous_20)","decl":{"start":{"line":235,"column":28},"end":{"line":235,"column":29}},"loc":{"start":{"line":235,"column":37},"end":{"line":241,"column":3}},"line":235},"21":{"name":"(anonymous_21)","decl":{"start":{"line":246,"column":26},"end":{"line":246,"column":27}},"loc":{"start":{"line":246,"column":60},"end":{"line":271,"column":1}},"line":246},"22":{"name":"(anonymous_22)","decl":{"start":{"line":262,"column":30},"end":{"line":262,"column":31}},"loc":{"start":{"line":262,"column":39},"end":{"line":268,"column":3}},"line":262},"23":{"name":"(anonymous_23)","decl":{"start":{"line":273,"column":29},"end":{"line":273,"column":30}},"loc":{"start":{"line":273,"column":48},"end":{"line":275,"column":1}},"line":273},"24":{"name":"(anonymous_24)","decl":{"start":{"line":277,"column":26},"end":{"line":277,"column":27}},"loc":{"start":{"line":277,"column":55},"end":{"line":295,"column":1}},"line":277},"25":{"name":"(anonymous_25)","decl":{"start":{"line":286,"column":25},"end":{"line":286,"column":26}},"loc":{"start":{"line":286,"column":34},"end":{"line":292,"column":3}},"line":286},"26":{"name":"(anonymous_26)","decl":{"start":{"line":298,"column":37},"end":{"line":298,"column":38}},"loc":{"start":{"line":298,"column":56},"end":{"line":302,"column":1}},"line":298},"27":{"name":"(anonymous_27)","decl":{"start":{"line":305,"column":36},"end":{"line":305,"column":37}},"loc":{"start":{"line":305,"column":55},"end":{"line":307,"column":1}},"line":305},"28":{"name":"(anonymous_28)","decl":{"start":{"line":310,"column":38},"end":{"line":310,"column":39}},"loc":{"start":{"line":310,"column":57},"end":{"line":312,"column":1}},"line":310},"29":{"name":"(anonymous_29)","decl":{"start":{"line":314,"column":29},"end":{"line":314,"column":30}},"loc":{"start":{"line":314,"column":41},"end":{"line":316,"column":1}},"line":314},"30":{"name":"maybeError","decl":{"start":{"line":323,"column":9},"end":{"line":323,"column":19}},"loc":{"start":{"line":323,"column":35},"end":{"line":330,"column":1}},"line":323}},"branchMap":{"0":{"loc":{"start":{"line":24,"column":2},"end":{"line":26,"column":3}},"type":"if","locations":[{"start":{"line":24,"column":2},"end":{"line":26,"column":3}},{"start":{"line":24,"column":2},"end":{"line":26,"column":3}}],"line":24},"1":{"loc":{"start":{"line":33,"column":2},"end":{"line":36,"column":3}},"type":"if","locations":[{"start":{"line":33,"column":2},"end":{"line":36,"column":3}},{"start":{"line":33,"column":2},"end":{"line":36,"column":3}}],"line":33},"2":{"loc":{"start":{"line":38,"column":12},"end":{"line":38,"column":25}},"type":"binary-expr","locations":[{"start":{"line":38,"column":12},"end":{"line":38,"column":19}},{"start":{"line":38,"column":23},"end":{"line":38,"column":25}}],"line":38},"3":{"loc":{"start":{"line":40,"column":2},"end":{"line":46,"column":3}},"type":"if","locations":[{"start":{"line":40,"column":2},"end":{"line":46,"column":3}},{"start":{"line":40,"column":2},"end":{"line":46,"column":3}}],"line":40},"4":{"loc":{"start":{"line":40,"column":6},"end":{"line":40,"column":35}},"type":"binary-expr","locations":[{"start":{"line":40,"column":6},"end":{"line":40,"column":9}},{"start":{"line":40,"column":13},"end":{"line":40,"column":35}}],"line":40},"5":{"loc":{"start":{"line":42,"column":4},"end":{"line":44,"column":5}},"type":"if","locations":[{"start":{"line":42,"column":4},"end":{"line":44,"column":5}},{"start":{"line":42,"column":4},"end":{"line":44,"column":5}}],"line":42},"6":{"loc":{"start":{"line":48,"column":2},"end":{"line":50,"column":3}},"type":"if","locations":[{"start":{"line":48,"column":2},"end":{"line":50,"column":3}},{"start":{"line":48,"column":2},"end":{"line":50,"column":3}}],"line":48},"7":{"loc":{"start":{"line":55,"column":12},"end":{"line":57,"column":4}},"type":"binary-expr","locations":[{"start":{"line":55,"column":12},"end":{"line":55,"column":20}},{"start":{"line":55,"column":25},"end":{"line":57,"column":3}}],"line":55},"8":{"loc":{"start":{"line":56,"column":4},"end":{"line":56,"column":36}},"type":"if","locations":[{"start":{"line":56,"column":4},"end":{"line":56,"column":36}},{"start":{"line":56,"column":4},"end":{"line":56,"column":36}}],"line":56},"9":{"loc":{"start":{"line":70,"column":4},"end":{"line":70,"column":38}},"type":"if","locations":[{"start":{"line":70,"column":4},"end":{"line":70,"column":38}},{"start":{"line":70,"column":4},"end":{"line":70,"column":38}}],"line":70},"10":{"loc":{"start":{"line":93,"column":9},"end":{"line":93,"column":66}},"type":"binary-expr","locations":[{"start":{"line":93,"column":9},"end":{"line":93,"column":34}},{"start":{"line":93,"column":38},"end":{"line":93,"column":66}}],"line":93},"11":{"loc":{"start":{"line":97,"column":2},"end":{"line":100,"column":3}},"type":"if","locations":[{"start":{"line":97,"column":2},"end":{"line":100,"column":3}},{"start":{"line":97,"column":2},"end":{"line":100,"column":3}}],"line":97},"12":{"loc":{"start":{"line":104,"column":2},"end":{"line":106,"column":3}},"type":"if","locations":[{"start":{"line":104,"column":2},"end":{"line":106,"column":3}},{"start":{"line":104,"column":2},"end":{"line":106,"column":3}}],"line":104},"13":{"loc":{"start":{"line":110,"column":2},"end":{"line":113,"column":3}},"type":"if","locations":[{"start":{"line":110,"column":2},"end":{"line":113,"column":3}},{"start":{"line":110,"column":2},"end":{"line":113,"column":3}}],"line":110},"14":{"loc":{"start":{"line":110,"column":6},"end":{"line":110,"column":30}},"type":"binary-expr","locations":[{"start":{"line":110,"column":6},"end":{"line":110,"column":13}},{"start":{"line":110,"column":17},"end":{"line":110,"column":30}}],"line":110},"15":{"loc":{"start":{"line":115,"column":2},"end":{"line":118,"column":3}},"type":"if","locations":[{"start":{"line":115,"column":2},"end":{"line":118,"column":3}},{"start":{"line":115,"column":2},"end":{"line":118,"column":3}}],"line":115},"16":{"loc":{"start":{"line":115,"column":6},"end":{"line":115,"column":34}},"type":"binary-expr","locations":[{"start":{"line":115,"column":6},"end":{"line":115,"column":13}},{"start":{"line":115,"column":17},"end":{"line":115,"column":34}}],"line":115},"17":{"loc":{"start":{"line":126,"column":4},"end":{"line":128,"column":5}},"type":"if","locations":[{"start":{"line":126,"column":4},"end":{"line":128,"column":5}},{"start":{"line":126,"column":4},"end":{"line":128,"column":5}}],"line":126},"18":{"loc":{"start":{"line":141,"column":2},"end":{"line":155,"column":3}},"type":"if","locations":[{"start":{"line":141,"column":2},"end":{"line":155,"column":3}},{"start":{"line":141,"column":2},"end":{"line":155,"column":3}}],"line":141},"19":{"loc":{"start":{"line":147,"column":9},"end":{"line":155,"column":3}},"type":"if","locations":[{"start":{"line":147,"column":9},"end":{"line":155,"column":3}},{"start":{"line":147,"column":9},"end":{"line":155,"column":3}}],"line":147},"20":{"loc":{"start":{"line":149,"column":9},"end":{"line":155,"column":3}},"type":"if","locations":[{"start":{"line":149,"column":9},"end":{"line":155,"column":3}},{"start":{"line":149,"column":9},"end":{"line":155,"column":3}}],"line":149},"21":{"loc":{"start":{"line":151,"column":9},"end":{"line":155,"column":3}},"type":"if","locations":[{"start":{"line":151,"column":9},"end":{"line":155,"column":3}},{"start":{"line":151,"column":9},"end":{"line":155,"column":3}}],"line":151},"22":{"loc":{"start":{"line":179,"column":2},"end":{"line":181,"column":3}},"type":"if","locations":[{"start":{"line":179,"column":2},"end":{"line":181,"column":3}},{"start":{"line":179,"column":2},"end":{"line":181,"column":3}}],"line":179},"23":{"loc":{"start":{"line":186,"column":4},"end":{"line":193,"column":5}},"type":"if","locations":[{"start":{"line":186,"column":4},"end":{"line":193,"column":5}},{"start":{"line":186,"column":4},"end":{"line":193,"column":5}}],"line":186},"24":{"loc":{"start":{"line":187,"column":6},"end":{"line":191,"column":7}},"type":"if","locations":[{"start":{"line":187,"column":6},"end":{"line":191,"column":7}},{"start":{"line":187,"column":6},"end":{"line":191,"column":7}}],"line":187},"25":{"loc":{"start":{"line":187,"column":10},"end":{"line":187,"column":49}},"type":"binary-expr","locations":[{"start":{"line":187,"column":10},"end":{"line":187,"column":33}},{"start":{"line":187,"column":37},"end":{"line":187,"column":49}}],"line":187},"26":{"loc":{"start":{"line":208,"column":2},"end":{"line":210,"column":3}},"type":"if","locations":[{"start":{"line":208,"column":2},"end":{"line":210,"column":3}},{"start":{"line":208,"column":2},"end":{"line":210,"column":3}}],"line":208},"27":{"loc":{"start":{"line":215,"column":4},"end":{"line":217,"column":5}},"type":"if","locations":[{"start":{"line":215,"column":4},"end":{"line":217,"column":5}},{"start":{"line":215,"column":4},"end":{"line":217,"column":5}}],"line":215},"28":{"loc":{"start":{"line":229,"column":2},"end":{"line":231,"column":3}},"type":"if","locations":[{"start":{"line":229,"column":2},"end":{"line":231,"column":3}},{"start":{"line":229,"column":2},"end":{"line":231,"column":3}}],"line":229},"29":{"loc":{"start":{"line":236,"column":4},"end":{"line":238,"column":5}},"type":"if","locations":[{"start":{"line":236,"column":4},"end":{"line":238,"column":5}},{"start":{"line":236,"column":4},"end":{"line":238,"column":5}}],"line":236},"30":{"loc":{"start":{"line":247,"column":2},"end":{"line":249,"column":3}},"type":"if","locations":[{"start":{"line":247,"column":2},"end":{"line":249,"column":3}},{"start":{"line":247,"column":2},"end":{"line":249,"column":3}}],"line":247},"31":{"loc":{"start":{"line":251,"column":2},"end":{"line":252,"column":48}},"type":"if","locations":[{"start":{"line":251,"column":2},"end":{"line":252,"column":48}},{"start":{"line":251,"column":2},"end":{"line":252,"column":48}}],"line":251},"32":{"loc":{"start":{"line":256,"column":2},"end":{"line":258,"column":3}},"type":"if","locations":[{"start":{"line":256,"column":2},"end":{"line":258,"column":3}},{"start":{"line":256,"column":2},"end":{"line":258,"column":3}}],"line":256},"33":{"loc":{"start":{"line":263,"column":4},"end":{"line":265,"column":5}},"type":"if","locations":[{"start":{"line":263,"column":4},"end":{"line":265,"column":5}},{"start":{"line":263,"column":4},"end":{"line":265,"column":5}}],"line":263},"34":{"loc":{"start":{"line":282,"column":2},"end":{"line":284,"column":3}},"type":"if","locations":[{"start":{"line":282,"column":2},"end":{"line":284,"column":3}},{"start":{"line":282,"column":2},"end":{"line":284,"column":3}}],"line":282},"35":{"loc":{"start":{"line":287,"column":4},"end":{"line":289,"column":5}},"type":"if","locations":[{"start":{"line":287,"column":4},"end":{"line":289,"column":5}},{"start":{"line":287,"column":4},"end":{"line":289,"column":5}}],"line":287},"36":{"loc":{"start":{"line":300,"column":2},"end":{"line":300,"column":63}},"type":"if","locations":[{"start":{"line":300,"column":2},"end":{"line":300,"column":63}},{"start":{"line":300,"column":2},"end":{"line":300,"column":63}}],"line":300},"37":{"loc":{"start":{"line":324,"column":2},"end":{"line":327,"column":3}},"type":"if","locations":[{"start":{"line":324,"column":2},"end":{"line":327,"column":3}},{"start":{"line":324,"column":2},"end":{"line":327,"column":3}}],"line":324}},"s":{"0":2,"1":2,"2":2,"3":2,"4":2,"5":2,"6":2,"7":2,"8":2,"9":2,"10":2,"11":2,"12":2,"13":2,"14":2,"15":2,"16":880,"17":440,"18":440,"19":440,"20":440,"21":20,"22":20,"23":440,"24":440,"25":4,"26":4,"27":0,"28":4,"29":436,"30":4,"31":432,"32":432,"33":432,"34":432,"35":412,"36":4,"37":432,"38":432,"39":8,"40":0,"41":8,"42":4,"43":2,"44":2,"45":2,"46":2,"47":28,"48":2,"49":1048,"50":2,"51":758,"52":750,"53":750,"54":758,"55":758,"56":754,"57":758,"58":0,"59":0,"60":758,"61":310,"62":310,"63":310,"64":448,"65":448,"66":448,"67":444,"68":8,"69":436,"70":436,"71":436,"72":436,"73":448,"74":2,"75":468,"76":468,"77":432,"78":432,"79":432,"80":432,"81":36,"82":28,"83":8,"84":0,"85":8,"86":8,"87":8,"88":468,"89":2,"90":822,"91":2,"92":346,"93":2,"94":72,"95":2,"96":298,"97":298,"98":298,"99":4,"100":294,"101":294,"102":294,"103":86,"104":78,"105":8,"106":86,"107":208,"108":294,"109":2,"110":4,"111":2,"112":484,"113":484,"114":484,"115":4,"116":480,"117":480,"118":480,"119":16,"120":464,"121":464,"122":480,"123":2,"124":34,"125":34,"126":34,"127":4,"128":30,"129":30,"130":30,"131":8,"132":22,"133":22,"134":30,"135":2,"136":250,"137":34,"138":216,"139":0,"140":216,"141":216,"142":216,"143":4,"144":212,"145":212,"146":212,"147":16,"148":196,"149":196,"150":212,"151":2,"152":46,"153":2,"154":16,"155":16,"156":16,"157":16,"158":0,"159":16,"160":16,"161":0,"162":16,"163":16,"164":16,"165":2,"166":188,"167":188,"168":172,"169":188,"170":2,"171":6,"172":2,"173":4,"174":2,"175":0,"176":2,"177":2,"178":1048,"179":16,"180":16,"181":1032,"182":2,"183":2},"f":{"0":880,"1":412,"2":4,"3":28,"4":1048,"5":758,"6":310,"7":444,"8":468,"9":432,"10":8,"11":822,"12":346,"13":72,"14":298,"15":294,"16":4,"17":484,"18":480,"19":34,"20":30,"21":250,"22":212,"23":46,"24":16,"25":16,"26":188,"27":6,"28":4,"29":0,"30":1048},"b":{"0":[440,440],"1":[20,420],"2":[440,304],"3":[4,436],"4":[440,436],"5":[0,4],"6":[4,432],"7":[432,412],"8":[4,408],"9":[0,8],"10":[1048,284],"11":[750,8],"12":[754,4],"13":[0,758],"14":[758,326],"15":[310,448],"16":[758,326],"17":[8,436],"18":[432,36],"19":[28,8],"20":[0,8],"21":[8,0],"22":[4,294],"23":[86,208],"24":[78,8],"25":[86,8],"26":[4,480],"27":[16,464],"28":[4,30],"29":[8,22],"30":[34,216],"31":[0,216],"32":[4,212],"33":[16,196],"34":[0,16],"35":[0,16],"36":[172,16],"37":[16,1032]},"_coverageSchema":"1a1c01bbd47fc00a2c39e90264f33305004495a9","hash":"4d5c9eebec74c83073708e4560cce89ec3588eb2","contentHash":"63d6a87da1a5dbd10ef49ef7b708df724fdefc98a4f4a09bff5789b6cb76e899"}
,"/data/js-variants/multee/Playground/levelup/lib/next-tick-browser.js": {"path":"/data/js-variants/multee/Playground/levelup/lib/next-tick-browser.js","statementMap":{"0":{"start":{"line":3,"column":23},"end":{"line":3,"column":49}},"1":{"start":{"line":5,"column":0},"end":{"line":11,"column":1}},"2":{"start":{"line":6,"column":2},"end":{"line":10,"column":3}},"3":{"start":{"line":7,"column":4},"end":{"line":7,"column":22}},"4":{"start":{"line":9,"column":4},"end":{"line":9,"column":37}},"5":{"start":{"line":9,"column":25},"end":{"line":9,"column":36}}},"fnMap":{"0":{"name":"(anonymous_0)","decl":{"start":{"line":5,"column":17},"end":{"line":5,"column":18}},"loc":{"start":{"line":5,"column":40},"end":{"line":11,"column":1}},"line":5},"1":{"name":"(anonymous_1)","decl":{"start":{"line":9,"column":19},"end":{"line":9,"column":20}},"loc":{"start":{"line":9,"column":25},"end":{"line":9,"column":36}},"line":9}},"branchMap":{"0":{"loc":{"start":{"line":6,"column":2},"end":{"line":10,"column":3}},"type":"if","locations":[{"start":{"line":6,"column":2},"end":{"line":10,"column":3}},{"start":{"line":6,"column":2},"end":{"line":10,"column":3}}],"line":6}},"s":{"0":0,"1":0,"2":0,"3":0,"4":0,"5":0},"f":{"0":0,"1":0},"b":{"0":[0,0]},"all":true}
,"/data/js-variants/multee/Playground/levelup/lib/next-tick.js": {"path":"/data/js-variants/multee/Playground/levelup/lib/next-tick.js","statementMap":{"0":{"start":{"line":3,"column":0},"end":{"line":3,"column":33}}},"fnMap":{},"branchMap":{},"s":{"0":2},"f":{},"b":{},"_coverageSchema":"1a1c01bbd47fc00a2c39e90264f33305004495a9","hash":"f40c159ceb4e47f56dfa013ab0fc1ab9b36eb310","contentHash":"3b196f9b6a196e6c3bfcd3066b01dc5c613c46aa7c1eabdff2dd22fa864602aa"}
,"/data/js-variants/multee/Playground/levelup/node_modules/abstract-leveldown/abstract-chained-batch.js": {"path":"/data/js-variants/multee/Playground/levelup/node_modules/abstract-leveldown/abstract-chained-batch.js","statementMap":{"0":{"start":{"line":3,"column":21},"end":{"line":3,"column":38}},"1":{"start":{"line":6,"column":2},"end":{"line":8,"column":3}},"2":{"start":{"line":7,"column":4},"end":{"line":7,"column":87}},"3":{"start":{"line":10,"column":2},"end":{"line":10,"column":14}},"4":{"start":{"line":11,"column":2},"end":{"line":11,"column":23}},"5":{"start":{"line":12,"column":2},"end":{"line":12,"column":23}},"6":{"start":{"line":15,"column":0},"end":{"line":19,"column":1}},"7":{"start":{"line":16,"column":2},"end":{"line":18,"column":3}},"8":{"start":{"line":17,"column":4},"end":{"line":17,"column":59}},"9":{"start":{"line":21,"column":0},"end":{"line":33,"column":1}},"10":{"start":{"line":22,"column":2},"end":{"line":22,"column":22}},"11":{"start":{"line":24,"column":14},"end":{"line":24,"column":66}},"12":{"start":{"line":25,"column":2},"end":{"line":25,"column":20}},"13":{"start":{"line":25,"column":11},"end":{"line":25,"column":20}},"14":{"start":{"line":27,"column":2},"end":{"line":27,"column":34}},"15":{"start":{"line":28,"column":2},"end":{"line":28,"column":40}},"16":{"start":{"line":30,"column":2},"end":{"line":30,"column":65}},"17":{"start":{"line":32,"column":2},"end":{"line":32,"column":13}},"18":{"start":{"line":35,"column":0},"end":{"line":37,"column":1}},"19":{"start":{"line":36,"column":2},"end":{"line":36,"column":64}},"20":{"start":{"line":39,"column":0},"end":{"line":49,"column":1}},"21":{"start":{"line":40,"column":2},"end":{"line":40,"column":22}},"22":{"start":{"line":42,"column":14},"end":{"line":42,"column":36}},"23":{"start":{"line":43,"column":2},"end":{"line":43,"column":20}},"24":{"start":{"line":43,"column":11},"end":{"line":43,"column":20}},"25":{"start":{"line":45,"column":2},"end":{"line":45,"column":34}},"26":{"start":{"line":46,"column":2},"end":{"line":46,"column":58}},"27":{"start":{"line":48,"column":2},"end":{"line":48,"column":13}},"28":{"start":{"line":51,"column":0},"end":{"line":53,"column":1}},"29":{"start":{"line":52,"column":2},"end":{"line":52,"column":57}},"30":{"start":{"line":55,"column":0},"end":{"line":60,"column":1}},"31":{"start":{"line":56,"column":2},"end":{"line":56,"column":22}},"32":{"start":{"line":57,"column":2},"end":{"line":57,"column":15}},"33":{"start":{"line":59,"column":2},"end":{"line":59,"column":13}},"34":{"start":{"line":62,"column":0},"end":{"line":64,"column":1}},"35":{"start":{"line":63,"column":2},"end":{"line":63,"column":23}},"36":{"start":{"line":66,"column":0},"end":{"line":81,"column":1}},"37":{"start":{"line":67,"column":2},"end":{"line":67,"column":22}},"38":{"start":{"line":69,"column":2},"end":{"line":71,"column":3}},"39":{"start":{"line":70,"column":4},"end":{"line":70,"column":22}},"40":{"start":{"line":72,"column":2},"end":{"line":74,"column":3}},"41":{"start":{"line":73,"column":4},"end":{"line":73,"column":59}},"42":{"start":{"line":75,"column":2},"end":{"line":77,"column":3}},"43":{"start":{"line":76,"column":4},"end":{"line":76,"column":16}},"44":{"start":{"line":79,"column":2},"end":{"line":79,"column":22}},"45":{"start":{"line":80,"column":2},"end":{"line":80,"column":32}},"46":{"start":{"line":83,"column":0},"end":{"line":85,"column":1}},"47":{"start":{"line":84,"column":2},"end":{"line":84,"column":53}},"48":{"start":{"line":88,"column":0},"end":{"line":88,"column":65}},"49":{"start":{"line":90,"column":0},"end":{"line":90,"column":37}}},"fnMap":{"0":{"name":"AbstractChainedBatch","decl":{"start":{"line":5,"column":9},"end":{"line":5,"column":29}},"loc":{"start":{"line":5,"column":35},"end":{"line":13,"column":1}},"line":5},"1":{"name":"(anonymous_1)","decl":{"start":{"line":15,"column":47},"end":{"line":15,"column":48}},"loc":{"start":{"line":15,"column":59},"end":{"line":19,"column":1}},"line":15},"2":{"name":"(anonymous_2)","decl":{"start":{"line":21,"column":37},"end":{"line":21,"column":38}},"loc":{"start":{"line":21,"column":68},"end":{"line":33,"column":1}},"line":21},"3":{"name":"(anonymous_3)","decl":{"start":{"line":35,"column":38},"end":{"line":35,"column":39}},"loc":{"start":{"line":35,"column":69},"end":{"line":37,"column":1}},"line":35},"4":{"name":"(anonymous_4)","decl":{"start":{"line":39,"column":37},"end":{"line":39,"column":38}},"loc":{"start":{"line":39,"column":61},"end":{"line":49,"column":1}},"line":39},"5":{"name":"(anonymous_5)","decl":{"start":{"line":51,"column":38},"end":{"line":51,"column":39}},"loc":{"start":{"line":51,"column":62},"end":{"line":53,"column":1}},"line":51},"6":{"name":"(anonymous_6)","decl":{"start":{"line":55,"column":39},"end":{"line":55,"column":40}},"loc":{"start":{"line":55,"column":51},"end":{"line":60,"column":1}},"line":55},"7":{"name":"(anonymous_7)","decl":{"start":{"line":62,"column":40},"end":{"line":62,"column":41}},"loc":{"start":{"line":62,"column":52},"end":{"line":64,"column":1}},"line":62},"8":{"name":"(anonymous_8)","decl":{"start":{"line":66,"column":39},"end":{"line":66,"column":40}},"loc":{"start":{"line":66,"column":68},"end":{"line":81,"column":1}},"line":66},"9":{"name":"(anonymous_9)","decl":{"start":{"line":83,"column":40},"end":{"line":83,"column":41}},"loc":{"start":{"line":83,"column":69},"end":{"line":85,"column":1}},"line":83}},"branchMap":{"0":{"loc":{"start":{"line":6,"column":2},"end":{"line":8,"column":3}},"type":"if","locations":[{"start":{"line":6,"column":2},"end":{"line":8,"column":3}},{"start":{"line":6,"column":2},"end":{"line":8,"column":3}}],"line":6},"1":{"loc":{"start":{"line":6,"column":6},"end":{"line":6,"column":43}},"type":"binary-expr","locations":[{"start":{"line":6,"column":6},"end":{"line":6,"column":28}},{"start":{"line":6,"column":32},"end":{"line":6,"column":43}}],"line":6},"2":{"loc":{"start":{"line":16,"column":2},"end":{"line":18,"column":3}},"type":"if","locations":[{"start":{"line":16,"column":2},"end":{"line":18,"column":3}},{"start":{"line":16,"column":2},"end":{"line":18,"column":3}}],"line":16},"3":{"loc":{"start":{"line":24,"column":14},"end":{"line":24,"column":66}},"type":"binary-expr","locations":[{"start":{"line":24,"column":14},"end":{"line":24,"column":36}},{"start":{"line":24,"column":40},"end":{"line":24,"column":66}}],"line":24},"4":{"loc":{"start":{"line":25,"column":2},"end":{"line":25,"column":20}},"type":"if","locations":[{"start":{"line":25,"column":2},"end":{"line":25,"column":20}},{"start":{"line":25,"column":2},"end":{"line":25,"column":20}}],"line":25},"5":{"loc":{"start":{"line":30,"column":24},"end":{"line":30,"column":64}},"type":"cond-expr","locations":[{"start":{"line":30,"column":42},"end":{"line":30,"column":49}},{"start":{"line":30,"column":52},"end":{"line":30,"column":64}}],"line":30},"6":{"loc":{"start":{"line":43,"column":2},"end":{"line":43,"column":20}},"type":"if","locations":[{"start":{"line":43,"column":2},"end":{"line":43,"column":20}},{"start":{"line":43,"column":2},"end":{"line":43,"column":20}}],"line":43},"7":{"loc":{"start":{"line":46,"column":17},"end":{"line":46,"column":57}},"type":"cond-expr","locations":[{"start":{"line":46,"column":35},"end":{"line":46,"column":42}},{"start":{"line":46,"column":45},"end":{"line":46,"column":57}}],"line":46},"8":{"loc":{"start":{"line":69,"column":2},"end":{"line":71,"column":3}},"type":"if","locations":[{"start":{"line":69,"column":2},"end":{"line":71,"column":3}},{"start":{"line":69,"column":2},"end":{"line":71,"column":3}}],"line":69},"9":{"loc":{"start":{"line":72,"column":2},"end":{"line":74,"column":3}},"type":"if","locations":[{"start":{"line":72,"column":2},"end":{"line":74,"column":3}},{"start":{"line":72,"column":2},"end":{"line":74,"column":3}}],"line":72},"10":{"loc":{"start":{"line":75,"column":2},"end":{"line":77,"column":3}},"type":"if","locations":[{"start":{"line":75,"column":2},"end":{"line":77,"column":3}},{"start":{"line":75,"column":2},"end":{"line":77,"column":3}}],"line":75},"11":{"loc":{"start":{"line":75,"column":6},"end":{"line":75,"column":53}},"type":"binary-expr","locations":[{"start":{"line":75,"column":6},"end":{"line":75,"column":33}},{"start":{"line":75,"column":37},"end":{"line":75,"column":53}}],"line":75}},"s":{"0":2,"1":50,"2":0,"3":50,"4":50,"5":50,"6":2,"7":284,"8":12,"9":2,"10":148,"11":144,"12":144,"13":24,"14":120,"15":120,"16":120,"17":120,"18":2,"19":70,"20":2,"21":76,"22":72,"23":72,"24":8,"25":64,"26":64,"27":64,"28":2,"29":42,"30":2,"31":22,"32":18,"33":18,"34":2,"35":12,"36":2,"37":38,"38":38,"39":0,"40":38,"41":0,"42":38,"43":0,"44":38,"45":38,"46":2,"47":22,"48":2,"49":2},"f":{"0":50,"1":284,"2":148,"3":70,"4":76,"5":42,"6":22,"7":12,"8":38,"9":22},"b":{"0":[0,50],"1":[50,50],"2":[12,272],"3":[144,128],"4":[24,120],"5":[2,118],"6":[8,64],"7":[2,62],"8":[0,38],"9":[0,38],"10":[0,38],"11":[38,38]},"_coverageSchema":"1a1c01bbd47fc00a2c39e90264f33305004495a9","hash":"74cc3e91be052a0a49c149c973a3a7ba510824f8","contentHash":"4f6de801092892c2cd6054976ac555f3fe86de8c07d7ca3d856ffd5143671258"}
,"/data/js-variants/multee/Playground/levelup/node_modules/abstract-leveldown/abstract-iterator.js": {"path":"/data/js-variants/multee/Playground/levelup/node_modules/abstract-leveldown/abstract-iterator.js","statementMap":{"0":{"start":{"line":4,"column":2},"end":{"line":6,"column":3}},"1":{"start":{"line":5,"column":4},"end":{"line":5,"column":87}},"2":{"start":{"line":8,"column":2},"end":{"line":8,"column":14}},"3":{"start":{"line":9,"column":2},"end":{"line":9,"column":21}},"4":{"start":{"line":10,"column":2},"end":{"line":10,"column":23}},"5":{"start":{"line":13,"column":0},"end":{"line":46,"column":1}},"6":{"start":{"line":15,"column":12},"end":{"line":15,"column":16}},"7":{"start":{"line":17,"column":2},"end":{"line":27,"column":3}},"8":{"start":{"line":18,"column":4},"end":{"line":24,"column":6}},"9":{"start":{"line":19,"column":6},"end":{"line":23,"column":7}},"10":{"start":{"line":20,"column":8},"end":{"line":22,"column":34}},"11":{"start":{"line":20,"column":17},"end":{"line":20,"column":28}},"12":{"start":{"line":21,"column":13},"end":{"line":22,"column":34}},"13":{"start":{"line":21,"column":59},"end":{"line":21,"column":68}},"14":{"start":{"line":22,"column":13},"end":{"line":22,"column":34}},"15":{"start":{"line":25,"column":9},"end":{"line":27,"column":3}},"16":{"start":{"line":26,"column":4},"end":{"line":26,"column":58}},"17":{"start":{"line":29,"column":2},"end":{"line":32,"column":3}},"18":{"start":{"line":30,"column":4},"end":{"line":30,"column":73}},"19":{"start":{"line":31,"column":4},"end":{"line":31,"column":14}},"20":{"start":{"line":34,"column":2},"end":{"line":37,"column":3}},"21":{"start":{"line":35,"column":4},"end":{"line":35,"column":98}},"22":{"start":{"line":36,"column":4},"end":{"line":36,"column":14}},"23":{"start":{"line":39,"column":2},"end":{"line":39,"column":22}},"24":{"start":{"line":40,"column":2},"end":{"line":43,"column":4}},"25":{"start":{"line":41,"column":4},"end":{"line":41,"column":25}},"26":{"start":{"line":42,"column":4},"end":{"line":42,"column":26}},"27":{"start":{"line":45,"column":2},"end":{"line":45,"column":12}},"28":{"start":{"line":48,"column":0},"end":{"line":50,"column":1}},"29":{"start":{"line":49,"column":2},"end":{"line":49,"column":26}},"30":{"start":{"line":52,"column":0},"end":{"line":62,"column":1}},"31":{"start":{"line":53,"column":2},"end":{"line":55,"column":3}},"32":{"start":{"line":54,"column":4},"end":{"line":54,"column":53}},"33":{"start":{"line":56,"column":2},"end":{"line":58,"column":3}},"34":{"start":{"line":57,"column":4},"end":{"line":57,"column":69}},"35":{"start":{"line":60,"column":2},"end":{"line":60,"column":40}},"36":{"start":{"line":61,"column":2},"end":{"line":61,"column":20}},"37":{"start":{"line":64,"column":0},"end":{"line":64,"column":55}},"38":{"start":{"line":66,"column":0},"end":{"line":89,"column":1}},"39":{"start":{"line":69,"column":2},"end":{"line":78,"column":3}},"40":{"start":{"line":70,"column":4},"end":{"line":75,"column":6}},"41":{"start":{"line":71,"column":6},"end":{"line":74,"column":7}},"42":{"start":{"line":72,"column":8},"end":{"line":73,"column":22}},"43":{"start":{"line":72,"column":17},"end":{"line":72,"column":28}},"44":{"start":{"line":73,"column":13},"end":{"line":73,"column":22}},"45":{"start":{"line":76,"column":9},"end":{"line":78,"column":3}},"46":{"start":{"line":77,"column":4},"end":{"line":77,"column":57}},"47":{"start":{"line":80,"column":2},"end":{"line":83,"column":3}},"48":{"start":{"line":81,"column":4},"end":{"line":81,"column":75}},"49":{"start":{"line":82,"column":4},"end":{"line":82,"column":18}},"50":{"start":{"line":85,"column":2},"end":{"line":85,"column":20}},"51":{"start":{"line":86,"column":2},"end":{"line":86,"column":21}},"52":{"start":{"line":88,"column":2},"end":{"line":88,"column":16}},"53":{"start":{"line":91,"column":0},"end":{"line":93,"column":1}},"54":{"start":{"line":92,"column":2},"end":{"line":92,"column":26}},"55":{"start":{"line":95,"column":0},"end":{"line":105,"column":1}},"56":{"start":{"line":96,"column":2},"end":{"line":104,"column":3}},"57":{"start":{"line":99,"column":4},"end":{"line":101,"column":5}},"58":{"start":{"line":100,"column":6},"end":{"line":100,"column":14}},"59":{"start":{"line":103,"column":4},"end":{"line":103,"column":38}},"60":{"start":{"line":103,"column":22},"end":{"line":103,"column":38}},"61":{"start":{"line":108,"column":0},"end":{"line":108,"column":61}},"62":{"start":{"line":110,"column":0},"end":{"line":110,"column":33}}},"fnMap":{"0":{"name":"AbstractIterator","decl":{"start":{"line":3,"column":9},"end":{"line":3,"column":25}},"loc":{"start":{"line":3,"column":31},"end":{"line":11,"column":1}},"line":3},"1":{"name":"(anonymous_1)","decl":{"start":{"line":13,"column":34},"end":{"line":13,"column":35}},"loc":{"start":{"line":13,"column":54},"end":{"line":46,"column":1}},"line":13},"2":{"name":"(anonymous_2)","decl":{"start":{"line":18,"column":22},"end":{"line":18,"column":23}},"loc":{"start":{"line":18,"column":49},"end":{"line":24,"column":5}},"line":18},"3":{"name":"(anonymous_3)","decl":{"start":{"line":19,"column":17},"end":{"line":19,"column":18}},"loc":{"start":{"line":19,"column":44},"end":{"line":23,"column":7}},"line":19},"4":{"name":"(anonymous_4)","decl":{"start":{"line":40,"column":13},"end":{"line":40,"column":14}},"loc":{"start":{"line":40,"column":31},"end":{"line":43,"column":3}},"line":40},"5":{"name":"(anonymous_5)","decl":{"start":{"line":48,"column":35},"end":{"line":48,"column":36}},"loc":{"start":{"line":48,"column":55},"end":{"line":50,"column":1}},"line":48},"6":{"name":"(anonymous_6)","decl":{"start":{"line":52,"column":34},"end":{"line":52,"column":35}},"loc":{"start":{"line":52,"column":52},"end":{"line":62,"column":1}},"line":52},"7":{"name":"(anonymous_7)","decl":{"start":{"line":64,"column":35},"end":{"line":64,"column":36}},"loc":{"start":{"line":64,"column":53},"end":{"line":64,"column":55}},"line":64},"8":{"name":"(anonymous_8)","decl":{"start":{"line":66,"column":33},"end":{"line":66,"column":34}},"loc":{"start":{"line":66,"column":53},"end":{"line":89,"column":1}},"line":66},"9":{"name":"(anonymous_9)","decl":{"start":{"line":70,"column":26},"end":{"line":70,"column":27}},"loc":{"start":{"line":70,"column":53},"end":{"line":75,"column":5}},"line":70},"10":{"name":"(anonymous_10)","decl":{"start":{"line":71,"column":17},"end":{"line":71,"column":18}},"loc":{"start":{"line":71,"column":32},"end":{"line":74,"column":7}},"line":71},"11":{"name":"(anonymous_11)","decl":{"start":{"line":91,"column":34},"end":{"line":91,"column":35}},"loc":{"start":{"line":91,"column":54},"end":{"line":93,"column":1}},"line":91},"12":{"name":"(anonymous_12)","decl":{"start":{"line":95,"column":51},"end":{"line":95,"column":52}},"loc":{"start":{"line":95,"column":71},"end":{"line":105,"column":1}},"line":95}},"branchMap":{"0":{"loc":{"start":{"line":4,"column":2},"end":{"line":6,"column":3}},"type":"if","locations":[{"start":{"line":4,"column":2},"end":{"line":6,"column":3}},{"start":{"line":4,"column":2},"end":{"line":6,"column":3}}],"line":4},"1":{"loc":{"start":{"line":4,"column":6},"end":{"line":4,"column":43}},"type":"binary-expr","locations":[{"start":{"line":4,"column":6},"end":{"line":4,"column":28}},{"start":{"line":4,"column":32},"end":{"line":4,"column":43}}],"line":4},"2":{"loc":{"start":{"line":17,"column":2},"end":{"line":27,"column":3}},"type":"if","locations":[{"start":{"line":17,"column":2},"end":{"line":27,"column":3}},{"start":{"line":17,"column":2},"end":{"line":27,"column":3}}],"line":17},"3":{"loc":{"start":{"line":20,"column":8},"end":{"line":22,"column":34}},"type":"if","locations":[{"start":{"line":20,"column":8},"end":{"line":22,"column":34}},{"start":{"line":20,"column":8},"end":{"line":22,"column":34}}],"line":20},"4":{"loc":{"start":{"line":21,"column":13},"end":{"line":22,"column":34}},"type":"if","locations":[{"start":{"line":21,"column":13},"end":{"line":22,"column":34}},{"start":{"line":21,"column":13},"end":{"line":22,"column":34}}],"line":21},"5":{"loc":{"start":{"line":21,"column":17},"end":{"line":21,"column":57}},"type":"binary-expr","locations":[{"start":{"line":21,"column":17},"end":{"line":21,"column":34}},{"start":{"line":21,"column":38},"end":{"line":21,"column":57}}],"line":21},"6":{"loc":{"start":{"line":25,"column":9},"end":{"line":27,"column":3}},"type":"if","locations":[{"start":{"line":25,"column":9},"end":{"line":27,"column":3}},{"start":{"line":25,"column":9},"end":{"line":27,"column":3}}],"line":25},"7":{"loc":{"start":{"line":29,"column":2},"end":{"line":32,"column":3}},"type":"if","locations":[{"start":{"line":29,"column":2},"end":{"line":32,"column":3}},{"start":{"line":29,"column":2},"end":{"line":32,"column":3}}],"line":29},"8":{"loc":{"start":{"line":34,"column":2},"end":{"line":37,"column":3}},"type":"if","locations":[{"start":{"line":34,"column":2},"end":{"line":37,"column":3}},{"start":{"line":34,"column":2},"end":{"line":37,"column":3}}],"line":34},"9":{"loc":{"start":{"line":53,"column":2},"end":{"line":55,"column":3}},"type":"if","locations":[{"start":{"line":53,"column":2},"end":{"line":55,"column":3}},{"start":{"line":53,"column":2},"end":{"line":55,"column":3}}],"line":53},"10":{"loc":{"start":{"line":56,"column":2},"end":{"line":58,"column":3}},"type":"if","locations":[{"start":{"line":56,"column":2},"end":{"line":58,"column":3}},{"start":{"line":56,"column":2},"end":{"line":58,"column":3}}],"line":56},"11":{"loc":{"start":{"line":69,"column":2},"end":{"line":78,"column":3}},"type":"if","locations":[{"start":{"line":69,"column":2},"end":{"line":78,"column":3}},{"start":{"line":69,"column":2},"end":{"line":78,"column":3}}],"line":69},"12":{"loc":{"start":{"line":72,"column":8},"end":{"line":73,"column":22}},"type":"if","locations":[{"start":{"line":72,"column":8},"end":{"line":73,"column":22}},{"start":{"line":72,"column":8},"end":{"line":73,"column":22}}],"line":72},"13":{"loc":{"start":{"line":76,"column":9},"end":{"line":78,"column":3}},"type":"if","locations":[{"start":{"line":76,"column":9},"end":{"line":78,"column":3}},{"start":{"line":76,"column":9},"end":{"line":78,"column":3}}],"line":76},"14":{"loc":{"start":{"line":80,"column":2},"end":{"line":83,"column":3}},"type":"if","locations":[{"start":{"line":80,"column":2},"end":{"line":83,"column":3}},{"start":{"line":80,"column":2},"end":{"line":83,"column":3}}],"line":80},"15":{"loc":{"start":{"line":103,"column":4},"end":{"line":103,"column":38}},"type":"if","locations":[{"start":{"line":103,"column":4},"end":{"line":103,"column":38}},{"start":{"line":103,"column":4},"end":{"line":103,"column":38}}],"line":103}},"s":{"0":408,"1":0,"2":408,"3":408,"4":408,"5":2,"6":12658,"7":12658,"8":0,"9":0,"10":0,"11":0,"12":0,"13":0,"14":0,"15":12658,"16":0,"17":12658,"18":0,"19":0,"20":12658,"21":0,"22":0,"23":12658,"24":12658,"25":12658,"26":12658,"27":12658,"28":2,"29":0,"30":2,"31":24,"32":0,"33":24,"34":0,"35":24,"36":24,"37":2,"38":2,"39":360,"40":0,"41":0,"42":0,"43":0,"44":0,"45":360,"46":0,"47":360,"48":0,"49":0,"50":360,"51":360,"52":360,"53":2,"54":234,"55":2,"56":0,"57":0,"58":0,"59":0,"60":0,"61":2,"62":2},"f":{"0":408,"1":12658,"2":0,"3":0,"4":12658,"5":0,"6":24,"7":0,"8":360,"9":0,"10":0,"11":234,"12":0},"b":{"0":[0,408],"1":[408,408],"2":[0,12658],"3":[0,0],"4":[0,0],"5":[0,0],"6":[0,12658],"7":[0,12658],"8":[0,12658],"9":[0,24],"10":[0,24],"11":[0,360],"12":[0,0],"13":[0,360],"14":[0,360],"15":[0,0]},"_coverageSchema":"1a1c01bbd47fc00a2c39e90264f33305004495a9","hash":"63ad9863cf279352cf579b71f467885f6704a355","contentHash":"2208104621832c1ec575c70106419c59ef917ae80526bef3078fc0d5b106bd70"}
,"/data/js-variants/multee/Playground/levelup/node_modules/abstract-leveldown/abstract-leveldown.js": {"path":"/data/js-variants/multee/Playground/levelup/node_modules/abstract-leveldown/abstract-leveldown.js","statementMap":{"0":{"start":{"line":3,"column":17},"end":{"line":3,"column":42}},"1":{"start":{"line":4,"column":17},"end":{"line":4,"column":37}},"2":{"start":{"line":5,"column":17},"end":{"line":5,"column":36}},"3":{"start":{"line":6,"column":25},"end":{"line":6,"column":55}},"4":{"start":{"line":7,"column":29},"end":{"line":7,"column":64}},"5":{"start":{"line":8,"column":20},"end":{"line":8,"column":55}},"6":{"start":{"line":9,"column":19},"end":{"line":9,"column":53}},"7":{"start":{"line":11,"column":23},"end":{"line":11,"column":54}},"8":{"start":{"line":12,"column":21},"end":{"line":12,"column":47}},"9":{"start":{"line":15,"column":2},"end":{"line":15,"column":21}},"10":{"start":{"line":18,"column":2},"end":{"line":20,"column":4}},"11":{"start":{"line":23,"column":0},"end":{"line":46,"column":1}},"12":{"start":{"line":24,"column":20},"end":{"line":24,"column":31}},"13":{"start":{"line":26,"column":2},"end":{"line":26,"column":55}},"14":{"start":{"line":26,"column":37},"end":{"line":26,"column":55}},"15":{"start":{"line":28,"column":2},"end":{"line":30,"column":3}},"16":{"start":{"line":29,"column":4},"end":{"line":29,"column":58}},"17":{"start":{"line":32,"column":2},"end":{"line":32,"column":67}},"18":{"start":{"line":32,"column":55},"end":{"line":32,"column":67}},"19":{"start":{"line":34,"column":2},"end":{"line":34,"column":61}},"20":{"start":{"line":35,"column":2},"end":{"line":35,"column":49}},"21":{"start":{"line":37,"column":2},"end":{"line":37,"column":25}},"22":{"start":{"line":38,"column":2},"end":{"line":45,"column":4}},"23":{"start":{"line":39,"column":4},"end":{"line":42,"column":5}},"24":{"start":{"line":40,"column":6},"end":{"line":40,"column":29}},"25":{"start":{"line":41,"column":6},"end":{"line":41,"column":26}},"26":{"start":{"line":43,"column":4},"end":{"line":43,"column":24}},"27":{"start":{"line":44,"column":4},"end":{"line":44,"column":14}},"28":{"start":{"line":48,"column":0},"end":{"line":50,"column":1}},"29":{"start":{"line":49,"column":2},"end":{"line":49,"column":26}},"30":{"start":{"line":52,"column":0},"end":{"line":68,"column":1}},"31":{"start":{"line":53,"column":20},"end":{"line":53,"column":31}},"32":{"start":{"line":55,"column":2},"end":{"line":57,"column":3}},"33":{"start":{"line":56,"column":4},"end":{"line":56,"column":59}},"34":{"start":{"line":59,"column":2},"end":{"line":59,"column":25}},"35":{"start":{"line":60,"column":2},"end":{"line":67,"column":4}},"36":{"start":{"line":61,"column":4},"end":{"line":64,"column":5}},"37":{"start":{"line":62,"column":6},"end":{"line":62,"column":29}},"38":{"start":{"line":63,"column":6},"end":{"line":63,"column":26}},"39":{"start":{"line":65,"column":4},"end":{"line":65,"column":26}},"40":{"start":{"line":66,"column":4},"end":{"line":66,"column":14}},"41":{"start":{"line":70,"column":0},"end":{"line":72,"column":1}},"42":{"start":{"line":71,"column":2},"end":{"line":71,"column":26}},"43":{"start":{"line":74,"column":0},"end":{"line":91,"column":1}},"44":{"start":{"line":75,"column":2},"end":{"line":75,"column":55}},"45":{"start":{"line":75,"column":37},"end":{"line":75,"column":55}},"46":{"start":{"line":77,"column":2},"end":{"line":79,"column":3}},"47":{"start":{"line":78,"column":4},"end":{"line":78,"column":57}},"48":{"start":{"line":81,"column":14},"end":{"line":81,"column":33}},"49":{"start":{"line":82,"column":2},"end":{"line":82,"column":47}},"50":{"start":{"line":82,"column":11},"end":{"line":82,"column":47}},"51":{"start":{"line":84,"column":2},"end":{"line":84,"column":31}},"52":{"start":{"line":86,"column":2},"end":{"line":86,"column":67}},"53":{"start":{"line":86,"column":55},"end":{"line":86,"column":67}},"54":{"start":{"line":88,"column":2},"end":{"line":88,"column":47}},"55":{"start":{"line":90,"column":2},"end":{"line":90,"column":35}},"56":{"start":{"line":93,"column":0},"end":{"line":95,"column":1}},"57":{"start":{"line":94,"column":2},"end":{"line":94,"column":65}},"58":{"start":{"line":94,"column":31},"end":{"line":94,"column":62}},"59":{"start":{"line":97,"column":0},"end":{"line":136,"column":1}},"60":{"start":{"line":98,"column":2},"end":{"line":98,"column":43}},"61":{"start":{"line":99,"column":2},"end":{"line":99,"column":44}},"62":{"start":{"line":100,"column":2},"end":{"line":100,"column":31}},"63":{"start":{"line":102,"column":2},"end":{"line":104,"column":3}},"64":{"start":{"line":103,"column":4},"end":{"line":103,"column":27}},"65":{"start":{"line":106,"column":2},"end":{"line":109,"column":3}},"66":{"start":{"line":107,"column":4},"end":{"line":107,"column":79}},"67":{"start":{"line":108,"column":4},"end":{"line":108,"column":27}},"68":{"start":{"line":111,"column":2},"end":{"line":114,"column":3}},"69":{"start":{"line":112,"column":4},"end":{"line":112,"column":38}},"70":{"start":{"line":113,"column":4},"end":{"line":113,"column":27}},"71":{"start":{"line":116,"column":2},"end":{"line":118,"column":3}},"72":{"start":{"line":117,"column":4},"end":{"line":117,"column":44}},"73":{"start":{"line":120,"column":21},"end":{"line":120,"column":43}},"74":{"start":{"line":122,"column":2},"end":{"line":132,"column":3}},"75":{"start":{"line":122,"column":15},"end":{"line":122,"column":16}},"76":{"start":{"line":123,"column":16},"end":{"line":123,"column":23}},"77":{"start":{"line":124,"column":16},"end":{"line":124,"column":35}},"78":{"start":{"line":126,"column":4},"end":{"line":129,"column":5}},"79":{"start":{"line":127,"column":6},"end":{"line":127,"column":35}},"80":{"start":{"line":128,"column":6},"end":{"line":128,"column":29}},"81":{"start":{"line":131,"column":4},"end":{"line":131,"column":43}},"82":{"start":{"line":134,"column":2},"end":{"line":134,"column":46}},"83":{"start":{"line":135,"column":2},"end":{"line":135,"column":25}},"84":{"start":{"line":138,"column":0},"end":{"line":140,"column":1}},"85":{"start":{"line":139,"column":2},"end":{"line":139,"column":72}},"86":{"start":{"line":142,"column":0},"end":{"line":158,"column":1}},"87":{"start":{"line":143,"column":2},"end":{"line":143,"column":55}},"88":{"start":{"line":143,"column":37},"end":{"line":143,"column":55}},"89":{"start":{"line":145,"column":2},"end":{"line":147,"column":3}},"90":{"start":{"line":146,"column":4},"end":{"line":146,"column":57}},"91":{"start":{"line":149,"column":14},"end":{"line":149,"column":60}},"92":{"start":{"line":150,"column":2},"end":{"line":150,"column":47}},"93":{"start":{"line":150,"column":11},"end":{"line":150,"column":47}},"94":{"start":{"line":152,"column":2},"end":{"line":152,"column":31}},"95":{"start":{"line":153,"column":2},"end":{"line":153,"column":37}},"96":{"start":{"line":155,"column":2},"end":{"line":155,"column":67}},"97":{"start":{"line":155,"column":55},"end":{"line":155,"column":67}},"98":{"start":{"line":157,"column":2},"end":{"line":157,"column":42}},"99":{"start":{"line":160,"column":0},"end":{"line":162,"column":1}},"100":{"start":{"line":161,"column":2},"end":{"line":161,"column":26}},"101":{"start":{"line":164,"column":0},"end":{"line":179,"column":1}},"102":{"start":{"line":165,"column":2},"end":{"line":165,"column":55}},"103":{"start":{"line":165,"column":37},"end":{"line":165,"column":55}},"104":{"start":{"line":167,"column":2},"end":{"line":169,"column":3}},"105":{"start":{"line":168,"column":4},"end":{"line":168,"column":57}},"106":{"start":{"line":171,"column":14},"end":{"line":171,"column":33}},"107":{"start":{"line":172,"column":2},"end":{"line":172,"column":47}},"108":{"start":{"line":172,"column":11},"end":{"line":172,"column":47}},"109":{"start":{"line":174,"column":2},"end":{"line":174,"column":31}},"110":{"start":{"line":176,"column":2},"end":{"line":176,"column":67}},"111":{"start":{"line":176,"column":55},"end":{"line":176,"column":67}},"112":{"start":{"line":178,"column":2},"end":{"line":178,"column":35}},"113":{"start":{"line":181,"column":0},"end":{"line":183,"column":1}},"114":{"start":{"line":182,"column":2},"end":{"line":182,"column":26}},"115":{"start":{"line":185,"column":0},"end":{"line":235,"column":1}},"116":{"start":{"line":186,"column":2},"end":{"line":186,"column":52}},"117":{"start":{"line":186,"column":25},"end":{"line":186,"column":52}},"118":{"start":{"line":188,"column":2},"end":{"line":188,"column":55}},"119":{"start":{"line":188,"column":37},"end":{"line":188,"column":55}},"120":{"start":{"line":190,"column":2},"end":{"line":190,"column":51}},"121":{"start":{"line":190,"column":35},"end":{"line":190,"column":51}},"122":{"start":{"line":192,"column":2},"end":{"line":194,"column":3}},"123":{"start":{"line":193,"column":4},"end":{"line":193,"column":64}},"124":{"start":{"line":196,"column":2},"end":{"line":198,"column":3}},"125":{"start":{"line":197,"column":4},"end":{"line":197,"column":89}},"126":{"start":{"line":200,"column":2},"end":{"line":202,"column":3}},"127":{"start":{"line":201,"column":4},"end":{"line":201,"column":35}},"128":{"start":{"line":204,"column":2},"end":{"line":204,"column":67}},"129":{"start":{"line":204,"column":55},"end":{"line":204,"column":67}},"130":{"start":{"line":206,"column":21},"end":{"line":206,"column":44}},"131":{"start":{"line":208,"column":2},"end":{"line":232,"column":3}},"132":{"start":{"line":208,"column":15},"end":{"line":208,"column":16}},"133":{"start":{"line":209,"column":4},"end":{"line":211,"column":5}},"134":{"start":{"line":210,"column":6},"end":{"line":210,"column":105}},"135":{"start":{"line":213,"column":14},"end":{"line":213,"column":41}},"136":{"start":{"line":215,"column":4},"end":{"line":217,"column":5}},"137":{"start":{"line":216,"column":6},"end":{"line":216,"column":81}},"138":{"start":{"line":219,"column":16},"end":{"line":219,"column":37}},"139":{"start":{"line":220,"column":4},"end":{"line":220,"column":49}},"140":{"start":{"line":220,"column":13},"end":{"line":220,"column":49}},"141":{"start":{"line":222,"column":4},"end":{"line":222,"column":37}},"142":{"start":{"line":224,"column":4},"end":{"line":229,"column":5}},"143":{"start":{"line":225,"column":23},"end":{"line":225,"column":48}},"144":{"start":{"line":226,"column":6},"end":{"line":226,"column":61}},"145":{"start":{"line":226,"column":20},"end":{"line":226,"column":61}},"146":{"start":{"line":228,"column":6},"end":{"line":228,"column":45}},"147":{"start":{"line":231,"column":4},"end":{"line":231,"column":21}},"148":{"start":{"line":234,"column":2},"end":{"line":234,"column":44}},"149":{"start":{"line":237,"column":0},"end":{"line":239,"column":1}},"150":{"start":{"line":238,"column":2},"end":{"line":238,"column":26}},"151":{"start":{"line":241,"column":0},"end":{"line":253,"column":1}},"152":{"start":{"line":242,"column":2},"end":{"line":246,"column":3}},"153":{"start":{"line":243,"column":4},"end":{"line":243,"column":22}},"154":{"start":{"line":244,"column":9},"end":{"line":246,"column":3}},"155":{"start":{"line":245,"column":4},"end":{"line":245,"column":59}},"156":{"start":{"line":248,"column":2},"end":{"line":248,"column":44}},"157":{"start":{"line":249,"column":2},"end":{"line":249,"column":37}},"158":{"start":{"line":250,"column":2},"end":{"line":250,"column":57}},"159":{"start":{"line":252,"column":2},"end":{"line":252,"column":32}},"160":{"start":{"line":255,"column":0},"end":{"line":284,"column":1}},"161":{"start":{"line":257,"column":2},"end":{"line":257,"column":21}},"162":{"start":{"line":258,"column":2},"end":{"line":258,"column":24}},"163":{"start":{"line":259,"column":2},"end":{"line":259,"column":28}},"164":{"start":{"line":260,"column":2},"end":{"line":260,"column":30}},"165":{"start":{"line":262,"column":19},"end":{"line":262,"column":42}},"166":{"start":{"line":263,"column":23},"end":{"line":263,"column":25}},"167":{"start":{"line":265,"column":15},"end":{"line":281,"column":3}},"168":{"start":{"line":266,"column":4},"end":{"line":270,"column":5}},"169":{"start":{"line":267,"column":6},"end":{"line":269,"column":8}},"170":{"start":{"line":268,"column":8},"end":{"line":268,"column":21}},"171":{"start":{"line":272,"column":4},"end":{"line":280,"column":6}},"172":{"start":{"line":273,"column":6},"end":{"line":273,"column":31}},"173":{"start":{"line":273,"column":15},"end":{"line":273,"column":31}},"174":{"start":{"line":274,"column":6},"end":{"line":274,"column":58}},"175":{"start":{"line":274,"column":29},"end":{"line":274,"column":58}},"176":{"start":{"line":279,"column":6},"end":{"line":279,"column":40}},"177":{"start":{"line":283,"column":2},"end":{"line":283,"column":8}},"178":{"start":{"line":286,"column":0},"end":{"line":297,"column":1}},"179":{"start":{"line":287,"column":2},"end":{"line":287,"column":44}},"180":{"start":{"line":289,"column":2},"end":{"line":289,"column":37}},"181":{"start":{"line":290,"column":2},"end":{"line":290,"column":39}},"182":{"start":{"line":291,"column":2},"end":{"line":291,"column":43}},"183":{"start":{"line":292,"column":2},"end":{"line":292,"column":57}},"184":{"start":{"line":293,"column":2},"end":{"line":293,"column":53}},"185":{"start":{"line":294,"column":2},"end":{"line":294,"column":57}},"186":{"start":{"line":296,"column":2},"end":{"line":296,"column":16}},"187":{"start":{"line":300,"column":17},"end":{"line":300,"column":19}},"188":{"start":{"line":302,"column":2},"end":{"line":318,"column":3}},"189":{"start":{"line":303,"column":4},"end":{"line":303,"column":50}},"190":{"start":{"line":303,"column":42},"end":{"line":303,"column":50}},"191":{"start":{"line":305,"column":4},"end":{"line":307,"column":5}},"192":{"start":{"line":306,"column":6},"end":{"line":306,"column":83}},"193":{"start":{"line":309,"column":14},"end":{"line":309,"column":24}},"194":{"start":{"line":311,"column":4},"end":{"line":315,"column":5}},"195":{"start":{"line":314,"column":6},"end":{"line":314,"column":33}},"196":{"start":{"line":317,"column":4},"end":{"line":317,"column":19}},"197":{"start":{"line":320,"column":2},"end":{"line":320,"column":15}},"198":{"start":{"line":324,"column":2},"end":{"line":324,"column":39}},"199":{"start":{"line":327,"column":0},"end":{"line":331,"column":1}},"200":{"start":{"line":328,"column":2},"end":{"line":328,"column":67}},"201":{"start":{"line":328,"column":55},"end":{"line":328,"column":67}},"202":{"start":{"line":329,"column":2},"end":{"line":329,"column":47}},"203":{"start":{"line":330,"column":2},"end":{"line":330,"column":32}},"204":{"start":{"line":333,"column":0},"end":{"line":335,"column":1}},"205":{"start":{"line":334,"column":2},"end":{"line":334,"column":35}},"206":{"start":{"line":337,"column":0},"end":{"line":339,"column":1}},"207":{"start":{"line":338,"column":2},"end":{"line":338,"column":39}},"208":{"start":{"line":341,"column":0},"end":{"line":343,"column":1}},"209":{"start":{"line":342,"column":2},"end":{"line":342,"column":12}},"210":{"start":{"line":345,"column":0},"end":{"line":347,"column":1}},"211":{"start":{"line":346,"column":2},"end":{"line":346,"column":14}},"212":{"start":{"line":349,"column":0},"end":{"line":359,"column":1}},"213":{"start":{"line":350,"column":2},"end":{"line":358,"column":3}},"214":{"start":{"line":351,"column":4},"end":{"line":351,"column":59}},"215":{"start":{"line":352,"column":9},"end":{"line":358,"column":3}},"216":{"start":{"line":353,"column":4},"end":{"line":353,"column":53}},"217":{"start":{"line":354,"column":9},"end":{"line":358,"column":3}},"218":{"start":{"line":355,"column":4},"end":{"line":355,"column":53}},"219":{"start":{"line":356,"column":9},"end":{"line":358,"column":3}},"220":{"start":{"line":357,"column":4},"end":{"line":357,"column":52}},"221":{"start":{"line":361,"column":0},"end":{"line":365,"column":1}},"222":{"start":{"line":362,"column":2},"end":{"line":364,"column":3}},"223":{"start":{"line":363,"column":4},"end":{"line":363,"column":61}},"224":{"start":{"line":368,"column":0},"end":{"line":370,"column":1}},"225":{"start":{"line":369,"column":2},"end":{"line":369,"column":56}},"226":{"start":{"line":373,"column":0},"end":{"line":375,"column":1}},"227":{"start":{"line":374,"column":2},"end":{"line":374,"column":14}},"228":{"start":{"line":380,"column":0},"end":{"line":380,"column":62}},"229":{"start":{"line":382,"column":0},"end":{"line":382,"column":34}},"230":{"start":{"line":385,"column":2},"end":{"line":388,"column":3}},"231":{"start":{"line":386,"column":4},"end":{"line":386,"column":61}},"232":{"start":{"line":387,"column":4},"end":{"line":387,"column":15}},"233":{"start":{"line":390,"column":2},"end":{"line":390,"column":14}}},"fnMap":{"0":{"name":"AbstractLevelDOWN","decl":{"start":{"line":14,"column":9},"end":{"line":14,"column":26}},"loc":{"start":{"line":14,"column":38},"end":{"line":21,"column":1}},"line":14},"1":{"name":"(anonymous_1)","decl":{"start":{"line":23,"column":35},"end":{"line":23,"column":36}},"loc":{"start":{"line":23,"column":64},"end":{"line":46,"column":1}},"line":23},"2":{"name":"(anonymous_2)","decl":{"start":{"line":38,"column":22},"end":{"line":38,"column":23}},"loc":{"start":{"line":38,"column":31},"end":{"line":45,"column":3}},"line":38},"3":{"name":"(anonymous_3)","decl":{"start":{"line":48,"column":36},"end":{"line":48,"column":37}},"loc":{"start":{"line":48,"column":65},"end":{"line":50,"column":1}},"line":48},"4":{"name":"(anonymous_4)","decl":{"start":{"line":52,"column":36},"end":{"line":52,"column":37}},"loc":{"start":{"line":52,"column":56},"end":{"line":68,"column":1}},"line":52},"5":{"name":"(anonymous_5)","decl":{"start":{"line":60,"column":14},"end":{"line":60,"column":15}},"loc":{"start":{"line":60,"column":23},"end":{"line":67,"column":3}},"line":60},"6":{"name":"(anonymous_6)","decl":{"start":{"line":70,"column":37},"end":{"line":70,"column":38}},"loc":{"start":{"line":70,"column":57},"end":{"line":72,"column":1}},"line":70},"7":{"name":"(anonymous_7)","decl":{"start":{"line":74,"column":34},"end":{"line":74,"column":35}},"loc":{"start":{"line":74,"column":68},"end":{"line":91,"column":1}},"line":74},"8":{"name":"(anonymous_8)","decl":{"start":{"line":93,"column":35},"end":{"line":93,"column":36}},"loc":{"start":{"line":93,"column":69},"end":{"line":95,"column":1}},"line":93},"9":{"name":"(anonymous_9)","decl":{"start":{"line":94,"column":17},"end":{"line":94,"column":18}},"loc":{"start":{"line":94,"column":29},"end":{"line":94,"column":64}},"line":94},"10":{"name":"(anonymous_10)","decl":{"start":{"line":97,"column":38},"end":{"line":97,"column":39}},"loc":{"start":{"line":97,"column":73},"end":{"line":136,"column":1}},"line":97},"11":{"name":"(anonymous_11)","decl":{"start":{"line":138,"column":39},"end":{"line":138,"column":40}},"loc":{"start":{"line":138,"column":74},"end":{"line":140,"column":1}},"line":138},"12":{"name":"(anonymous_12)","decl":{"start":{"line":142,"column":34},"end":{"line":142,"column":35}},"loc":{"start":{"line":142,"column":75},"end":{"line":158,"column":1}},"line":142},"13":{"name":"(anonymous_13)","decl":{"start":{"line":160,"column":35},"end":{"line":160,"column":36}},"loc":{"start":{"line":160,"column":76},"end":{"line":162,"column":1}},"line":160},"14":{"name":"(anonymous_14)","decl":{"start":{"line":164,"column":34},"end":{"line":164,"column":35}},"loc":{"start":{"line":164,"column":68},"end":{"line":179,"column":1}},"line":164},"15":{"name":"(anonymous_15)","decl":{"start":{"line":181,"column":35},"end":{"line":181,"column":36}},"loc":{"start":{"line":181,"column":69},"end":{"line":183,"column":1}},"line":181},"16":{"name":"(anonymous_16)","decl":{"start":{"line":185,"column":36},"end":{"line":185,"column":37}},"loc":{"start":{"line":185,"column":72},"end":{"line":235,"column":1}},"line":185},"17":{"name":"(anonymous_17)","decl":{"start":{"line":237,"column":37},"end":{"line":237,"column":38}},"loc":{"start":{"line":237,"column":73},"end":{"line":239,"column":1}},"line":237},"18":{"name":"(anonymous_18)","decl":{"start":{"line":241,"column":36},"end":{"line":241,"column":37}},"loc":{"start":{"line":241,"column":65},"end":{"line":253,"column":1}},"line":241},"19":{"name":"(anonymous_19)","decl":{"start":{"line":255,"column":37},"end":{"line":255,"column":38}},"loc":{"start":{"line":255,"column":66},"end":{"line":284,"column":1}},"line":255},"20":{"name":"(anonymous_20)","decl":{"start":{"line":265,"column":15},"end":{"l
[...]
line":71,"column":2},"end":{"line":71,"column":134}}],"line":71},"7":{"loc":{"start":{"line":71,"column":6},"end":{"line":71,"column":88}},"type":"binary-expr","locations":[{"start":{"line":71,"column":6},"end":{"line":71,"column":30}},{"start":{"line":71,"column":35},"end":{"line":71,"column":67}},{"start":{"line":71,"column":71},"end":{"line":71,"column":87}}],"line":71},"8":{"loc":{"start":{"line":72,"column":9},"end":{"line":72,"column":20}},"type":"binary-expr","locations":[{"start":{"line":72,"column":9},"end":{"line":72,"column":13}},{"start":{"line":72,"column":17},"end":{"line":72,"column":20}}],"line":72},"9":{"loc":{"start":{"line":82,"column":2},"end":{"line":101,"column":3}},"type":"switch","locations":[{"start":{"line":83,"column":4},"end":{"line":87,"column":12}},{"start":{"line":88,"column":4},"end":{"line":91,"column":12}},{"start":{"line":92,"column":4},"end":{"line":96,"column":12}},{"start":{"line":97,"column":4},"end":{"line":100,"column":13}}],"line":82},"10":{"loc":{"start":{"line":108,"column":2},"end":{"line":108,"column":34}},"type":"if","locations":[{"start":{"line":108,"column":2},"end":{"line":108,"column":34}},{"start":{"line":108,"column":2},"end":{"line":108,"column":34}}],"line":108},"11":{"loc":{"start":{"line":111,"column":2},"end":{"line":118,"column":3}},"type":"if","locations":[{"start":{"line":111,"column":2},"end":{"line":118,"column":3}},{"start":{"line":111,"column":2},"end":{"line":118,"column":3}}],"line":111},"12":{"loc":{"start":{"line":113,"column":4},"end":{"line":113,"column":35}},"type":"if","locations":[{"start":{"line":113,"column":4},"end":{"line":113,"column":35}},{"start":{"line":113,"column":4},"end":{"line":113,"column":35}}],"line":113},"13":{"loc":{"start":{"line":119,"column":2},"end":{"line":119,"column":75}},"type":"if","locations":[{"start":{"line":119,"column":2},"end":{"line":119,"column":75}},{"start":{"line":119,"column":2},"end":{"line":119,"column":75}}],"line":119},"14":{"loc":{"start":{"line":119,"column":29},"end":{"line":119,"column":74}},"type":"cond-expr","locations":[{"start":{"line":119,"column":33},"end":{"line":119,"column":54}},{"start":{"line":119,"column":57},"end":{"line":119,"column":74}}],"line":119},"15":{"loc":{"start":{"line":120,"column":9},"end":{"line":120,"column":16}},"type":"binary-expr","locations":[{"start":{"line":120,"column":9},"end":{"line":120,"column":10}},{"start":{"line":120,"column":14},"end":{"line":120,"column":16}}],"line":120},"16":{"loc":{"start":{"line":130,"column":2},"end":{"line":133,"column":3}},"type":"if","locations":[{"start":{"line":130,"column":2},"end":{"line":133,"column":3}},{"start":{"line":130,"column":2},"end":{"line":133,"column":3}}],"line":130},"17":{"loc":{"start":{"line":141,"column":2},"end":{"line":141,"column":143}},"type":"if","locations":[{"start":{"line":141,"column":2},"end":{"line":141,"column":143}},{"start":{"line":141,"column":2},"end":{"line":141,"column":143}}],"line":141},"18":{"loc":{"start":{"line":141,"column":34},"end":{"line":141,"column":143}},"type":"if","locations":[{"start":{"line":141,"column":34},"end":{"line":141,"column":143}},{"start":{"line":141,"column":34},"end":{"line":141,"column":143}}],"line":141},"19":{"loc":{"start":{"line":141,"column":72},"end":{"line":141,"column":143}},"type":"if","locations":[{"start":{"line":141,"column":72},"end":{"line":141,"column":143}},{"start":{"line":141,"column":72},"end":{"line":141,"column":143}}],"line":141},"20":{"loc":{"start":{"line":141,"column":110},"end":{"line":141,"column":143}},"type":"if","locations":[{"start":{"line":141,"column":110},"end":{"line":141,"column":143}},{"start":{"line":141,"column":110},"end":{"line":141,"column":143}}],"line":141},"21":{"loc":{"start":{"line":142,"column":9},"end":{"line":142,"column":37}},"type":"cond-expr","locations":[{"start":{"line":142,"column":30},"end":{"line":142,"column":32}},{"start":{"line":142,"column":35},"end":{"line":142,"column":37}}],"line":142},"22":{"loc":{"start":{"line":150,"column":2},"end":{"line":150,"column":22}},"type":"if","locations":[{"start":{"line":150,"column":2},"end":{"line":150,"column":22}},{"start":{"line":150,"column":2},"end":{"line":150,"column":22}}],"line":150},"23":{"loc":{"start":{"line":152,"column":2},"end":{"line":155,"column":3}},"type":"if","locations":[{"start":{"line":152,"column":2},"end":{"line":155,"column":3}},{"start":{"line":152,"column":2},"end":{"line":155,"column":3}}],"line":152},"24":{"loc":{"start":{"line":153,"column":4},"end":{"line":153,"column":39}},"type":"if","locations":[{"start":{"line":153,"column":4},"end":{"line":153,"column":39}},{"start":{"line":153,"column":4},"end":{"line":153,"column":39}}],"line":153},"25":{"loc":{"start":{"line":156,"column":2},"end":{"line":156,"column":37}},"type":"if","locations":[{"start":{"line":156,"column":2},"end":{"line":156,"column":37}},{"start":{"line":156,"column":2},"end":{"line":156,"column":37}}],"line":156},"26":{"loc":{"start":{"line":156,"column":6},"end":{"line":156,"column":26}},"type":"binary-expr","locations":[{"start":{"line":156,"column":6},"end":{"line":156,"column":13}},{"start":{"line":156,"column":17},"end":{"line":156,"column":26}}],"line":156},"27":{"loc":{"start":{"line":158,"column":2},"end":{"line":161,"column":3}},"type":"if","locations":[{"start":{"line":158,"column":2},"end":{"line":161,"column":3}},{"start":{"line":158,"column":2},"end":{"line":161,"column":3}}],"line":158},"28":{"loc":{"start":{"line":159,"column":4},"end":{"line":159,"column":39}},"type":"if","locations":[{"start":{"line":159,"column":4},"end":{"line":159,"column":39}},{"start":{"line":159,"column":4},"end":{"line":159,"column":39}}],"line":159},"29":{"loc":{"start":{"line":162,"column":2},"end":{"line":162,"column":37}},"type":"if","locations":[{"start":{"line":162,"column":2},"end":{"line":162,"column":37}},{"start":{"line":162,"column":2},"end":{"line":162,"column":37}}],"line":162},"30":{"loc":{"start":{"line":162,"column":6},"end":{"line":162,"column":26}},"type":"binary-expr","locations":[{"start":{"line":162,"column":6},"end":{"line":162,"column":13}},{"start":{"line":162,"column":17},"end":{"line":162,"column":26}}],"line":162},"31":{"loc":{"start":{"line":164,"column":2},"end":{"line":169,"column":3}},"type":"if","locations":[{"start":{"line":164,"column":2},"end":{"line":169,"column":3}},{"start":{"line":164,"column":2},"end":{"line":169,"column":3}}],"line":164},"32":{"loc":{"start":{"line":165,"column":4},"end":{"line":167,"column":5}},"type":"if","locations":[{"start":{"line":165,"column":4},"end":{"line":167,"column":5}},{"start":{"line":165,"column":4},"end":{"line":167,"column":5}}],"line":165},"33":{"loc":{"start":{"line":166,"column":6},"end":{"line":166,"column":55}},"type":"if","locations":[{"start":{"line":166,"column":6},"end":{"line":166,"column":55}},{"start":{"line":166,"column":6},"end":{"line":166,"column":55}}],"line":166},"34":{"loc":{"start":{"line":182,"column":2},"end":{"line":185,"column":3}},"type":"if","locations":[{"start":{"line":182,"column":2},"end":{"line":185,"column":3}},{"start":{"line":182,"column":2},"end":{"line":185,"column":3}}],"line":182},"35":{"loc":{"start":{"line":186,"column":2},"end":{"line":197,"column":3}},"type":"if","locations":[{"start":{"line":186,"column":2},"end":{"line":197,"column":3}},{"start":{"line":186,"column":2},"end":{"line":197,"column":3}}],"line":186},"36":{"loc":{"start":{"line":186,"column":6},"end":{"line":186,"column":41}},"type":"binary-expr","locations":[{"start":{"line":186,"column":6},"end":{"line":186,"column":23}},{"start":{"line":186,"column":27},"end":{"line":186,"column":41}}],"line":186},"37":{"loc":{"start":{"line":187,"column":4},"end":{"line":190,"column":5}},"type":"if","locations":[{"start":{"line":187,"column":4},"end":{"line":190,"column":5}},{"start":{"line":187,"column":4},"end":{"line":190,"column":5}}],"line":187},"38":{"loc":{"start":{"line":191,"column":4},"end":{"line":196,"column":5}},"type":"if","locations":[{"start":{"line":191,"column":4},"end":{"line":196,"column":5}},{"start":{"line":191,"column":4},"end":{"line":196,"column":5}}],"line":191},"39":{"loc":{"start":{"line":191,"column":8},"end":{"line":191,"column":43}},"type":"binary-expr","locations":[{"start":{"line":191,"column":8},"end":{"line":191,"column":25}},{"start":{"line":191,"column":29},"end":{"line":191,"column":43}}],"line":191},"40":{"loc":{"start":{"line":192,"column":6},"end":{"line":195,"column":7}},"type":"if","locations":[{"start":{"line":192,"column":6},"end":{"line":195,"column":7}},{"start":{"line":192,"column":6},"end":{"line":195,"column":7}}],"line":192},"41":{"loc":{"start":{"line":204,"column":2},"end":{"line":204,"column":32}},"type":"if","locations":[{"start":{"line":204,"column":2},"end":{"line":204,"column":32}},{"start":{"line":204,"column":2},"end":{"line":204,"column":32}}],"line":204},"42":{"loc":{"start":{"line":205,"column":2},"end":{"line":208,"column":3}},"type":"if","locations":[{"start":{"line":205,"column":2},"end":{"line":208,"column":3}},{"start":{"line":205,"column":2},"end":{"line":208,"column":3}}],"line":205},"43":{"loc":{"start":{"line":218,"column":2},"end":{"line":218,"column":53}},"type":"if","locations":[{"start":{"line":218,"column":2},"end":{"line":218,"column":53}},{"start":{"line":218,"column":2},"end":{"line":218,"column":53}}],"line":218},"44":{"loc":{"start":{"line":228,"column":10},"end":{"line":228,"column":50}},"type":"cond-expr","locations":[{"start":{"line":228,"column":30},"end":{"line":228,"column":45}},{"start":{"line":228,"column":48},"end":{"line":228,"column":50}}],"line":228},"45":{"loc":{"start":{"line":228,"column":10},"end":{"line":228,"column":27}},"type":"binary-expr","locations":[{"start":{"line":228,"column":10},"end":{"line":228,"column":13}},{"start":{"line":228,"column":17},"end":{"line":228,"column":27}}],"line":228},"46":{"loc":{"start":{"line":229,"column":2},"end":{"line":229,"column":41}},"type":"if","locations":[{"start":{"line":229,"column":2},"end":{"line":229,"column":41}},{"start":{"line":229,"column":2},"end":{"line":229,"column":41}}],"line":229},"47":{"loc":{"start":{"line":238,"column":2},"end":{"line":251,"column":3}},"type":"if","locations":[{"start":{"line":238,"column":2},"end":{"line":251,"column":3}},{"start":{"line":238,"column":2},"end":{"line":251,"column":3}}],"line":238},"48":{"loc":{"start":{"line":240,"column":4},"end":{"line":249,"column":5}},"type":"if","locations":[{"start":{"line":240,"column":4},"end":{"line":249,"column":5}},{"start":{"line":240,"column":4},"end":{"line":249,"column":5}}],"line":240},"49":{"loc":{"start":{"line":242,"column":6},"end":{"line":248,"column":7}},"type":"if","locations":[{"start":{"line":242,"column":6},"end":{"line":248,"column":7}},{"start":{"line":242,"column":6},"end":{"line":248,"column":7}}],"line":242},"50":{"loc":{"start":{"line":242,"column":10},"end":{"line":242,"column":36}},"type":"binary-expr","locations":[{"start":{"line":242,"column":10},"end":{"line":242,"column":21}},{"start":{"line":242,"column":25},"end":{"line":242,"column":36}}],"line":242},"51":{"loc":{"start":{"line":261,"column":10},"end":{"line":261,"column":50}},"type":"cond-expr","locations":[{"start":{"line":261,"column":30},"end":{"line":261,"column":45}},{"start":{"line":261,"column":48},"end":{"line":261,"column":50}}],"line":261},"52":{"loc":{"start":{"line":261,"column":10},"end":{"line":261,"column":27}},"type":"binary-expr","locations":[{"start":{"line":261,"column":10},"end":{"line":261,"column":13}},{"start":{"line":261,"column":17},"end":{"line":261,"column":27}}],"line":261},"53":{"loc":{"start":{"line":262,"column":2},"end":{"line":265,"column":3}},"type":"if","locations":[{"start":{"line":262,"column":2},"end":{"line":265,"column":3}},{"start":{"line":262,"column":2},"end":{"line":265,"column":3}}],"line":262},"54":{"loc":{"start":{"line":271,"column":2},"end":{"line":271,"column":48}},"type":"if","locations":[{"start":{"line":271,"column":2},"end":{"line":271,"column":48}},{"start":{"line":271,"column":2},"end":{"line":271,"column":48}}],"line":271},"55":{"loc":{"start":{"line":274,"column":2},"end":{"line":279,"column":3}},"type":"if","locations":[{"start":{"line":274,"column":2},"end":{"line":279,"column":3}},{"start":{"line":274,"column":2},"end":{"line":279,"column":3}}],"line":274},"56":{"loc":{"start":{"line":284,"column":10},"end":{"line":284,"column":50}},"type":"cond-expr","locations":[{"start":{"line":284,"column":30},"end":{"line":284,"column":45}},{"start":{"line":284,"column":48},"end":{"line":284,"column":50}}],"line":284},"57":{"loc":{"start":{"line":284,"column":10},"end":{"line":284,"column":27}},"type":"binary-expr","locations":[{"start":{"line":284,"column":10},"end":{"line":284,"column":13}},{"start":{"line":284,"column":17},"end":{"line":284,"column":27}}],"line":284},"58":{"loc":{"start":{"line":285,"column":2},"end":{"line":285,"column":87}},"type":"if","locations":[{"start":{"line":285,"column":2},"end":{"line":285,"column":87}},{"start":{"line":285,"column":2},"end":{"line":285,"column":87}}],"line":285},"59":{"loc":{"start":{"line":295,"column":9},"end":{"line":295,"column":49}},"type":"cond-expr","locations":[{"start":{"line":295,"column":29},"end":{"line":295,"column":44}},{"start":{"line":295,"column":47},"end":{"line":295,"column":49}}],"line":295},"60":{"loc":{"start":{"line":295,"column":9},"end":{"line":295,"column":26}},"type":"binary-expr","locations":[{"start":{"line":295,"column":9},"end":{"line":295,"column":12}},{"start":{"line":295,"column":16},"end":{"line":295,"column":26}}],"line":295}},"s":{"0":0,"1":0,"2":0,"3":0,"4":0,"5":0,"6":0,"7":0,"8":0,"9":0,"10":0,"11":0,"12":0,"13":0,"14":0,"15":0,"16":0,"17":0,"18":0,"19":0,"20":0,"21":0,"22":0,"23":0,"24":0,"25":0,"26":0,"27":0,"28":0,"29":0,"30":0,"31":0,"32":0,"33":0,"34":0,"35":0,"36":0,"37":0,"38":0,"39":0,"40":0,"41":0,"42":0,"43":0,"44":0,"45":0,"46":0,"47":0,"48":0,"49":0,"50":0,"51":0,"52":0,"53":0,"54":0,"55":0,"56":0,"57":0,"58":0,"59":0,"60":0,"61":0,"62":0,"63":0,"64":0,"65":0,"66":0,"67":0,"68":0,"69":0,"70":0,"71":0,"72":0,"73":0,"74":0,"75":0,"76":0,"77":0,"78":0,"79":0,"80":0,"81":0,"82":0,"83":0,"84":0,"85":0,"86":0,"87":0,"88":0,"89":0,"90":0,"91":0,"92":0,"93":0,"94":0,"95":0,"96":0,"97":0,"98":0,"99":0,"100":0,"101":0,"102":0,"103":0,"104":0,"105":0,"106":0,"107":0,"108":0,"109":0,"110":0,"111":0,"112":0,"113":0,"114":0,"115":0,"116":0,"117":0,"118":0,"119":0,"120":0,"121":0,"122":0,"123":0,"124":0,"125":0,"126":0,"127":0,"128":0,"129":0,"130":0,"131":0,"132":0,"133":0,"134":0,"135":0,"136":0,"137":0,"138":0,"139":0,"140":0,"141":0,"142":0,"143":0,"144":0,"145":0,"146":0,"147":0,"148":0,"149":0,"150":0,"151":0,"152":0,"153":0,"154":0,"155":0,"156":0,"157":0,"158":0,"159":0,"160":0,"161":0,"162":0,"163":0},"f":{"0":0,"1":0,"2":0,"3":0,"4":0,"5":0,"6":0,"7":0,"8":0,"9":0,"10":0,"11":0,"12":0,"13":0,"14":0,"15":0,"16":0,"17":0},"b":{"0":[0,0],"1":[0,0,0,0,0,0,0,0,0,0,0,0],"2":[0,0],"3":[0,0],"4":[0,0,0,0,0,0,0,0,0,0,0,0],"5":[0,0],"6":[0,0],"7":[0,0,0],"8":[0,0],"9":[0,0,0,0],"10":[0,0],"11":[0,0],"12":[0,0],"13":[0,0],"14":[0,0],"15":[0,0],"16":[0,0],"17":[0,0],"18":[0,0],"19":[0,0],"20":[0,0],"21":[0,0],"22":[0,0],"23":[0,0],"24":[0,0],"25":[0,0],"26":[0,0],"27":[0,0],"28":[0,0],"29":[0,0],"30":[0,0],"31":[0,0],"32":[0,0],"33":[0,0],"34":[0,0],"35":[0,0],"36":[0,0],"37":[0,0],"38":[0,0],"39":[0,0],"40":[0,0],"41":[0,0],"42":[0,0],"43":[0,0],"44":[0,0],"45":[0,0],"46":[0,0],"47":[0,0],"48":[0,0],"49":[0,0],"50":[0,0],"51":[0,0],"52":[0,0],"53":[0,0],"54":[0,0],"55":[0,0],"56":[0,0],"57":[0,0],"58":[0,0],"59":[0,0],"60":[0,0]},"all":true}
,"/data/js-variants/multee/Playground/levelup/node_modules/util-deprecate/browser.js": {"path":"/data/js-variants/multee/Playground/levelup/node_modules/util-deprecate/browser.js","statementMap":{"0":{"start":{"line":6,"column":0},"end":{"line":6,"column":27}},"1":{"start":{"line":27,"column":2},"end":{"line":29,"column":3}},"2":{"start":{"line":28,"column":4},"end":{"line":28,"column":14}},"3":{"start":{"line":31,"column":15},"end":{"line":31,"column":20}},"4":{"start":{"line":33,"column":4},"end":{"line":42,"column":5}},"5":{"start":{"line":34,"column":6},"end":{"line":40,"column":7}},"6":{"start":{"line":35,"column":8},"end":{"line":35,"column":29}},"7":{"start":{"line":36,"column":13},"end":{"line":40,"column":7}},"8":{"start":{"line":37,"column":8},"end":{"line":37,"column":27}},"9":{"start":{"line":39,"column":8},"end":{"line":39,"column":26}},"10":{"start":{"line":41,"column":6},"end":{"line":41,"column":20}},"11":{"start":{"line":43,"column":4},"end":{"line":43,"column":37}},"12":{"start":{"line":46,"column":2},"end":{"line":46,"column":20}},"13":{"start":{"line":59,"column":2},"end":{"line":63,"column":3}},"14":{"start":{"line":60,"column":4},"end":{"line":60,"column":43}},"15":{"start":{"line":60,"column":30},"end":{"line":60,"column":43}},"16":{"start":{"line":62,"column":4},"end":{"line":62,"column":17}},"17":{"start":{"line":64,"column":12},"end":{"line":64,"column":37}},"18":{"start":{"line":65,"column":2},"end":{"line":65,"column":32}},"19":{"start":{"line":65,"column":19},"end":{"line":65,"column":32}},"20":{"start":{"line":66,"column":2},"end":{"line":66,"column":46}}},"fnMap":{"0":{"name":"deprecate","decl":{"start":{"line":26,"column":9},"end":{"line":26,"column":18}},"loc":{"start":{"line":26,"column":29},"end":{"line":47,"column":1}},"line":26},"1":{"name":"deprecated","decl":{"start":{"line":32,"column":11},"end":{"line":32,"column":21}},"loc":{"start":{"line":32,"column":24},"end":{"line":44,"column":3}},"line":32},"2":{"name":"config","decl":{"start":{"line":57,"column":9},"end":{"line":57,"column":15}},"loc":{"start":{"line":57,"column":23},"end":{"line":67,"column":1}},"line":57}},"branchMap":{"0":{"loc":{"start":{"line":27,"column":2},"end":{"line":29,"column":3}},"type":"if","locations":[{"start":{"line":27,"column":2},"end":{"line":29,"column":3}},{"start":{"line":27,"column":2},"end":{"line":29,"column":3}}],"line":27},"1":{"loc":{"start":{"line":33,"column":4},"end":{"line":42,"column":5}},"type":"if","locations":[{"start":{"line":33,"column":4},"end":{"line":42,"column":5}},{"start":{"line":33,"column":4},"end":{"line":42,"column":5}}],"line":33},"2":{"loc":{"start":{"line":34,"column":6},"end":{"line":40,"column":7}},"type":"if","locations":[{"start":{"line":34,"column":6},"end":{"line":40,"column":7}},{"start":{"line":34,"column":6},"end":{"line":40,"column":7}}],"line":34},"3":{"loc":{"start":{"line":36,"column":13},"end":{"line":40,"column":7}},"type":"if","locations":[{"start":{"line":36,"column":13},"end":{"line":40,"column":7}},{"start":{"line":36,"column":13},"end":{"line":40,"column":7}}],"line":36},"4":{"loc":{"start":{"line":60,"column":4},"end":{"line":60,"column":43}},"type":"if","locations":[{"start":{"line":60,"column":4},"end":{"line":60,"column":43}},{"start":{"line":60,"column":4},"end":{"line":60,"column":43}}],"line":60},"5":{"loc":{"start":{"line":65,"column":2},"end":{"line":65,"column":32}},"type":"if","locations":[{"start":{"line":65,"column":2},"end":{"line":65,"column":32}},{"start":{"line":65,"column":2},"end":{"line":65,"column":32}}],"line":65}},"s":{"0":0,"1":0,"2":0,"3":0,"4":0,"5":0,"6":0,"7":0,"8":0,"9":0,"10":0,"11":0,"12":0,"13":0,"14":0,"15":0,"16":0,"17":0,"18":0,"19":0,"20":0},"f":{"0":0,"1":0,"2":0},"b":{"0":[0,0],"1":[0,0],"2":[0,0],"3":[0,0],"4":[0,0],"5":[0,0]},"all":true}
,"/data/js-variants/multee/Playground/levelup/node_modules/util-deprecate/node.js": {"path":"/data/js-variants/multee/Playground/levelup/node_modules/util-deprecate/node.js","statementMap":{"0":{"start":{"line":6,"column":0},"end":{"line":6,"column":43}}},"fnMap":{},"branchMap":{},"s":{"0":3},"f":{},"b":{},"_coverageSchema":"1a1c01bbd47fc00a2c39e90264f33305004495a9","hash":"6abcd22932151e42478a057e6fc0d39f2d9d6d92","contentHash":"65bf0f7b26223d9163db6ceb2330750252378b2b9bb9e236084310e8fec6fe3d"}
}
