{"/data/js-variants/multee/Playground/finalhandler/index.js": {"path":"/data/js-variants/multee/Playground/finalhandler/index.js","statementMap":{"0":{"start":{"line":14,"column":12},"end":{"line":14,"column":44}},"1":{"start":{"line":15,"column":16},"end":{"line":15,"column":36}},"2":{"start":{"line":16,"column":17},"end":{"line":16,"column":39}},"3":{"start":{"line":17,"column":17},"end":{"line":17,"column":39}},"4":{"start":{"line":18,"column":15},"end":{"line":18,"column":34}},"5":{"start":{"line":19,"column":15},"end":{"line":19,"column":34}},"6":{"start":{"line":20,"column":13},"end":{"line":20,"column":30}},"7":{"start":{"line":27,"column":26},"end":{"line":27,"column":36}},"8":{"start":{"line":28,"column":21},"end":{"line":28,"column":26}},"9":{"start":{"line":34,"column":17},"end":{"line":34,"column":38}},"10":{"start":{"line":44,"column":13},"end":{"line":46,"column":44}},"11":{"start":{"line":48,"column":2},"end":{"line":57,"column":15}},"12":{"start":{"line":65,"column":0},"end":{"line":65,"column":29}},"13":{"start":{"line":78,"column":13},"end":{"line":78,"column":26}},"14":{"start":{"line":81,"column":12},"end":{"line":81,"column":61}},"15":{"start":{"line":84,"column":16},"end":{"line":84,"column":28}},"16":{"start":{"line":86,"column":2},"end":{"line":134,"column":3}},"17":{"start":{"line":92,"column":4},"end":{"line":95,"column":5}},"18":{"start":{"line":93,"column":6},"end":{"line":93,"column":44}},"19":{"start":{"line":94,"column":6},"end":{"line":94,"column":12}},"20":{"start":{"line":98,"column":4},"end":{"line":116,"column":5}},"21":{"start":{"line":100,"column":6},"end":{"line":100,"column":38}},"22":{"start":{"line":102,"column":6},"end":{"line":108,"column":7}},"23":{"start":{"line":104,"column":8},"end":{"line":104,"column":43}},"24":{"start":{"line":107,"column":8},"end":{"line":107,"column":38}},"25":{"start":{"line":111,"column":6},"end":{"line":111,"column":45}},"26":{"start":{"line":114,"column":6},"end":{"line":114,"column":18}},"27":{"start":{"line":115,"column":6},"end":{"line":115,"column":74}},"28":{"start":{"line":118,"column":4},"end":{"line":118,"column":31}},"29":{"start":{"line":121,"column":4},"end":{"line":123,"column":5}},"30":{"start":{"line":122,"column":6},"end":{"line":122,"column":35}},"31":{"start":{"line":126,"column":4},"end":{"line":130,"column":5}},"32":{"start":{"line":127,"column":6},"end":{"line":127,"column":51}},"33":{"start":{"line":128,"column":6},"end":{"line":128,"column":26}},"34":{"start":{"line":129,"column":6},"end":{"line":129,"column":12}},"35":{"start":{"line":133,"column":4},"end":{"line":133,"column":40}},"36":{"start":{"line":146,"column":2},"end":{"line":148,"column":3}},"37":{"start":{"line":147,"column":4},"end":{"line":147,"column":20}},"38":{"start":{"line":150,"column":16},"end":{"line":150,"column":35}},"39":{"start":{"line":151,"column":13},"end":{"line":151,"column":37}},"40":{"start":{"line":153,"column":2},"end":{"line":156,"column":3}},"41":{"start":{"line":153,"column":15},"end":{"line":153,"column":16}},"42":{"start":{"line":154,"column":14},"end":{"line":154,"column":21}},"43":{"start":{"line":155,"column":4},"end":{"line":155,"column":35}},"44":{"start":{"line":158,"column":2},"end":{"line":158,"column":16}},"45":{"start":{"line":174,"column":2},"end":{"line":182,"column":3}},"46":{"start":{"line":176,"column":4},"end":{"line":176,"column":19}},"47":{"start":{"line":179,"column":4},"end":{"line":181,"column":5}},"48":{"start":{"line":180,"column":6},"end":{"line":180,"column":26}},"49":{"start":{"line":184,"column":2},"end":{"line":184,"column":40}},"50":{"start":{"line":197,"column":2},"end":{"line":199,"column":3}},"51":{"start":{"line":198,"column":4},"end":{"line":198,"column":21}},"52":{"start":{"line":202,"column":2},"end":{"line":204,"column":3}},"53":{"start":{"line":203,"column":4},"end":{"line":203,"column":25}},"54":{"start":{"line":206,"column":2},"end":{"line":206,"column":18}},"55":{"start":{"line":221,"column":2},"end":{"line":225,"column":3}},"56":{"start":{"line":222,"column":4},"end":{"line":222,"column":42}},"57":{"start":{"line":224,"column":4},"end":{"line":224,"column":21}},"58":{"start":{"line":237,"column":15},"end":{"line":237,"column":29}},"59":{"start":{"line":240,"column":2},"end":{"line":242,"column":3}},"60":{"start":{"line":241,"column":4},"end":{"line":241,"column":16}},"61":{"start":{"line":244,"column":2},"end":{"line":244,"column":15}},"62":{"start":{"line":256,"column":2},"end":{"line":258,"column":21}},"63":{"start":{"line":275,"column":15},"end":{"line":275,"column":42}},"64":{"start":{"line":278,"column":4},"end":{"line":278,"column":27}},"65":{"start":{"line":279,"column":4},"end":{"line":279,"column":48}},"66":{"start":{"line":282,"column":4},"end":{"line":282,"column":40}},"67":{"start":{"line":283,"column":4},"end":{"line":283,"column":40}},"68":{"start":{"line":284,"column":4},"end":{"line":284,"column":37}},"69":{"start":{"line":287,"column":4},"end":{"line":287,"column":28}},"70":{"start":{"line":290,"column":4},"end":{"line":290,"column":66}},"71":{"start":{"line":291,"column":4},"end":{"line":291,"column":54}},"72":{"start":{"line":294,"column":4},"end":{"line":294,"column":61}},"73":{"start":{"line":295,"column":4},"end":{"line":295,"column":68}},"74":{"start":{"line":297,"column":4},"end":{"line":300,"column":5}},"75":{"start":{"line":298,"column":6},"end":{"line":298,"column":15}},"76":{"start":{"line":299,"column":6},"end":{"line":299,"column":12}},"77":{"start":{"line":302,"column":4},"end":{"line":302,"column":25}},"78":{"start":{"line":305,"column":2},"end":{"line":308,"column":3}},"79":{"start":{"line":306,"column":4},"end":{"line":306,"column":11}},"80":{"start":{"line":307,"column":4},"end":{"line":307,"column":10}},"81":{"start":{"line":311,"column":2},"end":{"line":311,"column":13}},"82":{"start":{"line":314,"column":2},"end":{"line":314,"column":24}},"83":{"start":{"line":315,"column":2},"end":{"line":315,"column":14}},"84":{"start":{"line":327,"column":2},"end":{"line":329,"column":3}},"85":{"start":{"line":328,"column":4},"end":{"line":328,"column":10}},"86":{"start":{"line":331,"column":13},"end":{"line":331,"column":33}},"87":{"start":{"line":332,"column":2},"end":{"line":335,"column":3}},"88":{"start":{"line":332,"column":15},"end":{"line":332,"column":16}},"89":{"start":{"line":333,"column":14},"end":{"line":333,"column":21}},"90":{"start":{"line":334,"column":4},"end":{"line":334,"column":36}}},"fnMap":{"0":{"name":"createHtmlDocument","decl":{"start":{"line":43,"column":9},"end":{"line":43,"column":27}},"loc":{"start":{"line":43,"column":38},"end":{"line":58,"column":1}},"line":43},"1":{"name":"finalhandler","decl":{"start":{"line":77,"column":9},"end":{"line":77,"column":21}},"loc":{"start":{"line":77,"column":42},"end":{"line":135,"column":1}},"line":77},"2":{"name":"(anonymous_2)","decl":{"start":{"line":86,"column":9},"end":{"line":86,"column":10}},"loc":{"start":{"line":86,"column":24},"end":{"line":134,"column":3}},"line":86},"3":{"name":"getErrorHeaders","decl":{"start":{"line":145,"column":9},"end":{"line":145,"column":24}},"loc":{"start":{"line":145,"column":31},"end":{"line":159,"column":1}},"line":145},"4":{"name":"getErrorMessage","decl":{"start":{"line":171,"column":9},"end":{"line":171,"column":24}},"loc":{"start":{"line":171,"column":44},"end":{"line":185,"column":1}},"line":171},"5":{"name":"getErrorStatusCode","decl":{"start":{"line":195,"column":9},"end":{"line":195,"column":27}},"loc":{"start":{"line":195,"column":34},"end":{"line":207,"column":1}},"line":195},"6":{"name":"getResourceName","decl":{"start":{"line":220,"column":9},"end":{"line":220,"column":24}},"loc":{"start":{"line":220,"column":31},"end":{"line":226,"column":1}},"line":220},"7":{"name":"getResponseStatusCode","decl":{"start":{"line":236,"column":9},"end":{"line":236,"column":30}},"loc":{"start":{"line":236,"column":37},"end":{"line":245,"column":1}},"line":236},"8":{"name":"headersSent","decl":{"start":{"line":255,"column":9},"end":{"line":255,"column":20}},"loc":{"start":{"line":255,"column":27},"end":{"line":259,"column":1}},"line":255},"9":{"name":"send","decl":{"start":{"line":272,"column":9},"end":{"line":272,"column":13}},"loc":{"start":{"line":272,"column":51},"end":{"line":316,"column":1}},"line":272},"10":{"name":"write","decl":{"start":{"line":273,"column":11},"end":{"line":273,"column":16}},"loc":{"start":{"line":273,"column":20},"end":{"line":303,"column":3}},"line":273},"11":{"name":"setHeaders","decl":{"start":{"line":326,"column":9},"end":{"line":326,"column":19}},"loc":{"start":{"line":326,"column":35},"end":{"line":336,"column":1}},"line":326}},"branchMap":{"0":{"loc":{"start":{"line":78,"column":13},"end":{"line":78,"column":26}},"type":"binary-expr","locations":[{"start":{"line":78,"column":13},"end":{"line":78,"column":20}},{"start":{"line":78,"column":24},"end":{"line":78,"column":26}}],"line":78},"1":{"loc":{"start":{"line":81,"column":12},"end":{"line":81,"column":61}},"type":"binary-expr","locations":[{"start":{"line":81,"column":12},"end":{"line":81,"column":20}},{"start":{"line":81,"column":24},"end":{"line":81,"column":44}},{"start":{"line":81,"column":48},"end":{"line":81,"column":61}}],"line":81},"2":{"loc":{"start":{"line":92,"column":4},"end":{"line":95,"column":5}},"type":"if","locations":[{"start":{"line":92,"column":4},"end":{"line":95,"column":5}},{"start":{"line":92,"column":4},"end":{"line":95,"column":5}}],"line":92},"3":{"loc":{"start":{"line":92,"column":8},"end":{"line":92,"column":32}},"type":"binary-expr","locations":[{"start":{"line":92,"column":8},"end":{"line":92,"column":12}},{"start":{"line":92,"column":16},"end":{"line":92,"column":32}}],"line":92},"4":{"loc":{"start":{"line":98,"column":4},"end":{"line":116,"column":5}},"type":"if","locations":[{"start":{"line":98,"column":4},"end":{"line":116,"column":5}},{"start":{"line":98,"column":4},"end":{"line":116,"column":5}}],"line":98},"5":{"loc":{"start":{"line":102,"column":6},"end":{"line":108,"column":7}},"type":"if","locations":[{"start":{"line":102,"column":6},"end":{"line":108,"column":7}},{"start":{"line":102,"column":6},"end":{"line":108,"column":7}}],"line":102},"6":{"loc":{"start":{"line":121,"column":4},"end":{"line":123,"column":5}},"type":"if","locations":[{"start":{"line":121,"column":4},"end":{"line":123,"column":5}},{"start":{"line":121,"column":4},"end":{"line":123,"column":5}}],"line":121},"7":{"loc":{"start":{"line":121,"column":8},"end":{"line":121,"column":22}},"type":"binary-expr","locations":[{"start":{"line":121,"column":8},"end":{"line":121,"column":11}},{"start":{"line":121,"column":15},"end":{"line":121,"column":22}}],"line":121},"8":{"loc":{"start":{"line":126,"column":4},"end":{"line":130,"column":5}},"type":"if","locations":[{"start":{"line":126,"column":4},"end":{"line":130,"column":5}},{"start":{"line":126,"column":4},"end":{"line":130,"column":5}}],"line":126},"9":{"loc":{"start":{"line":146,"column":2},"end":{"line":148,"column":3}},"type":"if","locations":[{"start":{"line":146,"column":2},"end":{"line":148,"column":3}},{"start":{"line":146,"column":2},"end":{"line":148,"column":3}}],"line":146},"10":{"loc":{"start":{"line":146,"column":6},"end":{"line":146,"column":53}},"type":"binary-expr","locations":[{"start":{"line":146,"column":6},"end":{"line":146,"column":18}},{"start":{"line":146,"column":22},"end":{"line":146,"column":53}}],"line":146},"11":{"loc":{"start":{"line":174,"column":2},"end":{"line":182,"column":3}},"type":"if","locations":[{"start":{"line":174,"column":2},"end":{"line":182,"column":3}},{"start":{"line":174,"column":2},"end":{"line":182,"column":3}}],"line":174},"12":{"loc":{"start":{"line":179,"column":4},"end":{"line":181,"column":5}},"type":"if","locations":[{"start":{"line":179,"column":4},"end":{"line":181,"column":5}},{"start":{"line":179,"column":4},"end":{"line":181,"column":5}}],"line":179},"13":{"loc":{"start":{"line":179,"column":8},"end":{"line":179,"column":50}},"type":"binary-expr","locations":[{"start":{"line":179,"column":8},"end":{"line":179,"column":12}},{"start":{"line":179,"column":16},"end":{"line":179,"column":50}}],"line":179},"14":{"loc":{"start":{"line":184,"column":9},"end":{"line":184,"column":40}},"type":"binary-expr","locations":[{"start":{"line":184,"column":9},"end":{"line":184,"column":12}},{"start":{"line":184,"column":16},"end":{"line":184,"column":40}}],"line":184},"15":{"loc":{"start":{"line":197,"column":2},"end":{"line":199,"column":3}},"type":"if","locations":[{"start":{"line":197,"column":2},"end":{"line":199,"column":3}},{"start":{"line":197,"column":2},"end":{"line":199,"column":3}}],"line":197},"16":{"loc":{"start":{"line":197,"column":6},"end":{"line":197,"column":77}},"type":"binary-expr","locations":[{"start":{"line":197,"column":6},"end":{"line":197,"column":36}},{"start":{"line":197,"column":40},"end":{"line":197,"column":57}},{"start":{"line":197,"column":61},"end":{"line":197,"column":77}}],"line":197},"17":{"loc":{"start":{"line":202,"column":2},"end":{"line":204,"column":3}},"type":"if","locations":[{"start":{"line":202,"column":2},"end":{"line":204,"column":3}},{"start":{"line":202,"column":2},"end":{"line":204,"column":3}}],"line":202},"18":{"loc":{"start":{"line":202,"column":6},"end":{"line":202,"column":89}},"type":"binary-expr","locations":[{"start":{"line":202,"column":6},"end":{"line":202,"column":40}},{"start":{"line":202,"column":44},"end":{"line":202,"column":65}},{"start":{"line":202,"column":69},"end":{"line":202,"column":89}}],"line":202},"19":{"loc":{"start":{"line":240,"column":2},"end":{"line":242,"column":3}},"type":"if","locations":[{"start":{"line":240,"column":2},"end":{"line":242,"column":3}},{"start":{"line":240,"column":2},"end":{"line":242,"column":3}}],"line":240},"20":{"loc":{"start":{"line":240,"column":6},"end":{"line":240,"column":64}},"type":"binary-expr","locations":[{"start":{"line":240,"column":6},"end":{"line":240,"column":32}},{"start":{"line":240,"column":36},"end":{"line":240,"column":48}},{"start":{"line":240,"column":52},"end":{"line":240,"column":64}}],"line":240},"21":{"loc":{"start":{"line":256,"column":9},"end":{"line":258,"column":21}},"type":"cond-expr","locations":[{"start":{"line":257,"column":6},"end":{"line":257,"column":26}},{"start":{"line":258,"column":6},"end":{"line":258,"column":21}}],"line":256},"22":{"loc":{"start":{"line":297,"column":4},"end":{"line":300,"column":5}},"type":"if","locations":[{"start":{"line":297,"column":4},"end":{"line":300,"column":5}},{"start":{"line":297,"column":4},"end":{"line":300,"column":5}}],"line":297},"23":{"loc":{"start":{"line":305,"column":2},"end":{"line":308,"column":3}},"type":"if","locations":[{"start":{"line":305,"column":2},"end":{"line":308,"column":3}},{"start":{"line":305,"column":2},"end":{"line":308,"column":3}}],"line":305},"24":{"loc":{"start":{"line":327,"column":2},"end":{"line":329,"column":3}},"type":"if","locations":[{"start":{"line":327,"column":2},"end":{"line":329,"column":3}},{"start":{"line":327,"column":2},"end":{"line":329,"column":3}}],"line":327}},"s":{"0":1,"1":1,"2":1,"3":1,"4":1,"5":1,"6":1,"7":1,"8":1,"9":1,"10":51,"11":51,"12":1,"13":53,"14":53,"15":53,"16":53,"17":53,"18":1,"19":1,"20":52,"21":37,"22":37,"23":25,"24":12,"25":37,"26":15,"27":15,"28":52,"29":52,"30":1,"31":52,"32":1,"33":1,"34":1,"35":51,"36":12,"37":9,"38":3,"39":3,"40":3,"41":3,"42":4,"43":4,"44":3,"45":37,"46":35,"47":35,"48":1,"49":37,"50":37,"51":8,"52":29,"53":4,"54":25,"55":15,"56":15,"57":1,"58":25,"59":25,"60":24,"61":25,"62":68,"63":51,"64":51,"65":51,"66":51,"67":51,"68":51,"69":51,"70":51,"71":51,"72":51,"73":51,"74":51,"75":2,"76":2,"77":49,"78":51,"79":1,"80":1,"81":50,"82":50,"83":50,"84":51,"85":49,"86":2,"87":2,"88":2,"89":3,"90":3},"f":{"0":51,"1":53,"2":53,"3":12,"4":37,"5":37,"6":15,"7":25,"8":68,"9":51,"10":51,"11":51},"b":{"0":[53,50],"1":[53,51,51],"2":[1,52],"3":[53,16],"4":[37,15],"5":[25,12],"6":[1,51],"7":[52,37],"8":[1,51],"9":[9,3],"10":[12,4],"11":[35,2],"12":[1,34],"13":[35,2],"14":[37,3],"15":[8,29],"16":[37,13,10],"17":[4,25],"18":[29,6,5],"19":[24,1],"20":[25,23,1],"21":[0,68],"22":[2,49],"23":[1,50],"24":[49,2]},"_coverageSchema":"1a1c01bbd47fc00a2c39e90264f33305004495a9","hash":"263a688b48b5206ee833b4fbbff8c322eb37ccdf","contentHash":"856e55b78c279e4b9f614ba166b82d7f8c5534f6df51533af124924e766d65d2"}
,"/data/js-variants/multee/Playground/finalhandler/node_modules/debug/karma.conf.js": {"path":"/data/js-variants/multee/Playground/finalhandler/node_modules/debug/karma.conf.js","statementMap":{"0":{"start":{"line":4,"column":0},"end":{"line":70,"column":1}},"1":{"start":{"line":5,"column":2},"end":{"line":69,"column":4}}},"fnMap":{"0":{"name":"(anonymous_0)","decl":{"start":{"line":4,"column":17},"end":{"line":4,"column":18}},"loc":{"start":{"line":4,"column":34},"end":{"line":70,"column":1}},"line":4}},"branchMap":{},"s":{"0":0,"1":0},"f":{"0":0},"b":{},"all":true}
,"/data/js-variants/multee/Playground/finalhandler/node_modules/debug/node.js": {"path":"/data/js-variants/multee/Playground/finalhandler/node_modules/debug/node.js","statementMap":{"0":{"start":{"line":1,"column":0},"end":{"line":1,"column":39}}},"fnMap":{},"branchMap":{},"s":{"0":0},"f":{},"b":{},"all":true}
,"/data/js-variants/multee/Playground/finalhandler/node_modules/debug/src/browser.js": {"path":"/data/js-variants/multee/Playground/finalhandler/node_modules/debug/src/browser.js","statementMap":{"0":{"start":{"line":7,"column":0},"end":{"line":7,"column":46}},"1":{"start":{"line":8,"column":0},"end":{"line":8,"column":18}},"2":{"start":{"line":9,"column":0},"end":{"line":9,"column":32}},"3":{"start":{"line":10,"column":0},"end":{"line":10,"column":20}},"4":{"start":{"line":11,"column":0},"end":{"line":11,"column":20}},"5":{"start":{"line":12,"column":0},"end":{"line":12,"column":30}},"6":{"start":{"line":13,"column":0},"end":{"line":16,"column":35}},"7":{"start":{"line":22,"column":0},"end":{"line":29,"column":2}},"8":{"start":{"line":43,"column":2},"end":{"line":45,"column":3}},"9":{"start":{"line":44,"column":4},"end":{"line":44,"column":16}},"10":{"start":{"line":49,"column":2},"end":{"line":56,"column":127}},"11":{"start":{"line":63,"column":0},"end":{"line":69,"column":2}},"12":{"start":{"line":64,"column":2},"end":{"line":68,"column":3}},"13":{"start":{"line":65,"column":4},"end":{"line":65,"column":29}},"14":{"start":{"line":67,"column":4},"end":{"line":67,"column":56}},"15":{"start":{"line":79,"column":18},"end":{"line":79,"column":32}},"16":{"start":{"line":81,"column":2},"end":{"line":86,"column":40}},"17":{"start":{"line":88,"column":2},"end":{"line":88,"column":25}},"18":{"start":{"line":88,"column":18},"end":{"line":88,"column":25}},"19":{"start":{"line":90,"column":10},"end":{"line":90,"column":32}},"20":{"start":{"line":91,"column":2},"end":{"line":91,"column":40}},"21":{"start":{"line":96,"column":14},"end":{"line":96,"column":15}},"22":{"start":{"line":97,"column":14},"end":{"line":97,"column":15}},"23":{"start":{"line":98,"column":2},"end":{"line":106,"column":5}},"24":{"start":{"line":99,"column":4},"end":{"line":99,"column":31}},"25":{"start":{"line":99,"column":24},"end":{"line":99,"column":31}},"26":{"start":{"line":100,"column":4},"end":{"line":100,"column":12}},"27":{"start":{"line":101,"column":4},"end":{"line":105,"column":5}},"28":{"start":{"line":104,"column":6},"end":{"line":104,"column":20}},"29":{"start":{"line":108,"column":2},"end":{"line":108,"column":27}},"30":{"start":{"line":121,"column":2},"end":{"line":123,"column":70}},"31":{"start":{"line":134,"column":2},"end":{"line":140,"column":15}},"32":{"start":{"line":135,"column":4},"end":{"line":139,"column":5}},"33":{"start":{"line":136,"column":6},"end":{"line":136,"column":42}},"34":{"start":{"line":138,"column":6},"end":{"line":138,"column":41}},"35":{"start":{"line":152,"column":2},"end":{"line":154,"column":15}},"36":{"start":{"line":153,"column":4},"end":{"line":153,"column":30}},"37":{"start":{"line":157,"column":2},"end":{"line":159,"column":3}},"38":{"start":{"line":158,"column":4},"end":{"line":158,"column":26}},"39":{"start":{"line":161,"column":2},"end":{"line":161,"column":11}},"40":{"start":{"line":168,"column":0},"end":{"line":168,"column":23}},"41":{"start":{"line":182,"column":2},"end":{"line":184,"column":16}},"42":{"start":{"line":183,"column":4},"end":{"line":183,"column":31}}},"fnMap":{"0":{"name":"useColors","decl":{"start":{"line":39,"column":9},"end":{"line":39,"column":18}},"loc":{"start":{"line":39,"column":21},"end":{"line":57,"column":1}},"line":39},"1":{"name":"(anonymous_1)","decl":{"start":{"line":63,"column":23},"end":{"line":63,"column":24}},"loc":{"start":{"line":63,"column":35},"end":{"line":69,"column":1}},"line":63},"2":{"name":"formatArgs","decl":{"start":{"line":78,"column":9},"end":{"line":78,"column":19}},"loc":{"start":{"line":78,"column":26},"end":{"line":109,"column":1}},"line":78},"3":{"name":"(anonymous_3)","decl":{"start":{"line":98,"column":33},"end":{"line":98,"column":34}},"loc":{"start":{"line":98,"column":49},"end":{"line":106,"column":3}},"line":98},"4":{"name":"log","decl":{"start":{"line":118,"column":9},"end":{"line":118,"column":12}},"loc":{"start":{"line":118,"column":15},"end":{"line":124,"column":1}},"line":118},"5":{"name":"save","decl":{"start":{"line":133,"column":9},"end":{"line":133,"column":13}},"loc":{"start":{"line":133,"column":26},"end":{"line":141,"column":1}},"line":133},"6":{"name":"load","decl":{"start":{"line":150,"column":9},"end":{"line":150,"column":13}},"loc":{"start":{"line":150,"column":16},"end":{"line":162,"column":1}},"line":150},"7":{"name":"localstorage","decl":{"start":{"line":181,"column":9},"end":{"line":181,"column":21}},"loc":{"start":{"line":181,"column":24},"end":{"line":185,"column":1}},"line":181}},"branchMap":{"0":{"loc":{"start":{"line":13,"column":18},"end":{"line":16,"column":34}},"type":"cond-expr","locations":[{"start":{"line":15,"column":20},"end":{"line":15,"column":40}},{"start":{"line":16,"column":20},"end":{"line":16,"column":34}}],"line":13},"1":{"loc":{"start":{"line":13,"column":18},"end":{"line":14,"column":54}},"type":"binary-expr","locations":[{"start":{"line":13,"column":18},"end":{"line":13,"column":46}},{"start":{"line":14,"column":18},"end":{"line":14,"column":54}}],"line":13},"2":{"loc":{"start":{"line":43,"column":2},"end":{"line":45,"column":3}},"type":"if","locations":[{"start":{"line":43,"column":2},"end":{"line":45,"column":3}},{"start":{"line":43,"column":2},"end":{"line":45,"column":3}}],"line":43},"3":{"loc":{"start":{"line":43,"column":6},"end":{"line":43,"column":91}},"type":"binary-expr","locations":[{"start":{"line":43,"column":6},"end":{"line":43,"column":35}},{"start":{"line":43,"column":39},"end":{"line":43,"column":53}},{"start":{"line":43,"column":57},"end":{"line":43,"column":91}}],"line":43},"4":{"loc":{"start":{"line":49,"column":9},"end":{"line":56,"column":126}},"type":"binary-expr","locations":[{"start":{"line":49,"column":10},"end":{"line":49,"column":41}},{"start":{"line":49,"column":45},"end":{"line":49,"column":69}},{"start":{"line":49,"column":73},"end":{"line":49,"column":103}},{"start":{"line":49,"column":107},"end":{"line":49,"column":154}},{"start":{"line":51,"column":5},"end":{"line":51,"column":34}},{"start":{"line":51,"column":38},"end":{"line":51,"column":52}},{"start":{"line":51,"column":57},"end":{"line":51,"column":79}},{"start":{"line":51,"column":84},"end":{"line":51,"column":108}},{"start":{"line":51,"column":112},"end":{"line":51,"column":132}},{"start":{"line":54,"column":5},"end":{"line":54,"column":37}},{"start":{"line":54,"column":41},"end":{"line":54,"column":60}},{"start":{"line":54,"column":64},"end":{"line":54,"column":121}},{"start":{"line":54,"column":125},"end":{"line":54,"column":154}},{"start":{"line":56,"column":5},"end":{"line":56,"column":37}},{"start":{"line":56,"column":41},"end":{"line":56,"column":60}},{"start":{"line":56,"column":64},"end":{"line":56,"column":125}}],"line":49},"5":{"loc":{"start":{"line":81,"column":13},"end":{"line":81,"column":34}},"type":"cond-expr","locations":[{"start":{"line":81,"column":25},"end":{"line":81,"column":29}},{"start":{"line":81,"column":32},"end":{"line":81,"column":34}}],"line":81},"6":{"loc":{"start":{"line":83,"column":7},"end":{"line":83,"column":30}},"type":"cond-expr","locations":[{"start":{"line":83,"column":19},"end":{"line":83,"column":24}},{"start":{"line":83,"column":27},"end":{"line":83,"column":30}}],"line":83},"7":{"loc":{"start":{"line":85,"column":7},"end":{"line":85,"column":30}},"type":"cond-expr","locations":[{"start":{"line":85,"column":19},"end":{"line":85,"column":24}},{"start":{"line":85,"column":27},"end":{"line":85,"column":30}}],"line":85},"8":{"loc":{"start":{"line":88,"column":2},"end":{"line":88,"column":25}},"type":"if","locations":[{"start":{"line":88,"column":2},"end":{"line":88,"column":25}},{"start":{"line":88,"column":2},"end":{"line":88,"column":25}}],"line":88},"9":{"loc":{"start":{"line":99,"column":4},"end":{"line":99,"column":31}},"type":"if","locations":[{"start":{"line":99,"column":4},"end":{"line":99,"column":31}},{"start":{"line":99,"column":4},"end":{"line":99,"column":31}}],"line":99},"10":{"loc":{"start":{"line":101,"column":4},"end":{"line":105,"column":5}},"type":"if","locations":[{"start":{"line":101,"column":4},"end":{"line":105,"column":5}},{"start":{"line":101,"column":4},"end":{"line":105,"column":5}}],"line":101},"11":{"loc":{"start":{"line":121,"column":9},"end":{"line":123,"column":69}},"type":"binary-expr","locations":[{"start":{"line":121,"column":9},"end":{"line":121,"column":36}},{"start":{"line":122,"column":7},"end":{"line":122,"column":18}},{"start":{"line":123,"column":7},"end":{"line":123,"column":69}}],"line":121},"12":{"loc":{"start":{"line":135,"column":4},"end":{"line":139,"column":5}},"type":"if","locations":[{"start":{"line":135,"column":4},"end":{"line":139,"column":5}},{"start":{"line":135,"column":4},"end":{"line":139,"column":5}}],"line":135},"13":{"loc":{"start":{"line":157,"column":2},"end":{"line":159,"column":3}},"type":"if","locations":[{"start":{"line":157,"column":2},"end":{"line":159,"column":3}},{"start":{"line":157,"column":2},"end":{"line":159,"column":3}}],"line":157},"14":{"loc":{"start":{"line":157,"column":6},"end":{"line":157,"column":62}},"type":"binary-expr","locations":[{"start":{"line":157,"column":6},"end":{"line":157,"column":8}},{"start":{"line":157,"column":12},"end":{"line":157,"column":42}},{"start":{"line":157,"column":46},"end":{"line":157,"column":62}}],"line":157}},"s":{"0":0,"1":0,"2":0,"3":0,"4":0,"5":0,"6":0,"7":0,"8":0,"9":0,"10":0,"11":0,"12":0,"13":0,"14":0,"15":0,"16":0,"17":0,"18":0,"19":0,"20":0,"21":0,"22":0,"23":0,"24":0,"25":0,"26":0,"27":0,"28":0,"29":0,"30":0,"31":0,"32":0,"33":0,"34":0,"35":0,"36":0,"37":0,"38":0,"39":0,"40":0,"41":0,"42":0},"f":{"0":0,"1":0,"2":0,"3":0,"4":0,"5":0,"6":0,"7":0},"b":{"0":[0,0],"1":[0,0],"2":[0,0],"3":[0,0,0],"4":[0,0,0,0,0,0,0,0,0,0,0,0,0,0,0,0],"5":[0,0],"6":[0,0],"7":[0,0],"8":[0,0],"9":[0,0],"10":[0,0],"11":[0,0,0],"12":[0,0],"13":[0,0],"14":[0,0,0]},"all":true}
,"/data/js-variants/multee/Playground/finalhandler/node_modules/debug/src/debug.js": {"path":"/data/js-variants/multee/Playground/finalhandler/node_modules/debug/src/debug.js","statementMap":{"0":{"start":{"line":9,"column":0},"end":{"line":9,"column":84}},"1":{"start":{"line":10,"column":0},"end":{"line":10,"column":24}},"2":{"start":{"line":11,"column":0},"end":{"line":11,"column":26}},"3":{"start":{"line":12,"column":0},"end":{"line":12,"column":24}},"4":{"start":{"line":13,"column":0},"end":{"line":13,"column":26}},"5":{"start":{"line":14,"column":0},"end":{"line":14,"column":33}},"6":{"start":{"line":20,"column":0},"end":{"line":20,"column":19}},"7":{"start":{"line":21,"column":0},"end":{"line":21,"column":19}},"8":{"start":{"line":29,"column":0},"end":{"line":29,"column":24}},"9":{"start":{"line":45,"column":13},"end":{"line":45,"column":14}},"10":{"start":{"line":47,"column":2},"end":{"line":50,"column":3}},"11":{"start":{"line":48,"column":4},"end":{"line":48,"column":59}},"12":{"start":{"line":49,"column":4},"end":{"line":49,"column":14}},"13":{"start":{"line":52,"column":2},"end":{"line":52,"column":64}},"14":{"start":{"line":67,"column":4},"end":{"line":67,"column":31}},"15":{"start":{"line":67,"column":24},"end":{"line":67,"column":31}},"16":{"start":{"line":69,"column":15},"end":{"line":69,"column":20}},"17":{"start":{"line":72,"column":15},"end":{"line":72,"column":26}},"18":{"start":{"line":73,"column":13},"end":{"line":73,"column":38}},"19":{"start":{"line":74,"column":4},"end":{"line":74,"column":19}},"20":{"start":{"line":75,"column":4},"end":{"line":75,"column":25}},"21":{"start":{"line":76,"column":4},"end":{"line":76,"column":21}},"22":{"start":{"line":77,"column":4},"end":{"line":77,"column":20}},"23":{"start":{"line":80,"column":15},"end":{"line":80,"column":42}},"24":{"start":{"line":81,"column":4},"end":{"line":83,"column":5}},"25":{"start":{"line":81,"column":17},"end":{"line":81,"column":18}},"26":{"start":{"line":82,"column":6},"end":{"line":82,"column":29}},"27":{"start":{"line":85,"column":4},"end":{"line":85,"column":38}},"28":{"start":{"line":87,"column":4},"end":{"line":90,"column":5}},"29":{"start":{"line":89,"column":6},"end":{"line":89,"column":25}},"30":{"start":{"line":93,"column":16},"end":{"line":93,"column":17}},"31":{"start":{"line":94,"column":4},"end":{"line":108,"column":7}},"32":{"start":{"line":96,"column":6},"end":{"line":96,"column":39}},"33":{"start":{"line":96,"column":26},"end":{"line":96,"column":39}},"34":{"start":{"line":97,"column":6},"end":{"line":97,"column":14}},"35":{"start":{"line":98,"column":22},"end":{"line":98,"column":48}},"36":{"start":{"line":99,"column":6},"end":{"line":106,"column":7}},"37":{"start":{"line":100,"column":18},"end":{"line":100,"column":29}},"38":{"start":{"line":101,"column":8},"end":{"line":101,"column":42}},"39":{"start":{"line":104,"column":8},"end":{"line":104,"column":30}},"40":{"start":{"line":105,"column":8},"end":{"line":105,"column":16}},"41":{"start":{"line":107,"column":6},"end":{"line":107,"column":19}},"42":{"start":{"line":111,"column":4},"end":{"line":111,"column":40}},"43":{"start":{"line":113,"column":16},"end":{"line":113,"column":69}},"44":{"start":{"line":114,"column":4},"end":{"line":114,"column":28}},"45":{"start":{"line":117,"column":2},"end":{"line":117,"column":30}},"46":{"start":{"line":118,"column":2},"end":{"line":118,"column":45}},"47":{"start":{"line":119,"column":2},"end":{"line":119,"column":40}},"48":{"start":{"line":120,"column":2},"end":{"line":120,"column":39}},"49":{"start":{"line":123,"column":2},"end":{"line":125,"column":3}},"50":{"start":{"line":124,"column":4},"end":{"line":124,"column":24}},"51":{"start":{"line":127,"column":2},"end":{"line":127,"column":15}},"52":{"start":{"line":139,"column":2},"end":{"line":139,"column":27}},"53":{"start":{"line":141,"column":2},"end":{"line":141,"column":21}},"54":{"start":{"line":142,"column":2},"end":{"line":142,"column":21}},"55":{"start":{"line":144,"column":14},"end":{"line":144,"column":80}},"56":{"start":{"line":145,"column":12},"end":{"line":145,"column":24}},"57":{"start":{"line":147,"column":2},"end":{"line":155,"column":3}},"58":{"start":{"line":147,"column":15},"end":{"line":147,"column":16}},"59":{"start":{"line":148,"column":4},"end":{"line":148,"column":28}},"60":{"start":{"line":148,"column":19},"end":{"line":148,"column":28}},"61":{"start":{"line":149,"column":4},"end":{"line":149,"column":48}},"62":{"start":{"line":150,"column":4},"end":{"line":154,"column":5}},"63":{"start":{"line":151,"column":6},"end":{"line":151,"column":71}},"64":{"start":{"line":153,"column":6},"end":{"line":153,"column":61}},"65":{"start":{"line":165,"column":2},"end":{"line":165,"column":21}},"66":{"start":{"line":178,"column":2},"end":{"line":182,"column":3}},"67":{"start":{"line":179,"column":4},"end":{"line":181,"column":5}},"68":{"start":{"line":180,"column":6},"end":{"line":180,"column":19}},"69":{"start":{"line":183,"column":2},"end":{"line":187,"column":3}},"70":{"start":{"line":184,"column":4},"end":{"line":186,"column":5}},"71":{"start":{"line":185,"column":6},"end":{"line":185,"column":18}},"72":{"start":{"line":188,"column":2},"end":{"line":188,"column":15}},"73":{"start":{"line":200,"column":2},"end":{"line":200,"column":60}},"74":{"start":{"line":200,"column":28},"end":{"line":200,"column":60}},"75":{"start":{"line":201,"column":2},"end":{"line":201,"column":13}}},"fnMap":{"0":{"name":"selectColor","decl":{"start":{"line":44,"column":9},"end":{"line":44,"column":20}},"loc":{"start":{"line":44,"column":32},"end":{"line":53,"column":1}},"line":44},"1":{"name":"createDebug","decl":{"start":{"line":63,"column":9},"end":{"line":63,"column":20}},"loc":{"start":{"line":63,"column":32},"end":{"line":128,"column":1}},"line":63},"2":{"name":"debug","decl":{"start":{"line":65,"column":11},"end":{"line":65,"column":16}},"loc":{"start":{"line":65,"column":19},"end":{"line":115,"column":3}},"line":65},"3":{"name":"(anonymous_3)","decl":{"start":{"line":94,"column":47},"end":{"line":94,"column":48}},"loc":{"start":{"line":94,"column":71},"end":{"line":108,"column":5}},"line":94},"4":{"name":"enable","decl":{"start":{"line":138,"column":9},"end":{"line":138,"column":15}},"loc":{"start":{"line":138,"column":28},"end":{"line":156,"column":1}},"line":138},"5":{"name":"disable","decl":{"start":{"line":164,"column":9},"end":{"line":164,"column":16}},"loc":{"start":{"line":164,"column":19},"end":{"line":166,"column":1}},"line":164},"6":{"name":"enabled","decl":{"start":{"line":176,"column":9},"end":{"line":176,"column":16}},"loc":{"start":{"line":176,"column":23},"end":{"line":189,"column":1}},"line":176},"7":{"name":"coerce","decl":{"start":{"line":199,"column":9},"end":{"line":199,"column":15}},"loc":{"start":{"line":199,"column":21},"end":{"line":202,"column":1}},"line":199}},"branchMap":{"0":{"loc":{"start":{"line":67,"column":4},"end":{"line":67,"column":31}},"type":"if","locations":[{"start":{"line":67,"column":4},"end":{"line":67,"column":31}},{"start":{"line":67,"column":4},"end":{"line":67,"column":31}}],"line":67},"1":{"loc":{"start":{"line":73,"column":21},"end":{"line":73,"column":37}},"type":"binary-expr","locations":[{"start":{"line":73,"column":21},"end":{"line":73,"column":29}},{"start":{"line":73,"column":33},"end":{"line":73,"column":37}}],"line":73},"2":{"loc":{"start":{"line":87,"column":4},"end":{"line":90,"column":5}},"type":"if","locations":[{"start":{"line":87,"column":4},"end":{"line":90,"column":5}},{"start":{"line":87,"column":4},"end":{"line":90,"column":5}}],"line":87},"3":{"loc":{"start":{"line":96,"column":6},"end":{"line":96,"column":39}},"type":"if","locations":[{"start":{"line":96,"column":6},"end":{"line":96,"column":39}},{"start":{"line":96,"column":6},"end":{"line":96,"column":39}}],"line":96},"4":{"loc":{"start":{"line":99,"column":6},"end":{"line":106,"column":7}},"type":"if","locations":[{"start":{"line":99,"column":6},"end":{"line":106,"column":7}},{"start":{"line":99,"column":6},"end":{"line":106,"column":7}}],"line":99},"5":{"loc":{"start":{"line":113,"column":16},"end":{"line":113,"column":69}},"type":"binary-expr","locations":[{"start":{"line":113,"column":16},"end":{"line":113,"column":25}},{"start":{"line":113,"column":29},"end":{"line":113,"column":40}},{"start":{"line":113,"column":44},"end":{"line":113,"column":69}}],"line":113},"6":{"loc":{"start":{"line":123,"column":2},"end":{"line":125,"column":3}},"type":"if","locations":[{"start":{"line":123,"column":2},"end":{"line":125,"column":3}},{"start":{"line":123,"column":2},"end":{"line":125,"column":3}}],"line":123},"7":{"loc":{"start":{"line":144,"column":15},"end":{"line":144,"column":63}},"type":"cond-expr","locations":[{"start":{"line":144,"column":48},"end":{"line":144,"column":58}},{"start":{"line":144,"column":61},"end":{"line":144,"column":63}}],"line":144},"8":{"loc":{"start":{"line":148,"column":4},"end":{"line":148,"column":28}},"type":"if","locations":[{"start":{"line":148,"column":4},"end":{"line":148,"column":28}},{"start":{"line":148,"column":4},"end":{"line":148,"column":28}}],"line":148},"9":{"loc":{"start":{"line":150,"column":4},"end":{"line":154,"column":5}},"type":"if","locations":[{"start":{"line":150,"column":4},"end":{"line":154,"column":5}},{"start":{"line":150,"column":4},"end":{"line":154,"column":5}}],"line":150},"10":{"loc":{"start":{"line":179,"column":4},"end":{"line":181,"column":5}},"type":"if","locations":[{"start":{"line":179,"column":4},"end":{"line":181,"column":5}},{"start":{"line":179,"column":4},"end":{"line":181,"column":5}}],"line":179},"11":{"loc":{"start":{"line":184,"column":4},"end":{"line":186,"column":5}},"type":"if","locations":[{"start":{"line":184,"column":4},"end":{"line":186,"column":5}},{"start":{"line":184,"column":4},"end":{"line":186,"column":5}}],"line":184},"12":{"loc":{"start":{"line":200,"column":2},"end":{"line":200,"column":60}},"type":"if","locations":[{"start":{"line":200,"column":2},"end":{"line":200,"column":60}},{"start":{"line":200,"column":2},"end":{"line":200,"column":60}}],"line":200},"13":{"loc":{"start":{"line":200,"column":35},"end":{"line":200,"column":59}},"type":"binary-expr","locations":[{"start":{"line":200,"column":35},"end":{"line":200,"column":44}},{"start":{"line":200,"column":48},"end":{"line":200,"column":59}}],"line":200}},"s":{"0":1,"1":1,"2":1,"3":1,"4":1,"5":1,"6":1,"7":1,"8":1,"9":1,"10":1,"11":12,"12":12,"13":1,"14":54,"15":54,"16":0,"17":0,"18":0,"19":0,"20":0,"21":0,"22":0,"23":0,"24":0,"25":0,"26":0,"27":0,"28":0,"29":0,"30":0,"31":0,"32":0,"33":0,"34":0,"35":0,"36":0,"37":0,"38":0,"39":0,"40":0,"41":0,"42":0,"43":0,"44":0,"45":1,"46":1,"47":1,"48":1,"49":1,"50":1,"51":1,"52":1,"53":1,"54":1,"55":1,"56":1,"57":1,"58":1,"59":1,"60":1,"61":0,"62":0,"63":0,"64":0,"65":0,"66":1,"67":0,"68":0,"69":1,"70":0,"71":0,"72":1,"73":0,"74":0,"75":0},"f":{"0":1,"1":1,"2":54,"3":0,"4":1,"5":0,"6":1,"7":0},"b":{"0":[54,0],"1":[0,0],"2":[0,0],"3":[0,0],"4":[0,0],"5":[0,0,0],"6":[1,0],"7":[0,1],"8":[1,0],"9":[0,0],"10":[0,0],"11":[0,0],"12":[0,0],"13":[0,0]},"_coverageSchema":"1a1c01bbd47fc00a2c39e90264f33305004495a9","hash":"bd3594dcabc7988b1380335cb5d8a24966d5c697","contentHash":"40330cecf381bdc10b5e6a89653149269bc89e97fad1f1c81ff29a13198d0b66"}
,"/data/js-variants/multee/Playground/finalhandler/node_modules/debug/src/index.js": {"path":"/data/js-variants/multee/Playground/finalhandler/node_modules/debug/src/index.js","statementMap":{"0":{"start":{"line":6,"column":0},"end":{"line":10,"column":1}},"1":{"start":{"line":7,"column":2},"end":{"line":7,"column":43}},"2":{"start":{"line":9,"column":2},"end":{"line":9,"column":40}}},"fnMap":{},"branchMap":{"0":{"loc":{"start":{"line":6,"column":0},"end":{"line":10,"column":1}},"type":"if","locations":[{"start":{"line":6,"column":0},"end":{"line":10,"column":1}},{"start":{"line":6,"column":0},"end":{"line":10,"column":1}}],"line":6},"1":{"loc":{"start":{"line":6,"column":4},"end":{"line":6,"column":65}},"type":"binary-expr","locations":[{"start":{"line":6,"column":4},"end":{"line":6,"column":34}},{"start":{"line":6,"column":38},"end":{"line":6,"column":65}}],"line":6}},"s":{"0":1,"1":0,"2":1},"f":{},"b":{"0":[0,1],"1":[1,1]},"_coverageSchema":"1a1c01bbd47fc00a2c39e90264f33305004495a9","hash":"8d51a2ec39c64df22e62cf9bfa89fafca083c368","contentHash":"9c2ee44ca82ecc663e6ba20cb3638b9f9e48da9728f8c64d846e6911f5f83e3a"}
,"/data/js-variants/multee/Playground/finalhandler/node_modules/debug/src/inspector-log.js": {"path":"/data/js-variants/multee/Playground/finalhandler/node_modules/debug/src/inspector-log.js","statementMap":{"0":{"start":{"line":1,"column":0},"end":{"line":1,"column":30}},"1":{"start":{"line":4,"column":19},"end":{"line":4,"column":53}},"2":{"start":{"line":5,"column":0},"end":{"line":5,"column":29}},"3":{"start":{"line":11,"column":17},"end":{"line":11,"column":32}},"4":{"start":{"line":12,"column":2},"end":{"line":12,"column":31}},"5":{"start":{"line":13,"column":2},"end":{"line":13,"column":40}},"6":{"start":{"line":14,"column":2},"end":{"line":14,"column":27}}},"fnMap":{"0":{"name":"(anonymous_0)","decl":{"start":{"line":5,"column":20},"end":{"line":5,"column":21}},"loc":{"start":{"line":5,"column":26},"end":{"line":5,"column":28}},"line":5},"1":{"name":"inspectorLog","decl":{"start":{"line":10,"column":9},"end":{"line":10,"column":21}},"loc":{"start":{"line":10,"column":24},"end":{"line":15,"column":1}},"line":10}},"branchMap":{},"s":{"0":0,"1":0,"2":0,"3":0,"4":0,"5":0,"6":0},"f":{"0":0,"1":0},"b":{},"all":true}
,"/data/js-variants/multee/Playground/finalhandler/node_modules/debug/src/node.js": {"path":"/data/js-variants/multee/Playground/finalhandler/node_modules/debug/src/node.js","statementMap":{"0":{"start":{"line":5,"column":10},"end":{"line":5,"column":24}},"1":{"start":{"line":6,"column":11},"end":{"line":6,"column":26}},"2":{"start":{"line":14,"column":0},"end":{"line":14,"column":46}},"3":{"start":{"line":15,"column":0},"end":{"line":15,"column":20}},"4":{"start":{"line":16,"column":0},"end":{"line":16,"column":18}},"5":{"start":{"line":17,"column":0},"end":{"line":17,"column":32}},"6":{"start":{"line":18,"column":0},"end":{"line":18,"column":20}},"7":{"start":{"line":19,"column":0},"end":{"line":19,"column":20}},"8":{"start":{"line":20,"column":0},"end":{"line":20,"column":30}},"9":{"start":{"line":26,"column":0},"end":{"line":26,"column":36}},"10":{"start":{"line":34,"column":0},"end":{"line":52,"column":7}},"11":{"start":{"line":35,"column":2},"end":{"line":35,"column":30}},"12":{"start":{"line":38,"column":13},"end":{"line":41,"column":69}},"13":{"start":{"line":41,"column":44},"end":{"line":41,"column":66}},"14":{"start":{"line":44,"column":12},"end":{"line":44,"column":28}},"15":{"start":{"line":45,"column":2},"end":{"line":48,"column":25}},"16":{"start":{"line":45,"column":44},"end":{"line":45,"column":55}},"17":{"start":{"line":46,"column":7},"end":{"line":48,"column":25}},"18":{"start":{"line":46,"column":51},"end":{"line":46,"column":63}},"19":{"start":{"line":47,"column":7},"end":{"line":48,"column":25}},"20":{"start":{"line":47,"column":27},"end":{"line":47,"column":38}},"21":{"start":{"line":48,"column":7},"end":{"line":48,"column":25}},"22":{"start":{"line":50,"column":2},"end":{"line":50,"column":18}},"23":{"start":{"line":51,"column":2},"end":{"line":51,"column":13}},"24":{"start":{"line":61,"column":9},"end":{"line":61,"column":48}},"25":{"start":{"line":63,"column":0},"end":{"line":65,"column":1}},"26":{"start":{"line":64,"column":2},"end":{"line":64,"column":203}},"27":{"start":{"line":67,"column":13},"end":{"line":69,"column":42}},"28":{"start":{"line":76,"column":2},"end":{"line":78,"column":21}},"29":{"start":{"line":85,"column":0},"end":{"line":91,"column":2}},"30":{"start":{"line":86,"column":2},"end":{"line":86,"column":43}},"31":{"start":{"line":87,"column":2},"end":{"line":90,"column":17}},"32":{"start":{"line":89,"column":6},"end":{"line":89,"column":23}},"33":{"start":{"line":97,"column":0},"end":{"line":100,"column":2}},"34":{"start":{"line":98,"column":2},"end":{"line":98,"column":43}},"35":{"start":{"line":99,"column":2},"end":{"line":99,"column":43}},"36":{"start":{"line":109,"column":13},"end":{"line":109,"column":27}},"37":{"start":{"line":110,"column":18},"end":{"line":110,"column":32}},"38":{"start":{"line":112,"column":2},"end":{"line":121,"column":3}},"39":{"start":{"line":113,"column":12},"end":{"line":113,"column":22}},"40":{"start":{"line":114,"column":17},"end":{"line":114,"column":68}},"41":{"start":{"line":116,"column":4},"end":{"line":116,"column":63}},"42":{"start":{"line":117,"column":4},"end":{"line":117,"column":81}},"43":{"start":{"line":119,"column":4},"end":{"line":120,"column":35}},"44":{"start":{"line":129,"column":2},"end":{"line":129,"column":65}},"45":{"start":{"line":140,"column":2},"end":{"line":146,"column":3}},"46":{"start":{"line":143,"column":4},"end":{"line":143,"column":29}},"47":{"start":{"line":145,"column":4},"end":{"line":145,"column":35}},"48":{"start":{"line":157,"column":2},"end":{"line":157,"column":27}},"49":{"start":{"line":169,"column":17},"end":{"line":169,"column":44}},"50":{"start":{"line":173,"column":2},"end":{"line":218,"column":3}},"51":{"start":{"line":175,"column":6},"end":{"line":175,"column":39}},"52":{"start":{"line":176,"column":6},"end":{"line":176,"column":27}},"53":{"start":{"line":180,"column":6},"end":{"line":182,"column":7}},"54":{"start":{"line":181,"column":8},"end":{"line":181,"column":31}},"55":{"start":{"line":183,"column":6},"end":{"line":183,"column":12}},"56":{"start":{"line":186,"column":15},"end":{"line":186,"column":28}},"57":{"start":{"line":187,"column":6},"end":{"line":187,"column":64}},"58":{"start":{"line":188,"column":6},"end":{"line":188,"column":26}},"59":{"start":{"line":189,"column":6},"end":{"line":189,"column":12}},"60":{"start":{"line":193,"column":16},"end":{"line":193,"column":30}},"61":{"start":{"line":194,"column":6},"end":{"line":198,"column":9}},"62":{"start":{"line":204,"column":6},"end":{"line":204,"column":30}},"63":{"start":{"line":205,"column":6},"end":{"line":205,"column":25}},"64":{"start":{"line":206,"column":6},"end":{"line":206,"column":28}},"65":{"start":{"line":210,"column":6},"end":{"line":212,"column":7}},"66":{"start":{"line":211,"column":8},"end":{"line":211,"column":31}},"67":{"start":{"line":213,"column":6},"end":{"line":213,"column":12}},"68":{"start":{"line":217,"column":6},"end":{"line":217,"column":65}},"69":{"start":{"line":221,"column":2},"end":{"line":221,"column":17}},"70":{"start":{"line":223,"column":2},"end":{"line":223,"column":25}},"71":{"start":{"line":225,"column":2},"end":{"line":225,"column":16}},"72":{"start":{"line":236,"column":2},"end":{"line":236,"column":25}},"73":{"start":{"line":238,"column":13},"end":{"line":238,"column":45}},"74":{"start":{"line":239,"column":2},"end":{"line":241,"column":3}},"75":{"start":{"line":239,"column":15},"end":{"line":239,"column":16}},"76":{"start":{"line":240,"column":4},"end":{"line":240,"column":62}},"77":{"start":{"line":248,"column":0},"end":{"line":248,"column":23}}},"fnMap":{"0":{"name":"(anonymous_0)","decl":{"start":{"line":34,"column":54},"end":{"line":34,"column":55}},"loc":{"start":{"line":34,"column":69},"end":{"line":36,"column":1}},"line":34},"1":{"name":"(anonymous_1)","decl":{"start":{"line":36,"column":10},"end":{"line":36,"column":11}},"loc":{"start":{"line":36,"column":30},"end":{"line":52,"column":1}},"line":36},"2":{"name":"(anonymous_2)","decl":{"start":{"line":41,"column":26},"end":{"line":41,"column":27}},"loc":{"start":{"line":41,"column":42},"end":{"line":41,"column":68}},"line":41},"3":{"name":"(anonymous_3)","decl":{"start":{"line":64,"column":17},"end":{"line":64,"column":18}},"loc":{"start":{"line":64,"column":27},"end":{"line":64,"column":29}},"line":64},"4":{"name":"useColors","decl":{"start":{"line":75,"column":9},"end":{"line":75,"column":18}},"loc":{"start":{"line":75,"column":21},"end":{"line":79,"column":1}},"line":75},"5":{"name":"(anonymous_5)","decl":{"start":{"line":85,"column":23},"end":{"line":85,"column":24}},"loc":{"start":{"line":85,"column":35},"end":{"line":91,"column":1}},"line":85},"6":{"name":"(anonymous_6)","decl":{"start":{"line":88,"column":21},"end":{"line":88,"column":22}},"loc":{"start":{"line":88,"column":35},"end":{"line":90,"column":5}},"line":88},"7":{"name":"(anonymous_7)","decl":{"start":{"line":97,"column":23},"end":{"line":97,"column":24}},"loc":{"start":{"line":97,"column":35},"end":{"line":100,"column":1}},"line":97},"8":{"name":"formatArgs","decl":{"start":{"line":108,"column":9},"end":{"line":108,"column":19}},"loc":{"start":{"line":108,"column":26},"end":{"line":122,"column":1}},"line":108},"9":{"name":"log","decl":{"start":{"line":128,"column":9},"end":{"line":128,"column":12}},"loc":{"start":{"line":128,"column":15},"end":{"line":130,"column":1}},"line":128},"10":{"name":"save","decl":{"start":{"line":139,"column":9},"end":{"line":139,"column":13}},"loc":{"start":{"line":139,"column":26},"end":{"line":147,"column":1}},"line":139},"11":{"name":"load","decl":{"start":{"line":156,"column":9},"end":{"line":156,"column":13}},"loc":{"start":{"line":156,"column":16},"end":{"line":158,"column":1}},"line":156},"12":{"name":"createWritableStdioStream","decl":{"start":{"line":167,"column":9},"end":{"line":167,"column":34}},"loc":{"start":{"line":167,"column":40},"end":{"line":226,"column":1}},"line":167},"13":{"name":"init","decl":{"start":{"line":235,"column":9},"end":{"line":235,"column":13}},"loc":{"start":{"line":235,"column":22},"end":{"line":242,"column":1}},"line":235}},"branchMap":{"0":{"loc":{"start":{"line":45,"column":2},"end":{"line":48,"column":25}},"type":"if","locations":[{"start":{"line":45,"column":2},"end":{"line":48,"column":25}},{"start":{"line":45,"column":2},"end":{"line":48,"column":25}}],"line":45},"1":{"loc":{"start":{"line":46,"column":7},"end":{"line":48,"column":25}},"type":"if","locations":[{"start":{"line":46,"column":7},"end":{"line":48,"column":25}},{"start":{"line":46,"column":7},"end":{"line":48,"column":25}}],"line":46},"2":{"loc":{"start":{"line":47,"column":7},"end":{"line":48,"column":25}},"type":"if","locations":[{"start":{"line":47,"column":7},"end":{"line":48,"column":25}},{"start":{"line":47,"column":7},"end":{"line":48,"column":25}}],"line":47},"3":{"loc":{"start":{"line":61,"column":9},"end":{"line":61,"column":48}},"type":"binary-expr","locations":[{"start":{"line":61,"column":9},"end":{"line":61,"column":43}},{"start":{"line":61,"column":47},"end":{"line":61,"column":48}}],"line":61},"4":{"loc":{"start":{"line":63,"column":0},"end":{"line":65,"column":1}},"type":"if","locations":[{"start":{"line":63,"column":0},"end":{"line":65,"column":1}},{"start":{"line":63,"column":0},"end":{"line":65,"column":1}}],"line":63},"5":{"loc":{"start":{"line":63,"column":4},"end":{"line":63,"column":24}},"type":"binary-expr","locations":[{"start":{"line":63,"column":4},"end":{"line":63,"column":12}},{"start":{"line":63,"column":16},"end":{"line":63,"column":24}}],"line":63},"6":{"loc":{"start":{"line":67,"column":13},"end":{"line":69,"column":42}},"type":"cond-expr","locations":[{"start":{"line":67,"column":24},"end":{"line":67,"column":38}},{"start":{"line":68,"column":13},"end":{"line":69,"column":42}}],"line":67},"7":{"loc":{"start":{"line":68,"column":13},"end":{"line":69,"column":42}},"type":"cond-expr","locations":[{"start":{"line":68,"column":24},"end":{"line":68,"column":38}},{"start":{"line":69,"column":13},"end":{"line":69,"column":42}}],"line":68},"8":{"loc":{"start":{"line":76,"column":9},"end":{"line":78,"column":20}},"type":"cond-expr","locations":[{"start":{"line":77,"column":6},"end":{"line":77,"column":41}},{"start":{"line":78,"column":6},"end":{"line":78,"column":20}}],"line":76},"9":{"loc":{"start":{"line":112,"column":2},"end":{"line":121,"column":3}},"type":"if","locations":[{"start":{"line":112,"column":2},"end":{"line":121,"column":3}},{"start":{"line":112,"column":2},"end":{"line":121,"column":3}}],"line":112},"10":{"loc":{"start":{"line":140,"column":2},"end":{"line":146,"column":3}},"type":"if","locations":[{"start":{"line":140,"column":2},"end":{"line":146,"column":3}},{"start":{"line":140,"column":2},"end":{"line":146,"column":3}}],"line":140},"11":{"loc":{"start":{"line":173,"column":2},"end":{"line":218,"column":3}},"type":"switch","locations":[{"start":{"line":174,"column":4},"end":{"line":183,"column":12}},{"start":{"line":185,"column":4},"end":{"line":189,"column":12}},{"start":{"line":191,"column":4},"end":{"line":191,"column":16}},{"start":{"line":192,"column":4},"end":{"line":213,"column":12}},{"start":{"line":215,"column":4},"end":{"line":217,"column":65}}],"line":173},"12":{"loc":{"start":{"line":180,"column":6},"end":{"line":182,"column":7}},"type":"if","locations":[{"start":{"line":180,"column":6},"end":{"line":182,"column":7}},{"start":{"line":180,"column":6},"end":{"line":182,"column":7}}],"line":180},"13":{"loc":{"start":{"line":180,"column":10},"end":{"line":180,"column":48}},"type":"binary-expr","locations":[{"start":{"line":180,"column":10},"end":{"line":180,"column":24}},{"start":{"line":180,"column":28},"end":{"line":180,"column":48}}],"line":180},"14":{"loc":{"start":{"line":210,"column":6},"end":{"line":212,"column":7}},"type":"if","locations":[{"start":{"line":210,"column":6},"end":{"line":212,"column":7}},{"start":{"line":210,"column":6},"end":{"line":212,"column":7}}],"line":210},"15":{"loc":{"start":{"line":210,"column":10},"end":{"line":210,"column":48}},"type":"binary-expr","locations":[{"start":{"line":210,"column":10},"end":{"line":210,"column":24}},{"start":{"line":210,"column":28},"end":{"line":210,"column":48}}],"line":210}},"s":{"0":1,"1":1,"2":1,"3":1,"4":1,"5":1,"6":1,"7":1,"8":1,"9":1,"10":1,"11":69,"12":0,"13":0,"14":0,"15":0,"16":0,"17":0,"18":0,"19":0,"20":0,"21":0,"22":0,"23":0,"24":1,"25":1,"26":0,"27":1,"28":1,"29":1,"30":0,"31":0,"32":0,"33":1,"34":0,"35":0,"36":0,"37":0,"38":0,"39":0,"40":0,"41":0,"42":0,"43":0,"44":0,"45":1,"46":1,"47":0,"48":1,"49":0,"50":0,"51":0,"52":0,"53":0,"54":0,"55":0,"56":0,"57":0,"58":0,"59":0,"60":0,"61":0,"62":0,"63":0,"64":0,"65":0,"66":0,"67":0,"68":0,"69":0,"70":0,"71":0,"72":1,"73":1,"74":1,"75":1,"76":0,"77":1},"f":{"0":69,"1":0,"2":0,"3":0,"4":1,"5":0,"6":0,"7":0,"8":0,"9":0,"10":1,"11":1,"12":0,"13":1},"b":{"0":[0,0],"1":[0,0],"2":[0,0],"3":[1,1],"4":[0,1],"5":[1,1],"6":[0,1],"7":[1,0],"8":[0,1],"9":[0,0],"10":[1,0],"11":[0,0,0,0,0],"12":[0,0],"13":[0,0],"14":[0,0],"15":[0,0]},"_coverageSchema":"1a1c01bbd47fc00a2c39e90264f33305004495a9","hash":"2a844892694bbe1bb46c148f026efab9591b2387","contentHash":"7fa492efc34c739586ffd4d9968a0168bf5dda7e8ef2809d5f0c57d03cd76bc1"}
,"/data/js-variants/multee/Playground/finalhandler/node_modules/ee-first/index.js": {"path":"/data/js-variants/multee/Playground/finalhandler/node_modules/ee-first/index.js","statementMap":{"0":{"start":{"line":14,"column":0},"end":{"line":14,"column":22}},"1":{"start":{"line":25,"column":2},"end":{"line":26,"column":73}},"2":{"start":{"line":26,"column":4},"end":{"line":26,"column":73}},"3":{"start":{"line":28,"column":17},"end":{"line":28,"column":19}},"4":{"start":{"line":30,"column":2},"end":{"line":51,"column":3}},"5":{"start":{"line":30,"column":15},"end":{"line":30,"column":16}},"6":{"start":{"line":31,"column":14},"end":{"line":31,"column":22}},"7":{"start":{"line":33,"column":4},"end":{"line":34,"column":70}},"8":{"start":{"line":34,"column":6},"end":{"line":34,"column":70}},"9":{"start":{"line":36,"column":13},"end":{"line":36,"column":19}},"10":{"start":{"line":38,"column":4},"end":{"line":50,"column":5}},"11":{"start":{"line":38,"column":17},"end":{"line":38,"column":18}},"12":{"start":{"line":39,"column":18},"end":{"line":39,"column":24}},"13":{"start":{"line":40,"column":15},"end":{"line":40,"column":40}},"14":{"start":{"line":43,"column":6},"end":{"line":43,"column":22}},"15":{"start":{"line":45,"column":6},"end":{"line":49,"column":8}},"16":{"start":{"line":54,"column":4},"end":{"line":54,"column":13}},"17":{"start":{"line":55,"column":4},"end":{"line":55,"column":31}},"18":{"start":{"line":60,"column":4},"end":{"line":63,"column":5}},"19":{"start":{"line":60,"column":17},"end":{"line":60,"column":18}},"20":{"start":{"line":61,"column":6},"end":{"line":61,"column":21}},"21":{"start":{"line":62,"column":6},"end":{"line":62,"column":40}},"22":{"start":{"line":67,"column":4},"end":{"line":67,"column":13}},"23":{"start":{"line":70,"column":2},"end":{"line":70,"column":24}},"24":{"start":{"line":72,"column":2},"end":{"line":72,"column":14}},"25":{"start":{"line":81,"column":2},"end":{"line":94,"column":3}},"26":{"start":{"line":82,"column":15},"end":{"line":82,"column":42}},"27":{"start":{"line":83,"column":13},"end":{"line":83,"column":17}},"28":{"start":{"line":84,"column":14},"end":{"line":86,"column":12}},"29":{"start":{"line":89,"column":4},"end":{"line":91,"column":5}},"30":{"start":{"line":89,"column":17},"end":{"line":89,"column":18}},"31":{"start":{"line":90,"column":6},"end":{"line":90,"column":28}},"32":{"start":{"line":93,"column":4},"end":{"line":93,"column":30}}},"fnMap":{"0":{"name":"first","decl":{"start":{"line":24,"column":9},"end":{"line":24,"column":14}},"loc":{"start":{"line":24,"column":28},"end":{"line":73,"column":1}},"line":24},"1":{"name":"callback","decl":{"start":{"line":53,"column":11},"end":{"line":53,"column":19}},"loc":{"start":{"line":53,"column":22},"end":{"line":56,"column":3}},"line":53},"2":{"name":"cleanup","decl":{"start":{"line":58,"column":11},"end":{"line":58,"column":18}},"loc":{"start":{"line":58,"column":21},"end":{"line":64,"column":3}},"line":58},"3":{"name":"thunk","decl":{"start":{"line":66,"column":11},"end":{"line":66,"column":16}},"loc":{"start":{"line":66,"column":21},"end":{"line":68,"column":3}},"line":66},"4":{"name":"listener","decl":{"start":{"line":80,"column":9},"end":{"line":80,"column":17}},"loc":{"start":{"line":80,"column":31},"end":{"line":95,"column":1}},"line":80},"5":{"name":"onevent","decl":{"start":{"line":81,"column":18},"end":{"line":81,"column":25}},"loc":{"start":{"line":81,"column":32},"end":{"line":94,"column":3}},"line":81}},"branchMap":{"0":{"loc":{"start":{"line":25,"column":2},"end":{"line":26,"column":73}},"type":"if","locations":[{"start":{"line":25,"column":2},"end":{"line":26,"column":73}},{"start":{"line":25,"column":2},"end":{"line":26,"column":73}}],"line":25},"1":{"loc":{"start":{"line":33,"column":4},"end":{"line":34,"column":70}},"type":"if","locations":[{"start":{"line":33,"column":4},"end":{"line":34,"column":70}},{"start":{"line":33,"column":4},"end":{"line":34,"column":70}}],"line":33},"2":{"loc":{"start":{"line":33,"column":8},"end":{"line":33,"column":45}},"type":"binary-expr","locations":[{"start":{"line":33,"column":8},"end":{"line":33,"column":27}},{"start":{"line":33,"column":31},"end":{"line":33,"column":45}}],"line":33},"3":{"loc":{"start":{"line":84,"column":14},"end":{"line":86,"column":12}},"type":"cond-expr","locations":[{"start":{"line":85,"column":8},"end":{"line":85,"column":12}},{"start":{"line":86,"column":8},"end":{"line":86,"column":12}}],"line":84}},"s":{"0":1,"1":100,"2":0,"3":100,"4":100,"5":100,"6":100,"7":100,"8":0,"9":100,"10":100,"11":100,"12":200,"13":200,"14":200,"15":200,"16":50,"17":50,"18":150,"19":150,"20":300,"21":300,"22":0,"23":100,"24":100,"25":200,"26":50,"27":50,"28":50,"29":50,"30":50,"31":0,"32":50},"f":{"0":100,"1":50,"2":150,"3":0,"4":200,"5":50},"b":{"0":[0,100],"1":[0,100],"2":[100,100],"3":[0,50]},"_coverageSchema":"1a1c01bbd47fc00a2c39e90264f33305004495a9","hash":"41a5cce5af5e4e092e66da23a3c2516ee2da267f","contentHash":"6d1582a0677153cd0aa200093d5d64c2083c10fda7baf7b72eccf332d0e38bd5"}
,"/data/js-variants/multee/Playground/finalhandler/node_modules/encodeurl/index.js": {"path":"/data/js-variants/multee/Playground/finalhandler/node_modules/encodeurl/index.js","statementMap":{"0":{"start":{"line":14,"column":0},"end":{"line":14,"column":26}},"1":{"start":{"line":22,"column":26},"end":{"line":22,"column":132}},"2":{"start":{"line":29,"column":38},"end":{"line":29,"column":112}},"3":{"start":{"line":36,"column":39},"end":{"line":36,"column":51}},"4":{"start":{"line":57,"column":2},"end":{"line":59,"column":44}}},"fnMap":{"0":{"name":"encodeUrl","decl":{"start":{"line":56,"column":9},"end":{"line":56,"column":18}},"loc":{"start":{"line":56,"column":25},"end":{"line":60,"column":1}},"line":56}},"branchMap":{},"s":{"0":1,"1":1,"2":1,"3":1,"4":15},"f":{"0":15},"b":{},"_coverageSchema":"1a1c01bbd47fc00a2c39e90264f33305004495a9","hash":"4c384104ca902201f25c6bf1154e24ed4951ae57","contentHash":"79688a9f15bbfa6b7c4a7c5e1358fa87fad798896cb7bd0ac86bbd82d394c2ca"}
,"/data/js-variants/multee/Playground/finalhandler/node_modules/escape-html/index.js": {"path":"/data/js-variants/multee/Playground/finalhandler/node_modules/escape-html/index.js","statementMap":{"0":{"start":{"line":16,"column":22},"end":{"line":16,"column":31}},"1":{"start":{"line":23,"column":0},"end":{"line":23,"column":28}},"2":{"start":{"line":34,"column":12},"end":{"line":34,"column":23}},"3":{"start":{"line":35,"column":14},"end":{"line":35,"column":39}},"4":{"start":{"line":37,"column":2},"end":{"line":39,"column":3}},"5":{"start":{"line":38,"column":4},"end":{"line":38,"column":15}},"6":{"start":{"line":42,"column":13},"end":{"line":42,"column":15}},"7":{"start":{"line":43,"column":14},"end":{"line":43,"column":15}},"8":{"start":{"line":44,"column":18},"end":{"line":44,"column":19}},"9":{"start":{"line":46,"column":2},"end":{"line":73,"column":3}},"10":{"start":{"line":47,"column":4},"end":{"line":65,"column":5}},"11":{"start":{"line":49,"column":8},"end":{"line":49,"column":26}},"12":{"start":{"line":50,"column":8},"end":{"line":50,"column":14}},"13":{"start":{"line":52,"column":8},"end":{"line":52,"column":25}},"14":{"start":{"line":53,"column":8},"end":{"line":53,"column":14}},"15":{"start":{"line":55,"column":8},"end":{"line":55,"column":25}},"16":{"start":{"line":56,"column":8},"end":{"line":56,"column":14}},"17":{"start":{"line":58,"column":8},"end":{"line":58,"column":24}},"18":{"start":{"line":59,"column":8},"end":{"line":59,"column":14}},"19":{"start":{"line":61,"column":8},"end":{"line":61,"column":24}},"20":{"start":{"line":62,"column":8},"end":{"line":62,"column":14}},"21":{"start":{"line":64,"column":8},"end":{"line":64,"column":17}},"22":{"start":{"line":67,"column":4},"end":{"line":69,"column":5}},"23":{"start":{"line":68,"column":6},"end":{"line":68,"column":46}},"24":{"start":{"line":71,"column":4},"end":{"line":71,"column":26}},"25":{"start":{"line":72,"column":4},"end":{"line":72,"column":19}},"26":{"start":{"line":75,"column":2},"end":{"line":77,"column":11}}},"fnMap":{"0":{"name":"escapeHtml","decl":{"start":{"line":33,"column":9},"end":{"line":33,"column":19}},"loc":{"start":{"line":33,"column":28},"end":{"line":78,"column":1}},"line":33}},"branchMap":{"0":{"loc":{"start":{"line":37,"column":2},"end":{"line":39,"column":3}},"type":"if","locations":[{"start":{"line":37,"column":2},"end":{"line":39,"column":3}},{"start":{"line":37,"column":2},"end":{"line":39,"column":3}}],"line":37},"1":{"loc":{"start":{"line":47,"column":4},"end":{"line":65,"column":5}},"type":"switch","locations":[{"start":{"line":48,"column":6},"end":{"line":50,"column":14}},{"start":{"line":51,"column":6},"end":{"line":53,"column":14}},{"start":{"line":54,"column":6},"end":{"line":56,"column":14}},{"start":{"line":57,"column":6},"end":{"line":59,"column":14}},{"start":{"line":60,"column":6},"end":{"line":62,"column":14}},{"start":{"line":63,"column":6},"end":{"line":64,"column":17}}],"line":47},"2":{"loc":{"start":{"line":67,"column":4},"end":{"line":69,"column":5}},"type":"if","locations":[{"start":{"line":67,"column":4},"end":{"line":69,"column":5}},{"start":{"line":67,"column":4},"end":{"line":69,"column":5}}],"line":67},"3":{"loc":{"start":{"line":75,"column":9},"end":{"line":77,"column":10}},"type":"cond-expr","locations":[{"start":{"line":76,"column":6},"end":{"line":76,"column":44}},{"start":{"line":77,"column":6},"end":{"line":77,"column":10}}],"line":75}},"s":{"0":1,"1":1,"2":51,"3":51,"4":51,"5":19,"6":32,"7":32,"8":32,"9":32,"10":26463,"11":0,"12":0,"13":0,"14":0,"15":1,"16":1,"17":56,"18":56,"19":56,"20":56,"21":26350,"22":113,"23":113,"24":113,"25":113,"26":32},"f":{"0":51},"b":{"0":[19,32],"1":[0,0,1,56,56,26350],"2":[113,0],"3":[32,0]},"_coverageSchema":"1a1c01bbd47fc00a2c39e90264f33305004495a9","hash":"b1fbc6f1f9862cdae99312fbdfe9f522c052ed95","contentHash":"1d632168f7412c427406e9267dd99f1db767c14b58fdcc8755dc811a106a855f"}
,"/data/js-variants/multee/Playground/finalhandler/node_modules/ms/index.js": {"path":"/data/js-variants/multee/Playground/finalhandler/node_modules/ms/index.js","statementMap":{"0":{"start":{"line":5,"column":8},"end":{"line":5,"column":12}},"1":{"start":{"line":6,"column":8},"end":{"line":6,"column":14}},"2":{"start":{"line":7,"column":8},"end":{"line":7,"column":14}},"3":{"start":{"line":8,"column":8},"end":{"line":8,"column":14}},"4":{"start":{"line":9,"column":8},"end":{"line":9,"column":18}},"5":{"start":{"line":25,"column":0},"end":{"line":37,"column":2}},"6":{"start":{"line":26,"column":2},"end":{"line":26,"column":26}},"7":{"start":{"line":27,"column":13},"end":{"line":27,"column":23}},"8":{"start":{"line":28,"column":2},"end":{"line":32,"column":3}},"9":{"start":{"line":29,"column":4},"end":{"line":29,"column":22}},"10":{"start":{"line":30,"column":9},"end":{"line":32,"column":3}},"11":{"start":{"line":31,"column":4},"end":{"line":31,"column":55}},"12":{"start":{"line":33,"column":2},"end":{"line":36,"column":4}},"13":{"start":{"line":48,"column":2},"end":{"line":48,"column":20}},"14":{"start":{"line":49,"column":2},"end":{"line":51,"column":3}},"15":{"start":{"line":50,"column":4},"end":{"line":50,"column":11}},"16":{"start":{"line":52,"column":14},"end":{"line":54,"column":3}},"17":{"start":{"line":55,"column":2},"end":{"line":57,"column":3}},"18":{"start":{"line":56,"column":4},"end":{"line":56,"column":11}},"19":{"start":{"line":58,"column":10},"end":{"line":58,"column":30}},"20":{"start":{"line":59,"column":13},"end":{"line":59,"column":45}},"21":{"start":{"line":60,"column":2},"end":{"line":97,"column":3}},"22":{"start":{"line":66,"column":6},"end":{"line":66,"column":19}},"23":{"start":{"line":70,"column":6},"end":{"line":70,"column":19}},"24":{"start":{"line":76,"column":6},"end":{"line":76,"column":19}},"25":{"start":{"line":82,"column":6},"end":{"line":82,"column":19}},"26":{"start":{"line":88,"column":6},"end":{"line":88,"column":19}},"27":{"start":{"line":94,"column":6},"end":{"line":94,"column":15}},"28":{"start":{"line":96,"column":6},"end":{"line":96,"column":23}},"29":{"start":{"line":109,"column":2},"end":{"line":111,"column":3}},"30":{"start":{"line":110,"column":4},"end":{"line":110,"column":36}},"31":{"start":{"line":112,"column":2},"end":{"line":114,"column":3}},"32":{"start":{"line":113,"column":4},"end":{"line":113,"column":36}},"33":{"start":{"line":115,"column":2},"end":{"line":117,"column":3}},"34":{"start":{"line":116,"column":4},"end":{"line":116,"column":36}},"35":{"start":{"line":118,"column":2},"end":{"line":120,"column":3}},"36":{"start":{"line":119,"column":4},"end":{"line":119,"column":36}},"37":{"start":{"line":121,"column":2},"end":{"line":121,"column":19}},"38":{"start":{"line":133,"column":2},"end":{"line":137,"column":15}},"39":{"start":{"line":145,"column":2},"end":{"line":147,"column":3}},"40":{"start":{"line":146,"column":4},"end":{"line":146,"column":11}},"41":{"start":{"line":148,"column":2},"end":{"line":150,"column":3}},"42":{"start":{"line":149,"column":4},"end":{"line":149,"column":43}},"43":{"start":{"line":151,"column":2},"end":{"line":151,"column":46}}},"fnMap":{"0":{"name":"(anonymous_0)","decl":{"start":{"line":25,"column":17},"end":{"line":25,"column":18}},"loc":{"start":{"line":25,"column":40},"end":{"line":37,"column":1}},"line":25},"1":{"name":"parse","decl":{"start":{"line":47,"column":9},"end":{"line":47,"column":14}},"loc":{"start":{"line":47,"column":20},"end":{"line":98,"column":1}},"line":47},"2":{"name":"fmtShort","decl":{"start":{"line":108,"column":9},"end":{"line":108,"column":17}},"loc":{"start":{"line":108,"column":22},"end":{"line":122,"column":1}},"line":108},"3":{"name":"fmtLong","decl":{"start":{"line":132,"column":9},"end":{"line":132,"column":16}},"loc":{"start":{"line":132,"column":21},"end":{"line":138,"column":1}},"line":132},"4":{"name":"plural","decl":{"start":{"line":144,"column":9},"end":{"line":144,"column":15}},"loc":{"start":{"line":144,"column":29},"end":{"line":152,"column":1}},"line":144}},"branchMap":{"0":{"loc":{"start":{"line":26,"column":12},"end":{"line":26,"column":25}},"type":"binary-expr","locations":[{"start":{"line":26,"column":12},"end":{"line":26,"column":19}},{"start":{"line":26,"column":23},"end":{"line":26,"column":25}}],"line":26},"1":{"loc":{"start":{"line":28,"column":2},"end":{"line":32,"column":3}},"type":"if","locations":[{"start":{"line":28,"column":2},"end":{"line":32,"column":3}},{"start":{"line":28,"column":2},"end":{"line":32,"column":3}}],"line":28},"2":{"loc":{"start":{"line":28,"column":6},"end":{"line":28,"column":41}},"type":"binary-expr","locations":[{"start":{"line":28,"column":6},"end":{"line":28,"column":23}},{"start":{"line":28,"column":27},"end":{"line":28,"column":41}}],"line":28},"3":{"loc":{"start":{"line":30,"column":9},"end":{"line":32,"column":3}},"type":"if","locations":[{"start":{"line":30,"column":9},"end":{"line":32,"column":3}},{"start":{"line":30,"column":9},"end":{"line":32,"column":3}}],"line":30},"4":{"loc":{"start":{"line":30,"column":13},"end":{"line":30,"column":54}},"type":"binary-expr","locations":[{"start":{"line":30,"column":13},"end":{"line":30,"column":30}},{"start":{"line":30,"column":34},"end":{"line":30,"column":54}}],"line":30},"5":{"loc":{"start":{"line":31,"column":11},"end":{"line":31,"column":54}},"type":"cond-expr","locations":[{"start":{"line":31,"column":26},"end":{"line":31,"column":38}},{"start":{"line":31,"column":41},"end":{"line":31,"column":54}}],"line":31},"6":{"loc":{"start":{"line":49,"column":2},"end":{"line":51,"column":3}},"type":"if","locations":[{"start":{"line":49,"column":2},"end":{"line":51,"column":3}},{"start":{"line":49,"column":2},"end":{"line":51,"column":3}}],"line":49},"7":{"loc":{"start":{"line":55,"column":2},"end":{"line":57,"column":3}},"type":"if","locations":[{"start":{"line":55,"column":2},"end":{"line":57,"column":3}},{"start":{"line":55,"column":2},"end":{"line":57,"column":3}}],"line":55},"8":{"loc":{"start":{"line":59,"column":14},"end":{"line":59,"column":30}},"type":"binary-expr","locations":[{"start":{"line":59,"column":14},"end":{"line":59,"column":22}},{"start":{"line":59,"column":26},"end":{"line":59,"column":30}}],"line":59},"9":{"loc":{"start":{"line":60,"column":2},"end":{"line":97,"column":3}},"type":"switch","locations":[{"start":{"line":61,"column":4},"end":{"line":61,"column":17}},{"start":{"line":62,"column":4},"end":{"line":62,"column":16}},{"start":{"line":63,"column":4},"end":{"line":63,"column":15}},{"start":{"line":64,"column":4},"end":{"line":64,"column":14}},{"start":{"line":65,"column":4},"end":{"line":66,"column":19}},{"start":{"line":67,"column":4},"end":{"line":67,"column":16}},{"start":{"line":68,"column":4},"end":{"line":68,"column":15}},{"start":{"line":69,"column":4},"end":{"line":70,"column":19}},{"start":{"line":71,"column":4},"end":{"line":71,"column":17}},{"start":{"line":72,"column":4},"end":{"line":72,"column":16}},{"start":{"line":73,"column":4},"end":{"line":73,"column":15}},{"start":{"line":74,"column":4},"end":{"line":74,"column":14}},{"start":{"line":75,"column":4},"end":{"line":76,"column":19}},{"start":{"line":77,"column":4},"end":{"line":77,"column":19}},{"start":{"line":78,"column":4},"end":{"line":78,"column":18}},{"start":{"line":79,"column":4},"end":{"line":79,"column":16}},{"start":{"line":80,"column":4},"end":{"line":80,"column":15}},{"start":{"line":81,"column":4},"end":{"line":82,"column":19}},{"start":{"line":83,"column":4},"end":{"line":83,"column":19}},{"start":{"line":84,"column":4},"end":{"line":84,"column":18}},{"start":{"line":85,"column":4},"end":{"line":85,"column":16}},{"start":{"line":86,"column":4},"end":{"line":86,"column":15}},{"start":{"line":87,"column":4},"end":{"line":88,"column":19}},{"start":{"line":89,"column":4},"end":{"line":89,"column":24}},{"start":{"line":90,"column":4},"end":{"line":90,"column":23}},{"start":{"line":91,"column":4},"end":{"line":91,"column":17}},{"start":{"line":92,"column":4},"end":{"line":92,"column":16}},{"start":{"line":93,"column":4},"end":{"line":94,"column":15}},{"start":{"line":95,"column":4},"end":{"line":96,"column":23}}],"line":60},"10":{"loc":{"start":{"line":109,"column":2},"end":{"line":111,"column":3}},"type":"if","locations":[{"start":{"line":109,"column":2},"end":{"line":111,"column":3}},{"start":{"line":109,"column":2},"end":{"line":111,"column":3}}],"line":109},"11":{"loc":{"start":{"line":112,"column":2},"end":{"line":114,"column":3}},"type":"if","locations":[{"start":{"line":112,"column":2},"end":{"line":114,"column":3}},{"start":{"line":112,"column":2},"end":{"line":114,"column":3}}],"line":112},"12":{"loc":{"start":{"line":115,"column":2},"end":{"line":117,"column":3}},"type":"if","locations":[{"start":{"line":115,"column":2},"end":{"line":117,"column":3}},{"start":{"line":115,"column":2},"end":{"line":117,"column":3}}],"line":115},"13":{"loc":{"start":{"line":118,"column":2},"end":{"line":120,"column":3}},"type":"if","locations":[{"start":{"line":118,"column":2},"end":{"line":120,"column":3}},{"start":{"line":118,"column":2},"end":{"line":120,"column":3}}],"line":118},"14":{"loc":{"start":{"line":133,"column":9},"end":{"line":137,"column":14}},"type":"binary-expr","locations":[{"start":{"line":133,"column":9},"end":{"line":133,"column":29}},{"start":{"line":134,"column":4},"end":{"line":134,"column":25}},{"start":{"line":135,"column":4},"end":{"line":135,"column":27}},{"start":{"line":136,"column":4},"end":{"line":136,"column":27}},{"start":{"line":137,"column":4},"end":{"line":137,"column":14}}],"line":133},"15":{"loc":{"start":{"line":145,"column":2},"end":{"line":147,"column":3}},"type":"if","locations":[{"start":{"line":145,"column":2},"end":{"line":147,"column":3}},{"start":{"line":145,"column":2},"end":{"line":147,"column":3}}],"line":145},"16":{"loc":{"start":{"line":148,"column":2},"end":{"line":150,"column":3}},"type":"if","locations":[{"start":{"line":148,"column":2},"end":{"line":150,"column":3}},{"start":{"line":148,"column":2},"end":{"line":150,"column":3}}],"line":148}},"s":{"0":1,"1":1,"2":1,"3":1,"4":1,"5":1,"6":0,"7":0,"8":0,"9":0,"10":0,"11":0,"12":0,"13":0,"14":0,"15":0,"16":0,"17":0,"18":0,"19":0,"20":0,"21":0,"22":0,"23":0,"24":0,"25":0,"26":0,"27":0,"28":0,"29":0,"30":0,"31":0,"32":0,"33":0,"34":0,"35":0,"36":0,"37":0,"38":0,"39":0,"40":0,"41":0,"42":0,"43":0},"f":{"0":0,"1":0,"2":0,"3":0,"4":0},"b":{"0":[0,0],"1":[0,0],"2":[0,0],"3":[0,0],"4":[0,0],"5":[0,0],"6":[0,0],"7":[0,0],"8":[0,0],"9":[0,0,0,0,0,0,0,0,0,0,0,0,0,0,0,0,0,0,0,0,0,0,0,0,0,0,0,0,0],"10":[0,0],"11":[0,0],"12":[0,0],"13":[0,0],"14":[0,0,0,0,0],"15":[0,0],"16":[0,0]},"_coverageSchema":"1a1c01bbd47fc00a2c39e90264f33305004495a9","hash":"b325d5bd59dae4a719cc1d8d813ce723e86a2752","contentHash":"61107ed19cdd5df1f6749e5595cf334753ca5fcb7382773f9829cee44f6c7130"}
,"/data/js-variants/multee/Playground/finalhandler/node_modules/on-finished/index.js": {"path":"/data/js-variants/multee/Playground/finalhandler/node_modules/on-finished/index.js","statementMap":{"0":{"start":{"line":15,"column":0},"end":{"line":15,"column":27}},"1":{"start":{"line":16,"column":0},"end":{"line":16,"column":38}},"2":{"start":{"line":23,"column":17},"end":{"line":23,"column":39}},"3":{"start":{"line":24,"column":12},"end":{"line":24,"column":31}},"4":{"start":{"line":47,"column":2},"end":{"line":50,"column":3}},"5":{"start":{"line":48,"column":4},"end":{"line":48,"column":30}},"6":{"start":{"line":49,"column":4},"end":{"line":49,"column":14}},"7":{"start":{"line":53,"column":2},"end":{"line":53,"column":37}},"8":{"start":{"line":55,"column":2},"end":{"line":55,"column":12}},"9":{"start":{"line":67,"column":15},"end":{"line":67,"column":25}},"10":{"start":{"line":69,"column":2},"end":{"line":72,"column":3}},"11":{"start":{"line":71,"column":4},"end":{"line":71,"column":64}},"12":{"start":{"line":74,"column":2},"end":{"line":77,"column":3}},"13":{"start":{"line":76,"column":4},"end":{"line":76,"column":97}},"14":{"start":{"line":80,"column":2},"end":{"line":80,"column":18}},"15":{"start":{"line":94,"column":17},"end":{"line":94,"column":22}},"16":{"start":{"line":97,"column":4},"end":{"line":97,"column":18}},"17":{"start":{"line":98,"column":4},"end":{"line":98,"column":21}},"18":{"start":{"line":100,"column":4},"end":{"line":100,"column":19}},"19":{"start":{"line":101,"column":4},"end":{"line":101,"column":19}},"20":{"start":{"line":105,"column":2},"end":{"line":105,"column":62}},"21":{"start":{"line":109,"column":4},"end":{"line":109,"column":42}},"22":{"start":{"line":111,"column":4},"end":{"line":111,"column":24}},"23":{"start":{"line":111,"column":18},"end":{"line":111,"column":24}},"24":{"start":{"line":112,"column":4},"end":{"line":112,"column":34}},"25":{"start":{"line":112,"column":28},"end":{"line":112,"column":34}},"26":{"start":{"line":115,"column":4},"end":{"line":115,"column":60}},"27":{"start":{"line":118,"column":2},"end":{"line":122,"column":3}},"28":{"start":{"line":120,"column":4},"end":{"line":120,"column":24}},"29":{"start":{"line":121,"column":4},"end":{"line":121,"column":10}},"30":{"start":{"line":125,"column":2},"end":{"line":125,"column":28}},"31":{"start":{"line":127,"column":2},"end":{"line":130,"column":3}},"32":{"start":{"line":142,"column":17},"end":{"line":142,"column":33}},"33":{"start":{"line":145,"column":2},"end":{"line":148,"column":3}},"34":{"start":{"line":146,"column":4},"end":{"line":146,"column":53}},"35":{"start":{"line":147,"column":4},"end":{"line":147,"column":41}},"36":{"start":{"line":150,"column":2},"end":{"line":150,"column":31}},"37":{"start":{"line":163,"column":4},"end":{"line":163,"column":62}},"38":{"start":{"line":163,"column":39},"end":{"line":163,"column":62}},"39":{"start":{"line":164,"column":4},"end":{"line":164,"column":31}},"40":{"start":{"line":164,"column":25},"end":{"line":164,"column":31}},"41":{"start":{"line":166,"column":16},"end":{"line":166,"column":30}},"42":{"start":{"line":167,"column":4},"end":{"line":167,"column":25}},"43":{"start":{"line":169,"column":4},"end":{"line":171,"column":5}},"44":{"start":{"line":169,"column":17},"end":{"line":169,"column":18}},"45":{"start":{"line":170,"column":6},"end":{"line":170,"column":24}},"46":{"start":{"line":174,"column":2},"end":{"line":174,"column":21}},"47":{"start":{"line":176,"column":2},"end":{"line":176,"column":17}},"48":{"start":{"line":206,"column":2},"end":{"line":210,"column":3}},"49":{"start":{"line":207,"column":4},"end":{"line":207,"column":33}},"50":{"start":{"line":209,"column":4},"end":{"line":209,"column":13}},"51":{"start":{"line":223,"column":2},"end":{"line":225,"column":3}},"52":{"start":{"line":224,"column":4},"end":{"line":224,"column":71}},"53":{"start":{"line":228,"column":2},"end":{"line":230,"column":3}},"54":{"start":{"line":229,"column":4},"end":{"line":229,"column":13}},"55":{"start":{"line":233,"column":2},"end":{"line":233,"column":48}}},"fnMap":{"0":{"name":"onFinished","decl":{"start":{"line":46,"column":9},"end":{"line":46,"column":19}},"loc":{"start":{"line":46,"column":36},"end":{"line":56,"column":1}},"line":46},"1":{"name":"isFinished","decl":{"start":{"line":66,"column":9},"end":{"line":66,"column":19}},"loc":{"start":{"line":66,"column":26},"end":{"line":81,"column":1}},"line":66},"2":{"name":"attachFinishedListener","decl":{"start":{"line":91,"column":9},"end":{"line":91,"column":31}},"loc":{"start":{"line":91,"column":48},"end":{"line":131,"column":1}},"line":91},"3":{"name":"onFinish","decl":{"start":{"line":96,"column":11},"end":{"line":96,"column":19}},"loc":{"start":{"line":96,"column":28},"end":{"line":102,"column":3}},"line":96},"4":{"name":"onSocket","decl":{"start":{"line":107,"column":11},"end":{"line":107,"column":19}},"loc":{"start":{"line":107,"column":29},"end":{"line":116,"column":3}},"line":107},"5":{"name":"attachListener","decl":{"start":{"line":141,"column":9},"end":{"line":141,"column":23}},"loc":{"start":{"line":141,"column":40},"end":{"line":151,"column":1}},"line":141},"6":{"name":"createListener","decl":{"start":{"line":161,"column":9},"end":{"line":161,"column":23}},"loc":{"start
[...]
:{"line":148,"column":3}},{"start":{"line":145,"column":2},"end":{"line":148,"column":3}}],"line":145},"10":{"loc":{"start":{"line":145,"column":6},"end":{"line":145,"column":34}},"type":"binary-expr","locations":[{"start":{"line":145,"column":6},"end":{"line":145,"column":15}},{"start":{"line":145,"column":19},"end":{"line":145,"column":34}}],"line":145},"11":{"loc":{"start":{"line":163,"column":4},"end":{"line":163,"column":62}},"type":"if","locations":[{"start":{"line":163,"column":4},"end":{"line":163,"column":62}},{"start":{"line":163,"column":4},"end":{"line":163,"column":62}}],"line":163},"12":{"loc":{"start":{"line":164,"column":4},"end":{"line":164,"column":31}},"type":"if","locations":[{"start":{"line":164,"column":4},"end":{"line":164,"column":31}},{"start":{"line":164,"column":4},"end":{"line":164,"column":31}}],"line":164},"13":{"loc":{"start":{"line":223,"column":2},"end":{"line":225,"column":3}},"type":"if","locations":[{"start":{"line":223,"column":2},"end":{"line":225,"column":3}},{"start":{"line":223,"column":2},"end":{"line":225,"column":3}}],"line":223},"14":{"loc":{"start":{"line":224,"column":39},"end":{"line":224,"column":70}},"type":"binary-expr","locations":[{"start":{"line":224,"column":39},"end":{"line":224,"column":46}},{"start":{"line":224,"column":50},"end":{"line":224,"column":70}}],"line":224},"15":{"loc":{"start":{"line":228,"column":2},"end":{"line":230,"column":3}},"type":"if","locations":[{"start":{"line":228,"column":2},"end":{"line":230,"column":3}},{"start":{"line":228,"column":2},"end":{"line":230,"column":3}}],"line":228},"16":{"loc":{"start":{"line":228,"column":6},"end":{"line":228,"column":34}},"type":"binary-expr","locations":[{"start":{"line":228,"column":6},"end":{"line":228,"column":10}},{"start":{"line":228,"column":14},"end":{"line":228,"column":34}}],"line":228}},"s":{"0":1,"1":1,"2":1,"3":1,"4":50,"5":0,"6":0,"7":50,"8":50,"9":101,"10":101,"11":0,"12":101,"13":101,"14":0,"15":50,"16":50,"17":50,"18":50,"19":50,"20":50,"21":50,"22":50,"23":0,"24":50,"25":0,"26":50,"27":50,"28":50,"29":50,"30":0,"31":0,"32":50,"33":50,"34":50,"35":50,"36":50,"37":50,"38":50,"39":50,"40":0,"41":50,"42":50,"43":50,"44":50,"45":50,"46":50,"47":50,"48":1,"49":1,"50":0,"51":50,"52":50,"53":50,"54":0,"55":50},"f":{"0":50,"1":101,"2":50,"3":50,"4":50,"5":50,"6":50,"7":50,"8":1,"9":50},"b":{"0":[0,50],"1":[0,101],"2":[0,0,0],"3":[101,0],"4":[101,101,101,101,1],"5":[0,50],"6":[0,50],"7":[50,0],"8":[0,0],"9":[50,0],"10":[50,0],"11":[50,0],"12":[0,50],"13":[50,0],"14":[50,0],"15":[0,50],"16":[50,50]},"_coverageSchema":"1a1c01bbd47fc00a2c39e90264f33305004495a9","hash":"914c551726af94609b787094cbc319de3ad0a22e","contentHash":"2fa2c93eb8e02f2801896e20363652294c33ec1743f9c6ec2cafdf7b5b4d3efc"}
,"/data/js-variants/multee/Playground/finalhandler/node_modules/parseurl/index.js": {"path":"/data/js-variants/multee/Playground/finalhandler/node_modules/parseurl/index.js","statementMap":{"0":{"start":{"line":15,"column":10},"end":{"line":15,"column":24}},"1":{"start":{"line":16,"column":12},"end":{"line":16,"column":21}},"2":{"start":{"line":17,"column":10},"end":{"line":17,"column":17}},"3":{"start":{"line":24,"column":0},"end":{"line":24,"column":25}},"4":{"start":{"line":25,"column":0},"end":{"line":25,"column":37}},"5":{"start":{"line":36,"column":12},"end":{"line":36,"column":19}},"6":{"start":{"line":38,"column":2},"end":{"line":41,"column":3}},"7":{"start":{"line":40,"column":4},"end":{"line":40,"column":20}},"8":{"start":{"line":43,"column":15},"end":{"line":43,"column":29}},"9":{"start":{"line":45,"column":2},"end":{"line":48,"column":3}},"10":{"start":{"line":47,"column":4},"end":{"line":47,"column":17}},"11":{"start":{"line":51,"column":2},"end":{"line":51,"column":25}},"12":{"start":{"line":52,"column":2},"end":{"line":52,"column":19}},"13":{"start":{"line":54,"column":2},"end":{"line":54,"column":34}},"14":{"start":{"line":66,"column":12},"end":{"line":66,"column":27}},"15":{"start":{"line":68,"column":2},"end":{"line":71,"column":3}},"16":{"start":{"line":70,"column":4},"end":{"line":70,"column":24}},"17":{"start":{"line":73,"column":15},"end":{"line":73,"column":37}},"18":{"start":{"line":75,"column":2},"end":{"line":78,"column":3}},"19":{"start":{"line":77,"column":4},"end":{"line":77,"column":17}},"20":{"start":{"line":81,"column":2},"end":{"line":81,"column":25}},"21":{"start":{"line":82,"column":2},"end":{"line":82,"column":19}},"22":{"start":{"line":84,"column":2},"end":{"line":84,"column":42}},"23":{"start":{"line":96,"column":2},"end":{"line":98,"column":3}},"24":{"start":{"line":97,"column":4},"end":{"line":97,"column":21}},"25":{"start":{"line":100,"column":17},"end":{"line":100,"column":20}},"26":{"start":{"line":101,"column":14},"end":{"line":101,"column":18}},"27":{"start":{"line":102,"column":15},"end":{"line":102,"column":19}},"28":{"start":{"line":107,"column":2},"end":{"line":126,"column":3}},"29":{"start":{"line":107,"column":15},"end":{"line":107,"column":16}},"30":{"start":{"line":108,"column":4},"end":{"line":125,"column":5}},"31":{"start":{"line":110,"column":8},"end":{"line":114,"column":9}},"32":{"start":{"line":111,"column":10},"end":{"line":111,"column":40}},"33":{"start":{"line":112,"column":10},"end":{"line":112,"column":38}},"34":{"start":{"line":113,"column":10},"end":{"line":113,"column":35}},"35":{"start":{"line":115,"column":8},"end":{"line":115,"column":13}},"36":{"start":{"line":124,"column":8},"end":{"line":124,"column":25}},"37":{"start":{"line":128,"column":12},"end":{"line":130,"column":8}},"38":{"start":{"line":132,"column":2},"end":{"line":132,"column":16}},"39":{"start":{"line":133,"column":2},"end":{"line":133,"column":16}},"40":{"start":{"line":134,"column":2},"end":{"line":134,"column":25}},"41":{"start":{"line":136,"column":2},"end":{"line":139,"column":3}},"42":{"start":{"line":137,"column":4},"end":{"line":137,"column":21}},"43":{"start":{"line":138,"column":4},"end":{"line":138,"column":23}},"44":{"start":{"line":141,"column":2},"end":{"line":141,"column":12}},"45":{"start":{"line":154,"column":2},"end":{"line":157,"column":26}}},"fnMap":{"0":{"name":"parseurl","decl":{"start":{"line":35,"column":9},"end":{"line":35,"column":17}},"loc":{"start":{"line":35,"column":24},"end":{"line":55,"column":1}},"line":35},"1":{"name":"originalurl","decl":{"start":{"line":65,"column":9},"end":{"line":65,"column":20}},"loc":{"start":{"line":65,"column":27},"end":{"line":85,"column":1}},"line":65},"2":{"name":"fastparse","decl":{"start":{"line":95,"column":9},"end":{"line":95,"column":18}},"loc":{"start":{"line":95,"column":25},"end":{"line":142,"column":1}},"line":95},"3":{"name":"fresh","decl":{"start":{"line":153,"column":9},"end":{"line":153,"column":14}},"loc":{"start":{"line":153,"column":32},"end":{"line":158,"column":1}},"line":153}},"branchMap":{"0":{"loc":{"start":{"line":38,"column":2},"end":{"line":41,"column":3}},"type":"if","locations":[{"start":{"line":38,"column":2},"end":{"line":41,"column":3}},{"start":{"line":38,"column":2},"end":{"line":41,"column":3}}],"line":38},"1":{"loc":{"start":{"line":45,"column":2},"end":{"line":48,"column":3}},"type":"if","locations":[{"start":{"line":45,"column":2},"end":{"line":48,"column":3}},{"start":{"line":45,"column":2},"end":{"line":48,"column":3}}],"line":45},"2":{"loc":{"start":{"line":68,"column":2},"end":{"line":71,"column":3}},"type":"if","locations":[{"start":{"line":68,"column":2},"end":{"line":71,"column":3}},{"start":{"line":68,"column":2},"end":{"line":71,"column":3}}],"line":68},"3":{"loc":{"start":{"line":75,"column":2},"end":{"line":78,"column":3}},"type":"if","locations":[{"start":{"line":75,"column":2},"end":{"line":78,"column":3}},{"start":{"line":75,"column":2},"end":{"line":78,"column":3}}],"line":75},"4":{"loc":{"start":{"line":96,"column":2},"end":{"line":98,"column":3}},"type":"if","locations":[{"start":{"line":96,"column":2},"end":{"line":98,"column":3}},{"start":{"line":96,"column":2},"end":{"line":98,"column":3}}],"line":96},"5":{"loc":{"start":{"line":96,"column":6},"end":{"line":96,"column":59}},"type":"binary-expr","locations":[{"start":{"line":96,"column":6},"end":{"line":96,"column":29}},{"start":{"line":96,"column":33},"end":{"line":96,"column":59}}],"line":96},"6":{"loc":{"start":{"line":108,"column":4},"end":{"line":125,"column":5}},"type":"switch","locations":[{"start":{"line":109,"column":6},"end":{"line":115,"column":13}},{"start":{"line":116,"column":6},"end":{"line":116,"column":16}},{"start":{"line":117,"column":6},"end":{"line":117,"column":16}},{"start":{"line":118,"column":6},"end":{"line":118,"column":16}},{"start":{"line":119,"column":6},"end":{"line":119,"column":16}},{"start":{"line":120,"column":6},"end":{"line":120,"column":16}},{"start":{"line":121,"column":6},"end":{"line":121,"column":16}},{"start":{"line":122,"column":6},"end":{"line":122,"column":16}},{"start":{"line":123,"column":6},"end":{"line":124,"column":25}}],"line":108},"7":{"loc":{"start":{"line":110,"column":8},"end":{"line":114,"column":9}},"type":"if","locations":[{"start":{"line":110,"column":8},"end":{"line":114,"column":9}},{"start":{"line":110,"column":8},"end":{"line":114,"column":9}}],"line":110},"8":{"loc":{"start":{"line":128,"column":12},"end":{"line":130,"column":8}},"type":"cond-expr","locations":[{"start":{"line":129,"column":6},"end":{"line":129,"column":15}},{"start":{"line":130,"column":6},"end":{"line":130,"column":8}}],"line":128},"9":{"loc":{"start":{"line":136,"column":2},"end":{"line":139,"column":3}},"type":"if","locations":[{"start":{"line":136,"column":2},"end":{"line":139,"column":3}},{"start":{"line":136,"column":2},"end":{"line":139,"column":3}}],"line":136},"10":{"loc":{"start":{"line":154,"column":9},"end":{"line":157,"column":26}},"type":"binary-expr","locations":[{"start":{"line":154,"column":9},"end":{"line":154,"column":38}},{"start":{"line":155,"column":4},"end":{"line":155,"column":22}},{"start":{"line":156,"column":5},"end":{"line":156,"column":22}},{"start":{"line":156,"column":26},"end":{"line":156,"column":50}},{"start":{"line":157,"column":4},"end":{"line":157,"column":26}}],"line":154}},"s":{"0":1,"1":1,"2":1,"3":1,"4":1,"5":14,"6":14,"7":1,"8":13,"9":13,"10":0,"11":13,"12":13,"13":13,"14":15,"15":15,"16":14,"17":1,"18":1,"19":0,"20":1,"21":1,"22":1,"23":14,"24":1,"25":13,"26":13,"27":13,"28":13,"29":13,"30":45,"31":0,"32":0,"33":0,"34":0,"35":0,"36":0,"37":13,"38":13,"39":13,"40":13,"41":13,"42":0,"43":0,"44":13,"45":14},"f":{"0":14,"1":15,"2":14,"3":14},"b":{"0":[1,13],"1":[0,13],"2":[14,1],"3":[0,1],"4":[1,13],"5":[14,14],"6":[0,0,0,0,0,0,0,0,0],"7":[0,0],"8":[13,0],"9":[0,13],"10":[14,0,0,0,0]},"_coverageSchema":"1a1c01bbd47fc00a2c39e90264f33305004495a9","hash":"92dd6c7fccaaeaf94a557731006c9c89c720127f","contentHash":"48ad92469453da603029940332c657badff62c0b1d6c0e9a24c8fdfbf66601f3"}
,"/data/js-variants/multee/Playground/finalhandler/node_modules/statuses/index.js": {"path":"/data/js-variants/multee/Playground/finalhandler/node_modules/statuses/index.js","statementMap":{"0":{"start":{"line":15,"column":12},"end":{"line":15,"column":35}},"1":{"start":{"line":22,"column":0},"end":{"line":22,"column":23}},"2":{"start":{"line":25,"column":0},"end":{"line":25,"column":22}},"3":{"start":{"line":28,"column":0},"end":{"line":28,"column":49}},"4":{"start":{"line":31,"column":0},"end":{"line":31,"column":42}},"5":{"start":{"line":34,"column":0},"end":{"line":42,"column":1}},"6":{"start":{"line":45,"column":0},"end":{"line":49,"column":1}},"7":{"start":{"line":52,"column":0},"end":{"line":56,"column":1}},"8":{"start":{"line":64,"column":12},"end":{"line":64,"column":14}},"9":{"start":{"line":66,"column":2},"end":{"line":72,"column":4}},"10":{"start":{"line":67,"column":18},"end":{"line":67,"column":29}},"11":{"start":{"line":68,"column":17},"end":{"line":68,"column":29}},"12":{"start":{"line":71,"column":4},"end":{"line":71,"column":39}},"13":{"start":{"line":74,"column":2},"end":{"line":74,"column":12}},"14":{"start":{"line":83,"column":2},"end":{"line":85,"column":4}},"15":{"start":{"line":84,"column":4},"end":{"line":84,"column":23}},"16":{"start":{"line":94,"column":12},"end":{"line":94,"column":33}},"17":{"start":{"line":96,"column":2},"end":{"line":98,"column":3}},"18":{"start":{"line":97,"column":4},"end":{"line":97,"column":64}},"19":{"start":{"line":100,"column":2},"end":{"line":100,"column":25}},"20":{"start":{"line":109,"column":2},"end":{"line":111,"column":3}},"21":{"start":{"line":110,"column":4},"end":{"line":110,"column":51}},"22":{"start":{"line":113,"column":2},"end":{"line":113,"column":29}},"23":{"start":{"line":131,"column":2},"end":{"line":133,"column":3}},"24":{"start":{"line":132,"column":4},"end":{"line":132,"column":33}},"25":{"start":{"line":135,"column":2},"end":{"line":137,"column":3}},"26":{"start":{"line":136,"column":4},"end":{"line":136,"column":58}},"27":{"start":{"line":140,"column":10},"end":{"line":140,"column":28}},"28":{"start":{"line":141,"column":2},"end":{"line":143,"column":3}},"29":{"start":{"line":142,"column":4},"end":{"line":142,"column":30}},"30":{"start":{"line":145,"column":2},"end":{"line":145,"column":28}}},"fnMap":{"0":{"name":"createMessageToStatusCodeMap","decl":{"start":{"line":63,"column":9},"end":{"line":63,"column":37}},"loc":{"start":{"line":63,"column":46},"end":{"line":75,"column":1}},"line":63},"1":{"name":"forEachCode","decl":{"start":{"line":66,"column":38},"end":{"line":66,"column":49}},"loc":{"start":{"line":66,"column":57},"end":{"line":72,"column":3}},"line":66},"2":{"name":"createStatusCodeList","decl":{"start":{"line":82,"column":9},"end":{"line":82,"column":29}},"loc":{"start":{"line":82,"column":38},"end":{"line":86,"column":1}},"line":82},"3":{"name":"mapCode","decl":{"start":{"line":83,"column":41},"end":{"line":83,"column":48}},"loc":{"start":{"line":83,"column":56},"end":{"line":85,"column":3}},"line":83},"4":{"name":"getStatusCode","decl":{"start":{"line":93,"column":9},"end":{"line":93,"column":22}},"loc":{"start":{"line":93,"column":33},"end":{"line":101,"column":1}},"line":93},"5":{"name":"getStatusMessage","decl":{"start":{"line":108,"column":9},"end":{"line":108,"column":25}},"loc":{"start":{"line":108,"column":33},"end":{"line":114,"column":1}},"line":108},"6":{"name":"status","decl":{"start":{"line":130,"column":9},"end":{"line":130,"column":15}},"loc":{"start":{"line":130,"column":23},"end":{"line":146,"column":1}},"line":130}},"branchMap":{"0":{"loc":{"start":{"line":96,"column":2},"end":{"line":98,"column":3}},"type":"if","locations":[{"start":{"line":96,"column":2},"end":{"line":98,"column":3}},{"start":{"line":96,"column":2},"end":{"line":98,"column":3}}],"line":96},"1":{"loc":{"start":{"line":109,"column":2},"end":{"line":111,"column":3}},"type":"if","locations":[{"start":{"line":109,"column":2},"end":{"line":111,"column":3}},{"start":{"line":109,"column":2},"end":{"line":111,"column":3}}],"line":109},"2":{"loc":{"start":{"line":131,"column":2},"end":{"line":133,"column":3}},"type":"if","locations":[{"start":{"line":131,"column":2},"end":{"line":133,"column":3}},{"start":{"line":131,"column":2},"end":{"line":133,"column":3}}],"line":131},"3":{"loc":{"start":{"line":135,"column":2},"end":{"line":137,"column":3}},"type":"if","locations":[{"start":{"line":135,"column":2},"end":{"line":137,"column":3}},{"start":{"line":135,"column":2},"end":{"line":137,"column":3}}],"line":135},"4":{"loc":{"start":{"line":141,"column":2},"end":{"line":143,"column":3}},"type":"if","locations":[{"start":{"line":141,"column":2},"end":{"line":143,"column":3}},{"start":{"line":141,"column":2},"end":{"line":143,"column":3}}],"line":141}},"s":{"0":1,"1":1,"2":1,"3":1,"4":1,"5":1,"6":1,"7":1,"8":1,"9":1,"10":63,"11":63,"12":63,"13":1,"14":1,"15":63,"16":0,"17":0,"18":0,"19":0,"20":0,"21":0,"22":0,"23":0,"24":0,"25":0,"26":0,"27":0,"28":0,"29":0,"30":0},"f":{"0":1,"1":63,"2":1,"3":63,"4":0,"5":0,"6":0},"b":{"0":[0,0],"1":[0,0],"2":[0,0],"3":[0,0],"4":[0,0]},"_coverageSchema":"1a1c01bbd47fc00a2c39e90264f33305004495a9","hash":"3ea8c1d698b0877569c177d8b647fc12cc7b621c","contentHash":"75c1a330eda2e1a2bc164b6772a116bb762e8943455e84b45f815e0b25884910"}
,"/data/js-variants/multee/Playground/finalhandler/node_modules/unpipe/index.js": {"path":"/data/js-variants/multee/Playground/finalhandler/node_modules/unpipe/index.js","statementMap":{"0":{"start":{"line":14,"column":0},"end":{"line":14,"column":23}},"1":{"start":{"line":22,"column":18},"end":{"line":22,"column":42}},"2":{"start":{"line":24,"column":2},"end":{"line":28,"column":3}},"3":{"start":{"line":24,"column":15},"end":{"line":24,"column":16}},"4":{"start":{"line":25,"column":4},"end":{"line":27,"column":5}},"5":{"start":{"line":26,"column":6},"end":{"line":26,"column":17}},"6":{"start":{"line":30,"column":2},"end":{"line":30,"column":14}},"7":{"start":{"line":41,"column":2},"end":{"line":43,"column":3}},"8":{"start":{"line":42,"column":4},"end":{"line":42,"column":54}},"9":{"start":{"line":45,"column":2},"end":{"line":49,"column":3}},"10":{"start":{"line":47,"column":4},"end":{"line":47,"column":19}},"11":{"start":{"line":48,"column":4},"end":{"line":48,"column":10}},"12":{"start":{"line":52,"column":2},"end":{"line":54,"column":3}},"13":{"start":{"line":53,"column":4},"end":{"line":53,"column":10}},"14":{"start":{"line":57,"column":18},"end":{"line":57,"column":43}},"15":{"start":{"line":59,"column":2},"end":{"line":68,"column":3}},"16":{"start":{"line":59,"column":15},"end":{"line":59,"column":16}},"17":{"start":{"line":60,"column":4},"end":{"line":60,"column":27}},"18":{"start":{"line":62,"column":4},"end":{"line":64,"column":5}},"19":{"start":{"line":63,"column":6},"end":{"line":63,"column":14}},"20":{"start":{"line":67,"column":4},"end":{"line":67,"column":25}}},"fnMap":{"0":{"name":"hasPipeDataListeners","decl":{"start":{"line":21,"column":9},"end":{"line":21,"column":29}},"loc":{"start":{"line":21,"column":38},"end":{"line":31,"column":1}},"line":21},"1":{"name":"unpipe","decl":{"start":{"line":40,"column":9},"end":{"line":40,"column":15}},"loc":{"start":{"line":40,"column":24},"end":{"line":69,"column":1}},"line":40}},"branchMap":{"0":{"loc":{"start":{"line":25,"column":4},"end":{"line":27,"column":5}},"type":"if","locations":[{"start":{"line":25,"column":4},"end":{"line":27,"column":5}},{"start":{"line":25,"column":4},"end":{"line":27,"column":5}}],"line":25},"1":{"loc":{"start":{"line":41,"column":2},"end":{"line":43,"column":3}},"type":"if","locations":[{"start":{"line":41,"column":2},"end":{"line":43,"column":3}},{"start":{"line":41,"column":2},"end":{"line":43,"column":3}}],"line":41},"2":{"loc":{"start":{"line":45,"column":2},"end":{"line":49,"column":3}},"type":"if","locations":[{"start":{"line":45,"column":2},"end":{"line":49,"column":3}},{"start":{"line":45,"column":2},"end":{"line":49,"column":3}}],"line":45},"3":{"loc":{"start":{"line":52,"column":2},"end":{"line":54,"column":3}},"type":"if","locations":[{"start":{"line":52,"column":2},"end":{"line":54,"column":3}},{"start":{"line":52,"column":2},"end":{"line":54,"column":3}}],"line":52},"4":{"loc":{"start":{"line":62,"column":4},"end":{"line":64,"column":5}},"type":"if","locations":[{"start":{"line":62,"column":4},"end":{"line":64,"column":5}},{"start":{"line":62,"column":4},"end":{"line":64,"column":5}}],"line":62},"5":{"loc":{"start":{"line":62,"column":8},"end":{"line":62,"column":66}},"type":"binary-expr","locations":[{"start":{"line":62,"column":8},"end":{"line":62,"column":35}},{"start":{"line":62,"column":39},"end":{"line":62,"column":66}}],"line":62}},"s":{"0":1,"1":0,"2":0,"3":0,"4":0,"5":0,"6":0,"7":50,"8":0,"9":50,"10":50,"11":50,"12":0,"13":0,"14":0,"15":0,"16":0,"17":0,"18":0,"19":0,"20":0},"f":{"0":0,"1":50},"b":{"0":[0,0],"1":[0,50],"2":[50,0],"3":[0,0],"4":[0,0],"5":[0,0]},"_coverageSchema":"1a1c01bbd47fc00a2c39e90264f33305004495a9","hash":"d38e602f23cb3aeb0b6570b612d1f0a5f53754c1","contentHash":"2c4677128a2f21ab2f31c227c7c45c90c20c8ee2a4dac9c62b660aed01b4fdee"}
}
