{"/data/js-variants/multee/Playground/send/index.js": {"path":"/data/js-variants/multee/Playground/send/index.js","statementMap":{"0":{"start":{"line":15,"column":18},"end":{"line":15,"column":40}},"1":{"start":{"line":16,"column":12},"end":{"line":16,"column":36}},"2":{"start":{"line":17,"column":16},"end":{"line":17,"column":39}},"3":{"start":{"line":18,"column":14},"end":{"line":18,"column":32}},"4":{"start":{"line":19,"column":16},"end":{"line":19,"column":36}},"5":{"start":{"line":20,"column":17},"end":{"line":20,"column":39}},"6":{"start":{"line":21,"column":11},"end":{"line":21,"column":26}},"7":{"start":{"line":22,"column":12},"end":{"line":22,"column":28}},"8":{"start":{"line":23,"column":9},"end":{"line":23,"column":22}},"9":{"start":{"line":24,"column":11},"end":{"line":24,"column":26}},"10":{"start":{"line":25,"column":9},"end":{"line":25,"column":22}},"11":{"start":{"line":26,"column":17},"end":{"line":26,"column":39}},"12":{"start":{"line":27,"column":17},"end":{"line":27,"column":40}},"13":{"start":{"line":28,"column":11},"end":{"line":28,"column":26}},"14":{"start":{"line":29,"column":15},"end":{"line":29,"column":34}},"15":{"start":{"line":30,"column":13},"end":{"line":30,"column":30}},"16":{"start":{"line":31,"column":11},"end":{"line":31,"column":26}},"17":{"start":{"line":38,"column":14},"end":{"line":38,"column":26}},"18":{"start":{"line":39,"column":11},"end":{"line":39,"column":20}},"19":{"start":{"line":40,"column":16},"end":{"line":40,"column":30}},"20":{"start":{"line":41,"column":14},"end":{"line":41,"column":26}},"21":{"start":{"line":42,"column":10},"end":{"line":42,"column":18}},"22":{"start":{"line":49,"column":25},"end":{"line":49,"column":36}},"23":{"start":{"line":56,"column":17},"end":{"line":56,"column":42}},"24":{"start":{"line":63,"column":21},"end":{"line":63,"column":49}},"25":{"start":{"line":70,"column":0},"end":{"line":70,"column":21}},"26":{"start":{"line":71,"column":0},"end":{"line":71,"column":26}},"27":{"start":{"line":84,"column":2},"end":{"line":84,"column":43}},"28":{"start":{"line":97,"column":2},"end":{"line":97,"column":19}},"29":{"start":{"line":99,"column":13},"end":{"line":99,"column":26}},"30":{"start":{"line":101,"column":2},"end":{"line":101,"column":21}},"31":{"start":{"line":102,"column":2},"end":{"line":102,"column":18}},"32":{"start":{"line":103,"column":2},"end":{"line":103,"column":16}},"33":{"start":{"line":105,"column":2},"end":{"line":107,"column":10}},"34":{"start":{"line":109,"column":2},"end":{"line":111,"column":10}},"35":{"start":{"line":113,"column":2},"end":{"line":115,"column":10}},"36":{"start":{"line":117,"column":2},"end":{"line":119,"column":14}},"37":{"start":{"line":121,"column":2},"end":{"line":123,"column":3}},"38":{"start":{"line":122,"column":4},"end":{"line":122,"column":79}},"39":{"start":{"line":125,"column":2},"end":{"line":125,"column":37}},"40":{"start":{"line":127,"column":2},"end":{"line":129,"column":3}},"41":{"start":{"line":128,"column":4},"end":{"line":128,"column":94}},"42":{"start":{"line":132,"column":2},"end":{"line":134,"column":3}},"43":{"start":{"line":133,"column":4},"end":{"line":133,"column":30}},"44":{"start":{"line":136,"column":2},"end":{"line":138,"column":8}},"45":{"start":{"line":140,"column":2},"end":{"line":142,"column":11}},"46":{"start":{"line":144,"column":2},"end":{"line":146,"column":20}},"47":{"start":{"line":148,"column":2},"end":{"line":150,"column":10}},"48":{"start":{"line":152,"column":2},"end":{"line":152,"column":43}},"49":{"start":{"line":153,"column":2},"end":{"line":155,"column":26}},"50":{"start":{"line":156,"column":2},"end":{"line":158,"column":7}},"51":{"start":{"line":160,"column":2},"end":{"line":162,"column":10}},"52":{"start":{"line":164,"column":2},"end":{"line":166,"column":3}},"53":{"start":{"line":165,"column":4},"end":{"line":165,"column":24}},"54":{"start":{"line":173,"column":0},"end":{"line":173,"column":33}},"55":{"start":{"line":183,"column":0},"end":{"line":187,"column":36}},"56":{"start":{"line":184,"column":2},"end":{"line":184,"column":27}},"57":{"start":{"line":185,"column":2},"end":{"line":185,"column":30}},"58":{"start":{"line":186,"column":2},"end":{"line":186,"column":13}},"59":{"start":{"line":197,"column":0},"end":{"line":202,"column":38}},"60":{"start":{"line":198,"column":2},"end":{"line":198,"column":29}},"61":{"start":{"line":199,"column":2},"end":{"line":199,"column":28}},"62":{"start":{"line":200,"column":2},"end":{"line":200,"column":34}},"63":{"start":{"line":201,"column":2},"end":{"line":201,"column":13}},"64":{"start":{"line":213,"column":0},"end":{"line":218,"column":38}},"65":{"start":{"line":214,"column":14},"end":{"line":214,"column":66}},"66":{"start":{"line":215,"column":2},"end":{"line":215,"column":26}},"67":{"start":{"line":216,"column":2},"end":{"line":216,"column":21}},"68":{"start":{"line":217,"column":2},"end":{"line":217,"column":13}},"69":{"start":{"line":228,"column":0},"end":{"line":232,"column":1}},"70":{"start":{"line":229,"column":2},"end":{"line":229,"column":36}},"71":{"start":{"line":230,"column":2},"end":{"line":230,"column":30}},"72":{"start":{"line":231,"column":2},"end":{"line":231,"column":13}},"73":{"start":{"line":234,"column":0},"end":{"line":235,"column":35}},"74":{"start":{"line":237,"column":0},"end":{"line":238,"column":35}},"75":{"start":{"line":248,"column":0},"end":{"line":257,"column":40}},"76":{"start":{"line":249,"column":2},"end":{"line":251,"column":20}},"77":{"start":{"line":252,"column":2},"end":{"line":254,"column":7}},"78":{"start":{"line":255,"column":2},"end":{"line":255,"column":35}},"79":{"start":{"line":256,"column":2},"end":{"line":256,"column":13}},"80":{"start":{"line":267,"column":0},"end":{"line":292,"column":1}},"81":{"start":{"line":269,"column":2},"end":{"line":271,"column":3}},"82":{"start":{"line":270,"column":4},"end":{"line":270,"column":59}},"83":{"start":{"line":273,"column":12},"end":{"line":273,"column":20}},"84":{"start":{"line":274,"column":12},"end":{"line":274,"column":54}},"85":{"start":{"line":275,"column":12},"end":{"line":275,"column":56}},"86":{"start":{"line":278,"column":2},"end":{"line":278,"column":19}},"87":{"start":{"line":281,"column":2},"end":{"line":283,"column":3}},"88":{"start":{"line":282,"column":4},"end":{"line":282,"column":32}},"89":{"start":{"line":286,"column":2},"end":{"line":286,"column":25}},"90":{"start":{"line":287,"column":2},"end":{"line":287,"column":59}},"91":{"start":{"line":288,"column":2},"end":{"line":288,"column":57}},"92":{"start":{"line":289,"column":2},"end":{"line":289,"column":64}},"93":{"start":{"line":290,"column":2},"end":{"line":290,"column":52}},"94":{"start":{"line":291,"column":2},"end":{"line":291,"column":14}},"95":{"start":{"line":301,"column":0},"end":{"line":303,"column":1}},"96":{"start":{"line":302,"column":2},"end":{"line":302,"column":48}},"97":{"start":{"line":312,"column":0},"end":{"line":317,"column":1}},"98":{"start":{"line":313,"column":2},"end":{"line":316,"column":41}},"99":{"start":{"line":326,"column":0},"end":{"line":347,"column":1}},"100":{"start":{"line":327,"column":12},"end":{"line":327,"column":20}},"101":{"start":{"line":328,"column":12},"end":{"line":328,"column":20}},"102":{"start":{"line":331,"column":14},"end":{"line":331,"column":37}},"103":{"start":{"line":332,"column":2},"end":{"line":337,"column":3}},"104":{"start":{"line":333,"column":15},"end":{"line":333,"column":36}},"105":{"start":{"line":334,"column":4},"end":{"line":336,"column":7}},"106":{"start":{"line":335,"column":6},"end":{"line":335,"column":77}},"107":{"start":{"line":340,"column":24},"end":{"line":340,"column":73}},"108":{"start":{"line":341,"column":2},"end":{"line":344,"column":3}},"109":{"start":{"line":342,"column":23},"end":{"line":342,"column":68}},"110":{"start":{"line":343,"column":4},"end":{"line":343,"column":64}},"111":{"start":{"line":346,"column":2},"end":{"line":346,"column":14}},"112":{"start":{"line":355,"column":0},"end":{"line":363,"column":1}},"113":{"start":{"line":356,"column":12},"end":{"line":356,"column":20}},"114":{"start":{"line":358,"column":2},"end":{"line":358,"column":38}},"115":{"start":{"line":359,"column":2},"end":{"line":359,"column":38}},"116":{"start":{"line":360,"column":2},"end":{"line":360,"column":36}},"117":{"start":{"line":361,"column":2},"end":{"line":361,"column":35}},"118":{"start":{"line":362,"column":2},"end":{"line":362,"column":34}},"119":{"start":{"line":371,"column":0},"end":{"line":377,"column":1}},"120":{"start":{"line":372,"column":12},"end":{"line":372,"column":20}},"121":{"start":{"line":373,"column":2},"end":{"line":373,"column":23}},"122":{"start":{"line":374,"column":2},"end":{"line":374,"column":34}},"123":{"start":{"line":375,"column":2},"end":{"line":375,"column":22}},"124":{"start":{"line":376,"column":2},"end":{"line":376,"column":11}},"125":{"start":{"line":385,"column":0},"end":{"line":389,"column":1}},"126":{"start":{"line":386,"column":12},"end":{"line":386,"column":64}},"127":{"start":{"line":387,"column":2},"end":{"line":387,"column":31}},"128":{"start":{"line":388,"column":2},"end":{"line":388,"column":22}},"129":{"start":{"line":399,"column":0},"end":{"line":403,"column":1}},"130":{"start":{"line":400,"column":19},"end":{"line":400,"column":38}},"131":{"start":{"line":401,"column":2},"end":{"line":402,"column":22}},"132":{"start":{"line":412,"column":0},"end":{"line":423,"column":1}},"133":{"start":{"line":413,"column":2},"end":{"line":422,"column":3}},"134":{"start":{"line":417,"column":6},"end":{"line":417,"column":28}},"135":{"start":{"line":418,"column":6},"end":{"line":418,"column":11}},"136":{"start":{"line":420,"column":6},"end":{"line":420,"column":28}},"137":{"start":{"line":421,"column":6},"end":{"line":421,"column":11}},"138":{"start":{"line":432,"column":0},"end":{"line":437,"column":1}},"139":{"start":{"line":433,"column":2},"end":{"line":436,"column":4}},"140":{"start":{"line":446,"column":0},"end":{"line":462,"column":1}},"141":{"start":{"line":447,"column":16},"end":{"line":447,"column":44}},"142":{"start":{"line":449,"column":2},"end":{"line":451,"column":3}},"143":{"start":{"line":450,"column":4},"end":{"line":450,"column":15}},"144":{"start":{"line":454,"column":2},"end":{"line":457,"column":3}},"145":{"start":{"line":455,"column":15},"end":{"line":455,"column":41}},"146":{"start":{"line":456,"column":4},"end":{"line":456,"column":56}},"147":{"start":{"line":460,"column":21},"end":{"line":460,"column":56}},"148":{"start":{"line":461,"column":2},"end":{"line":461,"column":62}},"149":{"start":{"line":471,"column":0},"end":{"line":496,"column":1}},"150":{"start":{"line":472,"column":12},"end":{"line":472,"column":20}},"151":{"start":{"line":474,"column":2},"end":{"line":477,"column":3}},"152":{"start":{"line":475,"column":4},"end":{"line":475,"column":37}},"153":{"start":{"line":476,"column":4},"end":{"line":476,"column":10}},"154":{"start":{"line":479,"column":2},"end":{"line":482,"column":3}},"155":{"start":{"line":480,"column":4},"end":{"line":480,"column":19}},"156":{"start":{"line":481,"column":4},"end":{"line":481,"column":10}},"157":{"start":{"line":484,"column":12},"end":{"line":484,"column":62}},"158":{"start":{"line":485,"column":12},"end":{"line":486,"column":29}},"159":{"start":{"line":489,"column":2},"end":{"line":489,"column":22}},"160":{"start":{"line":490,"column":2},"end":{"line":490,"column":59}},"161":{"start":{"line":491,"column":2},"end":{"line":491,"column":57}},"162":{"start":{"line":492,"column":2},"end":{"line":492,"column":64}},"163":{"start":{"line":493,"column":2},"end":{"line":493,"column":52}},"164":{"start":{"line":494,"column":2},"end":{"line":494,"column":32}},"165":{"start":{"line":495,"column":2},"end":{"line":495,"column":14}},"166":{"start":{"line":506,"column":0},"end":{"line":593,"column":1}},"167":{"start":{"line":508,"column":13},"end":{"line":508,"column":23}},"168":{"start":{"line":511,"column":2},"end":{"line":511,"column":16}},"169":{"start":{"line":514,"column":13},"end":{"line":514,"column":30}},"170":{"start":{"line":515,"column":2},"end":{"line":518,"column":3}},"171":{"start":{"line":516,"column":4},"end":{"line":516,"column":19}},"172":{"start":{"line":517,"column":4},"end":{"line":517,"column":14}},"173":{"start":{"line":521,"column":2},"end":{"line":524,"column":3}},"174":{"start":{"line":522,"column":4},"end":{"line":522,"column":19}},"175":{"start":{"line":523,"column":4},"end":{"line":523,"column":14}},"176":{"start":{"line":527,"column":2},"end":{"line":558,"column":3}},"177":{"start":{"line":529,"column":4},"end":{"line":531,"column":5}},"178":{"start":{"line":530,"column":6},"end":{"line":530,"column":40}},"179":{"start":{"line":534,"column":4},"end":{"line":538,"column":5}},"180":{"start":{"line":535,"column":6},"end":{"line":535,"column":40}},"181":{"start":{"line":536,"column":6},"end":{"line":536,"column":21}},"182":{"start":{"line":537,"column":6},"end":{"line":537,"column":16}},"183":{"start":{"line":541,"column":4},"end":{"line":541,"column":27}},"184":{"start":{"line":544,"column":4},"end":{"line":544,"column":38}},"185":{"start":{"line":547,"column":4},"end":{"line":551,"column":5}},"186":{"start":{"line":548,"column":6},"end":{"line":548,"column":40}},"187":{"start":{"line":549,"column":6},"end":{"line":549,"column":21}},"188":{"start":{"line":550,"column":6},"end":{"line":550,"column":16}},"189":{"start":{"line":554,"column":4},"end":{"line":554,"column":38}},"190":{"start":{"line":557,"column":4},"end":{"line":557,"column":24}},"191":{"start":{"line":561,"column":2},"end":{"line":583,"column":3}},"192":{"start":{"line":562,"column":17},"end":{"line":562,"column":31}},"193":{"start":{"line":565,"column":4},"end":{"line":569,"column":5}},"194":{"start":{"line":566,"column":6},"end":{"line":568,"column":17}},"195":{"start":{"line":571,"column":4},"end":{"line":571,"column":42}},"196":{"start":{"line":572,"column":4},"end":{"line":582,"column":5}},"197":{"start":{"line":574,"column":8},"end":{"line":574,"column":13}},"198":{"start":{"line":576,"column":8},"end":{"line":576,"column":23}},"199":{"start":{"line":577,"column":8},"end":{"line":577,"column":18}},"200":{"start":{"line":580,"column":8},"end":{"line":580,"column":23}},"201":{"start":{"line":581,"column":8},"end":{"line":581,"column":18}},"202":{"start":{"line":586,"column":2},"end":{"line":589,"column":3}},"203":{"start":{"line":587,"column":4},"end":{"line":587,"column":24}},"204":{"start":{"line":588,"column":4},"end":{"line":588,"column":14}},"205":{"start":{"line":591,"column":2},"end":{"line":591,"column":21}},"206":{"start":{"line":592,"column":2},"end":{"line":592,"column":12}},"207":{"start":{"line":602,"column":0},"end":{"line":704,"column":1}},"208":{"start":{"line":603,"column":12},"end":{"line":603,"column":21}},"209":{"start":{"line":604,"column":16},"end":{"line":604,"column":28}},"210":{"start":{"line":605,"column":13},"end":{"line":605,"column":15}},"211":{"start":{"line":606,"column":12},"end":{"line":606,"column":20}},"212":{"start":{"line":607,"column":12},"end":{"line":607,"column":20}},"213":{"start":{"line":608,"column":15},"end":{"line":608,"column":32}},"214":{"start":{"line":609,"column":15},"end":{"line":609,"column":33}},"215":{"start":{"line":611,"column":2},"end":{"line":615,"column":3}},"216":{"start":{"line":613,"column":4},"end":{"line":613,"column":29}},"217":{"start":{"line":614,"column":4},"end":{"line":614,"column":10}},"218":{"start":{"line":617,"column":2},"end":{"line":617,"column":26}},"219":{"start":{"line":620,"column":2},"end":{"line":620,"column":28}},"220":{"start":{"line":623,"column":2},"end":{"line":623,"column":17}},"221":{"start":{"line":626,"column":2},"end":{"line":636,"column":3}},"222":{"start":{"line":627,"column":4},"end":{"line":630,"column":5}},"223":{"start":{"line":628,"column":6},"end":{"line":628,"column":21}},"224":{"start":{"line":629,"column":6},"end":{"line":629,"column":12}},"225":{"start":{"line":632,"column":4},"end":{"line":635,"column":5}},"226":{"start":{"line":633,"column":6},"end":{"line":633,"column":24}},"227":{"start":{"line":634,"column":6},"end":{"line":634,"column":12}},"228":{"start":{"line":639,"column":2},"end":{"line":639,"column":33}},"229":{"start":{"line":640,"column":2},"end":{"line":643,"column":3}},"230":{"start":{"line":641,"column":16},"end":{"line":641,"column":40}},"231":{"start":{"line":642,"column":4},"end":{"line":642,"column":32}},"232":{"start":{"line":642,"column":21},"end":{"line":642,"column":32}},"233":{"start":{"line":646,"column":2},"end":{"line":683,"column":3}},"234":{"start":{"line":648,"column":4},"end":{"line":650,"column":6}},"235":{"start":{"line":653,"column":4},"end":{"line":656,"column":5}},"236":{"start":{"line":654,"column":6},"end":{"line":654,"column":26}},"237":{"start":{"line":655,"column":6},"end":{"line":655,"column":17}},"238":{"start":{"line":659,"column":4},"end":{"line":669,"column":5}},"239":{"start":{"line":660,"column":6},"end":{"line":660,"column":34}},"240":{"start":{"line":663,"column":6},"end":{"line":663,"column":64}},"241":{"start":{"line":666,"column":6},"end":{"line":668,"column":8}},"242":{"start":{"line":672,"column":4},"end":{"line":682,"column":5}},"243":{"start":{"line":673,"column":6},"end":{"line":673,"column":31}},"244":{"start":{"line":676,"column":6},"end":{"line":676,"column":26}},"245":{"start":{"line":677,"column":6},"end":{"line":677,"column":75}},"246":{"start":{"line":680,"column":6},"end":{"line":680,"column":31}},"247":{"start":{"line":681,"column":6},"end":{"line":681,"column":47}},"248":{"start":{"line":686,"column":2},"end":{"line":688,"column":3}},"249":{"start":{"line":687,"column":4},"end":{"line":687,"column":30}},"250":{"start":{"line":691,"column":2},"end":{"line":691,"column":21}},"251":{"start":{"line":692,"column":2},"end":{"line":692,"column":47}},"252":{"start":{"line":695,"column":2},"end":{"line":695,"column":38}},"253":{"start":{"line":698,"column":2},"end":{"line":701,"column":3}},"254":{"start":{"line":699,"column":4},"end":{"line":699,"column":13}},"255":{"start":{"line":700,"column":4},"end":{"line":700,"column":10}},"256":{"start":{"line":703,"column":2},"end":{"line":703,"column":25}},"257":{"start":{"line":712,"column":0},"end":{"line":745,"column":1}},"258":{"start":{"line":713,"column":10},"end":{"line":713,"column":11}},"259":{"start":{"line":714,"column":13},"end":{"line":714,"column":17}},"260":{"start":{"line":716,"column":2},"end":{"line":716,"column":26}},"261":{"start":{"line":717,"column":2},"end":{"line":726,"column":4}},"262":{"start":{"line":718,"column":4},"end":{"line":721,"column":5}},"263":{"start":{"line":720,"column":6},"end":{"line":720,"column":22}},"264":{"start":{"line":722,"column":4},"end":{"line":722,"column":41}},"265":{"start":{"line":722,"column":13},"end":{"line":722,"column":41}},"266":{"start":{"line":723,"column":4},"end":{"line":723,"column":54}},"267":{"start":{"line":723,"column":28},"end":{"line":723,"column":54}},"268":{"start":{"line":724,"column":4},"end":{"line":724,"column":33}},"269":{"start":{"line":725,"column":4},"end":{"line":725,"column":25}},"270":{"start":{"line":729,"column":4},"end":{"line":733,"column":5}},"271":{"start":{"line":730,"column":6},"end":{"line":732,"column":25}},"272":{"start":{"line":735,"column":12},"end":{"line":735,"column":46}},"273":{"start":{"line":737,"column":4},"end":{"line":737,"column":25}},"274":{"start":{"line":738,"column":4},"end":{"line":743,"column":6}},"275":{"start":{"line":739,"column":6},"end":{"line":739,"column":31}},"276":{"start":{"line":739,"column":15},"end":{"line":739,"column":31}},"277":{"start":{"line":740,"column":6},"end":{"line":740,"column":43}},"278":{"start":{"line":740,"column":30},"end":{"line":740,"column":43}},"279":{"start":{"line":741,"column":6},"end":{"line":741,"column":32}},"280":{"start":{"line":742,"column":6},"end":{"line":742,"column":24}},"281":{"start":{"line":753,"column":0},"end":{"line":775,"column":1}},"282":{"start":{"line":754,"column":10},"end":{"line":754,"column":12}},"283":{"start":{"line":755,"column":13},"end":{"line":755,"column":17}},"284":{"start":{"line":758,"column":4},"end":{"line":761,"column":5}},"285":{"start":{"line":759,"column":6},"end":{"line":759,"column":43}},"286":{"start":{"line":759,"column":15},"end":{"line":759,"column":43}},"287":{"start":{"line":760,"column":6},"end":{"line":760,"column":28}},"288":{"start":{"line":763,"column":12},"end":{"line":763,"column":38}},"289":{"start":{"line":765,"column":4},"end":{"line":765,"column":25}},"290":{"start":{"line":766,"column":4},"end":{"line":771,"column":6}},"291":{"start":{"line":767,"column":6},"end":{"line":767,"column":31}},"292":{"start":{"line":767,"column":15},"end":{"line":767,"column":31}},"293":{"start":{"line":768,"column":6},"end":{"line":768,"column":43}},"294":{"start":{"line":768,"column":30},"end":{"line":768,"column":43}},"295":{"start":{"line":769,"column":6},"end":{"line":769,"column":32}},"296":{"start":{"line":770,"column":6},"end":{"line":770,"column":24}},"297":{"start":{"line":774,"column":2},"end":{"line":774,"column":8}},"298":{"start":{"line":785,"column":0},"end":{"line":815,"column":1}},"299":{"start":{"line":786,"column":13},"end":{"line":786,"column":17}},"300":{"start":{"line":787,"column":12},"end":{"line":787,"column":20}},"301":{"start":{"line":790,"column":15},"end":{"line":790,"column":49}},"302":{"start":{"line":791,"column":2},"end":{"line":791,"column":29}},"303":{"start":{"line":792,"column":2},"end":{"line":792,"column":18}},"304":{"start":{"line":796,"column":4},"end":{"line":796,"column":25}},"305":{"start":{"line":800,"column":2},"end":{"line":800,"column":26}},"306":{"start":{"line":803,"column":2},"end":{"line":809,"column":4}},"307":{"start":{"line":805,"column":4},"end":{"line":805,"column":13}},"308":{"start":{"line":808,"column":4},"end":{"line":808,"column":25}},"309":{"start":{"line":812,"column":2},"end":{"line":814,"column":4}},"310":{"start":{"line":813,"column":4},"end":{"line":813,"column":20}},"311":{"start":{"line":825,"column":0},"end":{"line":841,"column":1}},"312":{"start":{"line":826,"column":12},"end":{"line":826,"column":20}},"313":{"start":{"line":828,"column":2},"end":{"line":828,"column":43}},"314":{"start":{"line":828,"column":37},"end":{"line":828,"column":43}},"315":{"start":{"line":830,"column":13},"end":{"line":830,"column":30}},"316":{"start":{"line":832,"column":2},"end":{"line":835,"column":3}},"317":{"start":{"line":833,"column":4},"end":{"line":833,"column":28}},"318":{"start":{"line":834,"column":4},"end":{"line":834,"column":10}},"319":{"start":{"line":837,"column":16},"end":{"line":837,"column":42}},"320":{"start":{"line":839,"column":2},"end":{"line":839,"column":32}},"321":{"start":{"line":840,"column":2},"end":{"line":840,"column":79}},"322":{"start":{"line":852,"column":0},"end":{"line":884,"column":1}},"323":{"start":{"line":853,"column":12},"end":{"line":853,"column":20}},"324":{"start":{"line":855,"column":2},"end":{"line":855,"column":39}},"325":{"start":{"line":857,"column":2},"end":{"line":860,"column":3}},"326":{"start":{"line":858,"column":4},"end":{"line":858,"column":26}},"327":{"start":{"line":859,"column":4},"end":{"line":859,"column":43}},"328":{"start":{"line":862,"column":2},"end":{"line":871,"column":3}},"329":{"start":{"line":863,"column":23},"end":{"line":863,"column":75}},"330":{"start":{"line":865,"column":4},"end":{"line":867,"column":5}},"331":{"start":{"line":866,"column":6},"end":{"line":866,"column":35}},"332":{"start":{"line":869,"column":4},"end":{"line":869,"column":43}},"333":{"start":{"line":870,"column":4},"end":{"line":870,"column":48}},"334":{"start":{"line":873,"column":2},"end":{"line":877,"column":3}},"335":{"start":{"line":874,"column":19},"end":{"line":874,"column":43}},"336":{"start":{"line":875,"column":4},"end":{"line":875,"column":34}},"337":{"start":{"line":876,"column":4},"end":{"line":876,"column":44}},"338":{"start":{"line":879,"column":2},"end":{"line":883,"column":3}},"339":{"start":{"line":880,"column":14},"end":{"line":880,"column":24}},"340":{"start":{"line":881,"column":4},"end":{"line":881,"column":25}},"341":{"start":{"line":882,"column":4},"end":{"line":882,"column":30}},"342":{"start":{"line":894,"column":16},"end":{"line":894,"column":35}},"343":{"start":{"line":896,"column":2},"end":{"line":898,"column":3}},"344":{"start":{"line":896,"column":15},"end":{"line":896,"column":16}},"345":{"start":{"line":897,"column":4},"end":{"line":897,"column":32}},"346":{"start":{"line":908,"column":2},"end":{"line":912,"column":3}},"347":{"start":{"line":908,"column":15},"end":{"line":908,"column":16}},"348":{"start":{"line":909,"column":4},"end":{"line":911,"column":5}},"349":{"start":{"line":910,"column":6},"end":{"line":910,"column":11}},"350":{"start":{"line":914,"column":2},"end":{"line":916,"column":9}},"351":{"start":{"line":926,"column":2},"end":{"line":931,"column":3}},"352":{"start":{"line":926,"column":15},"end":{"line":926,"column":16}},"353":{"start":{"line":927,"column":15},"end":{"line":927,"column":23}},"354":{"start":{"line":928,"column":4},"end":{"line":930,"column":5}},"355":{"start":{"line":929,"column":6},"end":{"line":929,"column":17}},"356":{"start":{"line":933,"column":2},"end":{"line":933,"column":14}},"357":{"start":{"line":945,"column":2},"end":{"line":945,"column":80}},"358":{"start":{"line":957,"column":2},"end":{"line":966,"column":15}},"359":{"start":{"line":978,"column":2},"end":{"line":980,"column":3}},"360":{"start":{"line":979,"column":4},"end":{"line":979,"column":30}},"361":{"start":{"line":982,"column":2},"end":{"line":984,"column":30}},"362":{"start":{"line":998,"column":2},"end":{"line":1002,"column":3}},"363":{"start":{"line":999,"column":4},"end":{"line":999,"column":35}},"364":{"start":{"line":1001,"column":4},"end":{"line":1001,"column":13}},"365":{"start":{"line":1014,"column":2},"end":{"line":1016,"column":26}},"366":{"start":{"line":1032,"column":14},"end":{"line":1034,"column":33}},"367":{"start":{"line":1036,"column":2},"end":{"line":1036,"column":18}},"368":{"start":{"line":1048,"column":2},"end":{"line":1050,"column":21}},"369":{"start":{"line":1062,"column":13},"end":{"line":1062,"column":33}},"370":{"start":{"line":1064,"column":2},"end":{"line":1068,"column":3}},"371":{"start":{"line":1064,"column":15},"end":{"line":1064,"column":16}},"372":{"start":{"line":1065,"column":4},"end":{"line":1067,"column":5}},"373":{"start":{"line":1066,"column":6},"end":{"line":1066,"column":70}},"374":{"start":{"line":1070,"column":2},"end":{"line":1070,"column":13}},"375":{"start":{"line":1081,"column":18},"end":{"line":1081,"column":42}},"376":{"start":{"line":1083,"column":2},"end":{"line":1085,"column":9}},"377":{"start":{"line":1096,"column":12},"end":{"line":1096,"column":13}},"378":{"start":{"line":1097,"column":13},"end":{"line":1097,"column":15}},"379":{"start":{"line":1098,"column":14},"end":{"line":1098,"column":15}},"380":{"start":{"line":1101,"column":2},"end":{"line":1118,"column":3}},"381":{"start":{"line":1101,"column":15},"end":{"line":1101,"column":16}},"382":{"start":{"line":1101,"column":24},"end":{"line":1101,"column":34}},"383":{"start":{"line":1102,"column":4},"end":{"line":1117,"column":5}},"384":{"start":{"line":1104,"column":8},"end":{"line":1106,"column":9}},"385":{"start":{"line":1105,"column":10},"end":{"line":1105,"column":29}},"386":{"start":{"line":1107,"column":8},"end":{"line":1107,"column":13}},"387":{"start":{"line":1109,"column":8},"end":{"line":1111,"column":9}},"388":{"start":{"line":1110,"column":10},"end":{"line":1110,"column":46}},"389":{"start":{"line":1112,"column":8},"end":{"line":1112,"column":27}},"390":{"start":{"line":1113,"column":8},"end":{"line":1113,"column":13}},"391":{"start":{"line":1115,"column":8},"end":{"line":1115,"column":19}},"392":{"start":{"line":1116,"column":8},"end":{"line":1116,"column":13}},"393":{"start":{"line":1121,"column":2},"end":{"line":1123,"column":3}},"394":{"start":{"line":1122,"column":4},"end":{"line":1122,"column":40}},"395":{"start":{"line":1125,"column":2},"end":{"line":1125,"column":13}},"396":{"start":{"line":1137,"column":13},"end":{"line":1137,"column":33}},"397":{"start":{"line":1139,"column":2},"end":{"line":1142,"column":3}},"398":{"start":{"line":1139,"column":15},"end":{"line":1139,"column":16}},"399":{"start":{"line":1140,"column":14},"end":{"line":1140,"column":21}},"400":{"start":{"line":1141,"column":4},"end":{"line":1141,"column":36}}},"fnMap":{"0":{"name":"send","decl":{"start":{"line":83,"column":9},"end":{"line":83,"column":13}},"loc":{"start":{"line":83,"column":35},"end":{"line":85,"column":1}},"line":83},"1":{"name":"SendStream","decl":{"start":{"line":96,"column":9},"end":{"line":96,"column":19}},"loc":{"start":{"line":96,"column":41},"end":{"line":167,"column":1}},"line":96},"2":{"name":"etag","decl":{"start":{"line":183,"column":56},"end":{"line":183,"column":60}},"loc":{"start":{"line":183,"column":67},"end":{"line":187,"column":1}},"line":183},"3":{"name":"hidden","decl":{"start":{"line":197,"column":58},"end":{"line":197,"column":64}},"loc":{"start":{"line":197,"column":71},"end":{"line":202,"column":1}},"line":197},"4":{"name":"index","decl":{"start":{"line":213,"column":57},"end":{"line":213,"column":62}},"loc":{"start":{"line":213,"column":71},"end":{"line":218,"column":1}},"line":213},"5":{"name":"root","decl":{"start":{"line":228,"column":37},"end":{"line":228,"column":41}},"loc":{"start":{"line":228,"column":49},"end":{"line":232,"column":1}},"line":228},"6":{"name":"maxage","decl":{"start":{"line":248,"column":58},"end":{"line":248,"column":64}},"loc":{"start":{"line":248,"column":74},"end":{"line":257,"column":1}},"line":248},"7":{"name":"error","decl":{"start":{"line":267,"column":38},"end":{"line":267,"column":43}},"loc":{"start":{"line":267,"column":58},"end":{"line":292,"column":1}},"line":267},"8":{"name":"hasTrailingSlash","decl":{"start":{"line":301,"column":49},"end":{"line":301,"column":65}},"loc":{"start":{"line":301,"column":69},"end":{"line":303,"column":1}},"line":301},"9":{"name":"isConditionalGET","decl":{"start":{"line":312,"column":49},"end":{"line":312,"column":65}},"loc":{"start":{"line":312,"column":69},"end":{"line":317,"column":1}},"line":312},"10":{"name":"isPreconditionFailure","decl":{"start":{"line":326,"column":54},"end":{"line":326,"column":75}},"loc":{"start":{"line":326,"column":79},"end":{"line":347,"column":1}},"line":326},"11":{"name":"(anonymous_11)","decl":{"start":{"line":334,"column":66},"end":{"line":334,"column":67}},"loc":{"start":{"line":334,"column":83},"end":{"line":336,"column":5}},"line":334},"12":{"name":"removeContentHeaderFields","decl":{"start":{"line":355,"column":58},"end":{"line":355,"column":83}},"loc":{"start":{"line":355,"column":87},"end":{"line":363,"column":1}},"line":355},"13":{"name":"notModified","decl":{"start":{"line":371,"column":44},"end":{"line":371,"column":55}},"loc":{"start":{"line":371,"column":59},"end":{"line":377,"column":1}},"line":371},"14":{"name":"headersAlreadySent","decl":{"start":{"line":385,"column":51},"end":{"line":385,"column":69}},"loc":{"start":{"line":385,"column":73},"end":{"line":389,"column":1}},"line":385},"15":{"name":"isCachable","decl":{"start":{"line":399,"column":43},"end":{"line":399,"column":53}},"loc":{"start":{"line":399,"column":57},"end":{"line":403,"column":1}},"line":399},"16":{"name":"onStatError","decl":{"start":{"line":412,"column":44},"end":{"line":412,"column":55}},"loc":{"start":{"line":412,"column":64},"end":{"line":423,"column":1}},"line":412},"17":{"name":"isFresh","decl":{"start":{"line":432,"column":40},"end":{"line":432,"column":47}},"loc":{"start":{"line":432,"column":51},"end":{"line":437,"column":1}},"line":432},"18":{"name":"isRangeFresh","decl":{"start":{"line":446,"column":45},"end":{"line":446,"column":57}},"loc":{"start":{"line":446,"column":61},"end":{"line":462,"column":1}},"line":446},"19":{"name":"redirect","decl":{"start":{"line":471,"column":41},"end":{"line":471,"column":49}},"loc":{"start":{"line":471,"column":57},"end":{"line":496,"column":1}},"line":471},"20":{"name":"pipe","decl":{"start":{"line":506,"column":37},"end":{"line":506,"column":41}},"loc":{"start":{"line":506,"column":48},"end":{"line":593,"column":1}},"line":506},"21":{"name":"send","decl":{"start":{"line":602,"column":37},"end":{"line":602,"column":41}},"loc":{"start":{"line":602,"column":55},"end":{"line":704,"column":1}},"line":602},"22":{"name":"sendFile","decl":{"start":{"line":712,"column":41},"end":{"line":712,"column":49}},"loc":{"start":{"line":712,"column":57},"end":{"line":745,"column":1}},"line":712},"23":{"name":"onstat","decl":{"start":{"line":717,"column":25},"end":{"line":717,"column":31}},"loc":{"start":{"line":717,"column":44},"end":{"line":726,"column":3}},"line":717},"24":{"name":"next","decl":{"start":{"line":728,"column":11},"end":{"line":728,"column":15}},"loc":{"start":{"line":728,"column":22},"end":{"line":744,"column":3}},"line":728},"25":{"name":"(anonymous_25)","decl":{"start":{"line":738,"column":15},"end":{"line":738,"column":16}},"loc":{"start":{"line":738,"column":36},"end":{"line":743,"column":5}},"line":738},"26":{"name":"sendIndex","decl":{"start":{"line":753,"column":42},"end":{"line":753,"column":51}},"loc":{"start":{"line":753,"column":59},"end":{"line":775,"column":1}},"line":753},"27":{"name":"next","decl":{"start":{"line":757,"column":11},"end":{"line":757,"column":15}},"loc":{"start":{"line":757,"column":22},"end":{"line":772,"column":3}},"line":757},"28":{"name":"(anonymous_28)","decl":{"start":{"line":766,"column":15},"end":{"line":766,"column":16}},"loc":{"start":{"line":766,"column":36},"end":{"line":771,"column":5}},"line":766},"29":{"name":"stream","decl":{"start":{"line":785,"column":39},"end":{"line":785,"column":45}},"loc":{"start":{"line":785,"column":62},"end":{"line":815,"column":1}},"line":785},"30":{"name":"cleanup","decl":{"start":{"line":795,"column":11},"end":{"line":795,"column":18}},"loc":{"start":{"line":795,"column":22},"end":{"line":797,"column":3}},"line":795},"31":{"name":"onerror","decl":{"start":{"line":803,"column":30},"end":{"line":803,"column":37}},"loc":{"start":{"line":803,"column":44},"end":{"line":809,"column":3}},"line":803},"32":{"name":"onend","decl":{"start":{"line":812,"column":28},"end":{"line":812,"column":33}},"loc":{"start":{"line":812,"column":37},"end":{"line":814,"column":3}},"line":812},"33":{"name":"type","decl":{"start":{"line":825,"column":37},"end":{"line":825,"column":41}},"loc":{"start":{"line":825,"column":49},"end":{"line":841,"column":1}},"line":825},"34":{"name":"setHeader","decl":{"start":{"line":852,"column":42},"end":{"line":852,"column":51}},"loc":{"start":{"line":852,"column":65},"end":{"line":884,"column":1}},"line":852},"35":{"name":"clearHeaders","decl":{"start":{"line":893,"column":9},"end":{"line":893,"column":21}},"loc":{"start":{"line":893,"column":28},"end":{"line":899,"column":1}},"line":893},"36":{"name":"collapseLeadingSlashes","decl":{"start":{"line":907,"column":9},"end":{"line":907,"column":31}},"loc":{"start":{"line":907,"column":38},"end":{"line":917,"column":1}},"line":907},"37":{"name":"containsDotFile","decl":{"start":{"line":925,"column":9},"end":{"line":925,"column":24}},"loc":{"start":{"line":925,"column":33},"end":{"line":934,"column":1}},"line":925},"38":{"name":"contentRange","decl":{"start":{"line":944,"column":9},"end":{"line":944,"column":21}},"loc":{"start":{"line":944,"column":42},"end":{"line":946,"column":1}},"line":944},"39":{"name":"createHtmlDocument","decl":{"start":{"line":956,"column":9},"end":{"line":956,"column":27}},"loc":{"start":{"line":956,"column":42},"end":{"line":967,"column":1}},"line":956},"40":{"name":"createHttpError","decl":{"start":{"line":977,"column":9},"end":{"line":977,"column":24}},"loc":{"start":{"line":977,"column":39},"end":{"line":985,"column":1}},"line":977},"41":{"name":"decode","decl":{"start":{"line":997,"column":9},"end":{"line":997,"column":15}},"loc":{"start":{"line":997,"column":23},"end":{"line":1003,"column":1}},"line":997},"42":{"name":"getHeaderNames","decl":{"start":{"line":1013,"column":9},"end":{"line":1013,"column":23}},"loc":{"start":{"line":1013,"column":30},"end":{"line":1017,"column":1}},"line":1013},"43":{"name":"hasListeners","decl":{"start":{"line":1031,"column":9},"end":{"line":1031,"column":21}},"loc":{"start":{"line":1031,"column":38},"end":{"line":1037,"column":1}},"line":1031},"44":{"name":"headersSent","decl":{"start":{"line":1047,"column":9},"end":{"line":1047,"column":20}},"loc":{"start":{"line":1047,"column":27},"end":{"line":1051,"column":1}},"line":1047},"45":{"name":"normalizeList","decl":{"start":{"line":1061,"column":9},"end":{"line":1061,"column":22}},"loc":{"start":{"line":1061,"column":35},"end":{"line":1071,"column":1}},"line":1061},"46":{"name":"parseHttpDate","decl":{"start":{"line":1080,"column":9},"end":{"line":1080,"column":22}},"loc":{"start":{"line":1080,"column":30},"end":{"line":1086,"column":1}},"line":1080},"47":{"name":"parseTokenList","decl":{"start":{"line":1095,"column":9},"end":{"line":1095,"column":23}},"loc":{"start":{"line":1095,"column":30},"end":{"line":1126,"column":1}},"line":1095},"48":{"name":"setHeaders","decl":{"start":{"line":1136,"column":9},"end":{"line":1136,"column":19}},"loc":{"start":{"line":1136,"column":35},"end":{"line":1143,"column":1}},"line":1136}},"branchMap":{"0":{"loc":{"start":{"line":99,"column":13},"end":{"line":99,"column":26}},"type":"binary-expr","locations":[{"start":{"line":99,"column":13},"end":{"line":99,"column":20}},{"start":{"line":99,"column":24},"end":{"line":99,"column":26}}],"line":99},"1":{"loc":{"start":{"line":105,"column":23},"end":{"line":107,"column":10}},"type":"cond-expr","locations":[{"start":{"line":106,"column":6},"end":{"line":106,"column":32}},{"start":{"line":107,"column":6},"end":{"line":107,"column":10}}],"line":105},"2":{"loc":{"start":{"line":109,"column":23},"end":{"line":111,"column":10}},"type":"cond-expr","locations":[{"start":{"line":110,"column":6},"end":{"line":110,"column":32}},{"start":{"line":111,"column":6},"end":{"line":111,"column":10}}],"line":109},"3":{"loc":{"start":{"line":113,"column":15},"end":{"line":115,"column":10}},"type":"cond-expr","locations":[{"start":{"line":114,"column":6},"end":{"line":114,"column":24}},{"start":{"line":115,"column":6},"end":{"line":115,"column":10}}],"line":113},"4":{"loc":{"start":{"line":117,"column":19},"end":{"line":119,"column":14}},"type":"cond-expr","locations":[{"start":{"line":118,"column":6},"end":{"line":118,"column":19}},{"start":{"line":119,"column":6},"end":{"line":119,"column":14}}],"line":117},"5":{"loc":{"start":{"line":121,"column":2},"end":{"line":123,"column":3}},"type":"if","locations":[{"start":{"line":121,"column":2},"end":{"line":123,"column":3}},{"start":{"line":121,"column":2},"end":{"line":123,"column":3}}],"line":121},"6":{"loc":{"start":{"line":121,"column":6},"end":{"line":121,"column":92}},"type":"binary-expr","locations":[{"start":{"line":121,"column":6},"end":{"line":121,"column":33}},{"start":{"line":121,"column":37},"end":{"line":121,"column":63}},{"start":{"line":121,"column":67},"end":{"line":121,"column":92}}],"line":121},"7":{"loc":{"start":{"line":127,"column":2},"end":{"line":129,"column":3}},"type":"if","locations":[{"start":{"line":127,"column":2},"end":{"line":129,"column":3}},{"start":{"line":127,"column":2},"end":{"line":129,"column":3}}],"line":127},"8":{"loc":{"start":{"line":128,"column":44},"end":{"line":128,"column":77}},"type":"cond-expr","locations":[{"start":{"line":128,"column":59},"end":{"line":128,"column":66}},{"start":{"line":128,"column":69},"end":{"line":128,"column":77}}],"line":128},"9":{"loc":{"start":{"line":132,"column":2},"end":{"line":134,"column":3}},"type":"if","locations":[{"start":{"line":132,"column":2},"end":{"line":134,"column":3}},{"start":{"line":132,"column":2},"end":{"line":134,"column":3}}],"line":132},"10":{"loc":{"start":{"line":136,"column":21},"end":{"line":138,"column":8}},"type":"cond-expr","locations":[{"start":{"line":137,"column":6},"end":{"line":137,"column":57}},{"start":{"line":138,"column":6},"end":{"line":138,"column":8}}],"line":136},"11":{"loc":{"start":{"line":140,"column":20},"end":{"line":142,"column":11}},"type":"cond-expr","locations":[{"start":{"line":141,"column":6},"end":{"line":141,"column":29}},{"start":{"line":142,"column":6},"end":{"line":142,"column":11}}],"line":140},"12":{"loc":{"start":{"line":144,"column":16},"end":{"line":146,"column":20}},"type":"cond-expr","locations":[{"start":{"line":145,"column":6},"end":{"line":145,"column":47}},{"start":{"line":146,"column":6},"end":{"line":146,"column":20}}],"line":144},"13":{"loc":{"start":{"line":148,"column":23},"end":{"line":150,"column":10}},"type":"cond-expr","locations":[{"start":{"line":149,"column":6},"end":{"line":149,"column":32}},{"start":{"line":150,"column":6},"end":{"line":150,"column":10}}],"line":148},"14":{"loc":{"start":{"line":152,"column":17},"end":{"line":152,"column":43}},"type":"binary-expr","locations":[{"start":{"line":152,"column":17},"end":{"line":152,"column":28}},{"start":{"line":152,"column":32},"end":{"line":152,"column":43}}],"line":152},"15":{"loc":{"start":{"line":153,"column":17},"end":{"line":155,"column":26}},"type":"cond-expr","locations":[{"start":{"line":154,"column":6},"end":{"line":154,"column":22}},{"start":{"line":155,"column":6},"end":{"line":155,"column":26}}],"line":153},"16":{"loc":{"start":{"line":156,"column":17},"end":{"line":158,"column":7}},"type":"cond-expr","locations":[{"start":{"line":157,"column":6},"end":{"line":157,"column":53}},{"start":{"line":158,"column":6},"end":{"line":158,"column":7}}],"line":156},"17":{"loc":{"start":{"line":160,"column":15},"end":{"line":162,"column":10}},"type":"cond-expr","locations":[{"start":{"line":161,"column":6},"end":{"line":161,"column":24}},{"start":{"line":162,"column":6},"end":{"line":162,"column":10}}],"line":160},"18":{"loc":{"start":{"line":164,"column":2},"end":{"line":166,"column":3}},"type":"if","locations":[{"start":{"line":164,"column":2},"end":{"line":166,"column":3}},{"start":{"line":164,"column":2},"end":{"line":166,"column":3}}],"line":164},"19":{"loc":{"start":{"line":164,"column":6},"end":{"line":164,"column":30}},"type":"binary-expr","locations":[{"start":{"line":164,"column":6},"end":{"line":164,"column":17}},{"start":{"line":164,"column":21},"end":{"line":164,"column":30}}],"line":164},"20":{"loc":{"start":{"line":214,"column":14},"end":{"line":214,"column":66}},"type":"cond-expr","locations":[{"start":{"line":214,"column":23},"end":{"line":214,"column":25}},{"start":{"line":214,"column":28},"end":{"line":214,"column":66}}],"line":214},"21":{"loc":{"start":{"line":249,"column":17},"end":{"line":251,"column":20}},"type":"cond-expr","locations":[{"start":{"line":250,"column":6},"end":{"line":250,"column":16}},{"start":{"line":251,"column":6},"end":{"line":251,"column":20}}],"line":249},"22":{"loc":{"start":{"line":252,"column":17},"end":{"line":254,"column":7}},"type":"cond-expr","locations":[{"start":{"line":253,"column":6},"end":{"line":253,"column":53}},{"start":{"line":254,"column":6},"end":{"line":254,"column":7}}],"line":252},"23":{"loc":{"start":{"line":269,"column":2},"end":{"line":271,"column":3}},"type":"if","locations":[{"start":{"line":269,"column":2},"end":{"line":271,"column":3}},{"start":{"line":269,"column":2},"end":{"line":271,"column":3}}],"line":269},"24":{"loc":{"start":{"line":274,"column":12},"end":{"line":274,"column":54}},"type":"binary-expr","locations":[{"start":{"line":274,"column":12},"end":{"line":274,"column":36}},{"start":{"line":274,"column":40},"end":{"line":274,"column":54}}],"line":274},"25":{"loc":{"start":{"line":281,"column":2},"end":{"line":283,"column":3}},"type":"if","locations":[{"start":{"line":281,"column":2},"end":{"line":283,"column":3}},{"start":{"line":281,"column":2},"end":{"line":283,"column":3}}],"line":281},"26":{"loc":{"start":{"line":281,"column":6},"end":{"line":281,"column":24}},"type":"binary-expr","locations":[{"start":{"line":281,"column":6},"end":{"line":281,"column":9}},{"start":{"line":281,"column":13},"end":{"line":281,"column":24}}],"line":281},"27":{"loc":{"start":{"line":313,"column":9},"end":{"line":316,"column":41}},"type":"binary-expr","locations":[{"start":{"line":313,"column":9},"end":{"line":313,"column":37}},{"start":{"line":314,"column":4},"end":{"line":314,"column":43}},{"start":{"line":315,"column":4},"end":{"line":315,"column":37}},{"start":{"line":316,"column":4},"end":{"line":316,"column":41}}],"line":313},"28":{"loc":{"start":{"line":332,"column":2},"end":{"line":337,"column":3}},"type":"if","locations":[{"start":{"line":332,"column":2},"end":{"line":337,"column":3}},{"start":{"line":332,"column":2},"end":{"line":337,"column":3}}],"line":332},"29":{"loc":{"start":{"line":334,"column":11},"end":{"line":336,"column":7}},"type":"binary-expr","locations":[{"start":{"line":334,"column":11},"end":{"line":334,"column":16}},{"start":{"line":334,"column":21},"end":{"line":334,"column":34}},{"start":{"line":334,"column":38},"end":{"line":336,"column":6}}],"line":334},"30":{"loc":{"start":{"line":335,"column":13},"end":{"line":335,"column":77}},"type":"binary-expr","locations":[{"start":{"line":335,"column":13},"end":{"line":335,"column":27}},{"start":{"line":335,"column":31},"end":{"line":335,"column":52}},{"start":{"line":335,"column":56},"end":{"line":335,"column":77}}],"line":335},"31":{"loc":{"start":{"line":341,"column":2},"end":{"line":344,"column":3}},"type":"if","locations":[{"start":{"line":341,"column":2},"end":{"line":344,"column":3}},{"start":{"line":341,"column":2},"end":{"line":344,"column":3}}],"line":341},"32":{"loc":{"start":{"line":343,"column":11},"end":{"line":343,"column":64}},"type":"binary-expr","locations":[{"start":{"line":343,"column":11},"end":{"line":343,"column":30}},{"start":{"line":343,"column":34},"end":{"line":343,"column":64}}],"line":343},"33":{"loc":{"start":{"line":401,"column":9},"end":{"line":402,"column":22}},"type":"binary-expr","locations":[{"start":{"line":401,"column":10},"end":{"line":401,"column":27}},{"start":{"line":401,"column":31},"end":{"line":401,"column":47}},{"start":{"line":402,"column":4},"end":{"line":402,"column":22}}],"line":401},"34":{"loc":{"start":{"line":413,"column":2},"end":{"line":422,"column":3}},"type":"switch","locations":[{"start":{"line":414,"column":4},"end":{"line":414,"column":24}},{"start":{"line":415,"column":4},"end":{"line":415,"column":18}},{"start":{"line":416,"column":4},"end":{"line":418,"column":11}},{"start":{"line":419,"column":4},"end":{"line":421,"column":11}}],"line":413},"35":{"loc":{"start":{"line":449,"column":2},"end":{"line":451,"column":3}},"type":"if","locations":[{"start":{"line":449,"column":2},"end":{"line":451,"column":3}},{"start":{"line":449,"column":2},"end":{"line":451,"column":3}}],"line":449},"36":{"loc":{"start":{"line":454,"column":2},"end":{"line":457,"column":3}},"type":"if","locations":[{"start":{"line":454,"column":2},"end":{"line":457,"column":3}},{"start":{"line":454,"column":2},"end":{"line":457,"column":3}}],"line":454},"37":{"loc":{"start":{"line":456,"column":19},"end":{"line":456,"column":55}},"type":"binary-expr","locations":[{"start":{"line":456,"column":19},"end":{"line":456,"column":23}},{"start":{"line":456,"column":27},"end":{"line":456,"column":55}}],"line":456},"38":{"loc":{"start":{"line":474,"column":2},"end":{"line":477,"column":3}},"type":"if","locations":[{"start":{"line":474,"column":2},"end":{"line":477,"column":3}},{"start":{"line":474,"column":2},"end":{"line":477,"column":3}}],"line":474},"39":{"loc":{"start":{"line":479,"column":2},"end":{"line":482,"column":3}},"type":"if","locations":[{"start":{"line":479,"column":2},"end":{"line":482,"column":3}},{"start":{"line":479,"column":2},"end":{"line":482,"column":3}}],"line":479},"40":{"loc":{"start":{"line":515,"column":2},"end":{"line":518,"column":3}},"type":"if","locations":[{"start":{"line":515,"column":2},"end":{"line":518,"column":3}},{"start":{"line":515,"column":2},"end":{"line":518,"column":3}}],"line":515},"41":{"loc":{"start":{"line":521,"column":2},"end":{"line":524,"column":3}},"type":"if","locations":[{"start":{"line":521,"column":2},"end":{"line":524,"column":3}},{"start":{"line":521,"column":2},"end":{"line":524,"column":3}}],"line":521},"42":{"loc":{"start":{"line":527,"column":2},"end":{"line":558,"column":3}},"type":"if","locations":[{"start":{"line":527,"column":2},"end":{"line":558,"column":3}},{"start":{"line":527,"column":2},"end":{"line":558,"column":3}}],"line":527},"43":{"loc":{"start":{"line":529,"column":4},"end":{"line":531,"column":5}},"type":"if","locations":[{"start":{"line":529,"column":4},"end":{"line":531,"column":5}},{"start":{"line":529,"column":4},"end":{"line":531,"column":5}}],"line":529},"44":{"loc":{"start":{"line":534,"column":4},"end":{"line":538,"column":5}},"type":"if","locations":[{"start":{"line":534,"column":4},"end":{"line":538,"column":5}},{"start":{"line":534,"column":4},"end":{"line":538,"column":5}}],"line":534},"45":{"loc":{"start":{"line":547,"column":4},"end":{"line":551,"column":5}},"type":"if","locations":[{"start":{"line":547,"column":4},"end":{"line":551,"column":5}},{"start":{"line":547,"column":4},"end":{"line":551,"column":5}}],"line":547},"46":{"loc":{"start":{"line":561,"column":2},"end":{"line":583,"column":3}},"type":"if","locations":[{"start":{"line":561,"column":2},"end":{"line":583,"column":3}},{"start":{"line":561,"column":2},"end":{"line":583,"column":3}}],"line":561},"47":{"loc":{"start":{"line":565,"column":4},"end":{"line":569,"column":5}},"type":"if","locations":[{"start":{"line":565,"column":4},"end":{"line":569,"column":5}},{"start":{"line":565,"column":4},"end":{"line":569,"column":5}}],"line":565},"48":{"loc":{"start":{"line":566,"column":15},"end":{"line":568,"column":17}},"type":"cond-expr","locations":[{"start":{"line":567,"column":11},"end":{"line":567,"column":44}},{"start":{"line":568,"column":10},"end":{"line":568,"column":17}}],"line":566},"49":{"loc":{"start":{"line":567,"column":11},"end":{"line":567,"column":44}},"type":"cond-expr","locations":[{"start":{"line":567,"column":26},"end":{"line":567,"column":33}},{"start":{"line":567,"column":36},"end":{"line":567,"column":44}}],"line":567},"50":{"loc":{"start":{"line":572,"column":4},"end":{"line":582,"column":5}},"type":"switch","locations":[{"start":{"line":573,"column":6},"end":{"line":574,"column":13}},{"start":{"line":575,"column":6},"end":{"line":577,"column":18}},{"start":{"line":578,"column":6},"end":{"line":578,"column":20}},{"start":{"line":579,"column":6},"end":{"line":581,"column":18}}],"line":572},"51":{"loc":{"start":{"line":586,"column":2},"end":{"line":589,"column":3}},"type":"if","locations":[{"start":{"line":586,"column":2},"end":{"line":589,"column":3}},{"start":{"line":586,"column":2},"end":{"line":589,"column":3}}],"line":586},"52":{"loc":{"start":{"line":586,"column":6},"end":{"line":586,"column":51}},"type":"binary-expr","locations":[{"start":{"line":586,"column":6},"end":{"line":586,"column":24}},{"start":{"line":586,"column":28},"end":{"line":586,"column":51}}],"line":586},"53":{"loc":{"start":{"line":609,"column":15},"end":{"line":609,"column":33}},"type":"binary-expr","locations":[{"start":{"line":609,"column":15},"end":{"line":609,"column":28}},{"start":{"line":609,"column":32},"end":{"line":609,"column":33}}],"line":609},"54":{"loc":{"start":{"line":611,"column":2},"end":{"line":615,"column":3}},"type":"if","locations":[{"start":{"line":611,"column":2},"end":{"line":615,"column":3}},{"start":{"line":611,"column":2},"end":{"line":615,"column":3}}],"line":611},"55":{"loc":{"start":{"line":626,"column":2},"end":{"line":636,"column":3}},"type":"if","locations":[{"start":{"line":626,"column":2},"end":{"line":636,"column":3}},{"start":{"line":626,"column":2},"end":{"line":636,"column":3}}],"line":626},"56":{"loc":{"start":{"line":627,"column":4},"end":{"line":630,"column":5}},"type":"if","locations":[{"start":{"line":627,"column":4},"end":{"line":630,"column":5}},{"start":{"line":627,"column":4},"end":{"line":630,"column":5}}],"line":627},"57":{"loc":{"start":{"line":632,"column":4},"end":{"line":635,"column":5}},"type":"if","locations":[{"start":{"line":632,"column":4},"end":{"line":635,"column":5}},{"start":{"line":632,"column":4},"end":{"line":635,"column":5}}],"line":632},"58":{"loc":{"start":{"line":632,"column":8},"end":{"line":632,"column":43}},"type":"binary-expr","locations":[{"start":{"line":632,"column":8},"end":{"line":632,"column":25}},{"start":{"line":632,"column":29},"end":{"line":632,"column":43}}],"line":632},"59":{"loc":{"start":{"line":640,"column":2},"end":{"line":643,"column":3}},"type":"if","locations":[{"start":{"line":640,"column":2},"end":{"line":643,"column":3}},{"start":{"line":640,"column":2},"end":{"line":643,"column":3}}],"line":640},"60":{"loc":{"start":{"line":642,"column":4},"end":{"line":642,"column":32}},"type":"if","locations":[{"start":{"line":642,"column":4},"end":{"line":642,"column":32}},{"start":{"line":642,"column":4},"end":{"line":642,"column":32}}],"line":642},"61":{"loc":{"start":{"line":646,"column":2},"end":{"line":683,"column":3}},"type":"if","locations":[{"start":{"line":646,"column":2},"end":{"line":683,"column":3}},{"start":{"line":646,"column":2},"end":{"line":683,"column":3}}],"line":646},"62":{"loc":{"start":{"line":646,"column":6},"end":{"line":646,"column":59}},"type":"binary-expr","locations":[{"start":{"line":646,"column":6},"end":{"line":646,"column":24}},{"start":{"line":646,"column":28},"end":{"line":646,"column":59}}],"line":646},"63":{"loc":{"start":{"line":653,"column":4},"end":{"line":656,"column":5}},"type":"if","locations":[{"start":{"line":653,"column":4},"end":{"line":656,"column":5}},{"start":{"line":653,"column":4},"end":{"line":656,"column":5}}],"line":653},"64":{"loc":{"start":{"line":659,"column":4},"end":{"line":669,"column":5}},"type":"if","locations":[{"start":{"line":659,"column":4},"end":{"line":669,"column":5}},{"start":{"line":659,"column":4},"end":{"line":669,"column":5}}],"line":659},"65":{"loc":{"start":{"line":672,"column":4},"end":{"line":682,"column":5}},"type":"if","locations":[{"start":{"line":672,"column":4},"end":{"line":682,"column":5}},{"start":{"line":672,"column":4},"end":{"line":682,"column":5}}],"line":672},"66":{"loc":{"start":{"line":672,"column":8},"end":{"line":672,"column":44}},"type":"binary-expr","locations":[{"start":{"line":672,"column":8},"end":{"line":672,"column":21}},{"start":{"line":672,"column":25},"end":{"line":672,"column":44}}],"line":672},"67":{"loc":{"start":{"line":698,"column":2},"end":{"line":701,"column":3}},"type":"if","locations":[{"start":{"line":698,"column":2},"end":{"line":701,"column":3}},{"start":{"line":698,"column":2},"end":{"line":701,"column":3}}],"line":698},"68":{"loc":{"start":{"line":718,"column":4},"end":{"line":721,"column":5}},"type":"if","locations":[{"start":{"line":718,"column":4},"end":{"line":721,"column":5}},{"start":{"line":718,"column":4},"end":{"line":721,"column":5}}],"line":718},"69":{"loc":{"start":{"line":718,"column":8},"end":{"line":718,"column":87}},"type":"binary-expr","locations":[{"start":{"line":718,"column":8},"end":{"line":718,"column":11}},{"start":{"line":718,"column":15},"end":{"line":718,"column":36}},{"start":{"line":718,"column":40},"end":{"line":718,"column":54}},{"start":{"line":718,"column":58},"end":{"line":718,"column":87}}],"line":718},"70":{"loc":{"start":{"line":722,"column":4},"end":{"line":722,"column":41}},"type":"if","locations":[{"start":{"line":722,"column":4},"end":{"line":722,"column":41}},{"start":{"line":722,"column":4},"end":{"line":722,"column":41}}],"line":722},"71":{"loc":{"start":{"line":723,"column":4},"end":{"line":723,"column":54}},"type":"if","locations":[{"start":{"line":723,"column":4},"end":{"line":723,"column":54}},{"start":{"line":723,"column":4},"end":{"line":723,"column":54}}],"line":723},"72":{"loc":{"start":{"line":729,"column":4},"end":{"line":733,"column":5}},"type":"if","locations":[{"start":{"line":729,"column":4},"end":{"line":733,"column":5}},{"start":{"line":729,"column":4},"end":{"line":733,"column":5}}],"line":729},"73":{"loc":{"start":{"line":730,"column":13},"end":{"line":732,"column":25}},"type":"cond-expr","locations":[{"start":{"line":731,"column":10},"end":{"line":731,"column":31}},{"start":{"line":732,"column":10},"end":{"line":732,"column":25}}],"line":730},"74":{"loc":{"start":{"line":739,"column":6},"end":{"line":739,"column":31}},"type":"if","locations":[{"start":{"line":739,"column":6},"end":{"line":739,"column":31}},{"start":{"line":739,"column":6},"end":{"line":739,"column":31}}],"line":739},"75":{"loc":{"start":{"line":740,"column":6},"end":{"line":740,"column":43}},"type":"if","locations":[{"start":{"line":740,"column":6},"end":{"line":740,"column":43}},{"start":{"line":740,"column":6},"end":{"line":740,"column":43}}],"line":740},"76":{"loc":{"start":{"line":758,"column":4},"end":{"line":761,"column":5}},"type":"if","locations":[{"start":{"line":758,"column":4},"end":{"line":761,"column":5}},{"start":{"line":758,"column":4},"end":{"line":761,"column":5}}],"line":758},"77":{"loc":{"start":{"line":759,"column":6},"end":{"line":759,"column":43}},"type":"if","locations":[{"start":{"line":759,"column":6},"end":{"line":759,"column":43}},{"start":{"line":759,"column":6},"end":{"line":759,"column":43}}],"line":759},"78":{"loc":{"start":{"line":767,"column":6},"end":{"line":767,"column":31}},"type":"if","locations":[{"start":{"line":767,"column":6},"end":{"line":767,"column":31}},{"start":{"line":767,"column":6},"end":{"line":767,"column":31}}],"line":767},"79":{"loc":{"start":{"line":768,"column":6},"end":{"line":768,"column":43}},"type":"if","locations":[{"start":{"line":768,"column":6},"end":{"line":768,"column":43}},{"start":{"line":768,"column":6},"end":{"line":768,"column":43}}],"line":768},"80":{"loc":{"start":{"line":828,"column":2},"end":{"line":828,"column":43}},"type":"if","locations":[{"start":{"line":828,"column":2},"end":{"line":828,"column":43}},{"start":{"line":828,"column":2},"end":{"line":828,"column":43}}],"line":828},"81":{"loc":{"start":{"line":832,"column":2},"end":{"line":835,"column":3}},"type":"if","locations":[{"start":{"line":832,"column":2},"end":{"line":835,"column":3}},{"start":{"line":832,"column":2},"end":{"line":835,"column":3}}],"line":832},"82":{"loc":{"start":{"line":840,"column":40},"end":{"line":840,"column":77}},"type":"cond-expr","locations":[{"start":{"line":840,"column":50},"end":{"line":840,"column":72}},{"start":{"line":840,"column":75},"end":{"line":840,"column":77}}],"line":840},"83":{"loc":{"start":{"line":857,"column":2},"end":{"line":860,"column":3}},"type":"if","locations":[{"start":{"line":857,"column":2},"end":{"line":860,"column":3}},{"start":{"line":857,"column":2},"end":{"line":860,"column":3}}],"line":857},"84":{"loc":{"start":{"line":857,"column":6},"end":{"line":857,"column":59}},"type":"binary-expr","locations":[{"start":{"line":857,"column":6},"end":{"line":857,"column":24}},{"start":{"line":857,"column":28},"end":{"line":857,"column":59}}],"line":857},"85":{"loc":{"start":{"line":862,"column":2},"end":{"line":871,"column":3}},"type":"if","locations":[{"start":{"line":862,"column":2},"end":{"line":871,"column":3}},{"start":{"line":862,"column":2},"end":{"line":871,"column":3}}],"line":862},"86":{"loc":{"start":{"line":862,"column":6},"end":{"line":862,"column":59}},"type":"binary-expr","locations":[{"start":{"line":862,"column":6},"end":{"line":862,"column":24}},{"start":{"line":862,"column":28},"end":{"line":862,"column":59}}],"line":862},"87":{"loc":{"start":{"line":865,"column":4},"end":{"line":867,"column":5}},"type":"if","locations":[{"start":{"line":865,"column":4},"end":{"line":867,"column":5}},{"start":{"line":865,"column":4},"end":{"line":867,"column":5}}],"line":865},"88":{"loc":{"start":{"line":873,"column":2},"end":{"line":877,"column":3}},"type":"if","locations":[{"start":{"line":873,"column":2},"end":{"line":877,"column":3}},{"start":{"line":873,"column":2},"end":{"line":877,"column":3}}],"line":873},"89":{"loc":{"start":{"line":873,"column":6},"end":{"line":873,"column":59}},"type":"binary-expr","locations":[{"start":{"line":873,"column":6},"end":{"line":873,"column":24}},{"start":{"line":873,"column":28},"end":{"line":873,"column":59}}],"line":873},"90":{"loc":{"start":{"line":879,"column":2},"end":{"line":883,"column":3}},"type":"if","locations":[{"start":{"line":879,"column":2},"end":{"line":883,"column":3}},{"start":{"line":879,"column":2},"end":{"line":883,"column":3}}],"line":879},"91":{"loc":{"start":{"line":879,"column":6},"end":{"line":879,"column":42}},"type":"binary-expr","locations":[{"start":{"line":879,"column":6},"end":{"line":879,"column":16}},{"start":{"line":879,"column":20},"end":{"line":879,"column":42}}],"line":879},"92":{"loc":{"start":{"line":909,"column":4},"end":{"line":911,"column":5}},"type":"if","locations":[{"start":{"line":909,"column":4},"end":{"line":911,"column":5}},{"start":{"line":909,"column":4},"end":{"line":911,"column":5}}],"line":909},"93":{"loc":{"start":{"line":914,"column":9},"end":{"line":916,"column":9}},"type":"cond-expr","locations":[{"start":{"line":915,"column":6},"end":{"line":915,"column":25}},{"start":{"line":916,"column":6},"end":{"line":916,"column":9}}],"line":914},"94":{"loc":{"start":{"line":928,"column":4},"end":{"line":930,"column":5}},"type":"if","locations":[{"start":{"line":928,"column":4},"end":{"line":930,"column":5}},{"start":{"line":928,"column":4},"end":{"line":930,"column":5}}],"line":928},"95":{"loc":{"start":{"line":928,"column":8},"end":{"line":928,"column":42}},"type":"binary-expr","locations":[{"start":{"line":928,"column":8},"end":{"line":928,"column":23}},{"start":{"line":928,"column":27},"end":{"line":928,"column":42}}],"line":928},"96":{"loc":{"start":{"line":945,"column":23},"end":{"line":945,"column":66}},"type":"cond-expr","locations":[{"start":{"line":945,"column":31},"end":{"line":945,"column":60}},{"start":{"line":945,"column":63},"end":{"line":945,"column":66}}],"line":945},"97":{"loc":{"start":{"line":978,"column":2},"end":{"line":980,"column":3}},"type":"if","locations":[{"start":{"line":978,"column":2},"end":{"line":980,"column":3}},{"start":{"line":978,"column":2},"end":{"line":980,"column":3}}],"line":978},"98":{"loc":{"start":{"line":982,"column":9},"end":{"line":984,"column":30}},"type":"cond-expr","locations":[{"start":{"line":983,"column":6},"end":{"line":983,"column":49}},{"start":{"line":984,"column":6},"end":{"line":984,"column":30}}],"line":982},"99":{"loc":{"start":{"line":1014,"column":9},"end":{"line":1016,"column":26}},"type":"cond-expr","locations":[{"start":{"line":1015,"column":6},"end":{"line":1015,"column":37}},{"start":{"line":1016,"column":6},"end":{"line":1016,"column":26}}],"line":1014},"100":{"loc":{"start":{"line":1015,"column":18},"end":{"line":1015,"column":36}},"type":"binary-expr","locations":[{"start":{"line":1015,"column":18},"end":{"line":1015,"column":30}},{"start":{"line":1015,"column":34},"end":{"line":1015,"column":36}}],"line":1015},"101":{"loc":{"start":{"line":1032,"column":14},"end":{"line":1034,"column":33}},"type":"cond-expr","locations":[{"start":{"line":1033,"column":6},"end":{"line":1033,"column":36}},{"start":{"line":1034,"column":6},"end":{"line":1034,"column":33}}],"line":1032},"102":{"loc":{"start":{"line":1048,"column":9},"end":{"line":1050,"column":21}},"type":"cond-expr","locations":[{"start":{"line":1049,"column":6},"end":{"line":1049,"column":26}},{"start":{"line":1050,"column":6},"end":{"line":1050,"column":21}}],"line":1048},"103":{"loc":{"start":{"line":1062,"column":23},"end":{"line":1062,"column":32}},"type":"binary-expr","locations":[{"start":{"line":1062,"column":23},"end":{"line":1062,"column":26}},{"start":{"line":1062,"column":30},"end":{"line":1062,"column":32}}],"line":1062},"104":{"loc":{"start":{"line":1065,"column":4},"end":{"line":1067,"column":5}},"type":"if","locations":[{"start":{"line":1065,"column":4},"end":{"line":1067,"column":5}},{"start":{"line":1065,"column":4},"end":{"line":1067,"column":5}}],"line":1065},"105":{"loc":{"start":{"line":1081,"column":18},"end":{"line":1081,"column":42}},"type":"binary-expr","locations":[{"start":{"line":1081,"column":18},"end":{"line":1081,"column":22}},{"start":{"line":1081,"column":26},"end":{"line":1081,"column":42}}],"line":1081},"106":{"loc":{"start":{"line":1083,"column":9},"end":{"line":1085,"column":9}},"type":"cond-expr","locations":[{"start":{"line":1084,"column":6},"end":{"line":1084,"column":15}},{"start":{"line":1085,"column":6},"end":{"line":1085,"column":9}}],"line":1083},"107":{"loc":{"start":{"line":1102,"column":4},"end":{"line":1117,"column":5}},"type":"switch","locations":[{"start":{"line":1103,"column":6},"end":{"line":1107,"column":13}},{"start":{"line":1108,"column":6},"end":{"line":1113,"column":13}},{"start":{"line":1114,"column":6},"end":{"line":1116,"column":13}}],"line":1102},"108":{"loc":{"start":{"line":1104,"column":8},"end":{"line":1106,"column":9}},"type":"if","locations":[{"start":{"line":1104,"column":8},"end":{"line":1106,"column":9}},{"start":{"line":1104,"column":8},"end":{"line":1106,"column":9}}],"line":1104},"109":{"loc":{"start":{"line":1109,"column":8},"end":{"line":1111,"column":9}},"type":"if","locations":[{"start":{"line":1109,"column":8},"end":{"line":1111,"column":9}},{"start":{"line":1109,"column":8},"end":{"line":1111,"column":9}}],"line":1109},"110":{"loc":{"start":{"line":1121,"column":2},"end":{"line":1123,"column":3}},"type":"if","locations":[{"start":{"line":1121,"column":2},"end":{"line":1123,"column":3}},{"start":{"line":1121,"column":2},"end":{"line":1123,"column":3}}],"line":1121}},"s":{"0":1,"1":1,"2":1,"3":1,"4":1,"5":1,"6":1,"7":1,"8":1,"9":1,"10":1,"11":1,"12":1,"13":1,"14":1,"15":1,"16":1,"17":1,"18":1,"19":1,"20":1,"21":1,"22":1,"23":1,"24":1,"25":1,"26":1,"27":167,"28":167,"29":167,"30":167,"31":167,"32":167,"33":167,"34":167,"35":167,"36":167,"37":167,"38":1,"39":166,"40":166,"41":1,"42":166,"43":145,"44":166,"45":164,"46":164,"47":162,"48":162,"49":162,"50":162,"51":162,"52":162,"53":1,"54":1,"55":1,"56":1,"57":1,"58":1,"59":1,"60":1,"61":1,"62":1,"63":1,"64":1,"65":3,"66":3,"67":3,"68":3,"69":1,"70":3,"71":3,"72":3,"73":1,"74":1,"75":1,"76":4,"77":4,"78":4,"79":4,"80":1,"81":50,"82":11,"83":39,"84":39,"85":39,"86":39,"87":39,"88":1,"89":39,"90":39,"91":39,"92":39,"93":39,"94":39,"95":1,"96":144,"97":1,"98":110,"99":1,"100":12,"101":12,"102":12,"103":12,"104":3,"105":3,"106":5,"107":9,"108":9,"109":2,"110":2,"111":7,"112":1,"113":4,"114":4,"115":4,"116":4,"117":4,"118":4,"119":1,"120":4,"121":4,"122":4,"123":4,"124":4,"125":1,"126":1,"127":1,"128":1,"129":1,"130":10,"131":10,"132":1,"133":15,"134":14,"135":14,"136":1,"137":1,"138":1,"139":10,"140":1,"141":20,"142":20,"143":15,"144":5,"145":2,"146":2,"147":3,"148":3,"149":1,"150":11,"151":11,"152":2,"153":2,"154":9,"155":2,"156":2,"157":7,"158":7,"159":7,"160":7,"161":7,"162":7,"163":7,"164":7,"165":7,"166":1,"167":162,"168":162,"169":162,"170":162,"171":1,"172":1,"173":161,"174":1,"175":1,"176":160,"177":151,"178":149,"179":151,"180":4,"181":4,"182":4,"183":147,"184":147,"185":9,"186":1,"187":1,"188":1,"189":8,"190":8,"191":155,"192":24,"193":24,"194":5,"195":24,"196":24,"197":6,"198":9,"199":9,"200":9,"201":9,"202":137,"203":10,"204":10,"205":127,"206":127,"207":1,"208":111,"209":111,"210":111,"211":111,"212":111,"213":111,"214":111,"215":111,"216":1,"217":1,"218":110,"219":110,"220":110,"221":110,"222":12,"223":2,"224":2,"225":10,"226":4,"227":4,"228":104,"229":104,"230":4,"231":4,"232":3,"233":104,"234":20,"235":20,"236":3,"237":3,"238":20,"239":3,"240":3,"241":3,"242":17,"243":13,"244":13,"245":13,"246":13,"247":13,"248":101,"249":122,"250":101,"251":101,"252":101,"253":101,"254":1,"255":1,"256":100,"257":1,"258":127,"259":127,"260":127,"261":127,"262":127,"263":13,"264":114,"265":2,"266":112,"267":11,"268":101,"269":101,"270":19,"271":11,"272":8,"273":8,"274":8,"275":8,"276":5,"277":3,"278":1,"279":2,"280":2,"281":1,"282":10,"283":10,"284":15,"285":2,"286":1,"287":1,"288":13,"289":13,"290":13,"291":13,"292":3,"293":10,"294":2,"295":8,"296":8,"297":10,"298":1,"299":100,"300":100,"301":100,"302":100,"303":100,"304":102,"305":100,"306":100,"307":2,"308":2,"309":100,"310":98,"311":1,"312":110,"313":110,"314":2,"315":108,"316":108,"317":1,"318":1,"319":107,"320":107,"321":107,"322":1,"323":110,"324":110,"325":110,"326":108,"327":108,"328":110,"329":107,"330":107,"331":1,"332":107,"333":107,"334":110,"335":109,"336":109,"337":109,"338":110,"339":107,"340":107,"341":107,"342":39,"343":39,"344":39,"345":19,"346":7,"347":7,"348":14,"349":6,"350":7,"351":155,"352":155,"353":208,"354":208,"355":24,"356":131,"357":16,"358":46,"359":11,"360":5,"361":6,"362":162,"363":162,"364":1,"365":39,"366":61,"367":61,"368":111,"369":19,"370":19,"371":19,"372":25,"373":4,"374":15,"375":17,"376":17,"377":2,"378":2,"379":2,"380":2,"381":2,"382":2,"383":46,"384":4,"385":3,"386":4,"387":5,"388":4,"389":5,"390":5,"391":37,"392":37,"393":2,"394":1,"395":2,"396":1,"397":1,"398":1,"399":1,"400":1},"f":{"0":167,"1":167,"2":1,"3":1,"4":3,"5":3,"6":4,"7":50,"8":144,"9":110,"10":12,"11":5,"12":4,"13":4,"14":1,"15":10,"16":15,"17":10,"18":20,"19":11,"20":162,"21":111,"22":127,"23":127,"24":19,"25":8,"26":10,"27":15,"28":13,"29":100,"30":102,"31":2,"32":98,"33":110,"34":110,"35":39,"36":7,"37":155,"38":16,"39":46,"40":11,"41":162,"42":39,"43":61,"44":111,"45":19,"46":17,"47":2,"48":1},"b":{"0":[167,8],"1":[2,165],"2":[2,165],"3":[1,166],"4":[22,145],"5":[1,166],"6":[167,14,11],"7":[1,165],"8":[1,0],"9":[145,21],"10":[8,158],"11":[1,163],"12":[9,155],"13":[1,161],"14":[162,157],"15":[3,159],"16":[5,157],"17":[150,12],"18":[1,161],"19":[162,12],"20":[1,2],"21":[1,3],"22":[3,1],"23":[11,39],"24":[39,0],"25":[1,38],"26":[39,13],"27":[110,107,104,100],"28":[3,9],"29":[3,3,2],"30":[5,4,4],"31":[2,7],"32":[2,2],"33":[10,10,0],"34":[1,14,14,1],"35":[15,5],"36":[2,3],"37":[2,2],"38":[2,9],"39":[2,7],"40":[1,161],"41":[1,160],"42":[151,9],"43":[149,2],"44":[4,147],"45":[1,8],"46":[24,131],"47":[5,19],"48":[4,1],"49":[2,2],"50":[6,9,9,9],"51":[10,127],"52":[137,135],"53":[111,109],"54":[1,110],"55":[12,98],"56":[2,10],"57":[4,6],"58":[10,10],"59":[4,100],"60":[3,1],"61":[20,84],"62":[104,102],"63":[3,17],"64":[3,17],"65":[13,4],"66":[17,14],"67":[1,100],"68":[13,114],"69":[127,15,14,13],"70":[2,112],"71":[11,101],"72":[11,8],"73":[10,1],"74":[5,3],"75":[1,2],"76":[2,13],"77":[1,1],"78":[3,10],"79":[2,8],"80":[2,108],"81":[1,107],"82":[106,1],"83":[108,2],"84":[110,108],"85":[107,3],"86":[110,108],"87":[1,106],"88":[109,1],"89":[110,109],"90":[107,3],"91":[110,108],"92":[6,8],"93":[1,6],"94":[24,184],"95":[208,186],"96":[13,3],"97":[5,6],"98":[4,2],"99":[0,39],"100":[0,0],"101":[0,61],"102":[0,111],"103":[19,2],"104":[4,21],"105":[17,11],"106":[11,6],"107":[4,5,37],"108":[3,1],"109":[4,1],"110":[1,1]},"_coverageSchema":"1a1c01bbd47fc00a2c39e90264f33305004495a9","hash":"4f3573fb6993a0a68662ca2b876c05a441632727","contentHash":"857a3af338d2020a0847110a90e62c9eecf26ce9213b4700e00e12b387fe0400"}
,"/data/js-variants/multee/Playground/send/node_modules/debug/karma.conf.js": {"path":"/data/js-variants/multee/Playground/send/node_modules/debug/karma.conf.js","statementMap":{"0":{"start":{"line":4,"column":0},"end":{"line":70,"column":1}},"1":{"start":{"line":5,"column":2},"end":{"line":69,"column":4}}},"fnMap":{"0":{"name":"(anonymous_0)","decl":{"start":{"line":4,"column":17},"end":{"line":4,"column":18}},"loc":{"start":{"line":4,"column":34},"end":{"line":70,"column":1}},"line":4}},"branchMap":{},"s":{"0":0,"1":0},"f":{"0":0},"b":{},"all":true}
,"/data/js-variants/multee/Playground/send/node_modules/debug/node.js": {"path":"/data/js-variants/multee/Playground/send/node_modules/debug/node.js","statementMap":{"0":{"start":{"line":1,"column":0},"end":{"line":1,"column":39}}},"fnMap":{},"branchMap":{},"s":{"0":0},"f":{},"b":{},"all":true}
,"/data/js-variants/multee/Playground/send/node_modules/debug/node_modules/ms/index.js": {"path":"/data/js-variants/multee/Playground/send/node_modules/debug/node_modules/ms/index.js","statementMap":{"0":{"start":{"line":5,"column":8},"end":{"line":5,"column":12}},"1":{"start":{"line":6,"column":8},"end":{"line":6,"column":14}},"2":{"start":{"line":7,"column":8},"end":{"line":7,"column":14}},"3":{"start":{"line":8,"column":8},"end":{"line":8,"column":14}},"4":{"start":{"line":9,"column":8},"end":{"line":9,"column":18}},"5":{"start":{"line":25,"column":0},"end":{"line":37,"column":2}},"6":{"start":{"line":26,"column":2},"end":{"line":26,"column":26}},"7":{"start":{"line":27,"column":13},"end":{"line":27,"column":23}},"8":{"start":{"line":28,"column":2},"end":{"line":32,"column":3}},"9":{"start":{"line":29,"column":4},"end":{"line":29,"column":22}},"10":{"start":{"line":30,"column":9},"end":{"line":32,"column":3}},"11":{"start":{"line":31,"column":4},"end":{"line":31,"column":55}},"12":{"start":{"line":33,"column":2},"end":{"line":36,"column":4}},"13":{"start":{"line":48,"column":2},"end":{"line":48,"column":20}},"14":{"start":{"line":49,"column":2},"end":{"line":51,"column":3}},"15":{"start":{"line":50,"column":4},"end":{"line":50,"column":11}},"16":{"start":{"line":52,"column":14},"end":{"line":54,"column":3}},"17":{"start":{"line":55,"column":2},"end":{"line":57,"column":3}},"18":{"start":{"line":56,"column":4},"end":{"line":56,"column":11}},"19":{"start":{"line":58,"column":10},"end":{"line":58,"column":30}},"20":{"start":{"line":59,"column":13},"end":{"line":59,"column":45}},"21":{"start":{"line":60,"column":2},"end":{"line":97,"column":3}},"22":{"start":{"line":66,"column":6},"end":{"line":66,"column":19}},"23":{"start":{"line":70,"column":6},"end":{"line":70,"column":19}},"24":{"start":{"line":76,"column":6},"end":{"line":76,"column":19}},"25":{"start":{"line":82,"column":6},"end":{"line":82,"column":19}},"26":{"start":{"line":88,"column":6},"end":{"line":88,"column":19}},"27":{"start":{"line":94,"column":6},"end":{"line":94,"column":15}},"28":{"start":{"line":96,"column":6},"end":{"line":96,"column":23}},"29":{"start":{"line":109,"column":2},"end":{"line":111,"column":3}},"30":{"start":{"line":110,"column":4},"end":{"line":110,"column":36}},"31":{"start":{"line":112,"column":2},"end":{"line":114,"column":3}},"32":{"start":{"line":113,"column":4},"end":{"line":113,"column":36}},"33":{"start":{"line":115,"column":2},"end":{"line":117,"column":3}},"34":{"start":{"line":116,"column":4},"end":{"line":116,"column":36}},"35":{"start":{"line":118,"column":2},"end":{"line":120,"column":3}},"36":{"start":{"line":119,"column":4},"end":{"line":119,"column":36}},"37":{"start":{"line":121,"column":2},"end":{"line":121,"column":19}},"38":{"start":{"line":133,"column":2},"end":{"line":137,"column":15}},"39":{"start":{"line":145,"column":2},"end":{"line":147,"column":3}},"40":{"start":{"line":146,"column":4},"end":{"line":146,"column":11}},"41":{"start":{"line":148,"column":2},"end":{"line":150,"column":3}},"42":{"start":{"line":149,"column":4},"end":{"line":149,"column":43}},"43":{"start":{"line":151,"column":2},"end":{"line":151,"column":46}}},"fnMap":{"0":{"name":"(anonymous_0)","decl":{"start":{"line":25,"column":17},"end":{"line":25,"column":18}},"loc":{"start":{"line":25,"column":40},"end":{"line":37,"column":1}},"line":25},"1":{"name":"parse","decl":{"start":{"line":47,"column":9},"end":{"line":47,"column":14}},"loc":{"start":{"line":47,"column":20},"end":{"line":98,"column":1}},"line":47},"2":{"name":"fmtShort","decl":{"start":{"line":108,"column":9},"end":{"line":108,"column":17}},"loc":{"start":{"line":108,"column":22},"end":{"line":122,"column":1}},"line":108},"3":{"name":"fmtLong","decl":{"start":{"line":132,"column":9},"end":{"line":132,"column":16}},"loc":{"start":{"line":132,"column":21},"end":{"line":138,"column":1}},"line":132},"4":{"name":"plural","decl":{"start":{"line":144,"column":9},"end":{"line":144,"column":15}},"loc":{"start":{"line":144,"column":29},"end":{"line":152,"column":1}},"line":144}},"branchMap":{"0":{"loc":{"start":{"line":26,"column":12},"end":{"line":26,"column":25}},"type":"binary-expr","locations":[{"start":{"line":26,"column":12},"end":{"line":26,"column":19}},{"start":{"line":26,"column":23},"end":{"line":26,"column":25}}],"line":26},"1":{"loc":{"start":{"line":28,"column":2},"end":{"line":32,"column":3}},"type":"if","locations":[{"start":{"line":28,"column":2},"end":{"line":32,"column":3}},{"start":{"line":28,"column":2},"end":{"line":32,"column":3}}],"line":28},"2":{"loc":{"start":{"line":28,"column":6},"end":{"line":28,"column":41}},"type":"binary-expr","locations":[{"start":{"line":28,"column":6},"end":{"line":28,"column":23}},{"start":{"line":28,"column":27},"end":{"line":28,"column":41}}],"line":28},"3":{"loc":{"start":{"line":30,"column":9},"end":{"line":32,"column":3}},"type":"if","locations":[{"start":{"line":30,"column":9},"end":{"line":32,"column":3}},{"start":{"line":30,"column":9},"end":{"line":32,"column":3}}],"line":30},"4":{"loc":{"start":{"line":30,"column":13},"end":{"line":30,"column":54}},"type":"binary-expr","locations":[{"start":{"line":30,"column":13},"end":{"line":30,"column":30}},{"start":{"line":30,"column":34},"end":{"line":30,"column":54}}],"line":30},"5":{"loc":{"start":{"line":31,"column":11},"end":{"line":31,"column":54}},"type":"cond-expr","locations":[{"start":{"line":31,"column":26},"end":{"line":31,"column":38}},{"start":{"line":31,"column":41},"end":{"line":31,"column":54}}],"line":31},"6":{"loc":{"start":{"line":49,"column":2},"end":{"line":51,"column":3}},"type":"if","locations":[{"start":{"line":49,"column":2},"end":{"line":51,"column":3}},{"start":{"line":49,"column":2},"end":{"line":51,"column":3}}],"line":49},"7":{"loc":{"start":{"line":55,"column":2},"end":{"line":57,"column":3}},"type":"if","locations":[{"start":{"line":55,"column":2},"end":{"line":57,"column":3}},{"start":{"line":55,"column":2},"end":{"line":57,"column":3}}],"line":55},"8":{"loc":{"start":{"line":59,"column":14},"end":{"line":59,"column":30}},"type":"binary-expr","locations":[{"start":{"line":59,"column":14},"end":{"line":59,"column":22}},{"start":{"line":59,"column":26},"end":{"line":59,"column":30}}],"line":59},"9":{"loc":{"start":{"line":60,"column":2},"end":{"line":97,"column":3}},"type":"switch","locations":[{"start":{"line":61,"column":4},"end":{"line":61,"column":17}},{"start":{"line":62,"column":4},"end":{"line":62,"column":16}},{"start":{"line":63,"column":4},"end":{"line":63,"column":15}},{"start":{"line":64,"column":4},"end":{"line":64,"column":14}},{"start":{"line":65,"column":4},"end":{"line":66,"column":19}},{"start":{"line":67,"column":4},"end":{"line":67,"column":16}},{"start":{"line":68,"column":4},"end":{"line":68,"column":15}},{"start":{"line":69,"column":4},"end":{"line":70,"column":19}},{"start":{"line":71,"column":4},"end":{"line":71,"column":17}},{"start":{"line":72,"column":4},"end":{"line":72,"column":16}},{"start":{"line":73,"column":4},"end":{"line":73,"column":15}},{"start":{"line":74,"column":4},"end":{"line":74,"column":14}},{"start":{"line":75,"column":4},"end":{"line":76,"column":19}},{"start":{"line":77,"column":4},"end":{"line":77,"column":19}},{"start":{"line":78,"column":4},"end":{"line":78,"column":18}},{"start":{"line":79,"column":4},"end":{"line":79,"column":16}},{"start":{"line":80,"column":4},"end":{"line":80,"column":15}},{"start":{"line":81,"column":4},"end":{"line":82,"column":19}},{"start":{"line":83,"column":4},"end":{"line":83,"column":19}},{"start":{"line":84,"column":4},"end":{"line":84,"column":18}},{"start":{"line":85,"column":4},"end":{"line":85,"column":16}},{"start":{"line":86,"column":4},"end":{"line":86,"column":15}},{"start
[...]
,"/data/js-variants/multee/Playground/send/node_modules/range-parser/index.js": {"path":"/data/js-variants/multee/Playground/send/node_modules/range-parser/index.js","statementMap":{"0":{"start":{"line":15,"column":0},"end":{"line":15,"column":28}},"1":{"start":{"line":28,"column":2},"end":{"line":30,"column":3}},"2":{"start":{"line":29,"column":4},"end":{"line":29,"column":56}},"3":{"start":{"line":32,"column":14},"end":{"line":32,"column":30}},"4":{"start":{"line":34,"column":2},"end":{"line":36,"column":3}},"5":{"start":{"line":35,"column":4},"end":{"line":35,"column":13}},"6":{"start":{"line":39,"column":12},"end":{"line":39,"column":43}},"7":{"start":{"line":40,"column":15},"end":{"line":40,"column":17}},"8":{"start":{"line":43,"column":2},"end":{"line":43,"column":35}},"9":{"start":{"line":46,"column":2},"end":{"line":75,"column":3}},"10":{"start":{"line":46,"column":15},"end":{"line":46,"column":16}},"11":{"start":{"line":47,"column":16},"end":{"line":47,"column":33}},"12":{"start":{"line":48,"column":16},"end":{"line":48,"column":38}},"13":{"start":{"line":49,"column":14},"end":{"line":49,"column":36}},"14":{"start":{"line":52,"column":4},"end":{"line":58,"column":5}},"15":{"start":{"line":53,"column":6},"end":{"line":53,"column":24}},"16":{"start":{"line":54,"column":6},"end":{"line":54,"column":20}},"17":{"start":{"line":56,"column":11},"end":{"line":58,"column":5}},"18":{"start":{"line":57,"column":6},"end":{"line":57,"column":20}},"19":{"start":{"line":61,"column":4},"end":{"line":63,"column":5}},"20":{"start":{"line":62,"column":6},"end":{"line":62,"column":20}},"21":{"start":{"line":66,"column":4},"end":{"line":68,"column":5}},"22":{"start":{"line":67,"column":6},"end":{"line":67,"column":14}},"23":{"start":{"line":71,"column":4},"end":{"line":74,"column":6}},"24":{"start":{"line":77,"column":2},"end":{"line":80,"column":3}},"25":{"start":{"line":79,"column":4},"end":{"line":79,"column":13}},"26":{"start":{"line":82,"column":2},"end":{"line":84,"column":12}},"27":{"start":{"line":93,"column":16},"end":{"line":93,"column":63}},"28":{"start":{"line":95,"column":2},"end":{"line":107,"column":3}},"29":{"start":{"line":95,"column":15},"end":{"line":95,"column":16}},"30":{"start":{"line":95,"column":22},"end":{"line":95,"column":23}},"31":{"start":{"line":96,"column":16},"end":{"line":96,"column":26}},"32":{"start":{"line":97,"column":18},"end":{"line":97,"column":28}},"33":{"start":{"line":99,"column":4},"end":{"line":106,"column":5}},"34":{"start":{"line":101,"column":6},"end":{"line":101,"column":26}},"35":{"start":{"line":102,"column":11},"end":{"line":106,"column":5}},"36":{"start":{"line":104,"column":6},"end":{"line":104,"column":29}},"37":{"start":{"line":105,"column":6},"end":{"line":105,"column":58}},"38":{"start":{"line":110,"column":2},"end":{"line":110,"column":24}},"39":{"start":{"line":113,"column":17},"end":{"line":113,"column":68}},"40":{"start":{"line":116,"column":2},"end":{"line":116,"column":29}},"41":{"start":{"line":118,"column":2},"end":{"line":118,"column":17}},"42":{"start":{"line":127,"column":2},"end":{"line":131,"column":3}},"43":{"start":{"line":140,"column":2},"end":{"line":143,"column":3}},"44":{"start":{"line":152,"column":2},"end":{"line":152,"column":26}},"45":{"start":{"line":161,"column":2},"end":{"line":161,"column":26}}},"fnMap":{"0":{"name":"rangeParser","decl":{"start":{"line":27,"column":9},"end":{"line":27,"column":20}},"loc":{"start":{"line":27,"column":42},"end":{"line":85,"column":1}},"line":27},"1":{"name":"combineRanges","decl":{"start":{"line":92,"column":9},"end":{"line":92,"column":22}},"loc":{"start":{"line":92,"column":32},"end":{"line":119,"column":1}},"line":92},"2":{"name":"mapWithIndex","decl":{"start":{"line":126,"column":9},"end":{"line":126,"column":21}},"loc":{"start":{"line":126,"column":37},"end":{"line":132,"column":1}},"line":126},"3":{"name":"mapWithoutIndex","decl":{"start":{"line":139,"column":9},"end":{"line":139,"column":24}},"loc":{"start":{"line":139,"column":33},"end":{"line":144,"column":1}},"line":139},"4":{"name":"sortByRangeIndex","decl":{"start":{"line":151,"column":9},"end":{"line":151,"column":25}},"loc":{"start":{"line":151,"column":33},"end":{"line":153,"column":1}},"line":151},"5":{"name":"sortByRangeStart","decl":{"start":{"line":160,"column":9},"end":{"line":160,"column":25}},"loc":{"start":{"line":160,"column":33},"end":{"line":162,"column":1}},"line":160}},"branchMap":{"0":{"loc":{"start":{"line":28,"column":2},"end":{"line":30,"column":3}},"type":"if","locations":[{"start":{"line":28,"column":2},"end":{"line":30,"column":3}},{"start":{"line":28,"column":2},"end":{"line":30,"column":3}}],"line":28},"1":{"loc":{"start":{"line":34,"column":2},"end":{"line":36,"column":3}},"type":"if","locations":[{"start":{"line":34,"column":2},"end":{"line":36,"column":3}},{"start":{"line":34,"column":2},"end":{"line":36,"column":3}}],"line":34},"2":{"loc":{"start":{"line":52,"column":4},"end":{"line":58,"column":5}},"type":"if","locations":[{"start":{"line":52,"column":4},"end":{"line":58,"column":5}},{"start":{"line":52,"column":4},"end":{"line":58,"column":5}}],"line":52},"3":{"loc":{"start":{"line":56,"column":11},"end":{"line":58,"column":5}},"type":"if","locations":[{"start":{"line":56,"column":11},"end":{"line":58,"column":5}},{"start":{"line":56,"column":11},"end":{"line":58,"column":5}}],"line":56},"4":{"loc":{"start":{"line":61,"column":4},"end":{"line":63,"column":5}},"type":"if","locations":[{"start":{"line":61,"column":4},"end":{"line":63,"column":5}},{"start":{"line":61,"column":4},"end":{"line":63,"column":5}}],"line":61},"5":{"loc":{"start":{"line":66,"column":4},"end":{"line":68,"column":5}},"type":"if","locations":[{"start":{"line":66,"column":4},"end":{"line":68,"column":5}},{"start":{"line":66,"column":4},"end":{"line":68,"column":5}}],"line":66},"6":{"loc":{"start":{"line":66,"column":8},"end":{"line":66,"column":62}},"type":"binary-expr","locations":[{"start":{"line":66,"column":8},"end":{"line":66,"column":20}},{"start":{"line":66,"column":24},"end":{"line":66,"column":34}},{"start":{"line":66,"column":38},"end":{"line":66,"column":49}},{"start":{"line":66,"column":53},"end":{"line":66,"column":62}}],"line":66},"7":{"loc":{"start":{"line":77,"column":2},"end":{"line":80,"column":3}},"type":"if","locations":[{"start":{"line":77,"column":2},"end":{"line":80,"column":3}},{"start":{"line":77,"column":2},"end":{"line":80,"column":3}}],"line":77},"8":{"loc":{"start":{"line":82,"column":9},"end":{"line":84,"column":12}},"type":"cond-expr","locations":[{"start":{"line":83,"column":6},"end":{"line":83,"column":27}},{"start":{"line":84,"column":6},"end":{"line":84,"column":12}}],"line":82},"9":{"loc":{"start":{"line":82,"column":9},"end":{"line":82,"column":35}},"type":"binary-expr","locations":[{"start":{"line":82,"column":9},"end":{"line":82,"column":16}},{"start":{"line":82,"column":20},"end":{"line":82,"column":35}}],"line":82},"10":{"loc":{"start":{"line":99,"column":4},"end":{"line":106,"column":5}},"type":"if","locations":[{"start":{"line":99,"column":4},"end":{"line":106,"column":5}},{"start":{"line":99,"column":4},"end":{"line":106,"column":5}}],"line":99},"11":{"loc":{"start":{"line":102,"column":11},"end":{"line":106,"column":5}},"type":"if","locations":[{"start":{"line":102,"column":11},"end":{"line":106,"column":5}},{"start":{"line":102,"column":11},"end":{"line":106,"column":5}}],"line":102}},"s":{"0":1,"1":20,"2":0,"3":20,"4":20,"5":0,"6":20,"7":20,"8":20,"9":20,"10":20,"11":22,"12":22,"13":22,"14":22,"15":2,"16":2,"17":20,"18":2,"19":22,"20":5,"21":22,"22":3,"23":19,"24":20,"25":3,"26":17,"27":17,"28":17,"29":17,"30":17,"31":2,"32":2,"33":2,"34":1,"35":1,"36":1,"37":1,"38":17,"39":17,"40":17,"41":17,"42":19,"43":18,"44":1,"45":2},"f":{"0":20,"1":17,"2":19,"3":18,"4":1,"5":2},"b":{"0":[0,20],"1":[0,20],"2":[2,20],"3":[2,18],"4":[5,17],"5":[3,19],"6":[22,22,22,19],"7":[3,17],"8":[17,0],"9":[17,17],"10":[1,1],"11":[1,0]},"_coverageSchema":"1a1c01bbd47fc00a2c39e90264f33305004495a9","hash":"ac19c1e274b14ab9e23b08667aebe251ff7af192","contentHash":"81a3c3da9a9e1b56f707350840ad0c17e95ce189548b7817f2a4f86b0a7e245c"}
,"/data/js-variants/multee/Playground/send/node_modules/setprototypeof/index.js": {"path":"/data/js-variants/multee/Playground/send/node_modules/setprototypeof/index.js","statementMap":{"0":{"start":{"line":3,"column":0},"end":{"line":3,"column":109}},"1":{"start":{"line":6,"column":2},"end":{"line":6,"column":23}},"2":{"start":{"line":7,"column":2},"end":{"line":7,"column":12}},"3":{"start":{"line":11,"column":2},"end":{"line":15,"column":3}},"4":{"start":{"line":12,"column":4},"end":{"line":14,"column":5}},"5":{"start":{"line":13,"column":6},"end":{"line":13,"column":29}},"6":{"start":{"line":16,"column":2},"end":{"line":16,"column":12}}},"fnMap":{"0":{"name":"setProtoOf","decl":{"start":{"line":5,"column":9},"end":{"line":5,"column":19}},"loc":{"start":{"line":5,"column":33},"end":{"line":8,"column":1}},"line":5},"1":{"name":"mixinProperties","decl":{"start":{"line":10,"column":9},"end":{"line":10,"column":24}},"loc":{"start":{"line":10,"column":38},"end":{"line":17,"column":1}},"line":10}},"branchMap":{"0":{"loc":{"start":{"line":3,"column":17},"end":{"line":3,"column":109}},"type":"binary-expr","locations":[{"start":{"line":3,"column":17},"end":{"line":3,"column":38}},{"start":{"line":3,"column":43},"end":{"line":3,"column":108}}],"line":3},"1":{"loc":{"start":{"line":3,"column":43},"end":{"line":3,"column":108}},"type":"cond-expr","locations":[{"start":{"line":3,"column":80},"end":{"line":3,"column":90}},{"start":{"line":3,"column":93},"end":{"line":3,"column":108}}],"line":3},"2":{"loc":{"start":{"line":12,"column":4},"end":{"line":14,"column":5}},"type":"if","locations":[{"start":{"line":12,"column":4},"end":{"line":14,"column":5}},{"start":{"line":12,"column":4},"end":{"line":14,"column":5}}],"line":12}},"s":{"0":1,"1":0,"2":0,"3":0,"4":0,"5":0,"6":0},"f":{"0":0,"1":0},"b":{"0":[1,0],"1":[0,0],"2":[0,0]},"_coverageSchema":"1a1c01bbd47fc00a2c39e90264f33305004495a9","hash":"0244f93436a7500e8aba2d4eb47ca813b1a3ec53","contentHash":"048031c0006dc479916305f35401b48841c0d44cd3d655b889be733d0765fb0b"}
,"/data/js-variants/multee/Playground/send/node_modules/setprototypeof/test/index.js": {"path":"/data/js-variants/multee/Playground/send/node_modules/setprototypeof/test/index.js","statementMap":{"0":{"start":{"line":4,"column":13},"end":{"line":4,"column":30}},"1":{"start":{"line":5,"column":21},"end":{"line":5,"column":34}},"2":{"start":{"line":7,"column":0},"end":{"line":24,"column":2}},"3":{"start":{"line":8,"column":2},"end":{"line":23,"column":4}},"4":{"start":{"line":9,"column":14},"end":{"line":9,"column":28}},"5":{"start":{"line":10,"column":16},"end":{"line":10,"column":30}},"6":{"start":{"line":11,"column":19},"end":{"line":11,"column":45}},"7":{"start":{"line":13,"column":4},"end":{"line":21,"column":5}},"8":{"start":{"line":14,"column":6},"end":{"line":14,"column":59}},"9":{"start":{"line":15,"column":11},"end":{"line":21,"column":5}},"10":{"start":{"line":16,"column":6},"end":{"line":16,"column":46}},"11":{"start":{"line":18,"column":6},"end":{"line":18,"column":34}},"12":{"start":{"line":19,"column":6},"end":{"line":19,"column":34}},"13":{"start":{"line":20,"column":6},"end":{"line":20,"column":34}},"14":{"start":{"line":22,"column":4},"end":{"line":22,"column":37}}},"fnMap":{"0":{"name":"(anonymous_0)","decl":{"start":{"line":7,"column":35},"end":{"line":7,"column":36}},"loc":{"start":{"line":7,"column":47},"end":{"line":24,"column":1}},"line":7},"1":{"name":"(anonymous_1)","decl":{"start":{"line":8,"column":29},"end":{"line":8,"column":30}},"loc":{"start":{"line":8,"column":41},"end":{"line":23,"column":3}},"line":8}},"branchMap":{"0":{"loc":{"start":{"line":13,"column":4},"end":{"line":21,"column":5}},"type":"if","locations":[{"start":{"line":13,"column":4},"end":{"line":21,"column":5}},{"start":{"line":13,"column":4},"end":{"line":21,"column":5}}],"line":13},"1":{"loc":{"start":{"line":15,"column":11},"end":{"line":21,"column":5}},"type":"if","locations":[{"start":{"line":15,"column":11},"end":{"line":21,"column":5}},{"start":{"line":15,"column":11},"end":{"line":21,"column":5}}],"line":15}},"s":{"0":0,"1":0,"2":0,"3":0,"4":0,"5":0,"6":0,"7":0,"8":0,"9":0,"10":0,"11":0,"12":0,"13":0,"14":0},"f":{"0":0,"1":0},"b":{"0":[0,0],"1":[0,0]},"all":true}
,"/data/js-variants/multee/Playground/send/node_modules/statuses/index.js": {"path":"/data/js-variants/multee/Playground/send/node_modules/statuses/index.js","statementMap":{"0":{"start":{"line":15,"column":12},"end":{"line":15,"column":35}},"1":{"start":{"line":22,"column":0},"end":{"line":22,"column":23}},"2":{"start":{"line":25,"column":0},"end":{"line":25,"column":22}},"3":{"start":{"line":28,"column":0},"end":{"line":28,"column":49}},"4":{"start":{"line":31,"column":0},"end":{"line":31,"column":42}},"5":{"start":{"line":34,"column":0},"end":{"line":42,"column":1}},"6":{"start":{"line":45,"column":0},"end":{"line":49,"column":1}},"7":{"start":{"line":52,"column":0},"end":{"line":56,"column":1}},"8":{"start":{"line":64,"column":12},"end":{"line":64,"column":14}},"9":{"start":{"line":66,"column":2},"end":{"line":72,"column":4}},"10":{"start":{"line":67,"column":18},"end":{"line":67,"column":29}},"11":{"start":{"line":68,"column":17},"end":{"line":68,"column":29}},"12":{"start":{"line":71,"column":4},"end":{"line":71,"column":39}},"13":{"start":{"line":74,"column":2},"end":{"line":74,"column":12}},"14":{"start":{"line":83,"column":2},"end":{"line":85,"column":4}},"15":{"start":{"line":84,"column":4},"end":{"line":84,"column":23}},"16":{"start":{"line":94,"column":12},"end":{"line":94,"column":33}},"17":{"start":{"line":96,"column":2},"end":{"line":98,"column":3}},"18":{"start":{"line":97,"column":4},"end":{"line":97,"column":64}},"19":{"start":{"line":100,"column":2},"end":{"line":100,"column":25}},"20":{"start":{"line":109,"column":2},"end":{"line":111,"column":3}},"21":{"start":{"line":110,"column":4},"end":{"line":110,"column":51}},"22":{"start":{"line":113,"column":2},"end":{"line":113,"column":29}},"23":{"start":{"line":131,"column":2},"end":{"line":133,"column":3}},"24":{"start":{"line":132,"column":4},"end":{"line":132,"column":33}},"25":{"start":{"line":135,"column":2},"end":{"line":137,"column":3}},"26":{"start":{"line":136,"column":4},"end":{"line":136,"column":58}},"27":{"start":{"line":140,"column":10},"end":{"line":140,"column":28}},"28":{"start":{"line":141,"column":2},"end":{"line":143,"column":3}},"29":{"start":{"line":142,"column":4},"end":{"line":142,"column":30}},"30":{"start":{"line":145,"column":2},"end":{"line":145,"column":28}}},"fnMap":{"0":{"name":"createMessageToStatusCodeMap","decl":{"start":{"line":63,"column":9},"end":{"line":63,"column":37}},"loc":{"start":{"line":63,"column":46},"end":{"line":75,"column":1}},"line":63},"1":{"name":"forEachCode","decl":{"start":{"line":66,"column":38},"end":{"line":66,"column":49}},"loc":{"start":{"line":66,"column":57},"end":{"line":72,"column":3}},"line":66},"2":{"name":"createStatusCodeList","decl":{"start":{"line":82,"column":9},"end":{"line":82,"column":29}},"loc":{"start":{"line":82,"column":38},"end":{"line":86,"column":1}},"line":82},"3":{"name":"mapCode","decl":{"start":{"line":83,"column":41},"end":{"line":83,"column":48}},"loc":{"start":{"line":83,"column":56},"end":{"line":85,"column":3}},"line":83},"4":{"name":"getStatusCode","decl":{"start":{"line":93,"column":9},"end":{"line":93,"column":22}},"loc":{"start":{"line":93,"column":33},"end":{"line":101,"column":1}},"line":93},"5":{"name":"getStatusMessage","decl":{"start":{"line":108,"column":9},"end":{"line":108,"column":25}},"loc":{"start":{"line":108,"column":33},"end":{"line":114,"column":1}},"line":108},"6":{"name":"status","decl":{"start":{"line":130,"column":9},"end":{"line":130,"column":15}},"loc":{"start":{"line":130,"column":23},"end":{"line":146,"column":1}},"line":130}},"branchMap":{"0":{"loc":{"start":{"line":96,"column":2},"end":{"line":98,"column":3}},"type":"if","locations":[{"start":{"line":96,"column":2},"end":{"line":98,"column":3}},{"start":{"line":96,"column":2},"end":{"line":98,"column":3}}],"line":96},"1":{"loc":{"start":{"line":109,"column":2},"end":{"line":111,"column":3}},"type":"if","locations":[{"start":{"line":109,"column":2},"end":{"line":111,"column":3}},{"start":{"line":109,"column":2},"end":{"line":111,"column":3}}],"line":109},"2":{"loc":{"start":{"line":131,"column":2},"end":{"line":133,"column":3}},"type":"if","locations":[{"start":{"line":131,"column":2},"end":{"line":133,"column":3}},{"start":{"line":131,"column":2},"end":{"line":133,"column":3}}],"line":131},"3":{"loc":{"start":{"line":135,"column":2},"end":{"line":137,"column":3}},"type":"if","locations":[{"start":{"line":135,"column":2},"end":{"line":137,"column":3}},{"start":{"line":135,"column":2},"end":{"line":137,"column":3}}],"line":135},"4":{"loc":{"start":{"line":141,"column":2},"end":{"line":143,"column":3}},"type":"if","locations":[{"start":{"line":141,"column":2},"end":{"line":143,"column":3}},{"start":{"line":141,"column":2},"end":{"line":143,"column":3}}],"line":141}},"s":{"0":1,"1":1,"2":1,"3":1,"4":1,"5":1,"6":1,"7":1,"8":1,"9":1,"10":63,"11":63,"12":63,"13":1,"14":1,"15":63,"16":0,"17":0,"18":0,"19":0,"20":0,"21":0,"22":0,"23":0,"24":0,"25":0,"26":0,"27":0,"28":0,"29":0,"30":0},"f":{"0":1,"1":63,"2":1,"3":63,"4":0,"5":0,"6":0},"b":{"0":[0,0],"1":[0,0],"2":[0,0],"3":[0,0],"4":[0,0]},"_coverageSchema":"1a1c01bbd47fc00a2c39e90264f33305004495a9","hash":"c037e4f81ac401704238001b17597c544b3bd5fb","contentHash":"2edc74cf72966886ddbceb7b55eb894a6622878925f5321a733e8206648928cf"}
,"/data/js-variants/multee/Playground/send/node_modules/toidentifier/index.js": {"path":"/data/js-variants/multee/Playground/send/node_modules/toidentifier/index.js","statementMap":{"0":{"start":{"line":14,"column":0},"end":{"line":14,"column":29}},"1":{"start":{"line":25,"column":2},"end":{"line":31,"column":33}},"2":{"start":{"line":28,"column":6},"end":{"line":28,"column":61}}},"fnMap":{"0":{"name":"toIdentifier","decl":{"start":{"line":24,"column":9},"end":{"line":24,"column":21}},"loc":{"start":{"line":24,"column":28},"end":{"line":32,"column":1}},"line":24},"1":{"name":"(anonymous_1)","decl":{"start":{"line":27,"column":9},"end":{"line":27,"column":10}},"loc":{"start":{"line":27,"column":26},"end":{"line":29,"column":5}},"line":27}},"branchMap":{},"s":{"0":1,"1":63,"2":133},"f":{"0":63,"1":133},"b":{},"_coverageSchema":"1a1c01bbd47fc00a2c39e90264f33305004495a9","hash":"f045d109f4f504f3c2f4d205807430d9db59c6fc","contentHash":"e48d0bbcca75e55d3c7e6efcc0d4a3384dea6159e7257c4e6f14c9d81bdd5a53"}
}
