I am package APCOvernight/apc-build .....
Cloning into 'apc-build'...
Note: switching to '79273e6e40fe9eff9c22b2316b9476b754da7bd1'.

You are in 'detached HEAD' state. You can look around, make experimental
changes and commit them, and you can discard any commits you make in this
state without impacting any branches by switching back to a branch.

If you want to create a new branch to retain commits you create, you may
do so (now or later) by using -c with the switch command. Example:

  git switch -c <new-branch-name>

Or undo this operation with:

  git switch -

Turn off this advice by setting config variable advice.detachedHead to false

HEAD is now at 79273e6 Merge pull request #91 from APCOvernight/removing-nodesass
npm WARN deprecated set-value@2.0.0: Critical bug fixed in v3.0.1, please upgrade to the latest version.
npm WARN deprecated mixin-deep@1.3.1: Critical bug fixed in v2.0.1, please upgrade to the latest version.
npm WARN deprecated ini@1.3.5: Please update to ini >=1.3.6 to avoid a prototype pollution issue
npm WARN deprecated set-value@0.4.3: Critical bug fixed in v3.0.1, please upgrade to the latest version.
npm WARN deprecated stable@0.1.8: Modern JS already guarantees Array#sort() is a stable sort, so this library is deprecated. See the compatibility table on MDN: https://developer.mozilla.org/en-US/docs/Web/JavaScript/Reference/Global_Objects/Array/sort#browser_compatibility
npm WARN deprecated urix@0.1.0: Please see https://github.com/lydell/urix#deprecated
npm WARN deprecated har-validator@5.1.5: this library is no longer supported
npm WARN deprecated resolve-url@0.2.1: https://github.com/lydell/resolve-url#deprecated
npm WARN deprecated acorn-dynamic-import@4.0.0: This is probably built in to whatever tool you're using. If you still need it... idk
npm WARN deprecated source-map-url@0.4.0: See https://github.com/lydell/source-map-url#deprecated
npm WARN deprecated circular-json@0.3.3: CircularJSON is in maintenance only, flatted is its successor.
npm WARN deprecated chokidar@2.0.4: Chokidar 2 does not receive security updates since 2019. Upgrade to chokidar 3 with 15x fewer dependencies
npm WARN deprecated debug@3.2.6: Debug versions >=3.2.0 <3.2.7 || >=4 <4.3.1 have a low-severity ReDos regression when used in a Node.js environment. It is recommended you upgrade to 3.2.7 or 4.3.1. (https://github.com/visionmedia/debug/issues/797)
npm WARN deprecated debug@3.2.6: Debug versions >=3.2.0 <3.2.7 || >=4 <4.3.1 have a low-severity ReDos regression when used in a Node.js environment. It is recommended you upgrade to 3.2.7 or 4.3.1. (https://github.com/visionmedia/debug/issues/797)
npm WARN deprecated querystring@0.2.0: The querystring API is considered Legacy. new code should use the URLSearchParams API instead.
npm WARN deprecated uuid@3.4.0: Please upgrade  to version 7 or higher.  Older versions may use Math.random() in certain circumstances, which is known to be problematic.  See https://v8.dev/blog/math-random for details.
npm WARN deprecated source-map-resolve@0.5.2: See https://github.com/lydell/source-map-resolve#deprecated
npm WARN deprecated mkdirp@0.5.1: Legacy versions of mkdirp are no longer supported. Please update to mkdirp 1.x. (Note that the API surface has changed to use Promises in 1.x.)
npm WARN deprecated request@2.88.2: request has been deprecated, see https://github.com/request/request/issues/3142
npm WARN deprecated css-mqpacker@6.0.2: Package no longer supported. Contact support@npmjs.com for more info.
npm WARN deprecated buffer@3.6.0: This version of 'buffer' is out-of-date. You must update to v3.6.2 or newer
npm WARN deprecated svgo@1.1.1: This SVGO version is no longer supported. Upgrade to v2.x.x.
npm WARN deprecated core-js@2.6.2: core-js@<3.23.3 is no longer maintained and not recommended for usage due to the number of issues. Because of the V8 engine whims, feature detection in old core-js versions could cause a slowdown up to 100x even if nothing is polyfilled. Some versions have web compatibility issues. Please, upgrade your dependencies to the actual version of core-js.
apc-build resultbefore: 1249
npm WARN deprecated set-value@2.0.0: Critical bug fixed in v3.0.1, please upgrade to the latest version.
npm WARN deprecated mixin-deep@1.3.1: Critical bug fixed in v2.0.1, please upgrade to the latest version.
npm WARN deprecated set-value@0.4.3: Critical bug fixed in v3.0.1, please upgrade to the latest version.
npm WARN deprecated urix@0.1.0: Please see https://github.com/lydell/urix#deprecated
npm WARN deprecated acorn-dynamic-import@4.0.0: This is probably built in to whatever tool you're using. If you still need it... idk
npm WARN deprecated source-map-url@0.4.0: See https://github.com/lydell/source-map-url#deprecated
npm WARN deprecated circular-json@0.3.3: CircularJSON is in maintenance only, flatted is its successor.
npm WARN deprecated chokidar@2.0.4: Chokidar 2 does not receive security updates since 2019. Upgrade to chokidar 3 with 15x fewer dependencies
npm WARN deprecated debug@3.2.6: Debug versions >=3.2.0 <3.2.7 || >=4 <4.3.1 have a low-severity ReDos regression when used in a Node.js environment. It is recommended you upgrade to 3.2.7 or 4.3.1. (https://github.com/visionmedia/debug/issues/797)
npm WARN deprecated debug@3.2.6: Debug versions >=3.2.0 <3.2.7 || >=4 <4.3.1 have a low-severity ReDos regression when used in a Node.js environment. It is recommended you upgrade to 3.2.7 or 4.3.1. (https://github.com/visionmedia/debug/issues/797)
npm WARN deprecated uuid@3.4.0: Please upgrade  to version 7 or higher.  Older versions may use Math.random() in certain circumstances, which is known to be problematic.  See https://v8.dev/blog/math-random for details.
npm WARN deprecated source-map-resolve@0.5.2: See https://github.com/lydell/source-map-resolve#deprecated
npm WARN deprecated mkdirp@0.5.1: Legacy versions of mkdirp are no longer supported. Please update to mkdirp 1.x. (Note that the API surface has changed to use Promises in 1.x.)
npm WARN deprecated css-mqpacker@6.0.2: Package no longer supported. Contact support@npmjs.com for more info.
npm WARN deprecated core-js@2.6.2: core-js@<3.23.3 is no longer maintained and not recommended for usage due to the number of issues. Because of the V8 engine whims, feature detection in old core-js versions could cause a slowdown up to 100x even if nothing is polyfilled. Some versions have web compatibility issues. Please, upgrade your dependencies to the actual version of core-js.
Run test after removing indirect deps in the package apc-build
Browserslist: caniuse-lite is outdated. Please run:
npx browserslist@latest --update-db

Why you should do it regularly:
https://github.com/browserslist/browserslist#browsers-data-updating
Browserslist: caniuse-lite is outdated. Please run:
npx browserslist@latest --update-db

Why you should do it regularly:
https://github.com/browserslist/browserslist#browsers-data-updating
expected 'gulp-imagemin: Couldn\'t load default plugin "gifsicle"\n' to contain 'gulp-imagemin: Minified 1 image'
Cannot find module 'html'
Require stack:
- /data/js-variants/multee/TestCollection/apc-build/node_modules/istanbul-reports/index.js
- /data/js-variants/multee/TestCollection/apc-build/node_modules/nyc/index.js
- /data/js-variants/multee/TestCollection/apc-build/node_modules/nyc/bin/nyc.js
npm ERR! code ELSPROBLEMS
npm ERR! missing: @babel/plugin-bugfix-v8-spread-parameters-in-optional-chaining@^7.13.12, required by @babel/preset-env@7.13.15
npm ERR! missing: @babel/plugin-proposal-class-properties@^7.13.0, required by @babel/preset-env@7.13.15
npm ERR! missing: @babel/plugin-proposal-private-methods@^7.13.0, required by @babel/preset-env@7.13.15
npm ERR! missing: @babel/plugin-syntax-class-properties@^7.12.13, required by @babel/preset-env@7.13.15
npm ERR! missing: @babel/plugin-syntax-top-level-await@^7.12.13, required by @babel/preset-env@7.13.15
npm ERR! missing: @babel/plugin-transform-modules-amd@^7.13.0, required by @babel/preset-env@7.13.15
npm ERR! missing: @babel/plugin-transform-modules-systemjs@^7.13.8, required by @babel/preset-env@7.13.15
npm ERR! missing: @babel/plugin-transform-modules-umd@^7.13.0, required by @babel/preset-env@7.13.15
npm ERR! missing: @babel/preset-modules@^0.1.4, required by @babel/preset-env@7.13.15
npm ERR! missing: @babel/plugin-transform-react-display-name@^7.12.13, required by @babel/preset-react@7.13.13
npm ERR! missing: @babel/plugin-transform-react-jsx-development@^7.12.17, required by @babel/preset-react@7.13.13
npm ERR! missing: @babel/plugin-transform-react-jsx@^7.13.12, required by @babel/preset-react@7.13.13
npm ERR! missing: @babel/plugin-transform-react-pure-annotations@^7.12.1, required by @babel/preset-react@7.13.13
npm ERR! missing: buffer@^5.0.2, required by browserify@16.2.0
npm ERR! missing: shell-quote@^1.6.1, required by browserify@16.2.0
npm ERR! missing: string_decoder@^1.1.1, required by browserify@16.2.0
npm ERR! missing: subarg@^1.0.0, required by browserify@16.2.0
npm ERR! invalid: util@0.10.4 /data/js-variants/multee/TestCollection/apc-build/node_modules/util
npm ERR! missing: growl@~> 1.10.0, required by coveralls@3.0.2
npm ERR! invalid: js-yaml@3.14.1 /data/js-variants/multee/TestCollection/apc-build/node_modules/js-yaml
npm ERR! missing: lcov-parse@^0.0.10, required by coveralls@3.0.2
npm ERR! missing: log-driver@^1.2.7, required by coveralls@3.0.2
npm ERR! invalid: minimist@1.2.0 /data/js-variants/multee/TestCollection/apc-build/node_modules/minimist
npm ERR! missing: request@^2.85.0, required by coveralls@3.0.2
npm ERR! missing: @ungap/promise-all-settled@1.1.2, required by mocha@8.3.2
npm ERR! invalid: ansi-colors@1.1.0 /data/js-variants/multee/TestCollection/apc-build/node_modules/ansi-colors
npm ERR! missing: browser-stdout@1.3.1, required by mocha@8.3.2
npm ERR! invalid: chokidar@2.0.4 /data/js-variants/multee/TestCollection/apc-build/node_modules/chokidar
npm ERR! invalid: diff@5.0.0 /data/js-variants/multee/TestCollection/apc-build/node_modules/diff
npm ERR! invalid: escape-string-regexp@1.0.5 /data/js-variants/multee/TestCollection/apc-build/node_modules/escape-string-regexp
npm ERR! missing: find-up@5.0.0, required by mocha@8.3.2
npm ERR! missing: growl@1.10.5, required by mocha@8.3.2
npm ERR! missing: log-symbols@4.0.0, required by mocha@8.3.2
npm ERR! invalid: ms@2.1.2 /data/js-variants/multee/TestCollection/apc-build/node_modules/ms
npm ERR! missing: nanoid@3.1.20, required by mocha@8.3.2
npm ERR! missing: serialize-javascript@5.0.1, required by mocha@8.3.2
npm ERR! invalid: strip-json-comments@2.0.1 /data/js-variants/multee/TestCollection/apc-build/node_modules/strip-json-comments
npm ERR! invalid: supports-color@5.5.0 /data/js-variants/multee/TestCollection/apc-build/node_modules/supports-color
npm ERR! missing: which@2.0.2, required by mocha@8.3.2
npm ERR! missing: workerpool@6.1.0, required by mocha@8.3.2
npm ERR! missing: yargs-parser@20.2.4, required by mocha@8.3.2
npm ERR! missing: decamelize@^1.2.0, required by nyc@15.1.0
npm ERR! invalid: make-dir@1.3.0 /data/js-variants/multee/TestCollection/apc-build/node_modules/make-dir
npm ERR! invalid: rimraf@2.6.3 /data/js-variants/multee/TestCollection/apc-build/node_modules/rimraf
npm ERR! missing: signal-exit@^3.0.2, required by nyc@15.1.0
npm ERR! missing: spawn-wrap@^2.0.0, required by nyc@15.1.0
npm ERR! invalid: arr-diff@4.0.0 /data/js-variants/multee/TestCollection/apc-build/node_modules/arr-diff
npm ERR! invalid: arr-union@3.1.0 /data/js-variants/multee/TestCollection/apc-build/node_modules/arr-union
npm ERR! missing: pako@~1.0.5, required by browserify-zlib@0.2.0
npm ERR! missing: date-now@^0.1.4, required by console-browserify@1.1.0
npm ERR! missing: browserify-cipher@^1.0.0, required by crypto-browserify@3.12.0
npm ERR! missing: browserify-sign@^4.0.0, required by crypto-browserify@3.12.0
npm ERR! missing: create-ecdh@^4.0.0, required by crypto-browserify@3.12.0
npm ERR! missing: create-hash@^1.1.0, required by crypto-browserify@3.12.0
npm ERR! missing: create-hmac@^1.1.0, required by crypto-browserify@3.12.0
npm ERR! missing: diffie-hellman@^5.0.0, required by crypto-browserify@3.12.0
npm ERR! missing: pbkdf2@^3.0.3, required by crypto-browserify@3.12.0
npm ERR! missing: public-encrypt@^4.0.0, required by crypto-browserify@3.12.0
npm ERR! missing: randombytes@^2.0.0, required by crypto-browserify@3.12.0
npm ERR! missing: randomfill@^1.0.3, required by crypto-browserify@3.12.0
npm ERR! missing: subarg@^1.0.0, required by deps-sort@2.0.0
npm ERR! missing: subarg@^1.0.0, required by module-deps@6.2.0
npm ERR! missing: sha.js@~2.4.4, required by shasum@1.0.2
npm ERR! missing: builtin-status-codes@^3.0.0, required by stream-http@2.8.3
npm ERR! missing: to-arraybuffer@^1.0.0, required by stream-http@2.8.3
npm ERR! invalid: punycode@1.4.1 /data/js-variants/multee/TestCollection/apc-build/node_modules/punycode
npm ERR! missing: querystring@0.2.0, required by url@0.11.0
npm ERR! missing: argparse@^1.0.7, required by js-yaml@3.14.1
npm ERR! missing: babel-code-frame@^6.22.0, required by eslint@4.18.1
npm ERR! missing: cross-spawn@^5.1.0, required by eslint@4.18.1
npm ERR! missing: inquirer@^3.0.6, required by eslint@4.18.1
npm ERR! missing: pluralize@^7.0.0, required by eslint@4.18.1
npm ERR! missing: progress@^2.0.0, required by eslint@4.18.1
npm ERR! missing: table@^4.0.1, required by eslint@4.18.1
npm ERR! missing: gulp-cli@^2.0.0, required by gulp@4.0.0
npm ERR! missing: exec-buffer@^3.0.0, required by imagemin-gifsicle@6.0.1
npm ERR! missing: gifsicle@^4.0.0, required by imagemin-gifsicle@6.0.1
npm ERR! missing: is-gif@^3.0.0, required by imagemin-gifsicle@6.0.1
npm ERR! missing: exec-buffer@^3.0.0, required by imagemin-jpegtran@6.0.0
npm ERR! missing: is-jpg@^2.0.0, required by imagemin-jpegtran@6.0.0
npm ERR! missing: jpegtran-bin@^4.0.0, required by imagemin-jpegtran@6.0.0
npm ERR! missing: exec-buffer@^3.0.0, required by imagemin-optipng@6.0.0
npm ERR! missing: is-png@^1.0.0, required by imagemin-optipng@6.0.0
npm ERR! missing: optipng-bin@^5.0.0, required by imagemin-optipng@6.0.0
npm ERR! missing: is-svg@^3.0.0, required by imagemin-svgo@7.0.0
npm ERR! missing: svgo@^1.0.5, required by imagemin-svgo@7.0.0
npm ERR! invalid: extend-shallow@2.0.1 /data/js-variants/multee/TestCollection/apc-build/node_modules/extend-shallow
npm ERR! invalid: commander@2.19.0 /data/js-variants/multee/TestCollection/apc-build/node_modules/commander
npm ERR! invalid: string-width@2.1.1 /data/js-variants/multee/TestCollection/apc-build/node_modules/string-width
npm ERR! missing: camelcase@^6.0.0, required by yargs-unparser@2.0.0
npm ERR! missing: decamelize@^4.0.0, required by yargs-unparser@2.0.0
npm ERR! missing: cliui@^7.0.2, required by yargs@16.2.0
npm ERR! missing: escalade@^3.1.1, required by yargs@16.2.0
npm ERR! missing: get-caller-file@^2.0.5, required by yargs@16.2.0
npm ERR! missing: require-directory@^2.1.1, required by yargs@16.2.0
npm ERR! missing: y18n@^5.0.5, required by yargs@16.2.0
npm ERR! missing: yargs-parser@^20.2.2, required by yargs@16.2.0
npm ERR! missing: camelcase@^5.3.1, required by @istanbuljs/load-nyc-config@1.1.0
npm ERR! missing: find-up@^4.1.0, required by @istanbuljs/load-nyc-config@1.1.0
npm ERR! missing: commondir@^1.0.1, required by find-cache-dir@3.3.1
npm ERR! invalid: pkg-dir@1.0.0 /data/js-variants/multee/TestCollection/apc-build/node_modules/pkg-dir
npm ERR! missing: locate-path@^5.0.0, required by find-up@4.1.0
npm ERR! missing: path-exists@^4.0.0, required by find-up@4.1.0
npm ERR! missing: cross-spawn@^7.0.0, required by foreground-child@2.0.0
npm ERR! missing: signal-exit@^3.0.2, required by foreground-child@2.0.0
npm ERR! missing: cross-spawn@^7.0.0, required by istanbul-lib-processinfo@2.0.2
npm ERR! missing: html-escaper@^2.0.0, required by istanbul-reports@3.0.2
npm ERR! missing: cliui@^6.0.0, required by yargs@15.4.1
npm ERR! missing: decamelize@^1.2.0, required by yargs@15.4.1
npm ERR! missing: get-caller-file@^2.0.1, required by yargs@15.4.1
npm ERR! missing: require-directory@^2.1.1, required by yargs@15.4.1
npm ERR! missing: require-main-filename@^2.0.0, required by yargs@15.4.1
npm ERR! missing: set-blocking@^2.0.0, required by yargs@15.4.1
npm ERR! missing: which-module@^2.0.0, required by yargs@15.4.1
npm ERR! missing: y18n@^4.0.0, required by yargs@15.4.1
npm ERR! missing: yargs-parser@^18.1.2, required by yargs@15.4.1
npm ERR! missing: array-from@^2.1.1, required by @sinonjs/samsam@3.3.3
npm ERR! missing: @sinonjs/text-encoding@^0.7.1, required by nise@1.5.3
npm ERR! invalid: lolex@3.1.0 /data/js-variants/multee/TestCollection/apc-build/node_modules/lolex
npm ERR! missing: colorette@^1.2.2, required by browserslist@4.16.4
npm ERR! missing: escalade@^3.1.1, required by browserslist@4.16.4
npm ERR! missing: simple-concat@^1.0.0, required by undeclared-identifiers@1.1.2
npm ERR! missing: deep-is@~0.1.3, required by optionator@0.8.2
npm ERR! missing: resolve-url@^0.2.1, required by source-map-resolve@0.5.2
npm ERR! missing: is-fullwidth-code-point@^2.0.0, required by string-width@2.1.1
npm ERR! missing: type-fest@^0.8.0, required by hasha@5.2.2
npm ERR! missing: signal-exit@^3.0.2, required by write-file-atomic@3.0.3
npm ERR! missing: clean-stack@^2.0.0, required by aggregate-error@3.1.0
npm ERR! missing: indent-string@^4.0.0, required by aggregate-error@3.1.0
npm ERR! invalid: isarray@2.0.4 /data/js-variants/multee/TestCollection/apc-build/node_modules/isarray
npm ERR! missing: regenerate-unicode-properties@^8.2.0, required by regexpu-core@4.7.1
npm ERR! missing: regenerator-runtime@^0.13.4, required by @babel/runtime@7.13.10
npm ERR! invalid: acorn@5.7.3 /data/js-variants/multee/TestCollection/apc-build/node_modules/acorn
npm ERR! missing: @types/babel-types@^7.0.0, required by constantinople@3.1.2
npm ERR! missing: @types/babylon@^6.16.2, required by constantinople@3.1.2
npm ERR! invalid: is-number@3.0.0 /data/js-variants/multee/TestCollection/apc-build/node_modules/is-number
npm ERR! missing: strip-bom@^4.0.0, required by default-require-extensions@3.0.0
npm ERR! invalid: jsesc@2.5.2 /data/js-variants/multee/TestCollection/apc-build/node_modules/jsesc
npm ERR! invalid: is-descriptor@1.0.2 /data/js-variants/multee/TestCollection/apc-build/node_modules/is-descriptor
npm ERR! missing: pinkie@^2.0.0, required by pinkie-promise@2.0.1
npm ERR! missing: regenerator-runtime@^0.11.0, required by babel-runtime@6.26.0
npm ERR! invalid: has-values@1.0.0 /data/js-variants/multee/TestCollection/apc-build/node_modules/has-values
npm ERR! invalid: isobject@3.0.1 /data/js-variants/multee/TestCollection/apc-build/node_modules/isobject

npm ERR! A complete log of this run can be found in:
npm ERR!     /home/liu-yuxin/.npm/_logs/2023-09-03T11_13_38_595Z-debug-0.log
apc-build resultafter: 638
I am package Brightspace/images-to-variables .....
Cloning into 'images-to-variables'...
Note: switching to 'cb2eb29640f116a891e1b17793f3e971e103d385'.

You are in 'detached HEAD' state. You can look around, make experimental
changes and commit them, and you can discard any commits you make in this
state without impacting any branches by switching back to a branch.

If you want to create a new branch to retain commits you create, you may
do so (now or later) by using -c with the switch command. Example:

  git switch -c <new-branch-name>

Or undo this operation with:

  git switch -

Turn off this advice by setting config variable advice.detachedHead to false

HEAD is now at cb2eb29 chore(release): 0.4.0 [skip ci]
npm WARN deprecated gulp-util@3.0.8: gulp-util is deprecated - replace it, following the guidelines at https://medium.com/gulpjs/gulp-util-ca3b1f9f9ac5
npm WARN deprecated uuid@2.0.3: Please upgrade  to version 7 or higher.  Older versions may use Math.random() in certain circumstances, which is known to be problematic.  See https://v8.dev/blog/math-random for details.
npm WARN deprecated svgo@0.6.6: This SVGO version is no longer supported. Upgrade to v2.x.x.
images-to-variables resultbefore: 422
npm WARN deprecated uuid@2.0.3: Please upgrade  to version 7 or higher.  Older versions may use Math.random() in certain circumstances, which is known to be problematic.  See https://v8.dev/blog/math-random for details.
npm WARN deprecated svgo@0.6.6: This SVGO version is no longer supported. Upgrade to v2.x.x.
Run test after removing indirect deps in the package images-to-variables
Error: Cannot find module 'is-relative'
Require stack:
- /data/js-variants/multee/TestCollection/images-to-variables/node_modules/to-absolute-glob/node_modules/is-absolute/index.js
- /data/js-variants/multee/TestCollection/images-to-variables/node_modules/to-absolute-glob/index.js
- /data/js-variants/multee/TestCollection/images-to-variables/node_modules/glob-stream/readable.js
- /data/js-variants/multee/TestCollection/images-to-variables/node_modules/glob-stream/index.js
- /data/js-variants/multee/TestCollection/images-to-variables/node_modules/imagemin/node_modules/vinyl-fs/lib/src/index.js
- /data/js-variants/multee/TestCollection/images-to-variables/node_modules/imagemin/node_modules/vinyl-fs/index.js
- /data/js-variants/multee/TestCollection/images-to-variables/node_modules/imagemin/index.js
- /data/js-variants/multee/TestCollection/images-to-variables/lib/minify.js
- /data/js-variants/multee/TestCollection/images-to-variables/lib/create.js
- /data/js-variants/multee/TestCollection/images-to-variables/test/createSpec.js
    at Function.Module._resolveFilename (node:internal/modules/cjs/loader:956:15)
    at Function.Module._load (node:internal/modules/cjs/loader:804:27)
    at Module.require (node:internal/modules/cjs/loader:1028:19)
    at require (node:internal/modules/cjs/helpers:102:18)
    at Object.<anonymous> (/data/js-variants/multee/TestCollection/images-to-variables/node_modules/to-absolute-glob/node_modules/is-absolute/index.js:3:18)
    at Module._compile (node:internal/modules/cjs/loader:1126:14)
    at Module.replacementCompile (/data/js-variants/multee/TestCollection/images-to-variables/node_modules/append-transform/index.js:60:13)
    at Module._extensions..js (node:internal/modules/cjs/loader:1180:10)
    at Object.<anonymous> (/data/js-variants/multee/TestCollection/images-to-variables/node_modules/append-transform/index.js:64:4)
    at Module.load (node:internal/modules/cjs/loader:1004:32)
    at Function.Module._load (node:internal/modules/cjs/loader:839:12)
    at Module.require (node:internal/modules/cjs/loader:1028:19)
    at require (node:internal/modules/cjs/helpers:102:18)
    at Object.<anonymous> (/data/js-variants/multee/TestCollection/images-to-variables/node_modules/to-absolute-glob/index.js:5:18)
    at Module._compile (node:internal/modules/cjs/loader:1126:14)
    at Module.replacementCompile (/data/js-variants/multee/TestCollection/images-to-variables/node_modules/append-transform/index.js:60:13)
    at Module._extensions..js (node:internal/modules/cjs/loader:1180:10)
    at Object.<anonymous> (/data/js-variants/multee/TestCollection/images-to-variables/node_modules/append-transform/index.js:64:4)
    at Module.load (node:internal/modules/cjs/loader:1004:32)
    at Function.Module._load (node:internal/modules/cjs/loader:839:12)
    at Module.require (node:internal/modules/cjs/loader:1028:19)
    at require (node:internal/modules/cjs/helpers:102:18)
    at Object.<anonymous> (/data/js-variants/multee/TestCollection/images-to-variables/node_modules/glob-stream/readable.js:9:22)
    at Module._compile (node:internal/modules/cjs/loader:1126:14)
    at Module.replacementCompile (/data/js-variants/multee/TestCollection/images-to-variables/node_modules/append-transform/index.js:60:13)
    at Module._extensions..js (node:internal/modules/cjs/loader:1180:10)
    at Object.<anonymous> (/data/js-variants/multee/TestCollection/images-to-variables/node_modules/append-transform/index.js:64:4)
    at Module.load (node:internal/modules/cjs/loader:1004:32)
    at Function.Module._load (node:internal/modules/cjs/loader:839:12)
    at Module.require (node:internal/modules/cjs/loader:1028:19)
    at require (node:internal/modules/cjs/helpers:102:18)
    at Object.<anonymous> (/data/js-variants/multee/TestCollection/images-to-variables/node_modules/glob-stream/index.js:9:18)
    at Module._compile (node:internal/modules/cjs/loader:1126:14)
    at Module.replacementCompile (/data/js-variants/multee/TestCollection/images-to-variables/node_modules/append-transform/index.js:60:13)
    at Module._extensions..js (node:internal/modules/cjs/loader:1180:10)
    at Object.<anonymous> (/data/js-variants/multee/TestCollection/images-to-variables/node_modules/append-transform/index.js:64:4)
    at Module.load (node:internal/modules/cjs/loader:1004:32)
    at Function.Module._load (node:internal/modules/cjs/loader:839:12)
    at Module.require (node:internal/modules/cjs/loader:1028:19)
    at require (node:internal/modules/cjs/helpers:102:18)
    at Object.<anonymous> (/data/js-variants/multee/TestCollection/images-to-variables/node_modules/imagemin/node_modules/vinyl-fs/lib/src/index.js:5:10)
    at Module._compile (node:internal/modules/cjs/loader:1126:14)
    at Module.replacementCompile (/data/js-variants/multee/TestCollection/images-to-variables/node_modules/append-transform/index.js:60:13)
    at Module._extensions..js (node:internal/modules/cjs/loader:1180:10)
    at Object.<anonymous> (/data/js-variants/multee/TestCollection/images-to-variables/node_modules/append-transform/index.js:64:4)
    at Module.load (node:internal/modules/cjs/loader:1004:32)
    at Function.Module._load (node:internal/modules/cjs/loader:839:12)
    at Module.require (node:internal/modules/cjs/loader:1028:19)
    at require (node:internal/modules/cjs/helpers:102:18)
    at Object.<anonymous> (/data/js-variants/multee/TestCollection/images-to-variables/node_modules/imagemin/node_modules/vinyl-fs/index.js:4:8) {
  code: 'MODULE_NOT_FOUND',
  requireStack: [
    '/data/js-variants/multee/TestCollection/images-to-variables/node_modules/to-absolute-glob/node_modules/is-absolute/index.js',
    '/data/js-variants/multee/TestCollection/images-to-variables/node_modules/to-absolute-glob/index.js',
    '/data/js-variants/multee/TestCollection/images-to-variables/node_modules/glob-stream/readable.js',
    '/data/js-variants/multee/TestCollection/images-to-variables/node_modules/glob-stream/index.js',
    '/data/js-variants/multee/TestCollection/images-to-variables/node_modules/imagemin/node_modules/vinyl-fs/lib/src/index.js',
    '/data/js-variants/multee/TestCollection/images-to-variables/node_modules/imagemin/node_modules/vinyl-fs/index.js',
    '/data/js-variants/multee/TestCollection/images-to-variables/node_modules/imagemin/index.js',
    '/data/js-variants/multee/TestCollection/images-to-variables/lib/minify.js',
    '/data/js-variants/multee/TestCollection/images-to-variables/lib/create.js',
    '/data/js-variants/multee/TestCollection/images-to-variables/test/createSpec.js'
  ]
}
ERROR: Coverage for lines (8%) does not meet global threshold (90%)
npm ERR! code ELSPROBLEMS
npm ERR! invalid: glob-stream@6.1.0 /data/js-variants/multee/TestCollection/images-to-variables/node_modules/glob-stream
npm ERR! invalid: is-valid-glob@1.0.0 /data/js-variants/multee/TestCollection/images-to-variables/node_modules/is-valid-glob
npm ERR! missing: camelcase@^2.0.1, required by yargs@3.32.0
npm ERR! missing: cliui@^3.0.3, required by yargs@3.32.0
npm ERR! missing: os-locale@^1.4.0, required by yargs@3.32.0
npm ERR! missing: string-width@^1.0.1, required by yargs@3.32.0
npm ERR! missing: window-size@^0.1.4, required by yargs@3.32.0
npm ERR! missing: y18n@^3.2.0, required by yargs@3.32.0
npm ERR! missing: gifsicle@^3.0.0, required by imagemin-gifsicle@4.2.0
npm ERR! missing: is-gif@^1.0.0, required by imagemin-gifsicle@4.2.0
npm ERR! missing: is-jpg@^1.0.0, required by imagemin-jpegtran@4.3.2
npm ERR! missing: jpegtran-bin@^3.0.0, required by imagemin-jpegtran@4.3.2
npm ERR! missing: optipng-bin@^3.0.0, required by imagemin-optipng@4.3.0
npm ERR! invalid: isarray@1.0.0 /data/js-variants/multee/TestCollection/images-to-variables/node_modules/isarray
npm ERR! invalid: string_decoder@1.1.1 /data/js-variants/multee/TestCollection/images-to-variables/node_modules/string_decoder
npm ERR! missing: gulp-sourcemaps@1.6.0, required by vinyl-fs@2.4.4
npm ERR! missing: merge-stream@^1.0.0, required by vinyl-fs@2.4.4
npm ERR! missing: mkdirp@^0.5.0, required by vinyl-fs@2.4.4
npm ERR! missing: strip-bom-stream@^1.0.0, required by vinyl-fs@2.4.4
npm ERR! invalid: strip-bom@4.0.0 /data/js-variants/multee/TestCollection/images-to-variables/node_modules/strip-bom
npm ERR! invalid: through2-filter@3.0.0 /data/js-variants/multee/TestCollection/images-to-variables/node_modules/through2-filter
npm ERR! missing: vali-date@^1.0.0, required by vinyl-fs@2.4.4
npm ERR! missing: clone-buffer@^1.0.0, required by vinyl@2.2.1
npm ERR! invalid: clone-stats@0.0.1 /data/js-variants/multee/TestCollection/images-to-variables/node_modules/clone-stats
npm ERR! missing: cloneable-readable@^1.0.0, required by vinyl@2.2.1
npm ERR! invalid: replace-ext@0.0.1 /data/js-variants/multee/TestCollection/images-to-variables/node_modules/replace-ext
npm ERR! missing: coa@~1.0.1, required by svgo@0.6.6
npm ERR! missing: colors@~1.1.2, required by svgo@0.6.6
npm ERR! missing: mkdirp@~0.5.1, required by svgo@0.6.6
npm ERR! missing: clap@^1.0.9, required by csso@2.0.0
npm ERR! missing: is-relative@^1.0.0, required by is-absolute@1.0.0
npm ERR! missing: sprintf-js@~1.0.2, required by argparse@1.0.10

npm ERR! A complete log of this run can be found in:
npm ERR!     /home/liu-yuxin/.npm/_logs/2023-09-03T11_14_26_619Z-debug-0.log
images-to-variables resultafter: 130
I am package ladjs/lad .....
Cloning into 'lad'...
Note: switching to 'bc0f9722c3dd0af690be8a34e02751ce091a7891'.

You are in 'detached HEAD' state. You can look around, make experimental
changes and commit them, and you can discard any commits you make in this
state without impacting any branches by switching back to a branch.

If you want to create a new branch to retain commits you create, you may
do so (now or later) by using -c with the switch command. Example:

  git switch -c <new-branch-name>

Or undo this operation with:

  git switch -

Turn off this advice by setting config variable advice.detachedHead to false

HEAD is now at bc0f972 v1.3.2
npm WARN deprecated source-map-url@0.4.1: See https://github.com/lydell/source-map-url#deprecated
npm WARN deprecated urix@0.1.0: Please see https://github.com/lydell/urix#deprecated
npm WARN deprecated resolve-url@0.2.1: https://github.com/lydell/resolve-url#deprecated
npm WARN deprecated libnpmconfig@1.2.1: This module is not used anymore. npm config is parsed by npm itself and by @npmcli/config
npm WARN deprecated source-map-resolve@0.5.3: See https://github.com/lydell/source-map-resolve#deprecated
npm WARN deprecated argv@0.0.2: Package no longer supported. Contact Support at https://www.npmjs.com/support for more info.
npm WARN deprecated codecov@3.8.3: https://about.codecov.io/blog/codecov-uploader-deprecation-plan/
lad resultbefore: 572
npm WARN deprecated libnpmconfig@1.2.1: This module is not used anymore. npm config is parsed by npm itself and by @npmcli/config
npm WARN deprecated querystring@0.2.0: The querystring API is considered Legacy. new code should use the URLSearchParams API instead.
npm WARN deprecated babel-eslint@10.1.0: babel-eslint is now @babel/eslint-parser. This package will no longer receive updates.
npm WARN deprecated argv@0.0.2: Package no longer supported. Contact Support at https://www.npmjs.com/support for more info.
npm WARN deprecated uuid@3.4.0: Please upgrade  to version 7 or higher.  Older versions may use Math.random() in certain circumstances, which is known to be problematic.  See https://v8.dev/blog/math-random for details.
npm WARN deprecated core-js@3.8.3: core-js@<3.23.3 is no longer maintained and not recommended for usage due to the number of issues. Because of the V8 engine whims, feature detection in old core-js versions could cause a slowdown up to 100x even if nothing is polyfilled. Some versions have web compatibility issues. Please, upgrade your dependencies to the actual version of core-js.
Run test after removing indirect deps in the package lad
node:internal/modules/cjs/loader:959
  throw err;
  ^

Error: Cannot find module 'is-arrayish'
Require stack:
- /data/js-variants/multee/TestCollection/lad/node_modules/error-ex/index.js
- /data/js-variants/multee/TestCollection/lad/node_modules/parse-json/index.js
- /data/js-variants/multee/TestCollection/lad/node_modules/read-pkg/index.js
- /data/js-variants/multee/TestCollection/lad/node_modules/read-pkg-up/index.js
- /data/js-variants/multee/TestCollection/lad/node_modules/meow/index.js
- /data/js-variants/multee/TestCollection/lad/node_modules/xo/cli-main.js
- /data/js-variants/multee/TestCollection/lad/node_modules/xo/cli.js
    at Function.Module._resolveFilename (node:internal/modules/cjs/loader:956:15)
    at Function.Module._load (node:internal/modules/cjs/loader:804:27)
    at Module.require (node:internal/modules/cjs/loader:1028:19)
    at require (node:internal/modules/cjs/helpers:102:18)
    at Object.<anonymous> (/data/js-variants/multee/TestCollection/lad/node_modules/error-ex/index.js:4:18)
    at Module._compile (node:internal/modules/cjs/loader:1126:14)
    at Object.Module._extensions..js (node:internal/modules/cjs/loader:1180:10)
    at Module.load (node:internal/modules/cjs/loader:1004:32)
    at Function.Module._load (node:internal/modules/cjs/loader:839:12)
    at Module.require (node:internal/modules/cjs/loader:1028:19) {
  code: 'MODULE_NOT_FOUND',
  requireStack: [
    '/data/js-variants/multee/TestCollection/lad/node_modules/error-ex/index.js',
    '/data/js-variants/multee/TestCollection/lad/node_modules/parse-json/index.js',
    '/data/js-variants/multee/TestCollection/lad/node_modules/read-pkg/index.js',
    '/data/js-variants/multee/TestCollection/lad/node_modules/read-pkg-up/index.js',
    '/data/js-variants/multee/TestCollection/lad/node_modules/meow/index.js',
    '/data/js-variants/multee/TestCollection/lad/node_modules/xo/cli-main.js',
    '/data/js-variants/multee/TestCollection/lad/node_modules/xo/cli.js'
  ]
}
lad resultafter: 220
I am package wikimedia/mathoid .....
Cloning into 'mathoid'...
Note: switching to '05c543c37ed0e8f7706b1c85b2117ad8993be2ef'.

You are in 'detached HEAD' state. You can look around, make experimental
changes and commit them, and you can discard any commits you make in this
state without impacting any branches by switching back to a branch.

If you want to create a new branch to retain commits you create, you may
do so (now or later) by using -c with the switch command. Example:

  git switch -c <new-branch-name>

Or undo this operation with:

  git switch -

Turn off this advice by setting config variable advice.detachedHead to false

HEAD is now at 05c543c37 build: Updating eslint-config-wikimedia to 0.25.0
npm WARN deprecated kad-fs@0.0.4: This package is no longer maintained.
npm WARN deprecated har-validator@5.1.5: this library is no longer supported
npm WARN deprecated kad-memstore@0.0.1: This package is no longer maintained.
npm WARN deprecated uuid@3.4.0: Please upgrade  to version 7 or higher.  Older versions may use Math.random() in certain circumstances, which is known to be problematic.  See https://v8.dev/blog/math-random for details.
npm WARN deprecated uuid@3.4.0: Please upgrade  to version 7 or higher.  Older versions may use Math.random() in certain circumstances, which is known to be problematic.  See https://v8.dev/blog/math-random for details.
npm WARN deprecated request@2.88.2: request has been deprecated, see https://github.com/request/request/issues/3142
mathoid resultbefore: 603
npm WARN deprecated kad-fs@0.0.4: This package is no longer maintained.
npm WARN deprecated har-validator@5.1.5: this library is no longer supported
npm WARN deprecated kad-memstore@0.0.1: This package is no longer maintained.
npm WARN deprecated uuid@3.4.0: Please upgrade  to version 7 or higher.  Older versions may use Math.random() in certain circumstances, which is known to be problematic.  See https://v8.dev/blog/math-random for details.
npm WARN deprecated uuid@3.4.0: Please upgrade  to version 7 or higher.  Older versions may use Math.random() in certain circumstances, which is known to be problematic.  See https://v8.dev/blog/math-random for details.
npm WARN deprecated request@2.88.2: request has been deprecated, see https://github.com/request/request/issues/3142
Run test after removing indirect deps in the package mathoid
mathoid resultafter: 585
I am package isellsoap/prettier-stylelint .....
Cloning into 'prettier-stylelint-temp'...
Note: switching to '4e92b0fece371c054fe2df5f9e2c80e2b28032ff'.

You are in 'detached HEAD' state. You can look around, make experimental
changes and commit them, and you can discard any commits you make in this
state without impacting any branches by switching back to a branch.

If you want to create a new branch to retain commits you create, you may
do so (now or later) by using -c with the switch command. Example:

  git switch -c <new-branch-name>

Or undo this operation with:

  git switch -

Turn off this advice by setting config variable advice.detachedHead to false

HEAD is now at 4e92b0f docs: add note about the purpose of the repository
npm WARN deprecated set-value@2.0.0: Critical bug fixed in v3.0.1, please upgrade to the latest version.
npm WARN deprecated mixin-deep@1.3.1: Critical bug fixed in v2.0.1, please upgrade to the latest version.
npm WARN deprecated ini@1.3.5: Please update to ini >=1.3.6 to avoid a prototype pollution issue
npm WARN deprecated set-value@0.4.3: Critical bug fixed in v3.0.1, please upgrade to the latest version.
npm WARN deprecated urix@0.1.0: Please see https://github.com/lydell/urix#deprecated
npm WARN deprecated trim@0.0.1: Use String.prototype.trim() instead
npm WARN deprecated resolve-url@0.2.1: https://github.com/lydell/resolve-url#deprecated
npm WARN deprecated chokidar@1.7.0: Chokidar 2 will break on node v14+. Upgrade to chokidar 3 with 15x less dependencies.
npm WARN deprecated source-map-url@0.4.0: See https://github.com/lydell/source-map-url#deprecated
npm WARN deprecated circular-json@0.3.3: CircularJSON is in maintenance only, flatted is its successor.
npm WARN deprecated debug@4.1.0: Debug versions >=3.2.0 <3.2.7 || >=4 <4.3.1 have a low-severity ReDos regression when used in a Node.js environment. It is recommended you upgrade to 3.2.7 or 4.3.1. (https://github.com/visionmedia/debug/issues/797)
npm WARN deprecated argv@0.0.2: Package no longer supported. Contact Support at https://www.npmjs.com/support for more info.
npm WARN deprecated uuid@3.3.2: Please upgrade  to version 7 or higher.  Older versions may use Math.random() in certain circumstances, which is known to be problematic.  See https://v8.dev/blog/math-random for details.
npm WARN deprecated source-map-resolve@0.5.2: See https://github.com/lydell/source-map-resolve#deprecated
npm WARN deprecated mkdirp@0.5.1: Legacy versions of mkdirp are no longer supported. Please update to mkdirp 1.x. (Note that the API surface has changed to use Promises in 1.x.)
npm WARN deprecated codecov@3.8.3: https://about.codecov.io/blog/codecov-uploader-deprecation-plan/
npm WARN deprecated ecstatic@2.2.2: This package is unmaintained and deprecated. See the GH Issue 259.
npm WARN deprecated core-js@2.6.12: core-js@<3.23.3 is no longer maintained and not recommended for usage due to the number of issues. Because of the V8 engine whims, feature detection in old core-js versions could cause a slowdown up to 100x even if nothing is polyfilled. Some versions have web compatibility issues. Please, upgrade your dependencies to the actual version of core-js.
prettier-stylelint-temp resultbefore: 496
npm WARN deprecated set-value@2.0.0: Critical bug fixed in v3.0.1, please upgrade to the latest version.
npm WARN deprecated mixin-deep@1.3.1: Critical bug fixed in v2.0.1, please upgrade to the latest version.
npm WARN deprecated ini@1.3.5: Please update to ini >=1.3.6 to avoid a prototype pollution issue
npm WARN deprecated urix@0.1.0: Please see https://github.com/lydell/urix#deprecated
npm WARN deprecated chokidar@1.7.0: Chokidar 2 will break on node v14+. Upgrade to chokidar 3 with 15x less dependencies.
npm WARN deprecated source-map-url@0.4.0: See https://github.com/lydell/source-map-url#deprecated
npm WARN deprecated debug@4.1.0: Debug versions >=3.2.0 <3.2.7 || >=4 <4.3.1 have a low-severity ReDos regression when used in a Node.js environment. It is recommended you upgrade to 3.2.7 or 4.3.1. (https://github.com/visionmedia/debug/issues/797)
npm WARN deprecated argv@0.0.2: Package no longer supported. Contact Support at https://www.npmjs.com/support for more info.
npm WARN deprecated uuid@3.3.2: Please upgrade  to version 7 or higher.  Older versions may use Math.random() in certain circumstances, which is known to be problematic.  See https://v8.dev/blog/math-random for details.
npm WARN deprecated source-map-resolve@0.5.2: See https://github.com/lydell/source-map-resolve#deprecated
npm WARN deprecated mkdirp@0.5.1: Legacy versions of mkdirp are no longer supported. Please update to mkdirp 1.x. (Note that the API surface has changed to use Promises in 1.x.)
npm WARN deprecated codecov@3.8.3: https://about.codecov.io/blog/codecov-uploader-deprecation-plan/
npm WARN deprecated ecstatic@2.2.2: This package is unmaintained and deprecated. See the GH Issue 259.
npm WARN deprecated core-js@2.6.12: core-js@<3.23.3 is no longer maintained and not recommended for usage due to the number of issues. Because of the V8 engine whims, feature detection in old core-js versions could cause a slowdown up to 100x even if nothing is polyfilled. Some versions have web compatibility issues. Please, upgrade your dependencies to the actual version of core-js.
Run test after removing indirect deps in the package prettier-stylelint-temp
 
 â ‹ [2K[1A[2K[G 
 â ™ [2K[1A[2K[G 
 â ¹ [2K[1A[2K[G 
 â ¸ [2K[1A[2K[G 
 â ¼ [2K[1A[2K[G 
 â ´ [2K[1A[2K[G 
 â ¦ [2K[1A[2K[G 
 â § [2K[1A[2K[G 
 â ‡ [2K[1A[2K[G 
 â  [2K[1A[2K[G 
 â ‹ [2K[1A[2K[G 
 â ™ [2K[1A[2K[G 
 â ¹ [2K[1A[2K[G 
 â ¸ [2K[1A[2K[G 
 â ¼ [2K[1A[2K[G 
 â ¼ â€¦

  1 passed[2K[1A[2K[1A[2K[1A[2K[G 
 â ¼ â€¦

  2 passed[2K[1A[2K[1A[2K[1A[2K[G 
 â ´ â€¦

  2 passed[2K[1A[2K[1A[2K[1A[2K[G 
 â ´ â€¦

  3 passed[2K[1A[2K[1A[2K[1A[2K[G 
 â ´ â€¦

  4 passed[2K[1A[2K[1A[2K[1A[2K[G 
 â ´ â€¦

  5 passed[2K[1A[2K[1A[2K[1A[2K[G 
 â ´ â€¦

  6 passed[2K[1A[2K[1A[2K[1A[2K[G 
 â ´ â€¦

  7 passed[2K[1A[2K[1A[2K[1A[2K[G 
 â ´ â€¦

  8 passed[2K[1A[2K[1A[2K[1A[2K[G 
 â ´ â€¦

  9 passed[2K[1A[2K[1A[2K[1A[2K[G 
 â ¦ â€¦

  9 passed[2K[1A[2K[1A[2K[1A[2K[G 
 â § â€¦

  9 passed[2K[1A[2K[1A[2K[1A[2K[G 
 â § â€¦

  10 passed[2K[1A[2K[1A[2K[1A[2K[G 
 â § â€¦

  11 passed[2K[1A[2K[1A[2K[1A[2K[G 
 â § â€¦

  12 passed[2K[1A[2K[1A[2K[1A[2K[G 
 â ‡ â€¦

  12 passed[2K[1A[2K[1A[2K[1A[2K[G 
 â ‡ â€¦

  13 passed[2K[1A[2K[1A[2K[1A[2K[G 
 â ‡ â€¦

  14 passed[2K[1A[2K[1A[2K[1A[2K[G 
 â ‡ â€¦

  15 passed[2K[1A[2K[1A[2K[1A[2K[G 
 â  â€¦

  15 passed[2K[1A[2K[1A[2K[1A[2K[G
  15 passed

â”Œâ”€â”€â”€â”€â”€â”€â”€â”€â”€â”€â”€â”€â”€â”€â”€â”€â”€â”€â”€â”€â”€â”€â”€â”€â”€â”€â”€â”€â”€â”€â”€â”€â”€â”€â”€â”€â”€â”€â”€â”€â”€â”€â”€â”€â”€â”€â”€â”€â”€â”€â”€â”€â”€â”€â”€â”€â”€â”€â”€â”€â”€â”
â”‚                   ava update check failed                   â”‚
â”‚             Try running with sudo or get access             â”‚
â”‚            to the local update config store via             â”‚
â”‚ sudo chown -R $USER:$(id -gn $USER) /home/liu-yuxin/.config â”‚
â””â”€â”€â”€â”€â”€â”€â”€â”€â”€â”€â”€â”€â”€â”€â”€â”€â”€â”€â”€â”€â”€â”€â”€â”€â”€â”€â”€â”€â”€â”€â”€â”€â”€â”€â”€â”€â”€â”€â”€â”€â”€â”€â”€â”€â”€â”€â”€â”€â”€â”€â”€â”€â”€â”€â”€â”€â”€â”€â”€â”€â”€â”˜
npm ERR! code ELSPROBLEMS
npm ERR! missing: dir-glob@^2.0.0, required by globby@8.0.1
npm ERR! invalid: slash@1.0.0 /data/js-variants/multee/TestCollection/prettier-stylelint-temp/node_modules/slash
npm ERR! invalid: pkg-dir@2.0.0 /data/js-variants/multee/TestCollection/prettier-stylelint-temp/node_modules/pkg-dir
npm ERR! missing: camelcase-keys@^4.0.0, required by meow@5.0.0
npm ERR! missing: minimist-options@^3.0.1, required by meow@5.0.0
npm ERR! invalid: read-pkg-up@2.0.0 /data/js-variants/multee/TestCollection/prettier-stylelint-temp/node_modules/read-pkg-up
npm ERR! missing: redent@^2.0.0, required by meow@5.0.0
npm ERR! missing: trim-newlines@^2.0.0, required by meow@5.0.0
npm ERR! missing: yargs-parser@^10.0.0, required by meow@5.0.0
npm ERR! missing: autoprefixer@^9.0.0, required by stylelint@9.9.0
npm ERR! missing: balanced-match@^1.0.0, required by stylelint@9.9.0
npm ERR! missing: execall@^1.0.0, required by stylelint@9.9.0
npm ERR! missing: leven@^2.1.0, required by stylelint@9.9.0
npm ERR! missing: postcss-html@^0.34.0, required by stylelint@9.9.0
npm ERR! missing: postcss-jsx@^0.35.0, required by stylelint@9.9.0
npm ERR! missing: postcss-markdown@^0.34.0, required by stylelint@9.9.0
npm ERR! missing: postcss-styled@^0.34.0, required by stylelint@9.9.0
npm ERR! missing: unique-string@^1.0.0, required by tempy@0.2.1
npm ERR! missing: is-installed-globally@^0.1.0, required by update-notifier@2.5.0
npm ERR! missing: latest-version@^3.0.0, required by update-notifier@2.5.0
npm ERR! missing: semver-diff@^2.0.0, required by update-notifier@2.5.0
npm ERR! missing: argparse@^1.0.7, required by js-yaml@3.14.1
npm ERR! missing: @nodelib/fs.stat@^1.1.2, required by fast-glob@2.2.4
npm ERR! invalid: glob-parent@2.0.0 /data/js-variants/multee/TestCollection/prettier-stylelint-temp/node_modules/glob-parent
npm ERR! invalid: is-glob@2.0.1 /data/js-variants/multee/TestCollection/prettier-stylelint-temp/node_modules/is-glob
npm ERR! missing: merge2@^1.2.3, required by fast-glob@2.2.4
npm ERR! missing: fs.realpath@^1.0.0, required by glob@7.1.3
npm ERR! missing: map-obj@^1.0.0, required by decamelize-keys@1.1.0
npm ERR! missing: flat-cache@^1.2.1, required by file-entry-cache@2.0.0
npm ERR! missing: resolve-dir@^1.0.0, required by global-modules@1.0.0
npm ERR! invalid: arr-diff@2.0.0 /data/js-variants/multee/TestCollection/prettier-stylelint-temp/node_modules/arr-diff
npm ERR! invalid: array-unique@0.2.1 /data/js-variants/multee/TestCollection/prettier-stylelint-temp/node_modules/array-unique
npm ERR! invalid: braces@1.8.5 /data/js-variants/multee/TestCollection/prettier-stylelint-temp/node_modules/braces
npm ERR! invalid: ajv@5.5.2 /data/js-variants/multee/TestCollection/prettier-stylelint-temp/node_modules/ajv
npm ERR! invalid: slice-ansi@1.0.0 /data/js-variants/multee/TestCollection/prettier-stylelint-temp/node_modules/slice-ansi
npm ERR! missing: camelcase@^4.0.0, required by boxen@1.3.0
npm ERR! missing: widest-line@^2.0.0, required by boxen@1.3.0
npm ERR! missing: unique-string@^1.0.0, required by configstore@3.1.2
npm ERR! missing: brace-expansion@^1.1.7, required by minimatch@3.1.2
npm ERR! invalid: is-extendable@0.1.1 /data/js-variants/multee/TestCollection/prettier-stylelint-temp/node_modules/is-extendable
npm ERR! invalid: extend-shallow@3.0.2 /data/js-variants/multee/TestCollection/prettier-stylelint-temp/node_modules/extend-shallow
npm ERR! invalid: minimist@1.2.8 /data/js-variants/multee/TestCollection/prettier-stylelint-temp/node_modules/minimist
npm ERR! missing: color-name@1.1.3, required by color-convert@1.9.3
npm ERR! invalid: ms@2.1.1 /data/js-variants/multee/TestCollection/prettier-stylelint-temp/node_modules/ms
npm ERR! missing: resolve-url@^0.2.1, required by source-map-resolve@0.5.2
npm ERR! invalid: is-data-descriptor@1.0.0 /data/js-variants/multee/TestCollection/prettier-stylelint-temp/node_modules/is-data-descriptor
npm ERR! missing: lru-cache@^4.0.1, required by cross-spawn@5.1.0
npm ERR! invalid: set-value@2.0.0 /data/js-variants/multee/TestCollection/prettier-stylelint-temp/node_modules/set-value
npm ERR! invalid: has-value@1.0.0 /data/js-variants/multee/TestCollection/prettier-stylelint-temp/node_modules/has-value
npm ERR! missing: shebang-regex@^1.0.0, required by shebang-command@1.2.0
npm ERR! invalid: is-number@2.1.0 /data/js-variants/multee/TestCollection/prettier-stylelint-temp/node_modules/is-number

npm ERR! A complete log of this run can be found in:
npm ERR!     /home/liu-yuxin/.npm/_logs/2023-09-03T11_18_32_693Z-debug-0.log
prettier-stylelint-temp resultafter: 287
